[2025-11-28T00:14:44.903+0000] {processor.py:157} INFO - Started process (PID=1731) to work on /home/airflow/.local/lib/python3.8/site-packages/airflow/example_dags/example_dynamic_task_mapping_with_no_taskflow_operators.py
[2025-11-28T00:14:44.905+0000] {processor.py:829} INFO - Processing file /home/airflow/.local/lib/python3.8/site-packages/airflow/example_dags/example_dynamic_task_mapping_with_no_taskflow_operators.py for tasks to queue
[2025-11-28T00:14:44.910+0000] {logging_mixin.py:151} INFO - [2025-11-28T00:14:44.909+0000] {dagbag.py:539} INFO - Filling up the DagBag from /home/airflow/.local/lib/python3.8/site-packages/airflow/example_dags/example_dynamic_task_mapping_with_no_taskflow_operators.py
[2025-11-28T00:14:44.922+0000] {processor.py:839} INFO - DAG(s) dict_keys(['example_dynamic_task_mapping_with_no_taskflow_operators']) retrieved from /home/airflow/.local/lib/python3.8/site-packages/airflow/example_dags/example_dynamic_task_mapping_with_no_taskflow_operators.py
[2025-11-28T00:14:44.953+0000] {logging_mixin.py:151} INFO - [2025-11-28T00:14:44.952+0000] {dag.py:2915} INFO - Sync 1 DAGs
[2025-11-28T00:14:44.981+0000] {logging_mixin.py:151} INFO - [2025-11-28T00:14:44.980+0000] {dag.py:3696} INFO - Setting next_dagrun for example_dynamic_task_mapping_with_no_taskflow_operators to 2025-11-27T00:14:44.980717+00:00, run_after=2025-11-28T00:14:44.980717+00:00
[2025-11-28T00:14:45.008+0000] {processor.py:179} INFO - Processing /home/airflow/.local/lib/python3.8/site-packages/airflow/example_dags/example_dynamic_task_mapping_with_no_taskflow_operators.py took 0.112 seconds
[2025-11-28T04:48:44.484+0000] {processor.py:157} INFO - Started process (PID=1782) to work on /home/airflow/.local/lib/python3.8/site-packages/airflow/example_dags/example_dynamic_task_mapping_with_no_taskflow_operators.py
[2025-11-28T04:48:44.532+0000] {processor.py:829} INFO - Processing file /home/airflow/.local/lib/python3.8/site-packages/airflow/example_dags/example_dynamic_task_mapping_with_no_taskflow_operators.py for tasks to queue
[2025-11-28T04:48:44.557+0000] {logging_mixin.py:151} INFO - [2025-11-28T04:48:44.556+0000] {dagbag.py:539} INFO - Filling up the DagBag from /home/airflow/.local/lib/python3.8/site-packages/airflow/example_dags/example_dynamic_task_mapping_with_no_taskflow_operators.py
[2025-11-28T04:48:44.614+0000] {processor.py:839} INFO - DAG(s) dict_keys(['example_dynamic_task_mapping_with_no_taskflow_operators']) retrieved from /home/airflow/.local/lib/python3.8/site-packages/airflow/example_dags/example_dynamic_task_mapping_with_no_taskflow_operators.py
[2025-11-28T04:48:44.706+0000] {logging_mixin.py:151} INFO - [2025-11-28T04:48:44.706+0000] {dag.py:2915} INFO - Sync 1 DAGs
[2025-11-28T04:48:44.937+0000] {logging_mixin.py:151} INFO - [2025-11-28T04:48:44.937+0000] {dag.py:3696} INFO - Setting next_dagrun for example_dynamic_task_mapping_with_no_taskflow_operators to 2025-11-27T04:48:44.936650+00:00, run_after=2025-11-28T04:48:44.936650+00:00
[2025-11-28T04:48:45.156+0000] {processor.py:179} INFO - Processing /home/airflow/.local/lib/python3.8/site-packages/airflow/example_dags/example_dynamic_task_mapping_with_no_taskflow_operators.py took 0.680 seconds
[2025-11-28T08:27:49.649+0000] {processor.py:157} INFO - Started process (PID=1836) to work on /home/airflow/.local/lib/python3.8/site-packages/airflow/example_dags/example_dynamic_task_mapping_with_no_taskflow_operators.py
[2025-11-28T08:27:49.652+0000] {processor.py:829} INFO - Processing file /home/airflow/.local/lib/python3.8/site-packages/airflow/example_dags/example_dynamic_task_mapping_with_no_taskflow_operators.py for tasks to queue
[2025-11-28T08:27:49.654+0000] {logging_mixin.py:151} INFO - [2025-11-28T08:27:49.654+0000] {dagbag.py:539} INFO - Filling up the DagBag from /home/airflow/.local/lib/python3.8/site-packages/airflow/example_dags/example_dynamic_task_mapping_with_no_taskflow_operators.py
[2025-11-28T08:27:49.667+0000] {processor.py:839} INFO - DAG(s) dict_keys(['example_dynamic_task_mapping_with_no_taskflow_operators']) retrieved from /home/airflow/.local/lib/python3.8/site-packages/airflow/example_dags/example_dynamic_task_mapping_with_no_taskflow_operators.py
[2025-11-28T08:27:49.712+0000] {logging_mixin.py:151} INFO - [2025-11-28T08:27:49.712+0000] {dag.py:2915} INFO - Sync 1 DAGs
[2025-11-28T08:27:49.754+0000] {logging_mixin.py:151} INFO - [2025-11-28T08:27:49.754+0000] {dag.py:3696} INFO - Setting next_dagrun for example_dynamic_task_mapping_with_no_taskflow_operators to 2025-11-27T08:27:49.753928+00:00, run_after=2025-11-28T08:27:49.753928+00:00
[2025-11-28T08:27:49.786+0000] {processor.py:179} INFO - Processing /home/airflow/.local/lib/python3.8/site-packages/airflow/example_dags/example_dynamic_task_mapping_with_no_taskflow_operators.py took 0.142 seconds
[2025-11-28T16:40:49.526+0000] {processor.py:157} INFO - Started process (PID=1877) to work on /home/airflow/.local/lib/python3.8/site-packages/airflow/example_dags/example_dynamic_task_mapping_with_no_taskflow_operators.py
[2025-11-28T16:40:49.527+0000] {processor.py:829} INFO - Processing file /home/airflow/.local/lib/python3.8/site-packages/airflow/example_dags/example_dynamic_task_mapping_with_no_taskflow_operators.py for tasks to queue
[2025-11-28T16:40:49.530+0000] {logging_mixin.py:151} INFO - [2025-11-28T16:40:49.530+0000] {dagbag.py:539} INFO - Filling up the DagBag from /home/airflow/.local/lib/python3.8/site-packages/airflow/example_dags/example_dynamic_task_mapping_with_no_taskflow_operators.py
[2025-11-28T16:40:49.545+0000] {processor.py:839} INFO - DAG(s) dict_keys(['example_dynamic_task_mapping_with_no_taskflow_operators']) retrieved from /home/airflow/.local/lib/python3.8/site-packages/airflow/example_dags/example_dynamic_task_mapping_with_no_taskflow_operators.py
[2025-11-28T16:40:49.584+0000] {logging_mixin.py:151} INFO - [2025-11-28T16:40:49.584+0000] {dag.py:2915} INFO - Sync 1 DAGs
[2025-11-28T16:40:49.626+0000] {logging_mixin.py:151} INFO - [2025-11-28T16:40:49.625+0000] {dag.py:3696} INFO - Setting next_dagrun for example_dynamic_task_mapping_with_no_taskflow_operators to 2025-11-27T16:40:49.625221+00:00, run_after=2025-11-28T16:40:49.625221+00:00
[2025-11-28T16:40:49.662+0000] {processor.py:179} INFO - Processing /home/airflow/.local/lib/python3.8/site-packages/airflow/example_dags/example_dynamic_task_mapping_with_no_taskflow_operators.py took 0.142 seconds
[2025-11-28T16:47:24.386+0000] {processor.py:157} INFO - Started process (PID=1907) to work on /home/airflow/.local/lib/python3.8/site-packages/airflow/example_dags/example_dynamic_task_mapping_with_no_taskflow_operators.py
[2025-11-28T16:47:24.399+0000] {processor.py:829} INFO - Processing file /home/airflow/.local/lib/python3.8/site-packages/airflow/example_dags/example_dynamic_task_mapping_with_no_taskflow_operators.py for tasks to queue
[2025-11-28T16:47:24.402+0000] {logging_mixin.py:151} INFO - [2025-11-28T16:47:24.402+0000] {dagbag.py:539} INFO - Filling up the DagBag from /home/airflow/.local/lib/python3.8/site-packages/airflow/example_dags/example_dynamic_task_mapping_with_no_taskflow_operators.py
[2025-11-28T16:47:24.435+0000] {processor.py:839} INFO - DAG(s) dict_keys(['example_dynamic_task_mapping_with_no_taskflow_operators']) retrieved from /home/airflow/.local/lib/python3.8/site-packages/airflow/example_dags/example_dynamic_task_mapping_with_no_taskflow_operators.py
[2025-11-28T16:47:24.492+0000] {logging_mixin.py:151} INFO - [2025-11-28T16:47:24.491+0000] {dag.py:2915} INFO - Sync 1 DAGs
[2025-11-28T16:47:24.535+0000] {logging_mixin.py:151} INFO - [2025-11-28T16:47:24.535+0000] {dag.py:3696} INFO - Setting next_dagrun for example_dynamic_task_mapping_with_no_taskflow_operators to 2025-11-27T16:47:24.534554+00:00, run_after=2025-11-28T16:47:24.534554+00:00
[2025-11-28T16:47:24.577+0000] {processor.py:179} INFO - Processing /home/airflow/.local/lib/python3.8/site-packages/airflow/example_dags/example_dynamic_task_mapping_with_no_taskflow_operators.py took 0.196 seconds
