[2025-11-28T00:14:46.204+0000] {processor.py:157} INFO - Started process (PID=1742) to work on /home/airflow/.local/lib/python3.8/site-packages/airflow/example_dags/example_short_circuit_decorator.py
[2025-11-28T00:14:46.206+0000] {processor.py:829} INFO - Processing file /home/airflow/.local/lib/python3.8/site-packages/airflow/example_dags/example_short_circuit_decorator.py for tasks to queue
[2025-11-28T00:14:46.213+0000] {logging_mixin.py:151} INFO - [2025-11-28T00:14:46.212+0000] {dagbag.py:539} INFO - Filling up the DagBag from /home/airflow/.local/lib/python3.8/site-packages/airflow/example_dags/example_short_circuit_decorator.py
[2025-11-28T00:14:46.225+0000] {processor.py:839} INFO - DAG(s) dict_keys(['example_short_circuit_decorator']) retrieved from /home/airflow/.local/lib/python3.8/site-packages/airflow/example_dags/example_short_circuit_decorator.py
[2025-11-28T00:14:46.254+0000] {logging_mixin.py:151} INFO - [2025-11-28T00:14:46.254+0000] {dag.py:2915} INFO - Sync 1 DAGs
[2025-11-28T00:14:46.283+0000] {logging_mixin.py:151} INFO - [2025-11-28T00:14:46.282+0000] {dag.py:3696} INFO - Setting next_dagrun for example_short_circuit_decorator to 2025-11-27T00:14:46.282540+00:00, run_after=2025-11-28T00:14:46.282540+00:00
[2025-11-28T00:14:46.305+0000] {processor.py:179} INFO - Processing /home/airflow/.local/lib/python3.8/site-packages/airflow/example_dags/example_short_circuit_decorator.py took 0.105 seconds
[2025-11-28T04:48:47.705+0000] {processor.py:157} INFO - Started process (PID=1793) to work on /home/airflow/.local/lib/python3.8/site-packages/airflow/example_dags/example_short_circuit_decorator.py
[2025-11-28T04:48:47.706+0000] {processor.py:829} INFO - Processing file /home/airflow/.local/lib/python3.8/site-packages/airflow/example_dags/example_short_circuit_decorator.py for tasks to queue
[2025-11-28T04:48:47.709+0000] {logging_mixin.py:151} INFO - [2025-11-28T04:48:47.708+0000] {dagbag.py:539} INFO - Filling up the DagBag from /home/airflow/.local/lib/python3.8/site-packages/airflow/example_dags/example_short_circuit_decorator.py
[2025-11-28T04:48:47.732+0000] {processor.py:839} INFO - DAG(s) dict_keys(['example_short_circuit_decorator']) retrieved from /home/airflow/.local/lib/python3.8/site-packages/airflow/example_dags/example_short_circuit_decorator.py
[2025-11-28T04:48:47.809+0000] {logging_mixin.py:151} INFO - [2025-11-28T04:48:47.809+0000] {dag.py:2915} INFO - Sync 1 DAGs
[2025-11-28T04:48:47.859+0000] {logging_mixin.py:151} INFO - [2025-11-28T04:48:47.859+0000] {dag.py:3696} INFO - Setting next_dagrun for example_short_circuit_decorator to 2025-11-27T04:48:47.859018+00:00, run_after=2025-11-28T04:48:47.859018+00:00
[2025-11-28T04:48:47.900+0000] {processor.py:179} INFO - Processing /home/airflow/.local/lib/python3.8/site-packages/airflow/example_dags/example_short_circuit_decorator.py took 0.213 seconds
[2025-11-28T16:40:45.231+0000] {processor.py:157} INFO - Started process (PID=1853) to work on /home/airflow/.local/lib/python3.8/site-packages/airflow/example_dags/example_short_circuit_decorator.py
[2025-11-28T16:40:45.286+0000] {processor.py:829} INFO - Processing file /home/airflow/.local/lib/python3.8/site-packages/airflow/example_dags/example_short_circuit_decorator.py for tasks to queue
[2025-11-28T16:40:45.288+0000] {logging_mixin.py:151} INFO - [2025-11-28T16:40:45.288+0000] {dagbag.py:539} INFO - Filling up the DagBag from /home/airflow/.local/lib/python3.8/site-packages/airflow/example_dags/example_short_circuit_decorator.py
[2025-11-28T16:40:45.309+0000] {processor.py:839} INFO - DAG(s) dict_keys(['example_short_circuit_decorator']) retrieved from /home/airflow/.local/lib/python3.8/site-packages/airflow/example_dags/example_short_circuit_decorator.py
[2025-11-28T16:40:45.354+0000] {logging_mixin.py:151} INFO - [2025-11-28T16:40:45.354+0000] {dag.py:2915} INFO - Sync 1 DAGs
[2025-11-28T16:40:45.506+0000] {logging_mixin.py:151} INFO - [2025-11-28T16:40:45.506+0000] {dag.py:3696} INFO - Setting next_dagrun for example_short_circuit_decorator to 2025-11-27T16:40:45.505722+00:00, run_after=2025-11-28T16:40:45.505722+00:00
[2025-11-28T16:40:45.556+0000] {processor.py:179} INFO - Processing /home/airflow/.local/lib/python3.8/site-packages/airflow/example_dags/example_short_circuit_decorator.py took 0.358 seconds
[2025-11-28T16:47:26.553+0000] {processor.py:157} INFO - Started process (PID=1918) to work on /home/airflow/.local/lib/python3.8/site-packages/airflow/example_dags/example_short_circuit_decorator.py
[2025-11-28T16:47:26.554+0000] {processor.py:829} INFO - Processing file /home/airflow/.local/lib/python3.8/site-packages/airflow/example_dags/example_short_circuit_decorator.py for tasks to queue
[2025-11-28T16:47:26.559+0000] {logging_mixin.py:151} INFO - [2025-11-28T16:47:26.558+0000] {dagbag.py:539} INFO - Filling up the DagBag from /home/airflow/.local/lib/python3.8/site-packages/airflow/example_dags/example_short_circuit_decorator.py
[2025-11-28T16:47:26.595+0000] {processor.py:839} INFO - DAG(s) dict_keys(['example_short_circuit_decorator']) retrieved from /home/airflow/.local/lib/python3.8/site-packages/airflow/example_dags/example_short_circuit_decorator.py
[2025-11-28T16:47:26.664+0000] {logging_mixin.py:151} INFO - [2025-11-28T16:47:26.663+0000] {dag.py:2915} INFO - Sync 1 DAGs
[2025-11-28T16:47:26.711+0000] {logging_mixin.py:151} INFO - [2025-11-28T16:47:26.711+0000] {dag.py:3696} INFO - Setting next_dagrun for example_short_circuit_decorator to 2025-11-27T16:47:26.710623+00:00, run_after=2025-11-28T16:47:26.710623+00:00
[2025-11-28T16:47:26.786+0000] {processor.py:179} INFO - Processing /home/airflow/.local/lib/python3.8/site-packages/airflow/example_dags/example_short_circuit_decorator.py took 0.241 seconds
