[2025-11-28T00:14:45.182+0000] {processor.py:157} INFO - Started process (PID=1733) to work on /home/airflow/.local/lib/python3.8/site-packages/airflow/example_dags/example_bash_operator.py
[2025-11-28T00:14:45.184+0000] {processor.py:829} INFO - Processing file /home/airflow/.local/lib/python3.8/site-packages/airflow/example_dags/example_bash_operator.py for tasks to queue
[2025-11-28T00:14:45.195+0000] {logging_mixin.py:151} INFO - [2025-11-28T00:14:45.195+0000] {dagbag.py:539} INFO - Filling up the DagBag from /home/airflow/.local/lib/python3.8/site-packages/airflow/example_dags/example_bash_operator.py
[2025-11-28T00:14:45.230+0000] {processor.py:839} INFO - DAG(s) dict_keys(['example_bash_operator']) retrieved from /home/airflow/.local/lib/python3.8/site-packages/airflow/example_dags/example_bash_operator.py
[2025-11-28T00:14:45.292+0000] {logging_mixin.py:151} INFO - [2025-11-28T00:14:45.292+0000] {dag.py:2915} INFO - Sync 1 DAGs
[2025-11-28T00:14:45.326+0000] {logging_mixin.py:151} INFO - [2025-11-28T00:14:45.326+0000] {dag.py:3696} INFO - Setting next_dagrun for example_bash_operator to 2025-11-27T00:00:00+00:00, run_after=2025-11-28T00:00:00+00:00
[2025-11-28T00:14:45.355+0000] {processor.py:179} INFO - Processing /home/airflow/.local/lib/python3.8/site-packages/airflow/example_dags/example_bash_operator.py took 0.178 seconds
[2025-11-28T04:48:45.658+0000] {processor.py:157} INFO - Started process (PID=1784) to work on /home/airflow/.local/lib/python3.8/site-packages/airflow/example_dags/example_bash_operator.py
[2025-11-28T04:48:45.662+0000] {processor.py:829} INFO - Processing file /home/airflow/.local/lib/python3.8/site-packages/airflow/example_dags/example_bash_operator.py for tasks to queue
[2025-11-28T04:48:45.672+0000] {logging_mixin.py:151} INFO - [2025-11-28T04:48:45.671+0000] {dagbag.py:539} INFO - Filling up the DagBag from /home/airflow/.local/lib/python3.8/site-packages/airflow/example_dags/example_bash_operator.py
[2025-11-28T04:48:45.716+0000] {processor.py:839} INFO - DAG(s) dict_keys(['example_bash_operator']) retrieved from /home/airflow/.local/lib/python3.8/site-packages/airflow/example_dags/example_bash_operator.py
[2025-11-28T04:48:45.828+0000] {logging_mixin.py:151} INFO - [2025-11-28T04:48:45.827+0000] {dag.py:2915} INFO - Sync 1 DAGs
[2025-11-28T04:48:45.896+0000] {logging_mixin.py:151} INFO - [2025-11-28T04:48:45.896+0000] {dag.py:3696} INFO - Setting next_dagrun for example_bash_operator to 2025-11-27T00:00:00+00:00, run_after=2025-11-28T00:00:00+00:00
[2025-11-28T04:48:46.096+0000] {processor.py:179} INFO - Processing /home/airflow/.local/lib/python3.8/site-packages/airflow/example_dags/example_bash_operator.py took 0.443 seconds
[2025-11-28T08:27:50.043+0000] {processor.py:157} INFO - Started process (PID=1838) to work on /home/airflow/.local/lib/python3.8/site-packages/airflow/example_dags/example_bash_operator.py
[2025-11-28T08:27:50.044+0000] {processor.py:829} INFO - Processing file /home/airflow/.local/lib/python3.8/site-packages/airflow/example_dags/example_bash_operator.py for tasks to queue
[2025-11-28T08:27:50.046+0000] {logging_mixin.py:151} INFO - [2025-11-28T08:27:50.045+0000] {dagbag.py:539} INFO - Filling up the DagBag from /home/airflow/.local/lib/python3.8/site-packages/airflow/example_dags/example_bash_operator.py
[2025-11-28T08:27:50.068+0000] {processor.py:839} INFO - DAG(s) dict_keys(['example_bash_operator']) retrieved from /home/airflow/.local/lib/python3.8/site-packages/airflow/example_dags/example_bash_operator.py
[2025-11-28T08:27:50.150+0000] {logging_mixin.py:151} INFO - [2025-11-28T08:27:50.146+0000] {dag.py:2915} INFO - Sync 1 DAGs
[2025-11-28T08:27:50.194+0000] {logging_mixin.py:151} INFO - [2025-11-28T08:27:50.193+0000] {dag.py:3696} INFO - Setting next_dagrun for example_bash_operator to 2025-11-27T00:00:00+00:00, run_after=2025-11-28T00:00:00+00:00
[2025-11-28T08:27:50.239+0000] {processor.py:179} INFO - Processing /home/airflow/.local/lib/python3.8/site-packages/airflow/example_dags/example_bash_operator.py took 0.202 seconds
[2025-11-28T16:40:49.698+0000] {processor.py:157} INFO - Started process (PID=1879) to work on /home/airflow/.local/lib/python3.8/site-packages/airflow/example_dags/example_bash_operator.py
[2025-11-28T16:40:49.701+0000] {processor.py:829} INFO - Processing file /home/airflow/.local/lib/python3.8/site-packages/airflow/example_dags/example_bash_operator.py for tasks to queue
[2025-11-28T16:40:49.702+0000] {logging_mixin.py:151} INFO - [2025-11-28T16:40:49.702+0000] {dagbag.py:539} INFO - Filling up the DagBag from /home/airflow/.local/lib/python3.8/site-packages/airflow/example_dags/example_bash_operator.py
[2025-11-28T16:40:49.729+0000] {processor.py:839} INFO - DAG(s) dict_keys(['example_bash_operator']) retrieved from /home/airflow/.local/lib/python3.8/site-packages/airflow/example_dags/example_bash_operator.py
[2025-11-28T16:40:49.810+0000] {logging_mixin.py:151} INFO - [2025-11-28T16:40:49.809+0000] {dag.py:2915} INFO - Sync 1 DAGs
[2025-11-28T16:40:49.854+0000] {logging_mixin.py:151} INFO - [2025-11-28T16:40:49.854+0000] {dag.py:3696} INFO - Setting next_dagrun for example_bash_operator to 2025-11-27T00:00:00+00:00, run_after=2025-11-28T00:00:00+00:00
[2025-11-28T16:40:49.899+0000] {processor.py:179} INFO - Processing /home/airflow/.local/lib/python3.8/site-packages/airflow/example_dags/example_bash_operator.py took 0.208 seconds
[2025-11-28T16:47:24.965+0000] {processor.py:157} INFO - Started process (PID=1909) to work on /home/airflow/.local/lib/python3.8/site-packages/airflow/example_dags/example_bash_operator.py
[2025-11-28T16:47:24.967+0000] {processor.py:829} INFO - Processing file /home/airflow/.local/lib/python3.8/site-packages/airflow/example_dags/example_bash_operator.py for tasks to queue
[2025-11-28T16:47:24.971+0000] {logging_mixin.py:151} INFO - [2025-11-28T16:47:24.971+0000] {dagbag.py:539} INFO - Filling up the DagBag from /home/airflow/.local/lib/python3.8/site-packages/airflow/example_dags/example_bash_operator.py
[2025-11-28T16:47:25.007+0000] {processor.py:839} INFO - DAG(s) dict_keys(['example_bash_operator']) retrieved from /home/airflow/.local/lib/python3.8/site-packages/airflow/example_dags/example_bash_operator.py
[2025-11-28T16:47:25.104+0000] {logging_mixin.py:151} INFO - [2025-11-28T16:47:25.104+0000] {dag.py:2915} INFO - Sync 1 DAGs
[2025-11-28T16:47:25.164+0000] {logging_mixin.py:151} INFO - [2025-11-28T16:47:25.164+0000] {dag.py:3696} INFO - Setting next_dagrun for example_bash_operator to 2025-11-27T00:00:00+00:00, run_after=2025-11-28T00:00:00+00:00
[2025-11-28T16:47:25.210+0000] {processor.py:179} INFO - Processing /home/airflow/.local/lib/python3.8/site-packages/airflow/example_dags/example_bash_operator.py took 0.253 seconds
