[2025-11-28T00:14:46.626+0000] {processor.py:157} INFO - Started process (PID=1748) to work on /home/airflow/.local/lib/python3.8/site-packages/airflow/example_dags/example_sla_dag.py
[2025-11-28T00:14:46.628+0000] {processor.py:829} INFO - Processing file /home/airflow/.local/lib/python3.8/site-packages/airflow/example_dags/example_sla_dag.py for tasks to queue
[2025-11-28T00:14:46.632+0000] {logging_mixin.py:151} INFO - [2025-11-28T00:14:46.632+0000] {dagbag.py:539} INFO - Filling up the DagBag from /home/airflow/.local/lib/python3.8/site-packages/airflow/example_dags/example_sla_dag.py
[2025-11-28T00:14:46.644+0000] {processor.py:839} INFO - DAG(s) dict_keys(['example_sla_dag']) retrieved from /home/airflow/.local/lib/python3.8/site-packages/airflow/example_dags/example_sla_dag.py
[2025-11-28T00:14:46.683+0000] {logging_mixin.py:151} INFO - [2025-11-28T00:14:46.682+0000] {dag.py:2915} INFO - Sync 1 DAGs
[2025-11-28T00:14:46.713+0000] {logging_mixin.py:151} INFO - [2025-11-28T00:14:46.713+0000] {dag.py:3696} INFO - Setting next_dagrun for example_sla_dag to 2025-11-28T00:12:00+00:00, run_after=2025-11-28T00:14:00+00:00
[2025-11-28T00:14:46.748+0000] {processor.py:179} INFO - Processing /home/airflow/.local/lib/python3.8/site-packages/airflow/example_dags/example_sla_dag.py took 0.126 seconds
[2025-11-28T04:48:48.639+0000] {processor.py:157} INFO - Started process (PID=1799) to work on /home/airflow/.local/lib/python3.8/site-packages/airflow/example_dags/example_sla_dag.py
[2025-11-28T04:48:48.642+0000] {processor.py:829} INFO - Processing file /home/airflow/.local/lib/python3.8/site-packages/airflow/example_dags/example_sla_dag.py for tasks to queue
[2025-11-28T04:48:48.644+0000] {logging_mixin.py:151} INFO - [2025-11-28T04:48:48.644+0000] {dagbag.py:539} INFO - Filling up the DagBag from /home/airflow/.local/lib/python3.8/site-packages/airflow/example_dags/example_sla_dag.py
[2025-11-28T04:48:48.659+0000] {processor.py:839} INFO - DAG(s) dict_keys(['example_sla_dag']) retrieved from /home/airflow/.local/lib/python3.8/site-packages/airflow/example_dags/example_sla_dag.py
[2025-11-28T04:48:48.692+0000] {logging_mixin.py:151} INFO - [2025-11-28T04:48:48.691+0000] {dag.py:2915} INFO - Sync 1 DAGs
[2025-11-28T04:48:48.795+0000] {logging_mixin.py:151} INFO - [2025-11-28T04:48:48.794+0000] {dag.py:3696} INFO - Setting next_dagrun for example_sla_dag to 2025-11-28T04:46:00+00:00, run_after=2025-11-28T04:48:00+00:00
[2025-11-28T04:48:48.867+0000] {processor.py:179} INFO - Processing /home/airflow/.local/lib/python3.8/site-packages/airflow/example_dags/example_sla_dag.py took 0.235 seconds
[2025-11-28T16:40:46.613+0000] {processor.py:157} INFO - Started process (PID=1859) to work on /home/airflow/.local/lib/python3.8/site-packages/airflow/example_dags/example_sla_dag.py
[2025-11-28T16:40:46.615+0000] {processor.py:829} INFO - Processing file /home/airflow/.local/lib/python3.8/site-packages/airflow/example_dags/example_sla_dag.py for tasks to queue
[2025-11-28T16:40:46.616+0000] {logging_mixin.py:151} INFO - [2025-11-28T16:40:46.616+0000] {dagbag.py:539} INFO - Filling up the DagBag from /home/airflow/.local/lib/python3.8/site-packages/airflow/example_dags/example_sla_dag.py
[2025-11-28T16:40:46.644+0000] {processor.py:839} INFO - DAG(s) dict_keys(['example_sla_dag']) retrieved from /home/airflow/.local/lib/python3.8/site-packages/airflow/example_dags/example_sla_dag.py
[2025-11-28T16:40:46.678+0000] {logging_mixin.py:151} INFO - [2025-11-28T16:40:46.678+0000] {dag.py:2915} INFO - Sync 1 DAGs
[2025-11-28T16:40:46.718+0000] {logging_mixin.py:151} INFO - [2025-11-28T16:40:46.718+0000] {dag.py:3696} INFO - Setting next_dagrun for example_sla_dag to 2025-11-28T16:38:00+00:00, run_after=2025-11-28T16:40:00+00:00
[2025-11-28T16:40:46.759+0000] {processor.py:179} INFO - Processing /home/airflow/.local/lib/python3.8/site-packages/airflow/example_dags/example_sla_dag.py took 0.150 seconds
[2025-11-28T16:47:27.264+0000] {processor.py:157} INFO - Started process (PID=1924) to work on /home/airflow/.local/lib/python3.8/site-packages/airflow/example_dags/example_sla_dag.py
[2025-11-28T16:47:27.266+0000] {processor.py:829} INFO - Processing file /home/airflow/.local/lib/python3.8/site-packages/airflow/example_dags/example_sla_dag.py for tasks to queue
[2025-11-28T16:47:27.269+0000] {logging_mixin.py:151} INFO - [2025-11-28T16:47:27.269+0000] {dagbag.py:539} INFO - Filling up the DagBag from /home/airflow/.local/lib/python3.8/site-packages/airflow/example_dags/example_sla_dag.py
[2025-11-28T16:47:27.287+0000] {processor.py:839} INFO - DAG(s) dict_keys(['example_sla_dag']) retrieved from /home/airflow/.local/lib/python3.8/site-packages/airflow/example_dags/example_sla_dag.py
[2025-11-28T16:47:27.339+0000] {logging_mixin.py:151} INFO - [2025-11-28T16:47:27.339+0000] {dag.py:2915} INFO - Sync 1 DAGs
[2025-11-28T16:47:27.381+0000] {logging_mixin.py:151} INFO - [2025-11-28T16:47:27.381+0000] {dag.py:3696} INFO - Setting next_dagrun for example_sla_dag to 2025-11-28T16:44:00+00:00, run_after=2025-11-28T16:46:00+00:00
[2025-11-28T16:47:27.417+0000] {processor.py:179} INFO - Processing /home/airflow/.local/lib/python3.8/site-packages/airflow/example_dags/example_sla_dag.py took 0.162 seconds
