[2025-11-28T00:14:47.513+0000] {processor.py:157} INFO - Started process (PID=1759) to work on /home/airflow/.local/lib/python3.8/site-packages/airflow/example_dags/example_branch_operator_decorator.py
[2025-11-28T00:14:47.515+0000] {processor.py:829} INFO - Processing file /home/airflow/.local/lib/python3.8/site-packages/airflow/example_dags/example_branch_operator_decorator.py for tasks to queue
[2025-11-28T00:14:47.519+0000] {logging_mixin.py:151} INFO - [2025-11-28T00:14:47.519+0000] {dagbag.py:539} INFO - Filling up the DagBag from /home/airflow/.local/lib/python3.8/site-packages/airflow/example_dags/example_branch_operator_decorator.py
[2025-11-28T00:14:47.534+0000] {processor.py:839} INFO - DAG(s) dict_keys(['example_branch_python_operator_decorator']) retrieved from /home/airflow/.local/lib/python3.8/site-packages/airflow/example_dags/example_branch_operator_decorator.py
[2025-11-28T00:14:47.575+0000] {logging_mixin.py:151} INFO - [2025-11-28T00:14:47.575+0000] {dag.py:2915} INFO - Sync 1 DAGs
[2025-11-28T00:14:47.603+0000] {logging_mixin.py:151} INFO - [2025-11-28T00:14:47.602+0000] {dag.py:3696} INFO - Setting next_dagrun for example_branch_python_operator_decorator to 2025-11-27T00:00:00+00:00, run_after=2025-11-28T00:00:00+00:00
[2025-11-28T00:14:47.633+0000] {processor.py:179} INFO - Processing /home/airflow/.local/lib/python3.8/site-packages/airflow/example_dags/example_branch_operator_decorator.py took 0.126 seconds
[2025-11-28T04:48:55.382+0000] {processor.py:157} INFO - Started process (PID=1813) to work on /home/airflow/.local/lib/python3.8/site-packages/airflow/example_dags/example_branch_operator_decorator.py
[2025-11-28T04:48:55.479+0000] {processor.py:829} INFO - Processing file /home/airflow/.local/lib/python3.8/site-packages/airflow/example_dags/example_branch_operator_decorator.py for tasks to queue
[2025-11-28T04:48:55.510+0000] {logging_mixin.py:151} INFO - [2025-11-28T04:48:55.506+0000] {dagbag.py:539} INFO - Filling up the DagBag from /home/airflow/.local/lib/python3.8/site-packages/airflow/example_dags/example_branch_operator_decorator.py
[2025-11-28T08:27:41.545+0000] {processor.py:839} INFO - DAG(s) dict_keys(['example_branch_python_operator_decorator']) retrieved from /home/airflow/.local/lib/python3.8/site-packages/airflow/example_dags/example_branch_operator_decorator.py
[2025-11-28T08:27:43.418+0000] {logging_mixin.py:151} INFO - [2025-11-28T08:27:43.418+0000] {dag.py:2915} INFO - Sync 1 DAGs
[2025-11-28T08:27:44.231+0000] {logging_mixin.py:151} INFO - [2025-11-28T08:27:44.231+0000] {dag.py:3696} INFO - Setting next_dagrun for example_branch_python_operator_decorator to 2025-11-27T00:00:00+00:00, run_after=2025-11-28T00:00:00+00:00
[2025-11-28T16:40:49.941+0000] {processor.py:157} INFO - Started process (PID=1881) to work on /home/airflow/.local/lib/python3.8/site-packages/airflow/example_dags/example_branch_operator_decorator.py
[2025-11-28T16:40:49.942+0000] {processor.py:829} INFO - Processing file /home/airflow/.local/lib/python3.8/site-packages/airflow/example_dags/example_branch_operator_decorator.py for tasks to queue
[2025-11-28T16:40:49.946+0000] {logging_mixin.py:151} INFO - [2025-11-28T16:40:49.946+0000] {dagbag.py:539} INFO - Filling up the DagBag from /home/airflow/.local/lib/python3.8/site-packages/airflow/example_dags/example_branch_operator_decorator.py
[2025-11-28T16:40:49.970+0000] {processor.py:839} INFO - DAG(s) dict_keys(['example_branch_python_operator_decorator']) retrieved from /home/airflow/.local/lib/python3.8/site-packages/airflow/example_dags/example_branch_operator_decorator.py
[2025-11-28T16:40:50.207+0000] {logging_mixin.py:151} INFO - [2025-11-28T16:40:50.207+0000] {security.py:708} INFO - Not syncing DAG-level permissions for DAG 'DAG:example_branch_python_operator_decorator' as access control is unset.
[2025-11-28T16:40:50.208+0000] {logging_mixin.py:151} INFO - [2025-11-28T16:40:50.208+0000] {dag.py:2915} INFO - Sync 1 DAGs
[2025-11-28T16:40:50.257+0000] {logging_mixin.py:151} INFO - [2025-11-28T16:40:50.256+0000] {dag.py:3696} INFO - Setting next_dagrun for example_branch_python_operator_decorator to 2025-11-27T00:00:00+00:00, run_after=2025-11-28T00:00:00+00:00
[2025-11-28T16:40:50.303+0000] {processor.py:179} INFO - Processing /home/airflow/.local/lib/python3.8/site-packages/airflow/example_dags/example_branch_operator_decorator.py took 0.370 seconds
[2025-11-28T16:47:28.711+0000] {processor.py:157} INFO - Started process (PID=1938) to work on /home/airflow/.local/lib/python3.8/site-packages/airflow/example_dags/example_branch_operator_decorator.py
[2025-11-28T16:47:28.713+0000] {processor.py:829} INFO - Processing file /home/airflow/.local/lib/python3.8/site-packages/airflow/example_dags/example_branch_operator_decorator.py for tasks to queue
[2025-11-28T16:47:28.716+0000] {logging_mixin.py:151} INFO - [2025-11-28T16:47:28.715+0000] {dagbag.py:539} INFO - Filling up the DagBag from /home/airflow/.local/lib/python3.8/site-packages/airflow/example_dags/example_branch_operator_decorator.py
[2025-11-28T16:47:28.730+0000] {processor.py:839} INFO - DAG(s) dict_keys(['example_branch_python_operator_decorator']) retrieved from /home/airflow/.local/lib/python3.8/site-packages/airflow/example_dags/example_branch_operator_decorator.py
[2025-11-28T16:47:28.768+0000] {logging_mixin.py:151} INFO - [2025-11-28T16:47:28.767+0000] {dag.py:2915} INFO - Sync 1 DAGs
[2025-11-28T16:47:28.794+0000] {logging_mixin.py:151} INFO - [2025-11-28T16:47:28.793+0000] {dag.py:3696} INFO - Setting next_dagrun for example_branch_python_operator_decorator to 2025-11-27T00:00:00+00:00, run_after=2025-11-28T00:00:00+00:00
[2025-11-28T16:47:28.825+0000] {processor.py:179} INFO - Processing /home/airflow/.local/lib/python3.8/site-packages/airflow/example_dags/example_branch_operator_decorator.py took 0.117 seconds
