[2025-11-28T00:14:46.416+0000] {processor.py:157} INFO - Started process (PID=1745) to work on /home/airflow/.local/lib/python3.8/site-packages/airflow/example_dags/example_sensor_decorator.py
[2025-11-28T00:14:46.418+0000] {processor.py:829} INFO - Processing file /home/airflow/.local/lib/python3.8/site-packages/airflow/example_dags/example_sensor_decorator.py for tasks to queue
[2025-11-28T00:14:46.422+0000] {logging_mixin.py:151} INFO - [2025-11-28T00:14:46.421+0000] {dagbag.py:539} INFO - Filling up the DagBag from /home/airflow/.local/lib/python3.8/site-packages/airflow/example_dags/example_sensor_decorator.py
[2025-11-28T00:14:46.429+0000] {processor.py:839} INFO - DAG(s) dict_keys(['example_sensor_decorator']) retrieved from /home/airflow/.local/lib/python3.8/site-packages/airflow/example_dags/example_sensor_decorator.py
[2025-11-28T00:14:46.456+0000] {logging_mixin.py:151} INFO - [2025-11-28T00:14:46.456+0000] {dag.py:2915} INFO - Sync 1 DAGs
[2025-11-28T00:14:46.478+0000] {logging_mixin.py:151} INFO - [2025-11-28T00:14:46.478+0000] {dag.py:3696} INFO - Setting next_dagrun for example_sensor_decorator to None, run_after=None
[2025-11-28T00:14:46.509+0000] {processor.py:179} INFO - Processing /home/airflow/.local/lib/python3.8/site-packages/airflow/example_dags/example_sensor_decorator.py took 0.099 seconds
[2025-11-28T04:48:48.099+0000] {processor.py:157} INFO - Started process (PID=1796) to work on /home/airflow/.local/lib/python3.8/site-packages/airflow/example_dags/example_sensor_decorator.py
[2025-11-28T04:48:48.100+0000] {processor.py:829} INFO - Processing file /home/airflow/.local/lib/python3.8/site-packages/airflow/example_dags/example_sensor_decorator.py for tasks to queue
[2025-11-28T04:48:48.102+0000] {logging_mixin.py:151} INFO - [2025-11-28T04:48:48.101+0000] {dagbag.py:539} INFO - Filling up the DagBag from /home/airflow/.local/lib/python3.8/site-packages/airflow/example_dags/example_sensor_decorator.py
[2025-11-28T04:48:48.113+0000] {processor.py:839} INFO - DAG(s) dict_keys(['example_sensor_decorator']) retrieved from /home/airflow/.local/lib/python3.8/site-packages/airflow/example_dags/example_sensor_decorator.py
[2025-11-28T04:48:48.184+0000] {logging_mixin.py:151} INFO - [2025-11-28T04:48:48.184+0000] {dag.py:2915} INFO - Sync 1 DAGs
[2025-11-28T04:48:48.214+0000] {logging_mixin.py:151} INFO - [2025-11-28T04:48:48.213+0000] {dag.py:3696} INFO - Setting next_dagrun for example_sensor_decorator to None, run_after=None
[2025-11-28T04:48:48.244+0000] {processor.py:179} INFO - Processing /home/airflow/.local/lib/python3.8/site-packages/airflow/example_dags/example_sensor_decorator.py took 0.152 seconds
[2025-11-28T16:40:45.859+0000] {processor.py:157} INFO - Started process (PID=1856) to work on /home/airflow/.local/lib/python3.8/site-packages/airflow/example_dags/example_sensor_decorator.py
[2025-11-28T16:40:45.861+0000] {processor.py:829} INFO - Processing file /home/airflow/.local/lib/python3.8/site-packages/airflow/example_dags/example_sensor_decorator.py for tasks to queue
[2025-11-28T16:40:45.863+0000] {logging_mixin.py:151} INFO - [2025-11-28T16:40:45.863+0000] {dagbag.py:539} INFO - Filling up the DagBag from /home/airflow/.local/lib/python3.8/site-packages/airflow/example_dags/example_sensor_decorator.py
[2025-11-28T16:40:45.887+0000] {processor.py:839} INFO - DAG(s) dict_keys(['example_sensor_decorator']) retrieved from /home/airflow/.local/lib/python3.8/site-packages/airflow/example_dags/example_sensor_decorator.py
[2025-11-28T16:40:45.958+0000] {logging_mixin.py:151} INFO - [2025-11-28T16:40:45.958+0000] {dag.py:2915} INFO - Sync 1 DAGs
[2025-11-28T16:40:45.984+0000] {logging_mixin.py:151} INFO - [2025-11-28T16:40:45.984+0000] {dag.py:3696} INFO - Setting next_dagrun for example_sensor_decorator to None, run_after=None
[2025-11-28T16:40:46.040+0000] {processor.py:179} INFO - Processing /home/airflow/.local/lib/python3.8/site-packages/airflow/example_dags/example_sensor_decorator.py took 0.190 seconds
[2025-11-28T16:47:26.894+0000] {processor.py:157} INFO - Started process (PID=1921) to work on /home/airflow/.local/lib/python3.8/site-packages/airflow/example_dags/example_sensor_decorator.py
[2025-11-28T16:47:26.896+0000] {processor.py:829} INFO - Processing file /home/airflow/.local/lib/python3.8/site-packages/airflow/example_dags/example_sensor_decorator.py for tasks to queue
[2025-11-28T16:47:26.900+0000] {logging_mixin.py:151} INFO - [2025-11-28T16:47:26.900+0000] {dagbag.py:539} INFO - Filling up the DagBag from /home/airflow/.local/lib/python3.8/site-packages/airflow/example_dags/example_sensor_decorator.py
[2025-11-28T16:47:26.926+0000] {processor.py:839} INFO - DAG(s) dict_keys(['example_sensor_decorator']) retrieved from /home/airflow/.local/lib/python3.8/site-packages/airflow/example_dags/example_sensor_decorator.py
[2025-11-28T16:47:26.997+0000] {logging_mixin.py:151} INFO - [2025-11-28T16:47:26.996+0000] {dag.py:2915} INFO - Sync 1 DAGs
[2025-11-28T16:47:27.024+0000] {logging_mixin.py:151} INFO - [2025-11-28T16:47:27.024+0000] {dag.py:3696} INFO - Setting next_dagrun for example_sensor_decorator to None, run_after=None
[2025-11-28T16:47:27.072+0000] {processor.py:179} INFO - Processing /home/airflow/.local/lib/python3.8/site-packages/airflow/example_dags/example_sensor_decorator.py took 0.184 seconds
