[2025-11-28T00:14:43.884+0000] {processor.py:157} INFO - Started process (PID=1726) to work on /home/airflow/.local/lib/python3.8/site-packages/airflow/example_dags/example_dag_decorator.py
[2025-11-28T00:14:43.886+0000] {processor.py:829} INFO - Processing file /home/airflow/.local/lib/python3.8/site-packages/airflow/example_dags/example_dag_decorator.py for tasks to queue
[2025-11-28T00:14:43.890+0000] {logging_mixin.py:151} INFO - [2025-11-28T00:14:43.889+0000] {dagbag.py:539} INFO - Filling up the DagBag from /home/airflow/.local/lib/python3.8/site-packages/airflow/example_dags/example_dag_decorator.py
[2025-11-28T00:14:44.164+0000] {processor.py:839} INFO - DAG(s) dict_keys(['example_dag_decorator']) retrieved from /home/airflow/.local/lib/python3.8/site-packages/airflow/example_dags/example_dag_decorator.py
[2025-11-28T00:14:44.621+0000] {logging_mixin.py:151} INFO - [2025-11-28T00:14:44.621+0000] {security.py:708} INFO - Not syncing DAG-level permissions for DAG 'DAG:example_dag_decorator' as access control is unset.
[2025-11-28T00:14:44.624+0000] {logging_mixin.py:151} INFO - [2025-11-28T00:14:44.623+0000] {dag.py:2915} INFO - Sync 1 DAGs
[2025-11-28T00:14:44.642+0000] {logging_mixin.py:151} INFO - [2025-11-28T00:14:44.642+0000] {dag.py:3696} INFO - Setting next_dagrun for example_dag_decorator to None, run_after=None
[2025-11-28T00:14:44.681+0000] {processor.py:179} INFO - Processing /home/airflow/.local/lib/python3.8/site-packages/airflow/example_dags/example_dag_decorator.py took 0.814 seconds
[2025-11-28T04:48:41.839+0000] {processor.py:157} INFO - Started process (PID=1777) to work on /home/airflow/.local/lib/python3.8/site-packages/airflow/example_dags/example_dag_decorator.py
[2025-11-28T04:48:41.857+0000] {processor.py:829} INFO - Processing file /home/airflow/.local/lib/python3.8/site-packages/airflow/example_dags/example_dag_decorator.py for tasks to queue
[2025-11-28T04:48:41.870+0000] {logging_mixin.py:151} INFO - [2025-11-28T04:48:41.865+0000] {dagbag.py:539} INFO - Filling up the DagBag from /home/airflow/.local/lib/python3.8/site-packages/airflow/example_dags/example_dag_decorator.py
[2025-11-28T04:48:42.853+0000] {processor.py:839} INFO - DAG(s) dict_keys(['example_dag_decorator']) retrieved from /home/airflow/.local/lib/python3.8/site-packages/airflow/example_dags/example_dag_decorator.py
[2025-11-28T04:48:43.446+0000] {logging_mixin.py:151} INFO - [2025-11-28T04:48:43.446+0000] {security.py:708} INFO - Not syncing DAG-level permissions for DAG 'DAG:example_dag_decorator' as access control is unset.
[2025-11-28T04:48:43.447+0000] {logging_mixin.py:151} INFO - [2025-11-28T04:48:43.447+0000] {dag.py:2915} INFO - Sync 1 DAGs
[2025-11-28T04:48:43.590+0000] {logging_mixin.py:151} INFO - [2025-11-28T04:48:43.589+0000] {dag.py:3696} INFO - Setting next_dagrun for example_dag_decorator to None, run_after=None
[2025-11-28T04:48:43.655+0000] {processor.py:179} INFO - Processing /home/airflow/.local/lib/python3.8/site-packages/airflow/example_dags/example_dag_decorator.py took 1.837 seconds
[2025-11-28T08:27:48.037+0000] {processor.py:157} INFO - Started process (PID=1831) to work on /home/airflow/.local/lib/python3.8/site-packages/airflow/example_dags/example_dag_decorator.py
[2025-11-28T08:27:48.054+0000] {processor.py:829} INFO - Processing file /home/airflow/.local/lib/python3.8/site-packages/airflow/example_dags/example_dag_decorator.py for tasks to queue
[2025-11-28T08:27:48.056+0000] {logging_mixin.py:151} INFO - [2025-11-28T08:27:48.055+0000] {dagbag.py:539} INFO - Filling up the DagBag from /home/airflow/.local/lib/python3.8/site-packages/airflow/example_dags/example_dag_decorator.py
[2025-11-28T08:27:48.655+0000] {processor.py:839} INFO - DAG(s) dict_keys(['example_dag_decorator']) retrieved from /home/airflow/.local/lib/python3.8/site-packages/airflow/example_dags/example_dag_decorator.py
[2025-11-28T08:27:49.083+0000] {logging_mixin.py:151} INFO - [2025-11-28T08:27:49.083+0000] {security.py:708} INFO - Not syncing DAG-level permissions for DAG 'DAG:example_dag_decorator' as access control is unset.
[2025-11-28T08:27:49.123+0000] {logging_mixin.py:151} INFO - [2025-11-28T08:27:49.123+0000] {dag.py:2915} INFO - Sync 1 DAGs
[2025-11-28T08:27:49.206+0000] {logging_mixin.py:151} INFO - [2025-11-28T08:27:49.206+0000] {dag.py:3696} INFO - Setting next_dagrun for example_dag_decorator to None, run_after=None
[2025-11-28T08:27:49.319+0000] {processor.py:179} INFO - Processing /home/airflow/.local/lib/python3.8/site-packages/airflow/example_dags/example_dag_decorator.py took 1.288 seconds
[2025-11-28T16:40:48.945+0000] {processor.py:157} INFO - Started process (PID=1873) to work on /home/airflow/.local/lib/python3.8/site-packages/airflow/example_dags/example_dag_decorator.py
[2025-11-28T16:40:48.947+0000] {processor.py:829} INFO - Processing file /home/airflow/.local/lib/python3.8/site-packages/airflow/example_dags/example_dag_decorator.py for tasks to queue
[2025-11-28T16:40:48.950+0000] {logging_mixin.py:151} INFO - [2025-11-28T16:40:48.949+0000] {dagbag.py:539} INFO - Filling up the DagBag from /home/airflow/.local/lib/python3.8/site-packages/airflow/example_dags/example_dag_decorator.py
[2025-11-28T16:40:49.145+0000] {processor.py:839} INFO - DAG(s) dict_keys(['example_dag_decorator']) retrieved from /home/airflow/.local/lib/python3.8/site-packages/airflow/example_dags/example_dag_decorator.py
[2025-11-28T16:40:49.424+0000] {logging_mixin.py:151} INFO - [2025-11-28T16:40:49.424+0000] {security.py:708} INFO - Not syncing DAG-level permissions for DAG 'DAG:example_dag_decorator' as access control is unset.
[2025-11-28T16:40:49.425+0000] {logging_mixin.py:151} INFO - [2025-11-28T16:40:49.424+0000] {dag.py:2915} INFO - Sync 1 DAGs
[2025-11-28T16:40:49.450+0000] {logging_mixin.py:151} INFO - [2025-11-28T16:40:49.450+0000] {dag.py:3696} INFO - Setting next_dagrun for example_dag_decorator to None, run_after=None
[2025-11-28T16:40:49.489+0000] {processor.py:179} INFO - Processing /home/airflow/.local/lib/python3.8/site-packages/airflow/example_dags/example_dag_decorator.py took 0.549 seconds
[2025-11-28T16:47:23.280+0000] {processor.py:157} INFO - Started process (PID=1902) to work on /home/airflow/.local/lib/python3.8/site-packages/airflow/example_dags/example_dag_decorator.py
[2025-11-28T16:47:23.282+0000] {processor.py:829} INFO - Processing file /home/airflow/.local/lib/python3.8/site-packages/airflow/example_dags/example_dag_decorator.py for tasks to queue
[2025-11-28T16:47:23.288+0000] {logging_mixin.py:151} INFO - [2025-11-28T16:47:23.287+0000] {dagbag.py:539} INFO - Filling up the DagBag from /home/airflow/.local/lib/python3.8/site-packages/airflow/example_dags/example_dag_decorator.py
[2025-11-28T16:47:23.549+0000] {processor.py:839} INFO - DAG(s) dict_keys(['example_dag_decorator']) retrieved from /home/airflow/.local/lib/python3.8/site-packages/airflow/example_dags/example_dag_decorator.py
[2025-11-28T16:47:23.852+0000] {logging_mixin.py:151} INFO - [2025-11-28T16:47:23.852+0000] {security.py:708} INFO - Not syncing DAG-level permissions for DAG 'DAG:example_dag_decorator' as access control is unset.
[2025-11-28T16:47:23.852+0000] {logging_mixin.py:151} INFO - [2025-11-28T16:47:23.852+0000] {dag.py:2915} INFO - Sync 1 DAGs
[2025-11-28T16:47:23.884+0000] {logging_mixin.py:151} INFO - [2025-11-28T16:47:23.884+0000] {dag.py:3696} INFO - Setting next_dagrun for example_dag_decorator to None, run_after=None
[2025-11-28T16:47:23.922+0000] {processor.py:179} INFO - Processing /home/airflow/.local/lib/python3.8/site-packages/airflow/example_dags/example_dag_decorator.py took 0.647 seconds
