[2025-11-28T00:14:47.637+0000] {processor.py:157} INFO - Started process (PID=1760) to work on /home/airflow/.local/lib/python3.8/site-packages/airflow/example_dags/example_latest_only.py
[2025-11-28T00:14:47.639+0000] {processor.py:829} INFO - Processing file /home/airflow/.local/lib/python3.8/site-packages/airflow/example_dags/example_latest_only.py for tasks to queue
[2025-11-28T00:14:47.643+0000] {logging_mixin.py:151} INFO - [2025-11-28T00:14:47.642+0000] {dagbag.py:539} INFO - Filling up the DagBag from /home/airflow/.local/lib/python3.8/site-packages/airflow/example_dags/example_latest_only.py
[2025-11-28T00:14:47.649+0000] {processor.py:839} INFO - DAG(s) dict_keys(['latest_only']) retrieved from /home/airflow/.local/lib/python3.8/site-packages/airflow/example_dags/example_latest_only.py
[2025-11-28T00:14:47.687+0000] {logging_mixin.py:151} INFO - [2025-11-28T00:14:47.687+0000] {dag.py:2915} INFO - Sync 1 DAGs
[2025-11-28T00:14:47.719+0000] {logging_mixin.py:151} INFO - [2025-11-28T00:14:47.718+0000] {dag.py:3696} INFO - Setting next_dagrun for latest_only to 2025-11-27T20:14:47.718648+00:00, run_after=2025-11-28T00:14:47.718648+00:00
[2025-11-28T00:14:47.745+0000] {processor.py:179} INFO - Processing /home/airflow/.local/lib/python3.8/site-packages/airflow/example_dags/example_latest_only.py took 0.113 seconds
[2025-11-28T08:27:45.050+0000] {processor.py:157} INFO - Started process (PID=1821) to work on /home/airflow/.local/lib/python3.8/site-packages/airflow/example_dags/example_latest_only.py
[2025-11-28T08:27:45.066+0000] {processor.py:829} INFO - Processing file /home/airflow/.local/lib/python3.8/site-packages/airflow/example_dags/example_latest_only.py for tasks to queue
[2025-11-28T08:27:45.107+0000] {logging_mixin.py:151} INFO - [2025-11-28T08:27:45.106+0000] {dagbag.py:539} INFO - Filling up the DagBag from /home/airflow/.local/lib/python3.8/site-packages/airflow/example_dags/example_latest_only.py
[2025-11-28T08:27:45.159+0000] {processor.py:839} INFO - DAG(s) dict_keys(['latest_only']) retrieved from /home/airflow/.local/lib/python3.8/site-packages/airflow/example_dags/example_latest_only.py
[2025-11-28T08:27:45.787+0000] {logging_mixin.py:151} INFO - [2025-11-28T08:27:45.786+0000] {dag.py:2915} INFO - Sync 1 DAGs
[2025-11-28T08:27:45.935+0000] {logging_mixin.py:151} INFO - [2025-11-28T08:27:45.935+0000] {dag.py:3696} INFO - Setting next_dagrun for latest_only to 2025-11-28T04:27:45.935051+00:00, run_after=2025-11-28T08:27:45.935051+00:00
[2025-11-28T08:27:46.439+0000] {processor.py:179} INFO - Processing /home/airflow/.local/lib/python3.8/site-packages/airflow/example_dags/example_latest_only.py took 1.411 seconds
[2025-11-28T16:40:49.965+0000] {processor.py:157} INFO - Started process (PID=1882) to work on /home/airflow/.local/lib/python3.8/site-packages/airflow/example_dags/example_latest_only.py
[2025-11-28T16:40:49.967+0000] {processor.py:829} INFO - Processing file /home/airflow/.local/lib/python3.8/site-packages/airflow/example_dags/example_latest_only.py for tasks to queue
[2025-11-28T16:40:49.968+0000] {logging_mixin.py:151} INFO - [2025-11-28T16:40:49.967+0000] {dagbag.py:539} INFO - Filling up the DagBag from /home/airflow/.local/lib/python3.8/site-packages/airflow/example_dags/example_latest_only.py
[2025-11-28T16:40:49.978+0000] {processor.py:839} INFO - DAG(s) dict_keys(['latest_only']) retrieved from /home/airflow/.local/lib/python3.8/site-packages/airflow/example_dags/example_latest_only.py
[2025-11-28T16:40:50.019+0000] {logging_mixin.py:151} INFO - [2025-11-28T16:40:50.019+0000] {dag.py:2915} INFO - Sync 1 DAGs
[2025-11-28T16:40:50.065+0000] {logging_mixin.py:151} INFO - [2025-11-28T16:40:50.065+0000] {dag.py:3696} INFO - Setting next_dagrun for latest_only to 2025-11-28T12:40:50.065152+00:00, run_after=2025-11-28T16:40:50.065152+00:00
[2025-11-28T16:40:50.104+0000] {processor.py:179} INFO - Processing /home/airflow/.local/lib/python3.8/site-packages/airflow/example_dags/example_latest_only.py took 0.147 seconds
[2025-11-28T16:47:28.769+0000] {processor.py:157} INFO - Started process (PID=1939) to work on /home/airflow/.local/lib/python3.8/site-packages/airflow/example_dags/example_latest_only.py
[2025-11-28T16:47:28.771+0000] {processor.py:829} INFO - Processing file /home/airflow/.local/lib/python3.8/site-packages/airflow/example_dags/example_latest_only.py for tasks to queue
[2025-11-28T16:47:28.773+0000] {logging_mixin.py:151} INFO - [2025-11-28T16:47:28.773+0000] {dagbag.py:539} INFO - Filling up the DagBag from /home/airflow/.local/lib/python3.8/site-packages/airflow/example_dags/example_latest_only.py
[2025-11-28T16:47:28.779+0000] {processor.py:839} INFO - DAG(s) dict_keys(['latest_only']) retrieved from /home/airflow/.local/lib/python3.8/site-packages/airflow/example_dags/example_latest_only.py
[2025-11-28T16:47:28.806+0000] {logging_mixin.py:151} INFO - [2025-11-28T16:47:28.806+0000] {dag.py:2915} INFO - Sync 1 DAGs
[2025-11-28T16:47:28.836+0000] {logging_mixin.py:151} INFO - [2025-11-28T16:47:28.835+0000] {dag.py:3696} INFO - Setting next_dagrun for latest_only to 2025-11-28T12:47:28.835695+00:00, run_after=2025-11-28T16:47:28.835695+00:00
[2025-11-28T16:47:28.860+0000] {processor.py:179} INFO - Processing /home/airflow/.local/lib/python3.8/site-packages/airflow/example_dags/example_latest_only.py took 0.094 seconds
