[2025-11-28T00:14:47.505+0000] {processor.py:157} INFO - Started process (PID=1758) to work on /home/airflow/.local/lib/python3.8/site-packages/airflow/example_dags/example_trigger_target_dag.py
[2025-11-28T00:14:47.506+0000] {processor.py:829} INFO - Processing file /home/airflow/.local/lib/python3.8/site-packages/airflow/example_dags/example_trigger_target_dag.py for tasks to queue
[2025-11-28T00:14:47.509+0000] {logging_mixin.py:151} INFO - [2025-11-28T00:14:47.509+0000] {dagbag.py:539} INFO - Filling up the DagBag from /home/airflow/.local/lib/python3.8/site-packages/airflow/example_dags/example_trigger_target_dag.py
[2025-11-28T00:14:47.518+0000] {processor.py:839} INFO - DAG(s) dict_keys(['example_trigger_target_dag']) retrieved from /home/airflow/.local/lib/python3.8/site-packages/airflow/example_dags/example_trigger_target_dag.py
[2025-11-28T00:14:47.551+0000] {logging_mixin.py:151} INFO - [2025-11-28T00:14:47.550+0000] {dag.py:2915} INFO - Sync 1 DAGs
[2025-11-28T00:14:47.572+0000] {logging_mixin.py:151} INFO - [2025-11-28T00:14:47.571+0000] {dag.py:3696} INFO - Setting next_dagrun for example_trigger_target_dag to None, run_after=None
[2025-11-28T00:14:47.602+0000] {processor.py:179} INFO - Processing /home/airflow/.local/lib/python3.8/site-packages/airflow/example_dags/example_trigger_target_dag.py took 0.102 seconds
[2025-11-28T04:48:54.081+0000] {processor.py:157} INFO - Started process (PID=1812) to work on /home/airflow/.local/lib/python3.8/site-packages/airflow/example_dags/example_trigger_target_dag.py
[2025-11-28T04:48:54.110+0000] {processor.py:829} INFO - Processing file /home/airflow/.local/lib/python3.8/site-packages/airflow/example_dags/example_trigger_target_dag.py for tasks to queue
[2025-11-28T04:48:54.178+0000] {logging_mixin.py:151} INFO - [2025-11-28T04:48:54.164+0000] {dagbag.py:539} INFO - Filling up the DagBag from /home/airflow/.local/lib/python3.8/site-packages/airflow/example_dags/example_trigger_target_dag.py
[2025-11-28T04:48:54.542+0000] {processor.py:839} INFO - DAG(s) dict_keys(['example_trigger_target_dag']) retrieved from /home/airflow/.local/lib/python3.8/site-packages/airflow/example_dags/example_trigger_target_dag.py
[2025-11-28T08:27:41.541+0000] {logging_mixin.py:151} INFO - [2025-11-28T08:27:41.541+0000] {dag.py:2915} INFO - Sync 1 DAGs
[2025-11-28T08:27:42.575+0000] {logging_mixin.py:151} INFO - [2025-11-28T08:27:42.575+0000] {dag.py:3696} INFO - Setting next_dagrun for example_trigger_target_dag to None, run_after=None
[2025-11-28T08:27:43.364+0000] {processor.py:179} INFO - Processing /home/airflow/.local/lib/python3.8/site-packages/airflow/example_dags/example_trigger_target_dag.py took 13128.932 seconds
[2025-11-28T16:40:49.794+0000] {processor.py:157} INFO - Started process (PID=1880) to work on /home/airflow/.local/lib/python3.8/site-packages/airflow/example_dags/example_trigger_target_dag.py
[2025-11-28T16:40:49.797+0000] {processor.py:829} INFO - Processing file /home/airflow/.local/lib/python3.8/site-packages/airflow/example_dags/example_trigger_target_dag.py for tasks to queue
[2025-11-28T16:40:49.799+0000] {logging_mixin.py:151} INFO - [2025-11-28T16:40:49.798+0000] {dagbag.py:539} INFO - Filling up the DagBag from /home/airflow/.local/lib/python3.8/site-packages/airflow/example_dags/example_trigger_target_dag.py
[2025-11-28T16:40:49.811+0000] {processor.py:839} INFO - DAG(s) dict_keys(['example_trigger_target_dag']) retrieved from /home/airflow/.local/lib/python3.8/site-packages/airflow/example_dags/example_trigger_target_dag.py
[2025-11-28T16:40:49.849+0000] {logging_mixin.py:151} INFO - [2025-11-28T16:40:49.849+0000] {dag.py:2915} INFO - Sync 1 DAGs
[2025-11-28T16:40:49.879+0000] {logging_mixin.py:151} INFO - [2025-11-28T16:40:49.879+0000] {dag.py:3696} INFO - Setting next_dagrun for example_trigger_target_dag to None, run_after=None
[2025-11-28T16:40:49.917+0000] {processor.py:179} INFO - Processing /home/airflow/.local/lib/python3.8/site-packages/airflow/example_dags/example_trigger_target_dag.py took 0.131 seconds
[2025-11-28T16:47:28.651+0000] {processor.py:157} INFO - Started process (PID=1937) to work on /home/airflow/.local/lib/python3.8/site-packages/airflow/example_dags/example_trigger_target_dag.py
[2025-11-28T16:47:28.653+0000] {processor.py:829} INFO - Processing file /home/airflow/.local/lib/python3.8/site-packages/airflow/example_dags/example_trigger_target_dag.py for tasks to queue
[2025-11-28T16:47:28.656+0000] {logging_mixin.py:151} INFO - [2025-11-28T16:47:28.655+0000] {dagbag.py:539} INFO - Filling up the DagBag from /home/airflow/.local/lib/python3.8/site-packages/airflow/example_dags/example_trigger_target_dag.py
[2025-11-28T16:47:28.665+0000] {processor.py:839} INFO - DAG(s) dict_keys(['example_trigger_target_dag']) retrieved from /home/airflow/.local/lib/python3.8/site-packages/airflow/example_dags/example_trigger_target_dag.py
[2025-11-28T16:47:28.696+0000] {logging_mixin.py:151} INFO - [2025-11-28T16:47:28.696+0000] {dag.py:2915} INFO - Sync 1 DAGs
[2025-11-28T16:47:28.710+0000] {logging_mixin.py:151} INFO - [2025-11-28T16:47:28.710+0000] {dag.py:3696} INFO - Setting next_dagrun for example_trigger_target_dag to None, run_after=None
[2025-11-28T16:47:28.740+0000] {processor.py:179} INFO - Processing /home/airflow/.local/lib/python3.8/site-packages/airflow/example_dags/example_trigger_target_dag.py took 0.094 seconds
