[2025-11-28T00:14:43.196+0000] {processor.py:157} INFO - Started process (PID=1724) to work on /home/airflow/.local/lib/python3.8/site-packages/airflow/example_dags/example_subdag_operator.py
[2025-11-28T00:14:43.205+0000] {processor.py:829} INFO - Processing file /home/airflow/.local/lib/python3.8/site-packages/airflow/example_dags/example_subdag_operator.py for tasks to queue
[2025-11-28T00:14:43.225+0000] {logging_mixin.py:151} INFO - [2025-11-28T00:14:43.224+0000] {dagbag.py:539} INFO - Filling up the DagBag from /home/airflow/.local/lib/python3.8/site-packages/airflow/example_dags/example_subdag_operator.py
[2025-11-28T00:14:43.531+0000] {processor.py:839} INFO - DAG(s) dict_keys(['example_subdag_operator.section-1', 'example_subdag_operator.section-2', 'example_subdag_operator']) retrieved from /home/airflow/.local/lib/python3.8/site-packages/airflow/example_dags/example_subdag_operator.py
[2025-11-28T00:14:43.575+0000] {logging_mixin.py:151} INFO - [2025-11-28T00:14:43.574+0000] {dag.py:2915} INFO - Sync 3 DAGs
[2025-11-28T00:14:43.629+0000] {logging_mixin.py:151} INFO - [2025-11-28T00:14:43.629+0000] {dag.py:3696} INFO - Setting next_dagrun for example_subdag_operator to 2022-01-01T00:00:00+00:00, run_after=2022-01-01T00:00:00+00:00
[2025-11-28T00:14:43.638+0000] {logging_mixin.py:151} INFO - [2025-11-28T00:14:43.638+0000] {dag.py:3696} INFO - Setting next_dagrun for example_subdag_operator.section-1 to None, run_after=None
[2025-11-28T00:14:43.640+0000] {logging_mixin.py:151} INFO - [2025-11-28T00:14:43.640+0000] {dag.py:3696} INFO - Setting next_dagrun for example_subdag_operator.section-2 to None, run_after=None
[2025-11-28T00:14:43.652+0000] {logging_mixin.py:151} INFO - [2025-11-28T00:14:43.652+0000] {dag.py:2915} INFO - Sync 2 DAGs
[2025-11-28T00:14:43.700+0000] {logging_mixin.py:151} INFO - [2025-11-28T00:14:43.700+0000] {dag.py:3696} INFO - Setting next_dagrun for example_subdag_operator.section-1 to None, run_after=None
[2025-11-28T00:14:43.701+0000] {logging_mixin.py:151} INFO - [2025-11-28T00:14:43.701+0000] {dag.py:3696} INFO - Setting next_dagrun for example_subdag_operator.section-2 to None, run_after=None
[2025-11-28T00:14:43.894+0000] {processor.py:179} INFO - Processing /home/airflow/.local/lib/python3.8/site-packages/airflow/example_dags/example_subdag_operator.py took 0.792 seconds
[2025-11-28T04:48:50.271+0000] {processor.py:157} INFO - Started process (PID=1807) to work on /home/airflow/.local/lib/python3.8/site-packages/airflow/example_dags/example_subdag_operator.py
[2025-11-28T04:48:50.272+0000] {processor.py:829} INFO - Processing file /home/airflow/.local/lib/python3.8/site-packages/airflow/example_dags/example_subdag_operator.py for tasks to queue
[2025-11-28T04:48:50.273+0000] {logging_mixin.py:151} INFO - [2025-11-28T04:48:50.273+0000] {dagbag.py:539} INFO - Filling up the DagBag from /home/airflow/.local/lib/python3.8/site-packages/airflow/example_dags/example_subdag_operator.py
[2025-11-28T04:48:50.324+0000] {processor.py:839} INFO - DAG(s) dict_keys(['example_subdag_operator.section-1', 'example_subdag_operator.section-2', 'example_subdag_operator']) retrieved from /home/airflow/.local/lib/python3.8/site-packages/airflow/example_dags/example_subdag_operator.py
[2025-11-28T04:48:50.359+0000] {logging_mixin.py:151} INFO - [2025-11-28T04:48:50.359+0000] {dag.py:2915} INFO - Sync 3 DAGs
[2025-11-28T04:48:50.391+0000] {logging_mixin.py:151} INFO - [2025-11-28T04:48:50.391+0000] {dag.py:3696} INFO - Setting next_dagrun for example_subdag_operator to 2022-01-01T00:00:00+00:00, run_after=2022-01-01T00:00:00+00:00
[2025-11-28T04:48:50.397+0000] {logging_mixin.py:151} INFO - [2025-11-28T04:48:50.397+0000] {dag.py:3696} INFO - Setting next_dagrun for example_subdag_operator.section-1 to None, run_after=None
[2025-11-28T04:48:50.399+0000] {logging_mixin.py:151} INFO - [2025-11-28T04:48:50.399+0000] {dag.py:3696} INFO - Setting next_dagrun for example_subdag_operator.section-2 to None, run_after=None
[2025-11-28T04:48:50.411+0000] {logging_mixin.py:151} INFO - [2025-11-28T04:48:50.410+0000] {dag.py:2915} INFO - Sync 2 DAGs
[2025-11-28T04:48:50.420+0000] {logging_mixin.py:151} INFO - [2025-11-28T04:48:50.420+0000] {dag.py:3696} INFO - Setting next_dagrun for example_subdag_operator.section-1 to None, run_after=None
[2025-11-28T04:48:50.421+0000] {logging_mixin.py:151} INFO - [2025-11-28T04:48:50.421+0000] {dag.py:3696} INFO - Setting next_dagrun for example_subdag_operator.section-2 to None, run_after=None
[2025-11-28T04:48:50.440+0000] {processor.py:179} INFO - Processing /home/airflow/.local/lib/python3.8/site-packages/airflow/example_dags/example_subdag_operator.py took 0.175 seconds
[2025-11-28T16:40:47.706+0000] {processor.py:157} INFO - Started process (PID=1867) to work on /home/airflow/.local/lib/python3.8/site-packages/airflow/example_dags/example_subdag_operator.py
[2025-11-28T16:40:47.708+0000] {processor.py:829} INFO - Processing file /home/airflow/.local/lib/python3.8/site-packages/airflow/example_dags/example_subdag_operator.py for tasks to queue
[2025-11-28T16:40:47.709+0000] {logging_mixin.py:151} INFO - [2025-11-28T16:40:47.709+0000] {dagbag.py:539} INFO - Filling up the DagBag from /home/airflow/.local/lib/python3.8/site-packages/airflow/example_dags/example_subdag_operator.py
[2025-11-28T16:40:47.763+0000] {processor.py:839} INFO - DAG(s) dict_keys(['example_subdag_operator.section-1', 'example_subdag_operator.section-2', 'example_subdag_operator']) retrieved from /home/airflow/.local/lib/python3.8/site-packages/airflow/example_dags/example_subdag_operator.py
[2025-11-28T16:40:47.833+0000] {logging_mixin.py:151} INFO - [2025-11-28T16:40:47.830+0000] {dag.py:2915} INFO - Sync 3 DAGs
[2025-11-28T16:40:47.887+0000] {logging_mixin.py:151} INFO - [2025-11-28T16:40:47.887+0000] {dag.py:3696} INFO - Setting next_dagrun for example_subdag_operator to 2022-01-01T00:00:00+00:00, run_after=2022-01-01T00:00:00+00:00
[2025-11-28T16:40:47.898+0000] {logging_mixin.py:151} INFO - [2025-11-28T16:40:47.898+0000] {dag.py:3696} INFO - Setting next_dagrun for example_subdag_operator.section-1 to None, run_after=None
[2025-11-28T16:40:47.904+0000] {logging_mixin.py:151} INFO - [2025-11-28T16:40:47.904+0000] {dag.py:3696} INFO - Setting next_dagrun for example_subdag_operator.section-2 to None, run_after=None
[2025-11-28T16:40:47.924+0000] {logging_mixin.py:151} INFO - [2025-11-28T16:40:47.923+0000] {dag.py:2915} INFO - Sync 2 DAGs
[2025-11-28T16:40:47.939+0000] {logging_mixin.py:151} INFO - [2025-11-28T16:40:47.939+0000] {dag.py:3696} INFO - Setting next_dagrun for example_subdag_operator.section-1 to None, run_after=None
[2025-11-28T16:40:47.940+0000] {logging_mixin.py:151} INFO - [2025-11-28T16:40:47.939+0000] {dag.py:3696} INFO - Setting next_dagrun for example_subdag_operator.section-2 to None, run_after=None
[2025-11-28T16:40:47.966+0000] {processor.py:179} INFO - Processing /home/airflow/.local/lib/python3.8/site-packages/airflow/example_dags/example_subdag_operator.py took 0.269 seconds
[2025-11-28T16:47:28.229+0000] {processor.py:157} INFO - Started process (PID=1932) to work on /home/airflow/.local/lib/python3.8/site-packages/airflow/example_dags/example_subdag_operator.py
[2025-11-28T16:47:28.231+0000] {processor.py:829} INFO - Processing file /home/airflow/.local/lib/python3.8/site-packages/airflow/example_dags/example_subdag_operator.py for tasks to queue
[2025-11-28T16:47:28.235+0000] {logging_mixin.py:151} INFO - [2025-11-28T16:47:28.235+0000] {dagbag.py:539} INFO - Filling up the DagBag from /home/airflow/.local/lib/python3.8/site-packages/airflow/example_dags/example_subdag_operator.py
[2025-11-28T16:47:28.274+0000] {processor.py:839} INFO - DAG(s) dict_keys(['example_subdag_operator.section-1', 'example_subdag_operator.section-2', 'example_subdag_operator']) retrieved from /home/airflow/.local/lib/python3.8/site-packages/airflow/example_dags/example_subdag_operator.py
[2025-11-28T16:47:28.310+0000] {logging_mixin.py:151} INFO - [2025-11-28T16:47:28.309+0000] {dag.py:2915} INFO - Sync 3 DAGs
[2025-11-28T16:47:28.331+0000] {logging_mixin.py:151} INFO - [2025-11-28T16:47:28.331+0000] {dag.py:3696} INFO - Setting next_dagrun for example_subdag_operator to 2022-01-01T00:00:00+00:00, run_after=2022-01-01T00:00:00+00:00
[2025-11-28T16:47:28.340+0000] {logging_mixin.py:151} INFO - [2025-11-28T16:47:28.339+0000] {dag.py:3696} INFO - Setting next_dagrun for example_subdag_operator.section-1 to None, run_after=None
[2025-11-28T16:47:28.342+0000] {logging_mixin.py:151} INFO - [2025-11-28T16:47:28.342+0000] {dag.py:3696} INFO - Setting next_dagrun for example_subdag_operator.section-2 to None, run_after=None
[2025-11-28T16:47:28.351+0000] {logging_mixin.py:151} INFO - [2025-11-28T16:47:28.351+0000] {dag.py:2915} INFO - Sync 2 DAGs
[2025-11-28T16:47:28.358+0000] {logging_mixin.py:151} INFO - [2025-11-28T16:47:28.358+0000] {dag.py:3696} INFO - Setting next_dagrun for example_subdag_operator.section-1 to None, run_after=None
[2025-11-28T16:47:28.359+0000] {logging_mixin.py:151} INFO - [2025-11-28T16:47:28.359+0000] {dag.py:3696} INFO - Setting next_dagrun for example_subdag_operator.section-2 to None, run_after=None
[2025-11-28T16:47:28.373+0000] {processor.py:179} INFO - Processing /home/airflow/.local/lib/python3.8/site-packages/airflow/example_dags/example_subdag_operator.py took 0.148 seconds
