[2025-11-28T00:14:47.243+0000] {processor.py:157} INFO - Started process (PID=1755) to work on /home/airflow/.local/lib/python3.8/site-packages/airflow/example_dags/example_trigger_controller_dag.py
[2025-11-28T00:14:47.244+0000] {processor.py:829} INFO - Processing file /home/airflow/.local/lib/python3.8/site-packages/airflow/example_dags/example_trigger_controller_dag.py for tasks to queue
[2025-11-28T00:14:47.246+0000] {logging_mixin.py:151} INFO - [2025-11-28T00:14:47.246+0000] {dagbag.py:539} INFO - Filling up the DagBag from /home/airflow/.local/lib/python3.8/site-packages/airflow/example_dags/example_trigger_controller_dag.py
[2025-11-28T00:14:47.252+0000] {processor.py:839} INFO - DAG(s) dict_keys(['example_trigger_controller_dag']) retrieved from /home/airflow/.local/lib/python3.8/site-packages/airflow/example_dags/example_trigger_controller_dag.py
[2025-11-28T00:14:47.293+0000] {logging_mixin.py:151} INFO - [2025-11-28T00:14:47.292+0000] {dag.py:2915} INFO - Sync 1 DAGs
[2025-11-28T00:14:47.322+0000] {logging_mixin.py:151} INFO - [2025-11-28T00:14:47.322+0000] {dag.py:3696} INFO - Setting next_dagrun for example_trigger_controller_dag to 2021-01-01T00:00:00+00:00, run_after=2021-01-01T00:00:00+00:00
[2025-11-28T00:14:47.356+0000] {processor.py:179} INFO - Processing /home/airflow/.local/lib/python3.8/site-packages/airflow/example_dags/example_trigger_controller_dag.py took 0.117 seconds
[2025-11-28T04:48:50.514+0000] {processor.py:157} INFO - Started process (PID=1809) to work on /home/airflow/.local/lib/python3.8/site-packages/airflow/example_dags/example_trigger_controller_dag.py
[2025-11-28T04:48:50.515+0000] {processor.py:829} INFO - Processing file /home/airflow/.local/lib/python3.8/site-packages/airflow/example_dags/example_trigger_controller_dag.py for tasks to queue
[2025-11-28T04:48:50.517+0000] {logging_mixin.py:151} INFO - [2025-11-28T04:48:50.516+0000] {dagbag.py:539} INFO - Filling up the DagBag from /home/airflow/.local/lib/python3.8/site-packages/airflow/example_dags/example_trigger_controller_dag.py
[2025-11-28T04:48:50.525+0000] {processor.py:839} INFO - DAG(s) dict_keys(['example_trigger_controller_dag']) retrieved from /home/airflow/.local/lib/python3.8/site-packages/airflow/example_dags/example_trigger_controller_dag.py
[2025-11-28T04:48:50.559+0000] {logging_mixin.py:151} INFO - [2025-11-28T04:48:50.558+0000] {dag.py:2915} INFO - Sync 1 DAGs
[2025-11-28T04:48:50.591+0000] {logging_mixin.py:151} INFO - [2025-11-28T04:48:50.591+0000] {dag.py:3696} INFO - Setting next_dagrun for example_trigger_controller_dag to 2021-01-01T00:00:00+00:00, run_after=2021-01-01T00:00:00+00:00
[2025-11-28T04:48:50.620+0000] {processor.py:179} INFO - Processing /home/airflow/.local/lib/python3.8/site-packages/airflow/example_dags/example_trigger_controller_dag.py took 0.112 seconds
[2025-11-28T16:40:48.591+0000] {processor.py:157} INFO - Started process (PID=1869) to work on /home/airflow/.local/lib/python3.8/site-packages/airflow/example_dags/example_trigger_controller_dag.py
[2025-11-28T16:40:48.592+0000] {processor.py:829} INFO - Processing file /home/airflow/.local/lib/python3.8/site-packages/airflow/example_dags/example_trigger_controller_dag.py for tasks to queue
[2025-11-28T16:40:48.594+0000] {logging_mixin.py:151} INFO - [2025-11-28T16:40:48.593+0000] {dagbag.py:539} INFO - Filling up the DagBag from /home/airflow/.local/lib/python3.8/site-packages/airflow/example_dags/example_trigger_controller_dag.py
[2025-11-28T16:40:48.602+0000] {processor.py:839} INFO - DAG(s) dict_keys(['example_trigger_controller_dag']) retrieved from /home/airflow/.local/lib/python3.8/site-packages/airflow/example_dags/example_trigger_controller_dag.py
[2025-11-28T16:40:48.637+0000] {logging_mixin.py:151} INFO - [2025-11-28T16:40:48.637+0000] {dag.py:2915} INFO - Sync 1 DAGs
[2025-11-28T16:40:48.671+0000] {logging_mixin.py:151} INFO - [2025-11-28T16:40:48.671+0000] {dag.py:3696} INFO - Setting next_dagrun for example_trigger_controller_dag to 2021-01-01T00:00:00+00:00, run_after=2021-01-01T00:00:00+00:00
[2025-11-28T16:40:48.706+0000] {processor.py:179} INFO - Processing /home/airflow/.local/lib/python3.8/site-packages/airflow/example_dags/example_trigger_controller_dag.py took 0.121 seconds
[2025-11-28T16:47:28.421+0000] {processor.py:157} INFO - Started process (PID=1934) to work on /home/airflow/.local/lib/python3.8/site-packages/airflow/example_dags/example_trigger_controller_dag.py
[2025-11-28T16:47:28.423+0000] {processor.py:829} INFO - Processing file /home/airflow/.local/lib/python3.8/site-packages/airflow/example_dags/example_trigger_controller_dag.py for tasks to queue
[2025-11-28T16:47:28.428+0000] {logging_mixin.py:151} INFO - [2025-11-28T16:47:28.428+0000] {dagbag.py:539} INFO - Filling up the DagBag from /home/airflow/.local/lib/python3.8/site-packages/airflow/example_dags/example_trigger_controller_dag.py
[2025-11-28T16:47:28.439+0000] {processor.py:839} INFO - DAG(s) dict_keys(['example_trigger_controller_dag']) retrieved from /home/airflow/.local/lib/python3.8/site-packages/airflow/example_dags/example_trigger_controller_dag.py
[2025-11-28T16:47:28.475+0000] {logging_mixin.py:151} INFO - [2025-11-28T16:47:28.474+0000] {dag.py:2915} INFO - Sync 1 DAGs
[2025-11-28T16:47:28.500+0000] {logging_mixin.py:151} INFO - [2025-11-28T16:47:28.500+0000] {dag.py:3696} INFO - Setting next_dagrun for example_trigger_controller_dag to 2021-01-01T00:00:00+00:00, run_after=2021-01-01T00:00:00+00:00
[2025-11-28T16:47:28.525+0000] {processor.py:179} INFO - Processing /home/airflow/.local/lib/python3.8/site-packages/airflow/example_dags/example_trigger_controller_dag.py took 0.113 seconds
