[2025-11-28T00:14:45.544+0000] {processor.py:157} INFO - Started process (PID=1736) to work on /home/airflow/.local/lib/python3.8/site-packages/airflow/example_dags/example_datasets.py
[2025-11-28T00:14:45.545+0000] {processor.py:829} INFO - Processing file /home/airflow/.local/lib/python3.8/site-packages/airflow/example_dags/example_datasets.py for tasks to queue
[2025-11-28T00:14:45.548+0000] {logging_mixin.py:151} INFO - [2025-11-28T00:14:45.547+0000] {dagbag.py:539} INFO - Filling up the DagBag from /home/airflow/.local/lib/python3.8/site-packages/airflow/example_dags/example_datasets.py
[2025-11-28T00:14:45.563+0000] {processor.py:839} INFO - DAG(s) dict_keys(['dataset_consumes_unknown_never_scheduled', 'dataset_consumes_1_never_scheduled', 'dataset_produces_1', 'dataset_produces_2', 'dataset_consumes_1_and_2', 'dataset_consumes_1']) retrieved from /home/airflow/.local/lib/python3.8/site-packages/airflow/example_dags/example_datasets.py
[2025-11-28T00:14:45.610+0000] {logging_mixin.py:151} INFO - [2025-11-28T00:14:45.610+0000] {dag.py:2915} INFO - Sync 6 DAGs
[2025-11-28T00:14:45.635+0000] {logging_mixin.py:151} INFO - [2025-11-28T00:14:45.635+0000] {dag.py:3696} INFO - Setting next_dagrun for dataset_consumes_1 to None, run_after=None
[2025-11-28T00:14:45.639+0000] {logging_mixin.py:151} INFO - [2025-11-28T00:14:45.639+0000] {dag.py:3696} INFO - Setting next_dagrun for dataset_consumes_1_and_2 to None, run_after=None
[2025-11-28T00:14:45.641+0000] {logging_mixin.py:151} INFO - [2025-11-28T00:14:45.641+0000] {dag.py:3696} INFO - Setting next_dagrun for dataset_consumes_1_never_scheduled to None, run_after=None
[2025-11-28T00:14:45.643+0000] {logging_mixin.py:151} INFO - [2025-11-28T00:14:45.643+0000] {dag.py:3696} INFO - Setting next_dagrun for dataset_consumes_unknown_never_scheduled to None, run_after=None
[2025-11-28T00:14:45.647+0000] {logging_mixin.py:151} INFO - [2025-11-28T00:14:45.646+0000] {dag.py:3696} INFO - Setting next_dagrun for dataset_produces_1 to 2025-11-27T00:00:00+00:00, run_after=2025-11-28T00:00:00+00:00
[2025-11-28T00:14:45.648+0000] {logging_mixin.py:151} INFO - [2025-11-28T00:14:45.648+0000] {dag.py:3696} INFO - Setting next_dagrun for dataset_produces_2 to None, run_after=None
[2025-11-28T00:14:45.693+0000] {processor.py:179} INFO - Processing /home/airflow/.local/lib/python3.8/site-packages/airflow/example_dags/example_datasets.py took 0.153 seconds
[2025-11-28T04:48:46.421+0000] {processor.py:157} INFO - Started process (PID=1787) to work on /home/airflow/.local/lib/python3.8/site-packages/airflow/example_dags/example_datasets.py
[2025-11-28T04:48:46.430+0000] {processor.py:829} INFO - Processing file /home/airflow/.local/lib/python3.8/site-packages/airflow/example_dags/example_datasets.py for tasks to queue
[2025-11-28T04:48:46.432+0000] {logging_mixin.py:151} INFO - [2025-11-28T04:48:46.432+0000] {dagbag.py:539} INFO - Filling up the DagBag from /home/airflow/.local/lib/python3.8/site-packages/airflow/example_dags/example_datasets.py
[2025-11-28T04:48:46.496+0000] {processor.py:839} INFO - DAG(s) dict_keys(['dataset_consumes_1', 'dataset_consumes_1_never_scheduled', 'dataset_produces_2', 'dataset_produces_1', 'dataset_consumes_1_and_2', 'dataset_consumes_unknown_never_scheduled']) retrieved from /home/airflow/.local/lib/python3.8/site-packages/airflow/example_dags/example_datasets.py
[2025-11-28T04:48:46.611+0000] {logging_mixin.py:151} INFO - [2025-11-28T04:48:46.611+0000] {dag.py:2915} INFO - Sync 6 DAGs
[2025-11-28T04:48:46.785+0000] {logging_mixin.py:151} INFO - [2025-11-28T04:48:46.784+0000] {dag.py:3696} INFO - Setting next_dagrun for dataset_consumes_1 to None, run_after=None
[2025-11-28T04:48:46.791+0000] {logging_mixin.py:151} INFO - [2025-11-28T04:48:46.791+0000] {dag.py:3696} INFO - Setting next_dagrun for dataset_consumes_1_and_2 to None, run_after=None
[2025-11-28T04:48:46.794+0000] {logging_mixin.py:151} INFO - [2025-11-28T04:48:46.793+0000] {dag.py:3696} INFO - Setting next_dagrun for dataset_consumes_1_never_scheduled to None, run_after=None
[2025-11-28T04:48:46.796+0000] {logging_mixin.py:151} INFO - [2025-11-28T04:48:46.795+0000] {dag.py:3696} INFO - Setting next_dagrun for dataset_consumes_unknown_never_scheduled to None, run_after=None
[2025-11-28T04:48:46.801+0000] {logging_mixin.py:151} INFO - [2025-11-28T04:48:46.801+0000] {dag.py:3696} INFO - Setting next_dagrun for dataset_produces_1 to 2025-11-27T00:00:00+00:00, run_after=2025-11-28T00:00:00+00:00
[2025-11-28T04:48:46.804+0000] {logging_mixin.py:151} INFO - [2025-11-28T04:48:46.804+0000] {dag.py:3696} INFO - Setting next_dagrun for dataset_produces_2 to None, run_after=None
[2025-11-28T04:48:46.876+0000] {processor.py:179} INFO - Processing /home/airflow/.local/lib/python3.8/site-packages/airflow/example_dags/example_datasets.py took 0.502 seconds
[2025-11-28T16:40:43.603+0000] {processor.py:157} INFO - Started process (PID=1847) to work on /home/airflow/.local/lib/python3.8/site-packages/airflow/example_dags/example_datasets.py
[2025-11-28T16:40:43.605+0000] {processor.py:829} INFO - Processing file /home/airflow/.local/lib/python3.8/site-packages/airflow/example_dags/example_datasets.py for tasks to queue
[2025-11-28T16:40:43.610+0000] {logging_mixin.py:151} INFO - [2025-11-28T16:40:43.610+0000] {dagbag.py:539} INFO - Filling up the DagBag from /home/airflow/.local/lib/python3.8/site-packages/airflow/example_dags/example_datasets.py
[2025-11-28T16:40:43.638+0000] {processor.py:839} INFO - DAG(s) dict_keys(['dataset_produces_2', 'dataset_consumes_unknown_never_scheduled', 'dataset_consumes_1', 'dataset_consumes_1_and_2', 'dataset_produces_1', 'dataset_consumes_1_never_scheduled']) retrieved from /home/airflow/.local/lib/python3.8/site-packages/airflow/example_dags/example_datasets.py
[2025-11-28T16:40:43.837+0000] {logging_mixin.py:151} INFO - [2025-11-28T16:40:43.822+0000] {dag.py:2915} INFO - Sync 6 DAGs
[2025-11-28T16:40:44.012+0000] {logging_mixin.py:151} INFO - [2025-11-28T16:40:44.012+0000] {dag.py:3696} INFO - Setting next_dagrun for dataset_consumes_1 to None, run_after=None
[2025-11-28T16:40:44.019+0000] {logging_mixin.py:151} INFO - [2025-11-28T16:40:44.019+0000] {dag.py:3696} INFO - Setting next_dagrun for dataset_consumes_1_and_2 to None, run_after=None
[2025-11-28T16:40:44.022+0000] {logging_mixin.py:151} INFO - [2025-11-28T16:40:44.021+0000] {dag.py:3696} INFO - Setting next_dagrun for dataset_consumes_1_never_scheduled to None, run_after=None
[2025-11-28T16:40:44.030+0000] {logging_mixin.py:151} INFO - [2025-11-28T16:40:44.029+0000] {dag.py:3696} INFO - Setting next_dagrun for dataset_consumes_unknown_never_scheduled to None, run_after=None
[2025-11-28T16:40:44.035+0000] {logging_mixin.py:151} INFO - [2025-11-28T16:40:44.035+0000] {dag.py:3696} INFO - Setting next_dagrun for dataset_produces_1 to 2025-11-27T00:00:00+00:00, run_after=2025-11-28T00:00:00+00:00
[2025-11-28T16:40:44.038+0000] {logging_mixin.py:151} INFO - [2025-11-28T16:40:44.037+0000] {dag.py:3696} INFO - Setting next_dagrun for dataset_produces_2 to None, run_after=None
[2025-11-28T16:40:44.261+0000] {processor.py:179} INFO - Processing /home/airflow/.local/lib/python3.8/site-packages/airflow/example_dags/example_datasets.py took 0.666 seconds
[2025-11-28T16:47:25.576+0000] {processor.py:157} INFO - Started process (PID=1912) to work on /home/airflow/.local/lib/python3.8/site-packages/airflow/example_dags/example_datasets.py
[2025-11-28T16:47:25.579+0000] {processor.py:829} INFO - Processing file /home/airflow/.local/lib/python3.8/site-packages/airflow/example_dags/example_datasets.py for tasks to queue
[2025-11-28T16:47:25.584+0000] {logging_mixin.py:151} INFO - [2025-11-28T16:47:25.583+0000] {dagbag.py:539} INFO - Filling up the DagBag from /home/airflow/.local/lib/python3.8/site-packages/airflow/example_dags/example_datasets.py
[2025-11-28T16:47:25.618+0000] {processor.py:839} INFO - DAG(s) dict_keys(['dataset_consumes_1', 'dataset_consumes_1_never_scheduled', 'dataset_produces_2', 'dataset_consumes_1_and_2', 'dataset_produces_1', 'dataset_consumes_unknown_never_scheduled']) retrieved from /home/airflow/.local/lib/python3.8/site-packages/airflow/example_dags/example_datasets.py
[2025-11-28T16:47:25.731+0000] {logging_mixin.py:151} INFO - [2025-11-28T16:47:25.730+0000] {dag.py:2915} INFO - Sync 6 DAGs
[2025-11-28T16:47:25.779+0000] {logging_mixin.py:151} INFO - [2025-11-28T16:47:25.779+0000] {dag.py:3696} INFO - Setting next_dagrun for dataset_consumes_1 to None, run_after=None
[2025-11-28T16:47:25.786+0000] {logging_mixin.py:151} INFO - [2025-11-28T16:47:25.786+0000] {dag.py:3696} INFO - Setting next_dagrun for dataset_consumes_1_and_2 to None, run_after=None
[2025-11-28T16:47:25.791+0000] {logging_mixin.py:151} INFO - [2025-11-28T16:47:25.790+0000] {dag.py:3696} INFO - Setting next_dagrun for dataset_consumes_1_never_scheduled to None, run_after=None
[2025-11-28T16:47:25.794+0000] {logging_mixin.py:151} INFO - [2025-11-28T16:47:25.794+0000] {dag.py:3696} INFO - Setting next_dagrun for dataset_consumes_unknown_never_scheduled to None, run_after=None
[2025-11-28T16:47:25.804+0000] {logging_mixin.py:151} INFO - [2025-11-28T16:47:25.804+0000] {dag.py:3696} INFO - Setting next_dagrun for dataset_produces_1 to 2025-11-27T00:00:00+00:00, run_after=2025-11-28T00:00:00+00:00
[2025-11-28T16:47:25.808+0000] {logging_mixin.py:151} INFO - [2025-11-28T16:47:25.808+0000] {dag.py:3696} INFO - Setting next_dagrun for dataset_produces_2 to None, run_after=None
[2025-11-28T16:47:25.898+0000] {processor.py:179} INFO - Processing /home/airflow/.local/lib/python3.8/site-packages/airflow/example_dags/example_datasets.py took 0.330 seconds
