[2025-11-28T00:14:46.284+0000] {processor.py:157} INFO - Started process (PID=1743) to work on /home/airflow/.local/lib/python3.8/site-packages/airflow/example_dags/example_python_operator.py
[2025-11-28T00:14:46.286+0000] {processor.py:829} INFO - Processing file /home/airflow/.local/lib/python3.8/site-packages/airflow/example_dags/example_python_operator.py for tasks to queue
[2025-11-28T00:14:46.290+0000] {logging_mixin.py:151} INFO - [2025-11-28T00:14:46.289+0000] {dagbag.py:539} INFO - Filling up the DagBag from /home/airflow/.local/lib/python3.8/site-packages/airflow/example_dags/example_python_operator.py
[2025-11-28T00:14:46.302+0000] {processor.py:839} INFO - DAG(s) dict_keys(['example_python_operator']) retrieved from /home/airflow/.local/lib/python3.8/site-packages/airflow/example_dags/example_python_operator.py
[2025-11-28T00:14:46.334+0000] {logging_mixin.py:151} INFO - [2025-11-28T00:14:46.334+0000] {dag.py:2915} INFO - Sync 1 DAGs
[2025-11-28T00:14:46.352+0000] {logging_mixin.py:151} INFO - [2025-11-28T00:14:46.352+0000] {dag.py:3696} INFO - Setting next_dagrun for example_python_operator to None, run_after=None
[2025-11-28T00:14:46.383+0000] {processor.py:179} INFO - Processing /home/airflow/.local/lib/python3.8/site-packages/airflow/example_dags/example_python_operator.py took 0.103 seconds
[2025-11-28T04:48:47.860+0000] {processor.py:157} INFO - Started process (PID=1794) to work on /home/airflow/.local/lib/python3.8/site-packages/airflow/example_dags/example_python_operator.py
[2025-11-28T04:48:47.862+0000] {processor.py:829} INFO - Processing file /home/airflow/.local/lib/python3.8/site-packages/airflow/example_dags/example_python_operator.py for tasks to queue
[2025-11-28T04:48:47.863+0000] {logging_mixin.py:151} INFO - [2025-11-28T04:48:47.863+0000] {dagbag.py:539} INFO - Filling up the DagBag from /home/airflow/.local/lib/python3.8/site-packages/airflow/example_dags/example_python_operator.py
[2025-11-28T04:48:47.892+0000] {processor.py:839} INFO - DAG(s) dict_keys(['example_python_operator']) retrieved from /home/airflow/.local/lib/python3.8/site-packages/airflow/example_dags/example_python_operator.py
[2025-11-28T04:48:47.965+0000] {logging_mixin.py:151} INFO - [2025-11-28T04:48:47.965+0000] {dag.py:2915} INFO - Sync 1 DAGs
[2025-11-28T04:48:47.991+0000] {logging_mixin.py:151} INFO - [2025-11-28T04:48:47.990+0000] {dag.py:3696} INFO - Setting next_dagrun for example_python_operator to None, run_after=None
[2025-11-28T04:48:48.039+0000] {processor.py:179} INFO - Processing /home/airflow/.local/lib/python3.8/site-packages/airflow/example_dags/example_python_operator.py took 0.184 seconds
[2025-11-28T16:40:45.630+0000] {processor.py:157} INFO - Started process (PID=1854) to work on /home/airflow/.local/lib/python3.8/site-packages/airflow/example_dags/example_python_operator.py
[2025-11-28T16:40:45.632+0000] {processor.py:829} INFO - Processing file /home/airflow/.local/lib/python3.8/site-packages/airflow/example_dags/example_python_operator.py for tasks to queue
[2025-11-28T16:40:45.636+0000] {logging_mixin.py:151} INFO - [2025-11-28T16:40:45.635+0000] {dagbag.py:539} INFO - Filling up the DagBag from /home/airflow/.local/lib/python3.8/site-packages/airflow/example_dags/example_python_operator.py
[2025-11-28T16:40:45.655+0000] {processor.py:839} INFO - DAG(s) dict_keys(['example_python_operator']) retrieved from /home/airflow/.local/lib/python3.8/site-packages/airflow/example_dags/example_python_operator.py
[2025-11-28T16:40:45.726+0000] {logging_mixin.py:151} INFO - [2025-11-28T16:40:45.726+0000] {dag.py:2915} INFO - Sync 1 DAGs
[2025-11-28T16:40:45.752+0000] {logging_mixin.py:151} INFO - [2025-11-28T16:40:45.751+0000] {dag.py:3696} INFO - Setting next_dagrun for example_python_operator to None, run_after=None
[2025-11-28T16:40:45.811+0000] {processor.py:179} INFO - Processing /home/airflow/.local/lib/python3.8/site-packages/airflow/example_dags/example_python_operator.py took 0.205 seconds
[2025-11-28T16:47:26.618+0000] {processor.py:157} INFO - Started process (PID=1919) to work on /home/airflow/.local/lib/python3.8/site-packages/airflow/example_dags/example_python_operator.py
[2025-11-28T16:47:26.621+0000] {processor.py:829} INFO - Processing file /home/airflow/.local/lib/python3.8/site-packages/airflow/example_dags/example_python_operator.py for tasks to queue
[2025-11-28T16:47:26.626+0000] {logging_mixin.py:151} INFO - [2025-11-28T16:47:26.626+0000] {dagbag.py:539} INFO - Filling up the DagBag from /home/airflow/.local/lib/python3.8/site-packages/airflow/example_dags/example_python_operator.py
[2025-11-28T16:47:26.659+0000] {processor.py:839} INFO - DAG(s) dict_keys(['example_python_operator']) retrieved from /home/airflow/.local/lib/python3.8/site-packages/airflow/example_dags/example_python_operator.py
[2025-11-28T16:47:26.729+0000] {logging_mixin.py:151} INFO - [2025-11-28T16:47:26.728+0000] {dag.py:2915} INFO - Sync 1 DAGs
[2025-11-28T16:47:26.763+0000] {logging_mixin.py:151} INFO - [2025-11-28T16:47:26.762+0000] {dag.py:3696} INFO - Setting next_dagrun for example_python_operator to None, run_after=None
[2025-11-28T16:47:26.849+0000] {processor.py:179} INFO - Processing /home/airflow/.local/lib/python3.8/site-packages/airflow/example_dags/example_python_operator.py took 0.239 seconds
