[2025-11-28T00:14:47.818+0000] {processor.py:157} INFO - Started process (PID=1763) to work on /home/airflow/.local/lib/python3.8/site-packages/airflow/example_dags/example_external_task_marker_dag.py
[2025-11-28T00:14:47.819+0000] {processor.py:829} INFO - Processing file /home/airflow/.local/lib/python3.8/site-packages/airflow/example_dags/example_external_task_marker_dag.py for tasks to queue
[2025-11-28T00:14:47.823+0000] {logging_mixin.py:151} INFO - [2025-11-28T00:14:47.822+0000] {dagbag.py:539} INFO - Filling up the DagBag from /home/airflow/.local/lib/python3.8/site-packages/airflow/example_dags/example_external_task_marker_dag.py
[2025-11-28T00:14:47.829+0000] {processor.py:839} INFO - DAG(s) dict_keys(['example_external_task_marker_child', 'example_external_task_marker_parent']) retrieved from /home/airflow/.local/lib/python3.8/site-packages/airflow/example_dags/example_external_task_marker_dag.py
[2025-11-28T00:14:47.862+0000] {logging_mixin.py:151} INFO - [2025-11-28T00:14:47.862+0000] {dag.py:2915} INFO - Sync 2 DAGs
[2025-11-28T00:14:47.879+0000] {logging_mixin.py:151} INFO - [2025-11-28T00:14:47.879+0000] {dag.py:3696} INFO - Setting next_dagrun for example_external_task_marker_child to None, run_after=None
[2025-11-28T00:14:47.883+0000] {logging_mixin.py:151} INFO - [2025-11-28T00:14:47.883+0000] {dag.py:3696} INFO - Setting next_dagrun for example_external_task_marker_parent to None, run_after=None
[2025-11-28T00:14:47.912+0000] {processor.py:179} INFO - Processing /home/airflow/.local/lib/python3.8/site-packages/airflow/example_dags/example_external_task_marker_dag.py took 0.100 seconds
[2025-11-28T08:27:46.549+0000] {processor.py:157} INFO - Started process (PID=1824) to work on /home/airflow/.local/lib/python3.8/site-packages/airflow/example_dags/example_external_task_marker_dag.py
[2025-11-28T08:27:46.552+0000] {processor.py:829} INFO - Processing file /home/airflow/.local/lib/python3.8/site-packages/airflow/example_dags/example_external_task_marker_dag.py for tasks to queue
[2025-11-28T08:27:46.553+0000] {logging_mixin.py:151} INFO - [2025-11-28T08:27:46.553+0000] {dagbag.py:539} INFO - Filling up the DagBag from /home/airflow/.local/lib/python3.8/site-packages/airflow/example_dags/example_external_task_marker_dag.py
[2025-11-28T08:27:46.619+0000] {processor.py:839} INFO - DAG(s) dict_keys(['example_external_task_marker_child', 'example_external_task_marker_parent']) retrieved from /home/airflow/.local/lib/python3.8/site-packages/airflow/example_dags/example_external_task_marker_dag.py
[2025-11-28T08:27:46.723+0000] {logging_mixin.py:151} INFO - [2025-11-28T08:27:46.723+0000] {dag.py:2915} INFO - Sync 2 DAGs
[2025-11-28T08:27:46.805+0000] {logging_mixin.py:151} INFO - [2025-11-28T08:27:46.805+0000] {dag.py:3696} INFO - Setting next_dagrun for example_external_task_marker_child to None, run_after=None
[2025-11-28T08:27:46.872+0000] {logging_mixin.py:151} INFO - [2025-11-28T08:27:46.824+0000] {dag.py:3696} INFO - Setting next_dagrun for example_external_task_marker_parent to None, run_after=None
[2025-11-28T08:27:46.980+0000] {processor.py:179} INFO - Processing /home/airflow/.local/lib/python3.8/site-packages/airflow/example_dags/example_external_task_marker_dag.py took 0.436 seconds
[2025-11-28T16:40:50.545+0000] {processor.py:157} INFO - Started process (PID=1885) to work on /home/airflow/.local/lib/python3.8/site-packages/airflow/example_dags/example_external_task_marker_dag.py
[2025-11-28T16:40:50.548+0000] {processor.py:829} INFO - Processing file /home/airflow/.local/lib/python3.8/site-packages/airflow/example_dags/example_external_task_marker_dag.py for tasks to queue
[2025-11-28T16:40:50.551+0000] {logging_mixin.py:151} INFO - [2025-11-28T16:40:50.550+0000] {dagbag.py:539} INFO - Filling up the DagBag from /home/airflow/.local/lib/python3.8/site-packages/airflow/example_dags/example_external_task_marker_dag.py
[2025-11-28T16:40:50.564+0000] {processor.py:839} INFO - DAG(s) dict_keys(['example_external_task_marker_parent', 'example_external_task_marker_child']) retrieved from /home/airflow/.local/lib/python3.8/site-packages/airflow/example_dags/example_external_task_marker_dag.py
[2025-11-28T16:40:50.637+0000] {logging_mixin.py:151} INFO - [2025-11-28T16:40:50.637+0000] {dag.py:2915} INFO - Sync 2 DAGs
[2025-11-28T16:40:50.669+0000] {logging_mixin.py:151} INFO - [2025-11-28T16:40:50.668+0000] {dag.py:3696} INFO - Setting next_dagrun for example_external_task_marker_child to None, run_after=None
[2025-11-28T16:40:50.676+0000] {logging_mixin.py:151} INFO - [2025-11-28T16:40:50.675+0000] {dag.py:3696} INFO - Setting next_dagrun for example_external_task_marker_parent to None, run_after=None
[2025-11-28T16:40:50.708+0000] {processor.py:179} INFO - Processing /home/airflow/.local/lib/python3.8/site-packages/airflow/example_dags/example_external_task_marker_dag.py took 0.170 seconds
[2025-11-28T16:47:28.983+0000] {processor.py:157} INFO - Started process (PID=1942) to work on /home/airflow/.local/lib/python3.8/site-packages/airflow/example_dags/example_external_task_marker_dag.py
[2025-11-28T16:47:28.985+0000] {processor.py:829} INFO - Processing file /home/airflow/.local/lib/python3.8/site-packages/airflow/example_dags/example_external_task_marker_dag.py for tasks to queue
[2025-11-28T16:47:28.988+0000] {logging_mixin.py:151} INFO - [2025-11-28T16:47:28.987+0000] {dagbag.py:539} INFO - Filling up the DagBag from /home/airflow/.local/lib/python3.8/site-packages/airflow/example_dags/example_external_task_marker_dag.py
[2025-11-28T16:47:28.999+0000] {processor.py:839} INFO - DAG(s) dict_keys(['example_external_task_marker_parent', 'example_external_task_marker_child']) retrieved from /home/airflow/.local/lib/python3.8/site-packages/airflow/example_dags/example_external_task_marker_dag.py
[2025-11-28T16:47:29.037+0000] {logging_mixin.py:151} INFO - [2025-11-28T16:47:29.037+0000] {dag.py:2915} INFO - Sync 2 DAGs
[2025-11-28T16:47:29.055+0000] {logging_mixin.py:151} INFO - [2025-11-28T16:47:29.055+0000] {dag.py:3696} INFO - Setting next_dagrun for example_external_task_marker_child to None, run_after=None
[2025-11-28T16:47:29.061+0000] {logging_mixin.py:151} INFO - [2025-11-28T16:47:29.060+0000] {dag.py:3696} INFO - Setting next_dagrun for example_external_task_marker_parent to None, run_after=None
[2025-11-28T16:47:29.092+0000] {processor.py:179} INFO - Processing /home/airflow/.local/lib/python3.8/site-packages/airflow/example_dags/example_external_task_marker_dag.py took 0.113 seconds
