[2025-11-28T04:48:50.182+0000] {processor.py:157} INFO - Started process (PID=1806) to work on /home/airflow/.local/lib/python3.8/site-packages/airflow/example_dags/example_short_circuit_operator.py
[2025-11-28T04:48:50.183+0000] {processor.py:829} INFO - Processing file /home/airflow/.local/lib/python3.8/site-packages/airflow/example_dags/example_short_circuit_operator.py for tasks to queue
[2025-11-28T04:48:50.185+0000] {logging_mixin.py:151} INFO - [2025-11-28T04:48:50.184+0000] {dagbag.py:539} INFO - Filling up the DagBag from /home/airflow/.local/lib/python3.8/site-packages/airflow/example_dags/example_short_circuit_operator.py
[2025-11-28T04:48:50.201+0000] {processor.py:839} INFO - DAG(s) dict_keys(['example_short_circuit_operator']) retrieved from /home/airflow/.local/lib/python3.8/site-packages/airflow/example_dags/example_short_circuit_operator.py
[2025-11-28T04:48:50.408+0000] {logging_mixin.py:151} INFO - [2025-11-28T04:48:50.407+0000] {security.py:708} INFO - Not syncing DAG-level permissions for DAG 'DAG:example_short_circuit_operator' as access control is unset.
[2025-11-28T04:48:50.408+0000] {logging_mixin.py:151} INFO - [2025-11-28T04:48:50.408+0000] {dag.py:2915} INFO - Sync 1 DAGs
[2025-11-28T04:48:50.438+0000] {logging_mixin.py:151} INFO - [2025-11-28T04:48:50.438+0000] {dag.py:3696} INFO - Setting next_dagrun for example_short_circuit_operator to 2025-11-27T04:48:50.437749+00:00, run_after=2025-11-28T04:48:50.437749+00:00
[2025-11-28T04:48:50.480+0000] {processor.py:179} INFO - Processing /home/airflow/.local/lib/python3.8/site-packages/airflow/example_dags/example_short_circuit_operator.py took 0.304 seconds
[2025-11-28T16:40:47.696+0000] {processor.py:157} INFO - Started process (PID=1866) to work on /home/airflow/.local/lib/python3.8/site-packages/airflow/example_dags/example_short_circuit_operator.py
[2025-11-28T16:40:47.697+0000] {processor.py:829} INFO - Processing file /home/airflow/.local/lib/python3.8/site-packages/airflow/example_dags/example_short_circuit_operator.py for tasks to queue
[2025-11-28T16:40:47.702+0000] {logging_mixin.py:151} INFO - [2025-11-28T16:40:47.701+0000] {dagbag.py:539} INFO - Filling up the DagBag from /home/airflow/.local/lib/python3.8/site-packages/airflow/example_dags/example_short_circuit_operator.py
[2025-11-28T16:40:47.730+0000] {processor.py:839} INFO - DAG(s) dict_keys(['example_short_circuit_operator']) retrieved from /home/airflow/.local/lib/python3.8/site-packages/airflow/example_dags/example_short_circuit_operator.py
[2025-11-28T16:40:47.802+0000] {logging_mixin.py:151} INFO - [2025-11-28T16:40:47.802+0000] {dag.py:2915} INFO - Sync 1 DAGs
[2025-11-28T16:40:47.930+0000] {logging_mixin.py:151} INFO - [2025-11-28T16:40:47.930+0000] {dag.py:3696} INFO - Setting next_dagrun for example_short_circuit_operator to 2025-11-27T16:40:47.929934+00:00, run_after=2025-11-28T16:40:47.929934+00:00
[2025-11-28T16:40:47.984+0000] {processor.py:179} INFO - Processing /home/airflow/.local/lib/python3.8/site-packages/airflow/example_dags/example_short_circuit_operator.py took 0.297 seconds
[2025-11-28T16:47:28.170+0000] {processor.py:157} INFO - Started process (PID=1931) to work on /home/airflow/.local/lib/python3.8/site-packages/airflow/example_dags/example_short_circuit_operator.py
[2025-11-28T16:47:28.173+0000] {processor.py:829} INFO - Processing file /home/airflow/.local/lib/python3.8/site-packages/airflow/example_dags/example_short_circuit_operator.py for tasks to queue
[2025-11-28T16:47:28.175+0000] {logging_mixin.py:151} INFO - [2025-11-28T16:47:28.175+0000] {dagbag.py:539} INFO - Filling up the DagBag from /home/airflow/.local/lib/python3.8/site-packages/airflow/example_dags/example_short_circuit_operator.py
[2025-11-28T16:47:28.189+0000] {processor.py:839} INFO - DAG(s) dict_keys(['example_short_circuit_operator']) retrieved from /home/airflow/.local/lib/python3.8/site-packages/airflow/example_dags/example_short_circuit_operator.py
[2025-11-28T16:47:28.232+0000] {logging_mixin.py:151} INFO - [2025-11-28T16:47:28.232+0000] {dag.py:2915} INFO - Sync 1 DAGs
[2025-11-28T16:47:28.254+0000] {logging_mixin.py:151} INFO - [2025-11-28T16:47:28.253+0000] {dag.py:3696} INFO - Setting next_dagrun for example_short_circuit_operator to 2025-11-27T16:47:28.253570+00:00, run_after=2025-11-28T16:47:28.253570+00:00
[2025-11-28T16:47:28.286+0000] {processor.py:179} INFO - Processing /home/airflow/.local/lib/python3.8/site-packages/airflow/example_dags/example_short_circuit_operator.py took 0.119 seconds
