[2025-11-28T00:14:47.779+0000] {processor.py:157} INFO - Started process (PID=1762) to work on /home/airflow/.local/lib/python3.8/site-packages/airflow/example_dags/example_branch_operator.py
[2025-11-28T00:14:47.780+0000] {processor.py:829} INFO - Processing file /home/airflow/.local/lib/python3.8/site-packages/airflow/example_dags/example_branch_operator.py for tasks to queue
[2025-11-28T00:14:47.783+0000] {logging_mixin.py:151} INFO - [2025-11-28T00:14:47.782+0000] {dagbag.py:539} INFO - Filling up the DagBag from /home/airflow/.local/lib/python3.8/site-packages/airflow/example_dags/example_branch_operator.py
[2025-11-28T00:14:47.796+0000] {processor.py:839} INFO - DAG(s) dict_keys(['example_branch_operator']) retrieved from /home/airflow/.local/lib/python3.8/site-packages/airflow/example_dags/example_branch_operator.py
[2025-11-28T00:14:47.831+0000] {logging_mixin.py:151} INFO - [2025-11-28T00:14:47.831+0000] {dag.py:2915} INFO - Sync 1 DAGs
[2025-11-28T00:14:47.857+0000] {logging_mixin.py:151} INFO - [2025-11-28T00:14:47.857+0000] {dag.py:3696} INFO - Setting next_dagrun for example_branch_operator to 2025-11-27T00:00:00+00:00, run_after=2025-11-28T00:00:00+00:00
[2025-11-28T00:14:47.881+0000] {processor.py:179} INFO - Processing /home/airflow/.local/lib/python3.8/site-packages/airflow/example_dags/example_branch_operator.py took 0.106 seconds
[2025-11-28T08:27:46.214+0000] {processor.py:157} INFO - Started process (PID=1823) to work on /home/airflow/.local/lib/python3.8/site-packages/airflow/example_dags/example_branch_operator.py
[2025-11-28T08:27:46.219+0000] {processor.py:829} INFO - Processing file /home/airflow/.local/lib/python3.8/site-packages/airflow/example_dags/example_branch_operator.py for tasks to queue
[2025-11-28T08:27:46.276+0000] {logging_mixin.py:151} INFO - [2025-11-28T08:27:46.276+0000] {dagbag.py:539} INFO - Filling up the DagBag from /home/airflow/.local/lib/python3.8/site-packages/airflow/example_dags/example_branch_operator.py
[2025-11-28T08:27:46.298+0000] {processor.py:839} INFO - DAG(s) dict_keys(['example_branch_operator']) retrieved from /home/airflow/.local/lib/python3.8/site-packages/airflow/example_dags/example_branch_operator.py
[2025-11-28T08:27:46.474+0000] {logging_mixin.py:151} INFO - [2025-11-28T08:27:46.474+0000] {dag.py:2915} INFO - Sync 1 DAGs
[2025-11-28T08:27:46.676+0000] {logging_mixin.py:151} INFO - [2025-11-28T08:27:46.675+0000] {dag.py:3696} INFO - Setting next_dagrun for example_branch_operator to 2025-11-27T00:00:00+00:00, run_after=2025-11-28T00:00:00+00:00
[2025-11-28T08:27:46.768+0000] {processor.py:179} INFO - Processing /home/airflow/.local/lib/python3.8/site-packages/airflow/example_dags/example_branch_operator.py took 0.559 seconds
[2025-11-28T16:40:50.335+0000] {processor.py:157} INFO - Started process (PID=1884) to work on /home/airflow/.local/lib/python3.8/site-packages/airflow/example_dags/example_branch_operator.py
[2025-11-28T16:40:50.337+0000] {processor.py:829} INFO - Processing file /home/airflow/.local/lib/python3.8/site-packages/airflow/example_dags/example_branch_operator.py for tasks to queue
[2025-11-28T16:40:50.339+0000] {logging_mixin.py:151} INFO - [2025-11-28T16:40:50.339+0000] {dagbag.py:539} INFO - Filling up the DagBag from /home/airflow/.local/lib/python3.8/site-packages/airflow/example_dags/example_branch_operator.py
[2025-11-28T16:40:50.364+0000] {processor.py:839} INFO - DAG(s) dict_keys(['example_branch_operator']) retrieved from /home/airflow/.local/lib/python3.8/site-packages/airflow/example_dags/example_branch_operator.py
[2025-11-28T16:40:50.417+0000] {logging_mixin.py:151} INFO - [2025-11-28T16:40:50.416+0000] {dag.py:2915} INFO - Sync 1 DAGs
[2025-11-28T16:40:50.470+0000] {logging_mixin.py:151} INFO - [2025-11-28T16:40:50.470+0000] {dag.py:3696} INFO - Setting next_dagrun for example_branch_operator to 2025-11-27T00:00:00+00:00, run_after=2025-11-28T00:00:00+00:00
[2025-11-28T16:40:50.511+0000] {processor.py:179} INFO - Processing /home/airflow/.local/lib/python3.8/site-packages/airflow/example_dags/example_branch_operator.py took 0.184 seconds
[2025-11-28T16:47:28.886+0000] {processor.py:157} INFO - Started process (PID=1941) to work on /home/airflow/.local/lib/python3.8/site-packages/airflow/example_dags/example_branch_operator.py
[2025-11-28T16:47:28.888+0000] {processor.py:829} INFO - Processing file /home/airflow/.local/lib/python3.8/site-packages/airflow/example_dags/example_branch_operator.py for tasks to queue
[2025-11-28T16:47:28.892+0000] {logging_mixin.py:151} INFO - [2025-11-28T16:47:28.892+0000] {dagbag.py:539} INFO - Filling up the DagBag from /home/airflow/.local/lib/python3.8/site-packages/airflow/example_dags/example_branch_operator.py
[2025-11-28T16:47:28.904+0000] {processor.py:839} INFO - DAG(s) dict_keys(['example_branch_operator']) retrieved from /home/airflow/.local/lib/python3.8/site-packages/airflow/example_dags/example_branch_operator.py
[2025-11-28T16:47:28.950+0000] {logging_mixin.py:151} INFO - [2025-11-28T16:47:28.950+0000] {dag.py:2915} INFO - Sync 1 DAGs
[2025-11-28T16:47:28.980+0000] {logging_mixin.py:151} INFO - [2025-11-28T16:47:28.979+0000] {dag.py:3696} INFO - Setting next_dagrun for example_branch_operator to 2025-11-27T00:00:00+00:00, run_after=2025-11-28T00:00:00+00:00
[2025-11-28T16:47:29.009+0000] {processor.py:179} INFO - Processing /home/airflow/.local/lib/python3.8/site-packages/airflow/example_dags/example_branch_operator.py took 0.128 seconds
