[2025-11-28T00:14:45.933+0000] {processor.py:157} INFO - Started process (PID=1740) to work on /home/airflow/.local/lib/python3.8/site-packages/airflow/example_dags/example_params_ui_tutorial.py
[2025-11-28T00:14:45.934+0000] {processor.py:829} INFO - Processing file /home/airflow/.local/lib/python3.8/site-packages/airflow/example_dags/example_params_ui_tutorial.py for tasks to queue
[2025-11-28T00:14:45.938+0000] {logging_mixin.py:151} INFO - [2025-11-28T00:14:45.937+0000] {dagbag.py:539} INFO - Filling up the DagBag from /home/airflow/.local/lib/python3.8/site-packages/airflow/example_dags/example_params_ui_tutorial.py
[2025-11-28T00:14:45.998+0000] {processor.py:839} INFO - DAG(s) dict_keys(['example_params_ui_tutorial']) retrieved from /home/airflow/.local/lib/python3.8/site-packages/airflow/example_dags/example_params_ui_tutorial.py
[2025-11-28T00:14:46.207+0000] {logging_mixin.py:151} INFO - [2025-11-28T00:14:46.207+0000] {security.py:708} INFO - Not syncing DAG-level permissions for DAG 'DAG:example_params_ui_tutorial' as access control is unset.
[2025-11-28T00:14:46.209+0000] {logging_mixin.py:151} INFO - [2025-11-28T00:14:46.209+0000] {dag.py:2915} INFO - Sync 1 DAGs
[2025-11-28T00:14:46.225+0000] {logging_mixin.py:151} INFO - [2025-11-28T00:14:46.225+0000] {dag.py:3696} INFO - Setting next_dagrun for example_params_ui_tutorial to None, run_after=None
[2025-11-28T00:14:46.251+0000] {processor.py:179} INFO - Processing /home/airflow/.local/lib/python3.8/site-packages/airflow/example_dags/example_params_ui_tutorial.py took 0.323 seconds
[2025-11-28T04:48:47.059+0000] {processor.py:157} INFO - Started process (PID=1791) to work on /home/airflow/.local/lib/python3.8/site-packages/airflow/example_dags/example_params_ui_tutorial.py
[2025-11-28T04:48:47.061+0000] {processor.py:829} INFO - Processing file /home/airflow/.local/lib/python3.8/site-packages/airflow/example_dags/example_params_ui_tutorial.py for tasks to queue
[2025-11-28T04:48:47.063+0000] {logging_mixin.py:151} INFO - [2025-11-28T04:48:47.062+0000] {dagbag.py:539} INFO - Filling up the DagBag from /home/airflow/.local/lib/python3.8/site-packages/airflow/example_dags/example_params_ui_tutorial.py
[2025-11-28T04:48:47.132+0000] {processor.py:839} INFO - DAG(s) dict_keys(['example_params_ui_tutorial']) retrieved from /home/airflow/.local/lib/python3.8/site-packages/airflow/example_dags/example_params_ui_tutorial.py
[2025-11-28T04:48:47.652+0000] {logging_mixin.py:151} INFO - [2025-11-28T04:48:47.647+0000] {dag.py:2915} INFO - Sync 1 DAGs
[2025-11-28T04:48:47.704+0000] {logging_mixin.py:151} INFO - [2025-11-28T04:48:47.704+0000] {dag.py:3696} INFO - Setting next_dagrun for example_params_ui_tutorial to None, run_after=None
[2025-11-28T04:48:47.796+0000] {processor.py:179} INFO - Processing /home/airflow/.local/lib/python3.8/site-packages/airflow/example_dags/example_params_ui_tutorial.py took 0.743 seconds
[2025-11-28T16:40:44.587+0000] {processor.py:157} INFO - Started process (PID=1851) to work on /home/airflow/.local/lib/python3.8/site-packages/airflow/example_dags/example_params_ui_tutorial.py
[2025-11-28T16:40:44.589+0000] {processor.py:829} INFO - Processing file /home/airflow/.local/lib/python3.8/site-packages/airflow/example_dags/example_params_ui_tutorial.py for tasks to queue
[2025-11-28T16:40:44.591+0000] {logging_mixin.py:151} INFO - [2025-11-28T16:40:44.590+0000] {dagbag.py:539} INFO - Filling up the DagBag from /home/airflow/.local/lib/python3.8/site-packages/airflow/example_dags/example_params_ui_tutorial.py
[2025-11-28T16:40:44.724+0000] {processor.py:839} INFO - DAG(s) dict_keys(['example_params_ui_tutorial']) retrieved from /home/airflow/.local/lib/python3.8/site-packages/airflow/example_dags/example_params_ui_tutorial.py
[2025-11-28T16:40:44.919+0000] {logging_mixin.py:151} INFO - [2025-11-28T16:40:44.918+0000] {dag.py:2915} INFO - Sync 1 DAGs
[2025-11-28T16:40:44.960+0000] {logging_mixin.py:151} INFO - [2025-11-28T16:40:44.959+0000] {dag.py:3696} INFO - Setting next_dagrun for example_params_ui_tutorial to None, run_after=None
[2025-11-28T16:40:45.030+0000] {processor.py:179} INFO - Processing /home/airflow/.local/lib/python3.8/site-packages/airflow/example_dags/example_params_ui_tutorial.py took 0.451 seconds
[2025-11-28T16:47:26.191+0000] {processor.py:157} INFO - Started process (PID=1916) to work on /home/airflow/.local/lib/python3.8/site-packages/airflow/example_dags/example_params_ui_tutorial.py
[2025-11-28T16:47:26.194+0000] {processor.py:829} INFO - Processing file /home/airflow/.local/lib/python3.8/site-packages/airflow/example_dags/example_params_ui_tutorial.py for tasks to queue
[2025-11-28T16:47:26.202+0000] {logging_mixin.py:151} INFO - [2025-11-28T16:47:26.201+0000] {dagbag.py:539} INFO - Filling up the DagBag from /home/airflow/.local/lib/python3.8/site-packages/airflow/example_dags/example_params_ui_tutorial.py
[2025-11-28T16:47:26.306+0000] {processor.py:839} INFO - DAG(s) dict_keys(['example_params_ui_tutorial']) retrieved from /home/airflow/.local/lib/python3.8/site-packages/airflow/example_dags/example_params_ui_tutorial.py
[2025-11-28T16:47:26.496+0000] {logging_mixin.py:151} INFO - [2025-11-28T16:47:26.495+0000] {dag.py:2915} INFO - Sync 1 DAGs
[2025-11-28T16:47:26.526+0000] {logging_mixin.py:151} INFO - [2025-11-28T16:47:26.526+0000] {dag.py:3696} INFO - Setting next_dagrun for example_params_ui_tutorial to None, run_after=None
[2025-11-28T16:47:26.572+0000] {processor.py:179} INFO - Processing /home/airflow/.local/lib/python3.8/site-packages/airflow/example_dags/example_params_ui_tutorial.py took 0.388 seconds
