[2025-11-28T00:14:47.250+0000] {processor.py:157} INFO - Started process (PID=1756) to work on /home/airflow/.local/lib/python3.8/site-packages/airflow/example_dags/example_setup_teardown.py
[2025-11-28T00:14:47.253+0000] {processor.py:829} INFO - Processing file /home/airflow/.local/lib/python3.8/site-packages/airflow/example_dags/example_setup_teardown.py for tasks to queue
[2025-11-28T00:14:47.256+0000] {logging_mixin.py:151} INFO - [2025-11-28T00:14:47.256+0000] {dagbag.py:539} INFO - Filling up the DagBag from /home/airflow/.local/lib/python3.8/site-packages/airflow/example_dags/example_setup_teardown.py
[2025-11-28T00:14:47.269+0000] {processor.py:839} INFO - DAG(s) dict_keys(['example_setup_teardown']) retrieved from /home/airflow/.local/lib/python3.8/site-packages/airflow/example_dags/example_setup_teardown.py
[2025-11-28T00:14:47.305+0000] {logging_mixin.py:151} INFO - [2025-11-28T00:14:47.305+0000] {dag.py:2915} INFO - Sync 1 DAGs
[2025-11-28T00:14:47.336+0000] {logging_mixin.py:151} INFO - [2025-11-28T00:14:47.336+0000] {dag.py:3696} INFO - Setting next_dagrun for example_setup_teardown to 2025-11-27T00:14:47.336057+00:00, run_after=2025-11-28T00:14:47.336057+00:00
[2025-11-28T00:14:47.364+0000] {processor.py:179} INFO - Processing /home/airflow/.local/lib/python3.8/site-packages/airflow/example_dags/example_setup_teardown.py took 0.119 seconds
[2025-11-28T04:48:50.864+0000] {processor.py:157} INFO - Started process (PID=1810) to work on /home/airflow/.local/lib/python3.8/site-packages/airflow/example_dags/example_setup_teardown.py
[2025-11-28T04:48:50.890+0000] {processor.py:829} INFO - Processing file /home/airflow/.local/lib/python3.8/site-packages/airflow/example_dags/example_setup_teardown.py for tasks to queue
[2025-11-28T04:48:50.917+0000] {logging_mixin.py:151} INFO - [2025-11-28T04:48:50.907+0000] {dagbag.py:539} INFO - Filling up the DagBag from /home/airflow/.local/lib/python3.8/site-packages/airflow/example_dags/example_setup_teardown.py
[2025-11-28T04:48:51.123+0000] {processor.py:839} INFO - DAG(s) dict_keys(['example_setup_teardown']) retrieved from /home/airflow/.local/lib/python3.8/site-packages/airflow/example_dags/example_setup_teardown.py
[2025-11-28T04:48:51.969+0000] {logging_mixin.py:151} INFO - [2025-11-28T04:48:51.959+0000] {dag.py:2915} INFO - Sync 1 DAGs
[2025-11-28T04:48:52.797+0000] {logging_mixin.py:151} INFO - [2025-11-28T04:48:52.794+0000] {dag.py:3696} INFO - Setting next_dagrun for example_setup_teardown to 2025-11-27T04:48:52.790844+00:00, run_after=2025-11-28T04:48:52.790844+00:00
[2025-11-28T04:48:53.310+0000] {processor.py:179} INFO - Processing /home/airflow/.local/lib/python3.8/site-packages/airflow/example_dags/example_setup_teardown.py took 2.520 seconds
[2025-11-28T16:40:48.601+0000] {processor.py:157} INFO - Started process (PID=1870) to work on /home/airflow/.local/lib/python3.8/site-packages/airflow/example_dags/example_setup_teardown.py
[2025-11-28T16:40:48.602+0000] {processor.py:829} INFO - Processing file /home/airflow/.local/lib/python3.8/site-packages/airflow/example_dags/example_setup_teardown.py for tasks to queue
[2025-11-28T16:40:48.604+0000] {logging_mixin.py:151} INFO - [2025-11-28T16:40:48.603+0000] {dagbag.py:539} INFO - Filling up the DagBag from /home/airflow/.local/lib/python3.8/site-packages/airflow/example_dags/example_setup_teardown.py
[2025-11-28T16:40:48.617+0000] {processor.py:839} INFO - DAG(s) dict_keys(['example_setup_teardown']) retrieved from /home/airflow/.local/lib/python3.8/site-packages/airflow/example_dags/example_setup_teardown.py
[2025-11-28T16:40:48.649+0000] {logging_mixin.py:151} INFO - [2025-11-28T16:40:48.649+0000] {dag.py:2915} INFO - Sync 1 DAGs
[2025-11-28T16:40:48.690+0000] {logging_mixin.py:151} INFO - [2025-11-28T16:40:48.690+0000] {dag.py:3696} INFO - Setting next_dagrun for example_setup_teardown to 2025-11-27T16:40:48.689789+00:00, run_after=2025-11-28T16:40:48.689789+00:00
[2025-11-28T16:40:48.726+0000] {processor.py:179} INFO - Processing /home/airflow/.local/lib/python3.8/site-packages/airflow/example_dags/example_setup_teardown.py took 0.131 seconds
[2025-11-28T16:47:28.502+0000] {processor.py:157} INFO - Started process (PID=1935) to work on /home/airflow/.local/lib/python3.8/site-packages/airflow/example_dags/example_setup_teardown.py
[2025-11-28T16:47:28.504+0000] {processor.py:829} INFO - Processing file /home/airflow/.local/lib/python3.8/site-packages/airflow/example_dags/example_setup_teardown.py for tasks to queue
[2025-11-28T16:47:28.508+0000] {logging_mixin.py:151} INFO - [2025-11-28T16:47:28.508+0000] {dagbag.py:539} INFO - Filling up the DagBag from /home/airflow/.local/lib/python3.8/site-packages/airflow/example_dags/example_setup_teardown.py
[2025-11-28T16:47:28.517+0000] {processor.py:839} INFO - DAG(s) dict_keys(['example_setup_teardown']) retrieved from /home/airflow/.local/lib/python3.8/site-packages/airflow/example_dags/example_setup_teardown.py
[2025-11-28T16:47:28.551+0000] {logging_mixin.py:151} INFO - [2025-11-28T16:47:28.551+0000] {dag.py:2915} INFO - Sync 1 DAGs
[2025-11-28T16:47:28.579+0000] {logging_mixin.py:151} INFO - [2025-11-28T16:47:28.579+0000] {dag.py:3696} INFO - Setting next_dagrun for example_setup_teardown to 2025-11-27T16:47:28.579422+00:00, run_after=2025-11-28T16:47:28.579422+00:00
[2025-11-28T16:47:28.614+0000] {processor.py:179} INFO - Processing /home/airflow/.local/lib/python3.8/site-packages/airflow/example_dags/example_setup_teardown.py took 0.116 seconds
