[2025-11-28T00:14:46.547+0000] {processor.py:157} INFO - Started process (PID=1747) to work on /home/airflow/.local/lib/python3.8/site-packages/airflow/example_dags/example_skip_dag.py
[2025-11-28T00:14:46.550+0000] {processor.py:829} INFO - Processing file /home/airflow/.local/lib/python3.8/site-packages/airflow/example_dags/example_skip_dag.py for tasks to queue
[2025-11-28T00:14:46.555+0000] {logging_mixin.py:151} INFO - [2025-11-28T00:14:46.554+0000] {dagbag.py:539} INFO - Filling up the DagBag from /home/airflow/.local/lib/python3.8/site-packages/airflow/example_dags/example_skip_dag.py
[2025-11-28T00:14:46.567+0000] {processor.py:839} INFO - DAG(s) dict_keys(['example_skip_dag']) retrieved from /home/airflow/.local/lib/python3.8/site-packages/airflow/example_dags/example_skip_dag.py
[2025-11-28T00:14:46.605+0000] {logging_mixin.py:151} INFO - [2025-11-28T00:14:46.604+0000] {dag.py:2915} INFO - Sync 1 DAGs
[2025-11-28T00:14:46.637+0000] {logging_mixin.py:151} INFO - [2025-11-28T00:14:46.637+0000] {dag.py:3696} INFO - Setting next_dagrun for example_skip_dag to 2025-11-27T00:14:46.637111+00:00, run_after=2025-11-28T00:14:46.637111+00:00
[2025-11-28T00:14:46.672+0000] {processor.py:179} INFO - Processing /home/airflow/.local/lib/python3.8/site-packages/airflow/example_dags/example_skip_dag.py took 0.129 seconds
[2025-11-28T04:48:48.296+0000] {processor.py:157} INFO - Started process (PID=1798) to work on /home/airflow/.local/lib/python3.8/site-packages/airflow/example_dags/example_skip_dag.py
[2025-11-28T04:48:48.298+0000] {processor.py:829} INFO - Processing file /home/airflow/.local/lib/python3.8/site-packages/airflow/example_dags/example_skip_dag.py for tasks to queue
[2025-11-28T04:48:48.299+0000] {logging_mixin.py:151} INFO - [2025-11-28T04:48:48.298+0000] {dagbag.py:539} INFO - Filling up the DagBag from /home/airflow/.local/lib/python3.8/site-packages/airflow/example_dags/example_skip_dag.py
[2025-11-28T04:48:48.516+0000] {processor.py:839} INFO - DAG(s) dict_keys(['example_skip_dag']) retrieved from /home/airflow/.local/lib/python3.8/site-packages/airflow/example_dags/example_skip_dag.py
[2025-11-28T04:48:48.576+0000] {logging_mixin.py:151} INFO - [2025-11-28T04:48:48.575+0000] {dag.py:2915} INFO - Sync 1 DAGs
[2025-11-28T04:48:48.663+0000] {logging_mixin.py:151} INFO - [2025-11-28T04:48:48.663+0000] {dag.py:3696} INFO - Setting next_dagrun for example_skip_dag to 2025-11-27T04:48:48.662909+00:00, run_after=2025-11-28T04:48:48.662909+00:00
[2025-11-28T04:48:48.774+0000] {processor.py:179} INFO - Processing /home/airflow/.local/lib/python3.8/site-packages/airflow/example_dags/example_skip_dag.py took 0.484 seconds
[2025-11-28T16:40:46.323+0000] {processor.py:157} INFO - Started process (PID=1858) to work on /home/airflow/.local/lib/python3.8/site-packages/airflow/example_dags/example_skip_dag.py
[2025-11-28T16:40:46.326+0000] {processor.py:829} INFO - Processing file /home/airflow/.local/lib/python3.8/site-packages/airflow/example_dags/example_skip_dag.py for tasks to queue
[2025-11-28T16:40:46.327+0000] {logging_mixin.py:151} INFO - [2025-11-28T16:40:46.327+0000] {dagbag.py:539} INFO - Filling up the DagBag from /home/airflow/.local/lib/python3.8/site-packages/airflow/example_dags/example_skip_dag.py
[2025-11-28T16:40:46.344+0000] {processor.py:839} INFO - DAG(s) dict_keys(['example_skip_dag']) retrieved from /home/airflow/.local/lib/python3.8/site-packages/airflow/example_dags/example_skip_dag.py
[2025-11-28T16:40:46.480+0000] {logging_mixin.py:151} INFO - [2025-11-28T16:40:46.480+0000] {dag.py:2915} INFO - Sync 1 DAGs
[2025-11-28T16:40:46.538+0000] {logging_mixin.py:151} INFO - [2025-11-28T16:40:46.537+0000] {dag.py:3696} INFO - Setting next_dagrun for example_skip_dag to 2025-11-27T16:40:46.537455+00:00, run_after=2025-11-28T16:40:46.537455+00:00
[2025-11-28T16:40:46.583+0000] {processor.py:179} INFO - Processing /home/airflow/.local/lib/python3.8/site-packages/airflow/example_dags/example_skip_dag.py took 0.265 seconds
[2025-11-28T16:47:27.249+0000] {processor.py:157} INFO - Started process (PID=1923) to work on /home/airflow/.local/lib/python3.8/site-packages/airflow/example_dags/example_skip_dag.py
[2025-11-28T16:47:27.251+0000] {processor.py:829} INFO - Processing file /home/airflow/.local/lib/python3.8/site-packages/airflow/example_dags/example_skip_dag.py for tasks to queue
[2025-11-28T16:47:27.258+0000] {logging_mixin.py:151} INFO - [2025-11-28T16:47:27.258+0000] {dagbag.py:539} INFO - Filling up the DagBag from /home/airflow/.local/lib/python3.8/site-packages/airflow/example_dags/example_skip_dag.py
[2025-11-28T16:47:27.272+0000] {processor.py:839} INFO - DAG(s) dict_keys(['example_skip_dag']) retrieved from /home/airflow/.local/lib/python3.8/site-packages/airflow/example_dags/example_skip_dag.py
[2025-11-28T16:47:27.333+0000] {logging_mixin.py:151} INFO - [2025-11-28T16:47:27.333+0000] {dag.py:2915} INFO - Sync 1 DAGs
[2025-11-28T16:47:27.373+0000] {logging_mixin.py:151} INFO - [2025-11-28T16:47:27.373+0000] {dag.py:3696} INFO - Setting next_dagrun for example_skip_dag to 2025-11-27T16:47:27.372710+00:00, run_after=2025-11-28T16:47:27.372710+00:00
[2025-11-28T16:47:27.406+0000] {processor.py:179} INFO - Processing /home/airflow/.local/lib/python3.8/site-packages/airflow/example_dags/example_skip_dag.py took 0.165 seconds
