[2025-11-28T00:14:44.740+0000] {processor.py:157} INFO - Started process (PID=1730) to work on /home/airflow/.local/lib/python3.8/site-packages/airflow/example_dags/example_local_kubernetes_executor.py
[2025-11-28T00:14:44.744+0000] {processor.py:829} INFO - Processing file /home/airflow/.local/lib/python3.8/site-packages/airflow/example_dags/example_local_kubernetes_executor.py for tasks to queue
[2025-11-28T00:14:44.748+0000] {logging_mixin.py:151} INFO - [2025-11-28T00:14:44.747+0000] {dagbag.py:539} INFO - Filling up the DagBag from /home/airflow/.local/lib/python3.8/site-packages/airflow/example_dags/example_local_kubernetes_executor.py
[2025-11-28T00:14:45.215+0000] {processor.py:839} INFO - DAG(s) dict_keys(['example_local_kubernetes_executor']) retrieved from /home/airflow/.local/lib/python3.8/site-packages/airflow/example_dags/example_local_kubernetes_executor.py
[2025-11-28T00:14:45.275+0000] {logging_mixin.py:151} INFO - [2025-11-28T00:14:45.273+0000] {dag.py:2915} INFO - Sync 1 DAGs
[2025-11-28T00:14:45.297+0000] {logging_mixin.py:151} INFO - [2025-11-28T00:14:45.297+0000] {dag.py:3696} INFO - Setting next_dagrun for example_local_kubernetes_executor to None, run_after=None
[2025-11-28T00:14:45.332+0000] {processor.py:179} INFO - Processing /home/airflow/.local/lib/python3.8/site-packages/airflow/example_dags/example_local_kubernetes_executor.py took 0.605 seconds
[2025-11-28T04:48:43.970+0000] {processor.py:157} INFO - Started process (PID=1781) to work on /home/airflow/.local/lib/python3.8/site-packages/airflow/example_dags/example_local_kubernetes_executor.py
[2025-11-28T04:48:44.001+0000] {processor.py:829} INFO - Processing file /home/airflow/.local/lib/python3.8/site-packages/airflow/example_dags/example_local_kubernetes_executor.py for tasks to queue
[2025-11-28T04:48:44.035+0000] {logging_mixin.py:151} INFO - [2025-11-28T04:48:44.034+0000] {dagbag.py:539} INFO - Filling up the DagBag from /home/airflow/.local/lib/python3.8/site-packages/airflow/example_dags/example_local_kubernetes_executor.py
[2025-11-28T04:48:45.487+0000] {processor.py:839} INFO - DAG(s) dict_keys(['example_local_kubernetes_executor']) retrieved from /home/airflow/.local/lib/python3.8/site-packages/airflow/example_dags/example_local_kubernetes_executor.py
[2025-11-28T04:48:45.585+0000] {logging_mixin.py:151} INFO - [2025-11-28T04:48:45.584+0000] {dag.py:2915} INFO - Sync 1 DAGs
[2025-11-28T04:48:45.617+0000] {logging_mixin.py:151} INFO - [2025-11-28T04:48:45.616+0000] {dag.py:3696} INFO - Setting next_dagrun for example_local_kubernetes_executor to None, run_after=None
[2025-11-28T04:48:45.724+0000] {processor.py:179} INFO - Processing /home/airflow/.local/lib/python3.8/site-packages/airflow/example_dags/example_local_kubernetes_executor.py took 1.760 seconds
[2025-11-28T08:27:49.639+0000] {processor.py:157} INFO - Started process (PID=1835) to work on /home/airflow/.local/lib/python3.8/site-packages/airflow/example_dags/example_local_kubernetes_executor.py
[2025-11-28T08:27:49.642+0000] {processor.py:829} INFO - Processing file /home/airflow/.local/lib/python3.8/site-packages/airflow/example_dags/example_local_kubernetes_executor.py for tasks to queue
[2025-11-28T08:27:49.643+0000] {logging_mixin.py:151} INFO - [2025-11-28T08:27:49.643+0000] {dagbag.py:539} INFO - Filling up the DagBag from /home/airflow/.local/lib/python3.8/site-packages/airflow/example_dags/example_local_kubernetes_executor.py
[2025-11-28T08:27:50.185+0000] {processor.py:839} INFO - DAG(s) dict_keys(['example_local_kubernetes_executor']) retrieved from /home/airflow/.local/lib/python3.8/site-packages/airflow/example_dags/example_local_kubernetes_executor.py
[2025-11-28T08:27:50.272+0000] {logging_mixin.py:151} INFO - [2025-11-28T08:27:50.271+0000] {dag.py:2915} INFO - Sync 1 DAGs
[2025-11-28T08:27:50.302+0000] {logging_mixin.py:151} INFO - [2025-11-28T08:27:50.302+0000] {dag.py:3696} INFO - Setting next_dagrun for example_local_kubernetes_executor to None, run_after=None
[2025-11-28T16:40:42.449+0000] {processor.py:179} INFO - Processing /home/airflow/.local/lib/python3.8/site-packages/airflow/example_dags/example_local_kubernetes_executor.py took 29571.797 seconds
[2025-11-28T16:47:24.049+0000] {processor.py:157} INFO - Started process (PID=1906) to work on /home/airflow/.local/lib/python3.8/site-packages/airflow/example_dags/example_local_kubernetes_executor.py
[2025-11-28T16:47:24.052+0000] {processor.py:829} INFO - Processing file /home/airflow/.local/lib/python3.8/site-packages/airflow/example_dags/example_local_kubernetes_executor.py for tasks to queue
[2025-11-28T16:47:24.057+0000] {logging_mixin.py:151} INFO - [2025-11-28T16:47:24.057+0000] {dagbag.py:539} INFO - Filling up the DagBag from /home/airflow/.local/lib/python3.8/site-packages/airflow/example_dags/example_local_kubernetes_executor.py
[2025-11-28T16:47:25.005+0000] {processor.py:839} INFO - DAG(s) dict_keys(['example_local_kubernetes_executor']) retrieved from /home/airflow/.local/lib/python3.8/site-packages/airflow/example_dags/example_local_kubernetes_executor.py
[2025-11-28T16:47:25.333+0000] {logging_mixin.py:151} INFO - [2025-11-28T16:47:25.332+0000] {security.py:708} INFO - Not syncing DAG-level permissions for DAG 'DAG:example_local_kubernetes_executor' as access control is unset.
[2025-11-28T16:47:25.334+0000] {logging_mixin.py:151} INFO - [2025-11-28T16:47:25.333+0000] {dag.py:2915} INFO - Sync 1 DAGs
[2025-11-28T16:47:25.359+0000] {logging_mixin.py:151} INFO - [2025-11-28T16:47:25.358+0000] {dag.py:3696} INFO - Setting next_dagrun for example_local_kubernetes_executor to None, run_after=None
[2025-11-28T16:47:25.423+0000] {processor.py:179} INFO - Processing /home/airflow/.local/lib/python3.8/site-packages/airflow/example_dags/example_local_kubernetes_executor.py took 1.379 seconds
