[2025-11-28T00:14:46.083+0000] {processor.py:157} INFO - Started process (PID=1741) to work on /home/airflow/.local/lib/python3.8/site-packages/airflow/example_dags/example_branch_labels.py
[2025-11-28T00:14:46.084+0000] {processor.py:829} INFO - Processing file /home/airflow/.local/lib/python3.8/site-packages/airflow/example_dags/example_branch_labels.py for tasks to queue
[2025-11-28T00:14:46.087+0000] {logging_mixin.py:151} INFO - [2025-11-28T00:14:46.087+0000] {dagbag.py:539} INFO - Filling up the DagBag from /home/airflow/.local/lib/python3.8/site-packages/airflow/example_dags/example_branch_labels.py
[2025-11-28T00:14:46.097+0000] {processor.py:839} INFO - DAG(s) dict_keys(['example_branch_labels']) retrieved from /home/airflow/.local/lib/python3.8/site-packages/airflow/example_dags/example_branch_labels.py
[2025-11-28T00:14:46.127+0000] {logging_mixin.py:151} INFO - [2025-11-28T00:14:46.127+0000] {dag.py:2915} INFO - Sync 1 DAGs
[2025-11-28T00:14:46.150+0000] {logging_mixin.py:151} INFO - [2025-11-28T00:14:46.149+0000] {dag.py:3696} INFO - Setting next_dagrun for example_branch_labels to 2025-11-27T00:00:00+00:00, run_after=2025-11-28T00:00:00+00:00
[2025-11-28T00:14:46.177+0000] {processor.py:179} INFO - Processing /home/airflow/.local/lib/python3.8/site-packages/airflow/example_dags/example_branch_labels.py took 0.098 seconds
[2025-11-28T04:48:47.140+0000] {processor.py:157} INFO - Started process (PID=1792) to work on /home/airflow/.local/lib/python3.8/site-packages/airflow/example_dags/example_branch_labels.py
[2025-11-28T04:48:47.143+0000] {processor.py:829} INFO - Processing file /home/airflow/.local/lib/python3.8/site-packages/airflow/example_dags/example_branch_labels.py for tasks to queue
[2025-11-28T04:48:47.144+0000] {logging_mixin.py:151} INFO - [2025-11-28T04:48:47.144+0000] {dagbag.py:539} INFO - Filling up the DagBag from /home/airflow/.local/lib/python3.8/site-packages/airflow/example_dags/example_branch_labels.py
[2025-11-28T04:48:47.162+0000] {processor.py:839} INFO - DAG(s) dict_keys(['example_branch_labels']) retrieved from /home/airflow/.local/lib/python3.8/site-packages/airflow/example_dags/example_branch_labels.py
[2025-11-28T04:48:47.214+0000] {logging_mixin.py:151} INFO - [2025-11-28T04:48:47.213+0000] {dag.py:2915} INFO - Sync 1 DAGs
[2025-11-28T04:48:47.375+0000] {logging_mixin.py:151} INFO - [2025-11-28T04:48:47.374+0000] {dag.py:3696} INFO - Setting next_dagrun for example_branch_labels to 2025-11-27T00:00:00+00:00, run_after=2025-11-28T00:00:00+00:00
[2025-11-28T04:48:47.429+0000] {processor.py:179} INFO - Processing /home/airflow/.local/lib/python3.8/site-packages/airflow/example_dags/example_branch_labels.py took 0.294 seconds
[2025-11-28T16:40:44.798+0000] {processor.py:157} INFO - Started process (PID=1852) to work on /home/airflow/.local/lib/python3.8/site-packages/airflow/example_dags/example_branch_labels.py
[2025-11-28T16:40:44.801+0000] {processor.py:829} INFO - Processing file /home/airflow/.local/lib/python3.8/site-packages/airflow/example_dags/example_branch_labels.py for tasks to queue
[2025-11-28T16:40:44.804+0000] {logging_mixin.py:151} INFO - [2025-11-28T16:40:44.803+0000] {dagbag.py:539} INFO - Filling up the DagBag from /home/airflow/.local/lib/python3.8/site-packages/airflow/example_dags/example_branch_labels.py
[2025-11-28T16:40:44.822+0000] {processor.py:839} INFO - DAG(s) dict_keys(['example_branch_labels']) retrieved from /home/airflow/.local/lib/python3.8/site-packages/airflow/example_dags/example_branch_labels.py
[2025-11-28T16:40:44.885+0000] {logging_mixin.py:151} INFO - [2025-11-28T16:40:44.885+0000] {dag.py:2915} INFO - Sync 1 DAGs
[2025-11-28T16:40:44.955+0000] {logging_mixin.py:151} INFO - [2025-11-28T16:40:44.955+0000] {dag.py:3696} INFO - Setting next_dagrun for example_branch_labels to 2025-11-27T00:00:00+00:00, run_after=2025-11-28T00:00:00+00:00
[2025-11-28T16:40:45.029+0000] {processor.py:179} INFO - Processing /home/airflow/.local/lib/python3.8/site-packages/airflow/example_dags/example_branch_labels.py took 0.239 seconds
[2025-11-28T16:47:26.274+0000] {processor.py:157} INFO - Started process (PID=1917) to work on /home/airflow/.local/lib/python3.8/site-packages/airflow/example_dags/example_branch_labels.py
[2025-11-28T16:47:26.278+0000] {processor.py:829} INFO - Processing file /home/airflow/.local/lib/python3.8/site-packages/airflow/example_dags/example_branch_labels.py for tasks to queue
[2025-11-28T16:47:26.284+0000] {logging_mixin.py:151} INFO - [2025-11-28T16:47:26.284+0000] {dagbag.py:539} INFO - Filling up the DagBag from /home/airflow/.local/lib/python3.8/site-packages/airflow/example_dags/example_branch_labels.py
[2025-11-28T16:47:26.308+0000] {processor.py:839} INFO - DAG(s) dict_keys(['example_branch_labels']) retrieved from /home/airflow/.local/lib/python3.8/site-packages/airflow/example_dags/example_branch_labels.py
[2025-11-28T16:47:26.411+0000] {logging_mixin.py:151} INFO - [2025-11-28T16:47:26.411+0000] {dag.py:2915} INFO - Sync 1 DAGs
[2025-11-28T16:47:26.465+0000] {logging_mixin.py:151} INFO - [2025-11-28T16:47:26.464+0000] {dag.py:3696} INFO - Setting next_dagrun for example_branch_labels to 2025-11-27T00:00:00+00:00, run_after=2025-11-28T00:00:00+00:00
[2025-11-28T16:47:26.510+0000] {processor.py:179} INFO - Processing /home/airflow/.local/lib/python3.8/site-packages/airflow/example_dags/example_branch_labels.py took 0.243 seconds
