[2025-11-28T00:14:46.951+0000] {processor.py:157} INFO - Started process (PID=1752) to work on /home/airflow/.local/lib/python3.8/site-packages/airflow/example_dags/example_complex.py
[2025-11-28T00:14:46.952+0000] {processor.py:829} INFO - Processing file /home/airflow/.local/lib/python3.8/site-packages/airflow/example_dags/example_complex.py for tasks to queue
[2025-11-28T00:14:46.956+0000] {logging_mixin.py:151} INFO - [2025-11-28T00:14:46.955+0000] {dagbag.py:539} INFO - Filling up the DagBag from /home/airflow/.local/lib/python3.8/site-packages/airflow/example_dags/example_complex.py
[2025-11-28T00:14:46.975+0000] {processor.py:839} INFO - DAG(s) dict_keys(['example_complex']) retrieved from /home/airflow/.local/lib/python3.8/site-packages/airflow/example_dags/example_complex.py
[2025-11-28T00:14:47.030+0000] {logging_mixin.py:151} INFO - [2025-11-28T00:14:47.029+0000] {dag.py:2915} INFO - Sync 1 DAGs
[2025-11-28T00:14:47.045+0000] {logging_mixin.py:151} INFO - [2025-11-28T00:14:47.045+0000] {dag.py:3696} INFO - Setting next_dagrun for example_complex to None, run_after=None
[2025-11-28T00:14:47.078+0000] {processor.py:179} INFO - Processing /home/airflow/.local/lib/python3.8/site-packages/airflow/example_dags/example_complex.py took 0.131 seconds
[2025-11-28T04:48:49.669+0000] {processor.py:157} INFO - Started process (PID=1804) to work on /home/airflow/.local/lib/python3.8/site-packages/airflow/example_dags/example_complex.py
[2025-11-28T04:48:49.671+0000] {processor.py:829} INFO - Processing file /home/airflow/.local/lib/python3.8/site-packages/airflow/example_dags/example_complex.py for tasks to queue
[2025-11-28T04:48:49.673+0000] {logging_mixin.py:151} INFO - [2025-11-28T04:48:49.672+0000] {dagbag.py:539} INFO - Filling up the DagBag from /home/airflow/.local/lib/python3.8/site-packages/airflow/example_dags/example_complex.py
[2025-11-28T04:48:49.702+0000] {processor.py:839} INFO - DAG(s) dict_keys(['example_complex']) retrieved from /home/airflow/.local/lib/python3.8/site-packages/airflow/example_dags/example_complex.py
[2025-11-28T04:48:49.797+0000] {logging_mixin.py:151} INFO - [2025-11-28T04:48:49.796+0000] {dag.py:2915} INFO - Sync 1 DAGs
[2025-11-28T04:48:49.833+0000] {logging_mixin.py:151} INFO - [2025-11-28T04:48:49.833+0000] {dag.py:3696} INFO - Setting next_dagrun for example_complex to None, run_after=None
[2025-11-28T04:48:49.907+0000] {processor.py:179} INFO - Processing /home/airflow/.local/lib/python3.8/site-packages/airflow/example_dags/example_complex.py took 0.247 seconds
[2025-11-28T16:40:47.314+0000] {processor.py:157} INFO - Started process (PID=1864) to work on /home/airflow/.local/lib/python3.8/site-packages/airflow/example_dags/example_complex.py
[2025-11-28T16:40:47.315+0000] {processor.py:829} INFO - Processing file /home/airflow/.local/lib/python3.8/site-packages/airflow/example_dags/example_complex.py for tasks to queue
[2025-11-28T16:40:47.316+0000] {logging_mixin.py:151} INFO - [2025-11-28T16:40:47.316+0000] {dagbag.py:539} INFO - Filling up the DagBag from /home/airflow/.local/lib/python3.8/site-packages/airflow/example_dags/example_complex.py
[2025-11-28T16:40:47.340+0000] {processor.py:839} INFO - DAG(s) dict_keys(['example_complex']) retrieved from /home/airflow/.local/lib/python3.8/site-packages/airflow/example_dags/example_complex.py
[2025-11-28T16:40:47.393+0000] {logging_mixin.py:151} INFO - [2025-11-28T16:40:47.393+0000] {dag.py:2915} INFO - Sync 1 DAGs
[2025-11-28T16:40:47.426+0000] {logging_mixin.py:151} INFO - [2025-11-28T16:40:47.426+0000] {dag.py:3696} INFO - Setting next_dagrun for example_complex to None, run_after=None
[2025-11-28T16:40:47.457+0000] {processor.py:179} INFO - Processing /home/airflow/.local/lib/python3.8/site-packages/airflow/example_dags/example_complex.py took 0.149 seconds
[2025-11-28T16:47:27.977+0000] {processor.py:157} INFO - Started process (PID=1929) to work on /home/airflow/.local/lib/python3.8/site-packages/airflow/example_dags/example_complex.py
[2025-11-28T16:47:27.979+0000] {processor.py:829} INFO - Processing file /home/airflow/.local/lib/python3.8/site-packages/airflow/example_dags/example_complex.py for tasks to queue
[2025-11-28T16:47:27.982+0000] {logging_mixin.py:151} INFO - [2025-11-28T16:47:27.982+0000] {dagbag.py:539} INFO - Filling up the DagBag from /home/airflow/.local/lib/python3.8/site-packages/airflow/example_dags/example_complex.py
[2025-11-28T16:47:28.012+0000] {processor.py:839} INFO - DAG(s) dict_keys(['example_complex']) retrieved from /home/airflow/.local/lib/python3.8/site-packages/airflow/example_dags/example_complex.py
[2025-11-28T16:47:28.106+0000] {logging_mixin.py:151} INFO - [2025-11-28T16:47:28.106+0000] {dag.py:2915} INFO - Sync 1 DAGs
[2025-11-28T16:47:28.122+0000] {logging_mixin.py:151} INFO - [2025-11-28T16:47:28.122+0000] {dag.py:3696} INFO - Setting next_dagrun for example_complex to None, run_after=None
[2025-11-28T16:47:28.145+0000] {processor.py:179} INFO - Processing /home/airflow/.local/lib/python3.8/site-packages/airflow/example_dags/example_complex.py took 0.173 seconds
