[2025-11-28T00:14:45.370+0000] {processor.py:157} INFO - Started process (PID=1734) to work on /home/airflow/.local/lib/python3.8/site-packages/airflow/example_dags/example_xcom.py
[2025-11-28T00:14:45.372+0000] {processor.py:829} INFO - Processing file /home/airflow/.local/lib/python3.8/site-packages/airflow/example_dags/example_xcom.py for tasks to queue
[2025-11-28T00:14:45.374+0000] {logging_mixin.py:151} INFO - [2025-11-28T00:14:45.374+0000] {dagbag.py:539} INFO - Filling up the DagBag from /home/airflow/.local/lib/python3.8/site-packages/airflow/example_dags/example_xcom.py
[2025-11-28T00:14:45.399+0000] {processor.py:839} INFO - DAG(s) dict_keys(['example_xcom']) retrieved from /home/airflow/.local/lib/python3.8/site-packages/airflow/example_dags/example_xcom.py
[2025-11-28T00:14:45.445+0000] {logging_mixin.py:151} INFO - [2025-11-28T00:14:45.445+0000] {dag.py:2915} INFO - Sync 1 DAGs
[2025-11-28T00:14:45.476+0000] {logging_mixin.py:151} INFO - [2025-11-28T00:14:45.475+0000] {dag.py:3696} INFO - Setting next_dagrun for example_xcom to 2021-01-01T00:00:00+00:00, run_after=2021-01-01T00:00:00+00:00
[2025-11-28T00:14:45.508+0000] {processor.py:179} INFO - Processing /home/airflow/.local/lib/python3.8/site-packages/airflow/example_dags/example_xcom.py took 0.145 seconds
[2025-11-28T04:48:45.813+0000] {processor.py:157} INFO - Started process (PID=1785) to work on /home/airflow/.local/lib/python3.8/site-packages/airflow/example_dags/example_xcom.py
[2025-11-28T04:48:45.815+0000] {processor.py:829} INFO - Processing file /home/airflow/.local/lib/python3.8/site-packages/airflow/example_dags/example_xcom.py for tasks to queue
[2025-11-28T04:48:45.817+0000] {logging_mixin.py:151} INFO - [2025-11-28T04:48:45.816+0000] {dagbag.py:539} INFO - Filling up the DagBag from /home/airflow/.local/lib/python3.8/site-packages/airflow/example_dags/example_xcom.py
[2025-11-28T04:48:45.831+0000] {processor.py:839} INFO - DAG(s) dict_keys(['example_xcom']) retrieved from /home/airflow/.local/lib/python3.8/site-packages/airflow/example_dags/example_xcom.py
[2025-11-28T04:48:45.871+0000] {logging_mixin.py:151} INFO - [2025-11-28T04:48:45.871+0000] {dag.py:2915} INFO - Sync 1 DAGs
[2025-11-28T04:48:46.018+0000] {logging_mixin.py:151} INFO - [2025-11-28T04:48:46.018+0000] {dag.py:3696} INFO - Setting next_dagrun for example_xcom to 2021-01-01T00:00:00+00:00, run_after=2021-01-01T00:00:00+00:00
[2025-11-28T04:48:46.076+0000] {processor.py:179} INFO - Processing /home/airflow/.local/lib/python3.8/site-packages/airflow/example_dags/example_xcom.py took 0.269 seconds
[2025-11-28T08:27:50.279+0000] {processor.py:157} INFO - Started process (PID=1839) to work on /home/airflow/.local/lib/python3.8/site-packages/airflow/example_dags/example_xcom.py
[2025-11-28T08:27:50.281+0000] {processor.py:829} INFO - Processing file /home/airflow/.local/lib/python3.8/site-packages/airflow/example_dags/example_xcom.py for tasks to queue
[2025-11-28T08:27:50.284+0000] {logging_mixin.py:151} INFO - [2025-11-28T08:27:50.284+0000] {dagbag.py:539} INFO - Filling up the DagBag from /home/airflow/.local/lib/python3.8/site-packages/airflow/example_dags/example_xcom.py
[2025-11-28T08:27:50.297+0000] {processor.py:839} INFO - DAG(s) dict_keys(['example_xcom']) retrieved from /home/airflow/.local/lib/python3.8/site-packages/airflow/example_dags/example_xcom.py
[2025-11-28T16:40:41.013+0000] {logging_mixin.py:151} INFO - [2025-11-28T16:40:41.012+0000] {dag.py:2915} INFO - Sync 1 DAGs
[2025-11-28T16:40:43.027+0000] {logging_mixin.py:151} INFO - [2025-11-28T16:40:43.025+0000] {dag.py:3696} INFO - Setting next_dagrun for example_xcom to 2021-01-01T00:00:00+00:00, run_after=2021-01-01T00:00:00+00:00
[2025-11-28T16:40:43.253+0000] {processor.py:179} INFO - Processing /home/airflow/.local/lib/python3.8/site-packages/airflow/example_dags/example_xcom.py took 29571.964 seconds
[2025-11-28T16:47:25.248+0000] {processor.py:157} INFO - Started process (PID=1910) to work on /home/airflow/.local/lib/python3.8/site-packages/airflow/example_dags/example_xcom.py
[2025-11-28T16:47:25.253+0000] {processor.py:829} INFO - Processing file /home/airflow/.local/lib/python3.8/site-packages/airflow/example_dags/example_xcom.py for tasks to queue
[2025-11-28T16:47:25.263+0000] {logging_mixin.py:151} INFO - [2025-11-28T16:47:25.262+0000] {dagbag.py:539} INFO - Filling up the DagBag from /home/airflow/.local/lib/python3.8/site-packages/airflow/example_dags/example_xcom.py
[2025-11-28T16:47:25.296+0000] {processor.py:839} INFO - DAG(s) dict_keys(['example_xcom']) retrieved from /home/airflow/.local/lib/python3.8/site-packages/airflow/example_dags/example_xcom.py
[2025-11-28T16:47:25.370+0000] {logging_mixin.py:151} INFO - [2025-11-28T16:47:25.370+0000] {dag.py:2915} INFO - Sync 1 DAGs
[2025-11-28T16:47:25.423+0000] {logging_mixin.py:151} INFO - [2025-11-28T16:47:25.422+0000] {dag.py:3696} INFO - Setting next_dagrun for example_xcom to 2021-01-01T00:00:00+00:00, run_after=2021-01-01T00:00:00+00:00
[2025-11-28T16:47:25.520+0000] {processor.py:179} INFO - Processing /home/airflow/.local/lib/python3.8/site-packages/airflow/example_dags/example_xcom.py took 0.277 seconds
