[2025-11-28T00:14:47.667+0000] {processor.py:157} INFO - Started process (PID=1761) to work on /home/airflow/.local/lib/python3.8/site-packages/airflow/example_dags/example_latest_only_with_trigger.py
[2025-11-28T00:14:47.672+0000] {processor.py:829} INFO - Processing file /home/airflow/.local/lib/python3.8/site-packages/airflow/example_dags/example_latest_only_with_trigger.py for tasks to queue
[2025-11-28T00:14:47.675+0000] {logging_mixin.py:151} INFO - [2025-11-28T00:14:47.674+0000] {dagbag.py:539} INFO - Filling up the DagBag from /home/airflow/.local/lib/python3.8/site-packages/airflow/example_dags/example_latest_only_with_trigger.py
[2025-11-28T00:14:47.686+0000] {processor.py:839} INFO - DAG(s) dict_keys(['latest_only_with_trigger']) retrieved from /home/airflow/.local/lib/python3.8/site-packages/airflow/example_dags/example_latest_only_with_trigger.py
[2025-11-28T00:14:47.723+0000] {logging_mixin.py:151} INFO - [2025-11-28T00:14:47.723+0000] {dag.py:2915} INFO - Sync 1 DAGs
[2025-11-28T00:14:47.752+0000] {logging_mixin.py:151} INFO - [2025-11-28T00:14:47.752+0000] {dag.py:3696} INFO - Setting next_dagrun for latest_only_with_trigger to 2025-11-27T20:14:47.751663+00:00, run_after=2025-11-28T00:14:47.751663+00:00
[2025-11-28T00:14:47.785+0000] {processor.py:179} INFO - Processing /home/airflow/.local/lib/python3.8/site-packages/airflow/example_dags/example_latest_only_with_trigger.py took 0.125 seconds
[2025-11-28T08:27:45.205+0000] {processor.py:157} INFO - Started process (PID=1822) to work on /home/airflow/.local/lib/python3.8/site-packages/airflow/example_dags/example_latest_only_with_trigger.py
[2025-11-28T08:27:45.209+0000] {processor.py:829} INFO - Processing file /home/airflow/.local/lib/python3.8/site-packages/airflow/example_dags/example_latest_only_with_trigger.py for tasks to queue
[2025-11-28T08:27:45.212+0000] {logging_mixin.py:151} INFO - [2025-11-28T08:27:45.212+0000] {dagbag.py:539} INFO - Filling up the DagBag from /home/airflow/.local/lib/python3.8/site-packages/airflow/example_dags/example_latest_only_with_trigger.py
[2025-11-28T08:27:45.225+0000] {processor.py:839} INFO - DAG(s) dict_keys(['latest_only_with_trigger']) retrieved from /home/airflow/.local/lib/python3.8/site-packages/airflow/example_dags/example_latest_only_with_trigger.py
[2025-11-28T08:27:45.606+0000] {logging_mixin.py:151} INFO - [2025-11-28T08:27:45.606+0000] {dag.py:2915} INFO - Sync 1 DAGs
[2025-11-28T08:27:45.814+0000] {logging_mixin.py:151} INFO - [2025-11-28T08:27:45.814+0000] {dag.py:3696} INFO - Setting next_dagrun for latest_only_with_trigger to 2025-11-28T04:27:45.814276+00:00, run_after=2025-11-28T08:27:45.814276+00:00
[2025-11-28T08:27:45.990+0000] {processor.py:179} INFO - Processing /home/airflow/.local/lib/python3.8/site-packages/airflow/example_dags/example_latest_only_with_trigger.py took 0.874 seconds
[2025-11-28T16:40:50.139+0000] {processor.py:157} INFO - Started process (PID=1883) to work on /home/airflow/.local/lib/python3.8/site-packages/airflow/example_dags/example_latest_only_with_trigger.py
[2025-11-28T16:40:50.141+0000] {processor.py:829} INFO - Processing file /home/airflow/.local/lib/python3.8/site-packages/airflow/example_dags/example_latest_only_with_trigger.py for tasks to queue
[2025-11-28T16:40:50.142+0000] {logging_mixin.py:151} INFO - [2025-11-28T16:40:50.142+0000] {dagbag.py:539} INFO - Filling up the DagBag from /home/airflow/.local/lib/python3.8/site-packages/airflow/example_dags/example_latest_only_with_trigger.py
[2025-11-28T16:40:50.157+0000] {processor.py:839} INFO - DAG(s) dict_keys(['latest_only_with_trigger']) retrieved from /home/airflow/.local/lib/python3.8/site-packages/airflow/example_dags/example_latest_only_with_trigger.py
[2025-11-28T16:40:50.208+0000] {logging_mixin.py:151} INFO - [2025-11-28T16:40:50.207+0000] {dag.py:2915} INFO - Sync 1 DAGs
[2025-11-28T16:40:50.256+0000] {logging_mixin.py:151} INFO - [2025-11-28T16:40:50.255+0000] {dag.py:3696} INFO - Setting next_dagrun for latest_only_with_trigger to 2025-11-28T12:40:50.254869+00:00, run_after=2025-11-28T16:40:50.254869+00:00
[2025-11-28T16:40:50.300+0000] {processor.py:179} INFO - Processing /home/airflow/.local/lib/python3.8/site-packages/airflow/example_dags/example_latest_only_with_trigger.py took 0.169 seconds
[2025-11-28T16:47:28.852+0000] {processor.py:157} INFO - Started process (PID=1940) to work on /home/airflow/.local/lib/python3.8/site-packages/airflow/example_dags/example_latest_only_with_trigger.py
[2025-11-28T16:47:28.853+0000] {processor.py:829} INFO - Processing file /home/airflow/.local/lib/python3.8/site-packages/airflow/example_dags/example_latest_only_with_trigger.py for tasks to queue
[2025-11-28T16:47:28.856+0000] {logging_mixin.py:151} INFO - [2025-11-28T16:47:28.856+0000] {dagbag.py:539} INFO - Filling up the DagBag from /home/airflow/.local/lib/python3.8/site-packages/airflow/example_dags/example_latest_only_with_trigger.py
[2025-11-28T16:47:28.865+0000] {processor.py:839} INFO - DAG(s) dict_keys(['latest_only_with_trigger']) retrieved from /home/airflow/.local/lib/python3.8/site-packages/airflow/example_dags/example_latest_only_with_trigger.py
[2025-11-28T16:47:28.896+0000] {logging_mixin.py:151} INFO - [2025-11-28T16:47:28.896+0000] {dag.py:2915} INFO - Sync 1 DAGs
[2025-11-28T16:47:28.924+0000] {logging_mixin.py:151} INFO - [2025-11-28T16:47:28.924+0000] {dag.py:3696} INFO - Setting next_dagrun for latest_only_with_trigger to 2025-11-28T12:47:28.923973+00:00, run_after=2025-11-28T16:47:28.923973+00:00
[2025-11-28T16:47:28.959+0000] {processor.py:179} INFO - Processing /home/airflow/.local/lib/python3.8/site-packages/airflow/example_dags/example_latest_only_with_trigger.py took 0.110 seconds
