[2025-11-28T00:14:46.334+0000] {processor.py:157} INFO - Started process (PID=1744) to work on /home/airflow/.local/lib/python3.8/site-packages/airflow/example_dags/example_dynamic_task_mapping.py
[2025-11-28T00:14:46.336+0000] {processor.py:829} INFO - Processing file /home/airflow/.local/lib/python3.8/site-packages/airflow/example_dags/example_dynamic_task_mapping.py for tasks to queue
[2025-11-28T00:14:46.340+0000] {logging_mixin.py:151} INFO - [2025-11-28T00:14:46.340+0000] {dagbag.py:539} INFO - Filling up the DagBag from /home/airflow/.local/lib/python3.8/site-packages/airflow/example_dags/example_dynamic_task_mapping.py
[2025-11-28T00:14:46.351+0000] {processor.py:839} INFO - DAG(s) dict_keys(['example_dynamic_task_mapping']) retrieved from /home/airflow/.local/lib/python3.8/site-packages/airflow/example_dags/example_dynamic_task_mapping.py
[2025-11-28T00:14:46.387+0000] {logging_mixin.py:151} INFO - [2025-11-28T00:14:46.386+0000] {dag.py:2915} INFO - Sync 1 DAGs
[2025-11-28T00:14:46.412+0000] {logging_mixin.py:151} INFO - [2025-11-28T00:14:46.412+0000] {dag.py:3696} INFO - Setting next_dagrun for example_dynamic_task_mapping to 2022-03-04T00:00:00+00:00, run_after=2022-03-05T00:00:00+00:00
[2025-11-28T00:14:46.437+0000] {processor.py:179} INFO - Processing /home/airflow/.local/lib/python3.8/site-packages/airflow/example_dags/example_dynamic_task_mapping.py took 0.107 seconds
[2025-11-28T04:48:47.954+0000] {processor.py:157} INFO - Started process (PID=1795) to work on /home/airflow/.local/lib/python3.8/site-packages/airflow/example_dags/example_dynamic_task_mapping.py
[2025-11-28T04:48:47.955+0000] {processor.py:829} INFO - Processing file /home/airflow/.local/lib/python3.8/site-packages/airflow/example_dags/example_dynamic_task_mapping.py for tasks to queue
[2025-11-28T04:48:47.956+0000] {logging_mixin.py:151} INFO - [2025-11-28T04:48:47.956+0000] {dagbag.py:539} INFO - Filling up the DagBag from /home/airflow/.local/lib/python3.8/site-packages/airflow/example_dags/example_dynamic_task_mapping.py
[2025-11-28T04:48:47.969+0000] {processor.py:839} INFO - DAG(s) dict_keys(['example_dynamic_task_mapping']) retrieved from /home/airflow/.local/lib/python3.8/site-packages/airflow/example_dags/example_dynamic_task_mapping.py
[2025-11-28T04:48:48.024+0000] {logging_mixin.py:151} INFO - [2025-11-28T04:48:48.023+0000] {dag.py:2915} INFO - Sync 1 DAGs
[2025-11-28T04:48:48.061+0000] {logging_mixin.py:151} INFO - [2025-11-28T04:48:48.061+0000] {dag.py:3696} INFO - Setting next_dagrun for example_dynamic_task_mapping to 2022-03-04T00:00:00+00:00, run_after=2022-03-05T00:00:00+00:00
[2025-11-28T04:48:48.099+0000] {processor.py:179} INFO - Processing /home/airflow/.local/lib/python3.8/site-packages/airflow/example_dags/example_dynamic_task_mapping.py took 0.153 seconds
[2025-11-28T16:40:45.654+0000] {processor.py:157} INFO - Started process (PID=1855) to work on /home/airflow/.local/lib/python3.8/site-packages/airflow/example_dags/example_dynamic_task_mapping.py
[2025-11-28T16:40:45.656+0000] {processor.py:829} INFO - Processing file /home/airflow/.local/lib/python3.8/site-packages/airflow/example_dags/example_dynamic_task_mapping.py for tasks to queue
[2025-11-28T16:40:45.658+0000] {logging_mixin.py:151} INFO - [2025-11-28T16:40:45.658+0000] {dagbag.py:539} INFO - Filling up the DagBag from /home/airflow/.local/lib/python3.8/site-packages/airflow/example_dags/example_dynamic_task_mapping.py
[2025-11-28T16:40:45.679+0000] {processor.py:839} INFO - DAG(s) dict_keys(['example_dynamic_task_mapping']) retrieved from /home/airflow/.local/lib/python3.8/site-packages/airflow/example_dags/example_dynamic_task_mapping.py
[2025-11-28T16:40:45.742+0000] {logging_mixin.py:151} INFO - [2025-11-28T16:40:45.742+0000] {dag.py:2915} INFO - Sync 1 DAGs
[2025-11-28T16:40:45.792+0000] {logging_mixin.py:151} INFO - [2025-11-28T16:40:45.790+0000] {dag.py:3696} INFO - Setting next_dagrun for example_dynamic_task_mapping to 2022-03-04T00:00:00+00:00, run_after=2022-03-05T00:00:00+00:00
[2025-11-28T16:40:45.862+0000] {processor.py:179} INFO - Processing /home/airflow/.local/lib/python3.8/site-packages/airflow/example_dags/example_dynamic_task_mapping.py took 0.240 seconds
[2025-11-28T16:47:26.853+0000] {processor.py:157} INFO - Started process (PID=1920) to work on /home/airflow/.local/lib/python3.8/site-packages/airflow/example_dags/example_dynamic_task_mapping.py
[2025-11-28T16:47:26.856+0000] {processor.py:829} INFO - Processing file /home/airflow/.local/lib/python3.8/site-packages/airflow/example_dags/example_dynamic_task_mapping.py for tasks to queue
[2025-11-28T16:47:26.862+0000] {logging_mixin.py:151} INFO - [2025-11-28T16:47:26.861+0000] {dagbag.py:539} INFO - Filling up the DagBag from /home/airflow/.local/lib/python3.8/site-packages/airflow/example_dags/example_dynamic_task_mapping.py
[2025-11-28T16:47:26.886+0000] {processor.py:839} INFO - DAG(s) dict_keys(['example_dynamic_task_mapping']) retrieved from /home/airflow/.local/lib/python3.8/site-packages/airflow/example_dags/example_dynamic_task_mapping.py
[2025-11-28T16:47:26.963+0000] {logging_mixin.py:151} INFO - [2025-11-28T16:47:26.963+0000] {dag.py:2915} INFO - Sync 1 DAGs
[2025-11-28T16:47:27.008+0000] {logging_mixin.py:151} INFO - [2025-11-28T16:47:27.007+0000] {dag.py:3696} INFO - Setting next_dagrun for example_dynamic_task_mapping to 2022-03-04T00:00:00+00:00, run_after=2022-03-05T00:00:00+00:00
[2025-11-28T16:47:27.056+0000] {processor.py:179} INFO - Processing /home/airflow/.local/lib/python3.8/site-packages/airflow/example_dags/example_dynamic_task_mapping.py took 0.210 seconds
