[2025-11-28T04:48:48.829+0000] {processor.py:157} INFO - Started process (PID=1800) to work on /home/airflow/.local/lib/python3.8/site-packages/airflow/example_dags/example_kubernetes_executor.py
[2025-11-28T04:48:48.830+0000] {processor.py:829} INFO - Processing file /home/airflow/.local/lib/python3.8/site-packages/airflow/example_dags/example_kubernetes_executor.py for tasks to queue
[2025-11-28T04:48:48.832+0000] {logging_mixin.py:151} INFO - [2025-11-28T04:48:48.831+0000] {dagbag.py:539} INFO - Filling up the DagBag from /home/airflow/.local/lib/python3.8/site-packages/airflow/example_dags/example_kubernetes_executor.py
[2025-11-28T04:48:49.550+0000] {processor.py:839} INFO - DAG(s) dict_keys(['example_kubernetes_executor']) retrieved from /home/airflow/.local/lib/python3.8/site-packages/airflow/example_dags/example_kubernetes_executor.py
[2025-11-28T04:48:49.897+0000] {logging_mixin.py:151} INFO - [2025-11-28T04:48:49.896+0000] {security.py:708} INFO - Not syncing DAG-level permissions for DAG 'DAG:example_kubernetes_executor' as access control is unset.
[2025-11-28T04:48:49.898+0000] {logging_mixin.py:151} INFO - [2025-11-28T04:48:49.897+0000] {dag.py:2915} INFO - Sync 1 DAGs
[2025-11-28T04:48:49.921+0000] {logging_mixin.py:151} INFO - [2025-11-28T04:48:49.921+0000] {dag.py:3696} INFO - Setting next_dagrun for example_kubernetes_executor to None, run_after=None
[2025-11-28T04:48:50.225+0000] {processor.py:179} INFO - Processing /home/airflow/.local/lib/python3.8/site-packages/airflow/example_dags/example_kubernetes_executor.py took 1.402 seconds
[2025-11-28T16:40:46.790+0000] {processor.py:157} INFO - Started process (PID=1860) to work on /home/airflow/.local/lib/python3.8/site-packages/airflow/example_dags/example_kubernetes_executor.py
[2025-11-28T16:40:46.793+0000] {processor.py:829} INFO - Processing file /home/airflow/.local/lib/python3.8/site-packages/airflow/example_dags/example_kubernetes_executor.py for tasks to queue
[2025-11-28T16:40:46.796+0000] {logging_mixin.py:151} INFO - [2025-11-28T16:40:46.796+0000] {dagbag.py:539} INFO - Filling up the DagBag from /home/airflow/.local/lib/python3.8/site-packages/airflow/example_dags/example_kubernetes_executor.py
[2025-11-28T16:40:47.329+0000] {processor.py:839} INFO - DAG(s) dict_keys(['example_kubernetes_executor']) retrieved from /home/airflow/.local/lib/python3.8/site-packages/airflow/example_dags/example_kubernetes_executor.py
[2025-11-28T16:40:47.392+0000] {logging_mixin.py:151} INFO - [2025-11-28T16:40:47.391+0000] {dag.py:2915} INFO - Sync 1 DAGs
[2025-11-28T16:40:47.426+0000] {logging_mixin.py:151} INFO - [2025-11-28T16:40:47.426+0000] {dag.py:3696} INFO - Setting next_dagrun for example_kubernetes_executor to None, run_after=None
[2025-11-28T16:40:47.455+0000] {processor.py:179} INFO - Processing /home/airflow/.local/lib/python3.8/site-packages/airflow/example_dags/example_kubernetes_executor.py took 0.670 seconds
[2025-11-28T16:47:27.434+0000] {processor.py:157} INFO - Started process (PID=1925) to work on /home/airflow/.local/lib/python3.8/site-packages/airflow/example_dags/example_kubernetes_executor.py
[2025-11-28T16:47:27.435+0000] {processor.py:829} INFO - Processing file /home/airflow/.local/lib/python3.8/site-packages/airflow/example_dags/example_kubernetes_executor.py for tasks to queue
[2025-11-28T16:47:27.437+0000] {logging_mixin.py:151} INFO - [2025-11-28T16:47:27.437+0000] {dagbag.py:539} INFO - Filling up the DagBag from /home/airflow/.local/lib/python3.8/site-packages/airflow/example_dags/example_kubernetes_executor.py
[2025-11-28T16:47:27.698+0000] {processor.py:839} INFO - DAG(s) dict_keys(['example_kubernetes_executor']) retrieved from /home/airflow/.local/lib/python3.8/site-packages/airflow/example_dags/example_kubernetes_executor.py
[2025-11-28T16:47:27.742+0000] {logging_mixin.py:151} INFO - [2025-11-28T16:47:27.742+0000] {dag.py:2915} INFO - Sync 1 DAGs
[2025-11-28T16:47:27.754+0000] {logging_mixin.py:151} INFO - [2025-11-28T16:47:27.754+0000] {dag.py:3696} INFO - Setting next_dagrun for example_kubernetes_executor to None, run_after=None
[2025-11-28T16:47:27.773+0000] {processor.py:179} INFO - Processing /home/airflow/.local/lib/python3.8/site-packages/airflow/example_dags/example_kubernetes_executor.py took 0.343 seconds
