[2025-11-28T00:14:46.969+0000] {processor.py:157} INFO - Started process (PID=1753) to work on /home/airflow/.local/lib/python3.8/site-packages/airflow/example_dags/example_task_group.py
[2025-11-28T00:14:46.971+0000] {processor.py:829} INFO - Processing file /home/airflow/.local/lib/python3.8/site-packages/airflow/example_dags/example_task_group.py for tasks to queue
[2025-11-28T00:14:46.976+0000] {logging_mixin.py:151} INFO - [2025-11-28T00:14:46.974+0000] {dagbag.py:539} INFO - Filling up the DagBag from /home/airflow/.local/lib/python3.8/site-packages/airflow/example_dags/example_task_group.py
[2025-11-28T00:14:46.986+0000] {processor.py:839} INFO - DAG(s) dict_keys(['example_task_group']) retrieved from /home/airflow/.local/lib/python3.8/site-packages/airflow/example_dags/example_task_group.py
[2025-11-28T00:14:47.024+0000] {logging_mixin.py:151} INFO - [2025-11-28T00:14:47.023+0000] {dag.py:2915} INFO - Sync 1 DAGs
[2025-11-28T00:14:47.049+0000] {logging_mixin.py:151} INFO - [2025-11-28T00:14:47.048+0000] {dag.py:3696} INFO - Setting next_dagrun for example_task_group to 2025-11-27T00:14:47.048555+00:00, run_after=2025-11-28T00:14:47.048555+00:00
[2025-11-28T00:14:47.087+0000] {processor.py:179} INFO - Processing /home/airflow/.local/lib/python3.8/site-packages/airflow/example_dags/example_task_group.py took 0.123 seconds
[2025-11-28T04:48:49.955+0000] {processor.py:157} INFO - Started process (PID=1805) to work on /home/airflow/.local/lib/python3.8/site-packages/airflow/example_dags/example_task_group.py
[2025-11-28T04:48:49.959+0000] {processor.py:829} INFO - Processing file /home/airflow/.local/lib/python3.8/site-packages/airflow/example_dags/example_task_group.py for tasks to queue
[2025-11-28T04:48:49.961+0000] {logging_mixin.py:151} INFO - [2025-11-28T04:48:49.961+0000] {dagbag.py:539} INFO - Filling up the DagBag from /home/airflow/.local/lib/python3.8/site-packages/airflow/example_dags/example_task_group.py
[2025-11-28T04:48:50.006+0000] {processor.py:839} INFO - DAG(s) dict_keys(['example_task_group']) retrieved from /home/airflow/.local/lib/python3.8/site-packages/airflow/example_dags/example_task_group.py
[2025-11-28T04:48:50.055+0000] {logging_mixin.py:151} INFO - [2025-11-28T04:48:50.054+0000] {dag.py:2915} INFO - Sync 1 DAGs
[2025-11-28T04:48:50.096+0000] {logging_mixin.py:151} INFO - [2025-11-28T04:48:50.095+0000] {dag.py:3696} INFO - Setting next_dagrun for example_task_group to 2025-11-27T04:48:50.095287+00:00, run_after=2025-11-28T04:48:50.095287+00:00
[2025-11-28T04:48:50.138+0000] {processor.py:179} INFO - Processing /home/airflow/.local/lib/python3.8/site-packages/airflow/example_dags/example_task_group.py took 0.191 seconds
[2025-11-28T16:40:47.486+0000] {processor.py:157} INFO - Started process (PID=1865) to work on /home/airflow/.local/lib/python3.8/site-packages/airflow/example_dags/example_task_group.py
[2025-11-28T16:40:47.488+0000] {processor.py:829} INFO - Processing file /home/airflow/.local/lib/python3.8/site-packages/airflow/example_dags/example_task_group.py for tasks to queue
[2025-11-28T16:40:47.489+0000] {logging_mixin.py:151} INFO - [2025-11-28T16:40:47.489+0000] {dagbag.py:539} INFO - Filling up the DagBag from /home/airflow/.local/lib/python3.8/site-packages/airflow/example_dags/example_task_group.py
[2025-11-28T16:40:47.501+0000] {processor.py:839} INFO - DAG(s) dict_keys(['example_task_group']) retrieved from /home/airflow/.local/lib/python3.8/site-packages/airflow/example_dags/example_task_group.py
[2025-11-28T16:40:47.536+0000] {logging_mixin.py:151} INFO - [2025-11-28T16:40:47.535+0000] {dag.py:2915} INFO - Sync 1 DAGs
[2025-11-28T16:40:47.613+0000] {logging_mixin.py:151} INFO - [2025-11-28T16:40:47.612+0000] {dag.py:3696} INFO - Setting next_dagrun for example_task_group to 2025-11-27T16:40:47.612587+00:00, run_after=2025-11-28T16:40:47.612587+00:00
[2025-11-28T16:40:47.651+0000] {processor.py:179} INFO - Processing /home/airflow/.local/lib/python3.8/site-packages/airflow/example_dags/example_task_group.py took 0.170 seconds
[2025-11-28T16:47:28.090+0000] {processor.py:157} INFO - Started process (PID=1930) to work on /home/airflow/.local/lib/python3.8/site-packages/airflow/example_dags/example_task_group.py
[2025-11-28T16:47:28.094+0000] {processor.py:829} INFO - Processing file /home/airflow/.local/lib/python3.8/site-packages/airflow/example_dags/example_task_group.py for tasks to queue
[2025-11-28T16:47:28.097+0000] {logging_mixin.py:151} INFO - [2025-11-28T16:47:28.097+0000] {dagbag.py:539} INFO - Filling up the DagBag from /home/airflow/.local/lib/python3.8/site-packages/airflow/example_dags/example_task_group.py
[2025-11-28T16:47:28.113+0000] {processor.py:839} INFO - DAG(s) dict_keys(['example_task_group']) retrieved from /home/airflow/.local/lib/python3.8/site-packages/airflow/example_dags/example_task_group.py
[2025-11-28T16:47:28.152+0000] {logging_mixin.py:151} INFO - [2025-11-28T16:47:28.151+0000] {dag.py:2915} INFO - Sync 1 DAGs
[2025-11-28T16:47:28.175+0000] {logging_mixin.py:151} INFO - [2025-11-28T16:47:28.174+0000] {dag.py:3696} INFO - Setting next_dagrun for example_task_group to 2025-11-27T16:47:28.174483+00:00, run_after=2025-11-28T16:47:28.174483+00:00
[2025-11-28T16:47:28.200+0000] {processor.py:179} INFO - Processing /home/airflow/.local/lib/python3.8/site-packages/airflow/example_dags/example_task_group.py took 0.115 seconds
