[2025-11-28T00:14:47.107+0000] {processor.py:157} INFO - Started process (PID=1754) to work on /home/airflow/.local/lib/python3.8/site-packages/airflow/example_dags/example_branch_datetime_operator.py
[2025-11-28T00:14:47.109+0000] {processor.py:829} INFO - Processing file /home/airflow/.local/lib/python3.8/site-packages/airflow/example_dags/example_branch_datetime_operator.py for tasks to queue
[2025-11-28T00:14:47.112+0000] {logging_mixin.py:151} INFO - [2025-11-28T00:14:47.112+0000] {dagbag.py:539} INFO - Filling up the DagBag from /home/airflow/.local/lib/python3.8/site-packages/airflow/example_dags/example_branch_datetime_operator.py
[2025-11-28T00:14:47.125+0000] {processor.py:839} INFO - DAG(s) dict_keys(['example_branch_datetime_operator_3', 'example_branch_datetime_operator', 'example_branch_datetime_operator_2']) retrieved from /home/airflow/.local/lib/python3.8/site-packages/airflow/example_dags/example_branch_datetime_operator.py
[2025-11-28T00:14:47.160+0000] {logging_mixin.py:151} INFO - [2025-11-28T00:14:47.160+0000] {dag.py:2915} INFO - Sync 3 DAGs
[2025-11-28T00:14:47.186+0000] {logging_mixin.py:151} INFO - [2025-11-28T00:14:47.185+0000] {dag.py:3696} INFO - Setting next_dagrun for example_branch_datetime_operator to 2025-11-27T00:00:00+00:00, run_after=2025-11-28T00:00:00+00:00
[2025-11-28T00:14:47.191+0000] {logging_mixin.py:151} INFO - [2025-11-28T00:14:47.191+0000] {dag.py:3696} INFO - Setting next_dagrun for example_branch_datetime_operator_2 to 2025-11-27T00:00:00+00:00, run_after=2025-11-28T00:00:00+00:00
[2025-11-28T00:14:47.194+0000] {logging_mixin.py:151} INFO - [2025-11-28T00:14:47.194+0000] {dag.py:3696} INFO - Setting next_dagrun for example_branch_datetime_operator_3 to 2025-11-27T00:00:00+00:00, run_after=2025-11-28T00:00:00+00:00
[2025-11-28T00:14:47.220+0000] {processor.py:179} INFO - Processing /home/airflow/.local/lib/python3.8/site-packages/airflow/example_dags/example_branch_datetime_operator.py took 0.118 seconds
[2025-11-28T04:48:50.477+0000] {processor.py:157} INFO - Started process (PID=1808) to work on /home/airflow/.local/lib/python3.8/site-packages/airflow/example_dags/example_branch_datetime_operator.py
[2025-11-28T04:48:50.479+0000] {processor.py:829} INFO - Processing file /home/airflow/.local/lib/python3.8/site-packages/airflow/example_dags/example_branch_datetime_operator.py for tasks to queue
[2025-11-28T04:48:50.481+0000] {logging_mixin.py:151} INFO - [2025-11-28T04:48:50.480+0000] {dagbag.py:539} INFO - Filling up the DagBag from /home/airflow/.local/lib/python3.8/site-packages/airflow/example_dags/example_branch_datetime_operator.py
[2025-11-28T04:48:50.499+0000] {processor.py:839} INFO - DAG(s) dict_keys(['example_branch_datetime_operator_3', 'example_branch_datetime_operator_2', 'example_branch_datetime_operator']) retrieved from /home/airflow/.local/lib/python3.8/site-packages/airflow/example_dags/example_branch_datetime_operator.py
[2025-11-28T04:48:50.553+0000] {logging_mixin.py:151} INFO - [2025-11-28T04:48:50.552+0000] {dag.py:2915} INFO - Sync 3 DAGs
[2025-11-28T04:48:50.590+0000] {logging_mixin.py:151} INFO - [2025-11-28T04:48:50.590+0000] {dag.py:3696} INFO - Setting next_dagrun for example_branch_datetime_operator to 2025-11-27T00:00:00+00:00, run_after=2025-11-28T00:00:00+00:00
[2025-11-28T04:48:50.598+0000] {logging_mixin.py:151} INFO - [2025-11-28T04:48:50.598+0000] {dag.py:3696} INFO - Setting next_dagrun for example_branch_datetime_operator_2 to 2025-11-27T00:00:00+00:00, run_after=2025-11-28T00:00:00+00:00
[2025-11-28T04:48:50.603+0000] {logging_mixin.py:151} INFO - [2025-11-28T04:48:50.603+0000] {dag.py:3696} INFO - Setting next_dagrun for example_branch_datetime_operator_3 to 2025-11-27T00:00:00+00:00, run_after=2025-11-28T00:00:00+00:00
[2025-11-28T04:48:50.653+0000] {processor.py:179} INFO - Processing /home/airflow/.local/lib/python3.8/site-packages/airflow/example_dags/example_branch_datetime_operator.py took 0.180 seconds
[2025-11-28T16:40:48.264+0000] {processor.py:157} INFO - Started process (PID=1868) to work on /home/airflow/.local/lib/python3.8/site-packages/airflow/example_dags/example_branch_datetime_operator.py
[2025-11-28T16:40:48.272+0000] {processor.py:829} INFO - Processing file /home/airflow/.local/lib/python3.8/site-packages/airflow/example_dags/example_branch_datetime_operator.py for tasks to queue
[2025-11-28T16:40:48.297+0000] {logging_mixin.py:151} INFO - [2025-11-28T16:40:48.277+0000] {dagbag.py:539} INFO - Filling up the DagBag from /home/airflow/.local/lib/python3.8/site-packages/airflow/example_dags/example_branch_datetime_operator.py
[2025-11-28T16:40:48.343+0000] {processor.py:839} INFO - DAG(s) dict_keys(['example_branch_datetime_operator_3', 'example_branch_datetime_operator_2', 'example_branch_datetime_operator']) retrieved from /home/airflow/.local/lib/python3.8/site-packages/airflow/example_dags/example_branch_datetime_operator.py
[2025-11-28T16:40:48.420+0000] {logging_mixin.py:151} INFO - [2025-11-28T16:40:48.420+0000] {dag.py:2915} INFO - Sync 3 DAGs
[2025-11-28T16:40:48.478+0000] {logging_mixin.py:151} INFO - [2025-11-28T16:40:48.477+0000] {dag.py:3696} INFO - Setting next_dagrun for example_branch_datetime_operator to 2025-11-27T00:00:00+00:00, run_after=2025-11-28T00:00:00+00:00
[2025-11-28T16:40:48.492+0000] {logging_mixin.py:151} INFO - [2025-11-28T16:40:48.491+0000] {dag.py:3696} INFO - Setting next_dagrun for example_branch_datetime_operator_2 to 2025-11-27T00:00:00+00:00, run_after=2025-11-28T00:00:00+00:00
[2025-11-28T16:40:48.511+0000] {logging_mixin.py:151} INFO - [2025-11-28T16:40:48.510+0000] {dag.py:3696} INFO - Setting next_dagrun for example_branch_datetime_operator_3 to 2025-11-27T00:00:00+00:00, run_after=2025-11-28T00:00:00+00:00
[2025-11-28T16:40:48.550+0000] {processor.py:179} INFO - Processing /home/airflow/.local/lib/python3.8/site-packages/airflow/example_dags/example_branch_datetime_operator.py took 0.294 seconds
[2025-11-28T16:47:28.313+0000] {processor.py:157} INFO - Started process (PID=1933) to work on /home/airflow/.local/lib/python3.8/site-packages/airflow/example_dags/example_branch_datetime_operator.py
[2025-11-28T16:47:28.316+0000] {processor.py:829} INFO - Processing file /home/airflow/.local/lib/python3.8/site-packages/airflow/example_dags/example_branch_datetime_operator.py for tasks to queue
[2025-11-28T16:47:28.318+0000] {logging_mixin.py:151} INFO - [2025-11-28T16:47:28.318+0000] {dagbag.py:539} INFO - Filling up the DagBag from /home/airflow/.local/lib/python3.8/site-packages/airflow/example_dags/example_branch_datetime_operator.py
[2025-11-28T16:47:28.330+0000] {processor.py:839} INFO - DAG(s) dict_keys(['example_branch_datetime_operator_3', 'example_branch_datetime_operator_2', 'example_branch_datetime_operator']) retrieved from /home/airflow/.local/lib/python3.8/site-packages/airflow/example_dags/example_branch_datetime_operator.py
[2025-11-28T16:47:28.379+0000] {logging_mixin.py:151} INFO - [2025-11-28T16:47:28.378+0000] {dag.py:2915} INFO - Sync 3 DAGs
[2025-11-28T16:47:28.433+0000] {logging_mixin.py:151} INFO - [2025-11-28T16:47:28.432+0000] {dag.py:3696} INFO - Setting next_dagrun for example_branch_datetime_operator to 2025-11-27T00:00:00+00:00, run_after=2025-11-28T00:00:00+00:00
[2025-11-28T16:47:28.445+0000] {logging_mixin.py:151} INFO - [2025-11-28T16:47:28.445+0000] {dag.py:3696} INFO - Setting next_dagrun for example_branch_datetime_operator_2 to 2025-11-27T00:00:00+00:00, run_after=2025-11-28T00:00:00+00:00
[2025-11-28T16:47:28.449+0000] {logging_mixin.py:151} INFO - [2025-11-28T16:47:28.449+0000] {dag.py:3696} INFO - Setting next_dagrun for example_branch_datetime_operator_3 to 2025-11-27T00:00:00+00:00, run_after=2025-11-28T00:00:00+00:00
[2025-11-28T16:47:28.478+0000] {processor.py:179} INFO - Processing /home/airflow/.local/lib/python3.8/site-packages/airflow/example_dags/example_branch_datetime_operator.py took 0.168 seconds
