[2025-11-28T00:14:44.701+0000] {processor.py:157} INFO - Started process (PID=1729) to work on /home/airflow/.local/lib/python3.8/site-packages/airflow/example_dags/example_sensors.py
[2025-11-28T00:14:44.703+0000] {processor.py:829} INFO - Processing file /home/airflow/.local/lib/python3.8/site-packages/airflow/example_dags/example_sensors.py for tasks to queue
[2025-11-28T00:14:44.707+0000] {logging_mixin.py:151} INFO - [2025-11-28T00:14:44.706+0000] {dagbag.py:539} INFO - Filling up the DagBag from /home/airflow/.local/lib/python3.8/site-packages/airflow/example_dags/example_sensors.py
[2025-11-28T00:14:44.732+0000] {processor.py:839} INFO - DAG(s) dict_keys(['example_sensors']) retrieved from /home/airflow/.local/lib/python3.8/site-packages/airflow/example_dags/example_sensors.py
[2025-11-28T00:14:44.795+0000] {logging_mixin.py:151} INFO - [2025-11-28T00:14:44.794+0000] {dag.py:2915} INFO - Sync 1 DAGs
[2025-11-28T00:14:44.816+0000] {logging_mixin.py:151} INFO - [2025-11-28T00:14:44.816+0000] {dag.py:3696} INFO - Setting next_dagrun for example_sensors to None, run_after=None
[2025-11-28T00:14:44.862+0000] {processor.py:179} INFO - Processing /home/airflow/.local/lib/python3.8/site-packages/airflow/example_dags/example_sensors.py took 0.172 seconds
[2025-11-28T04:48:43.867+0000] {processor.py:157} INFO - Started process (PID=1780) to work on /home/airflow/.local/lib/python3.8/site-packages/airflow/example_dags/example_sensors.py
[2025-11-28T04:48:43.870+0000] {processor.py:829} INFO - Processing file /home/airflow/.local/lib/python3.8/site-packages/airflow/example_dags/example_sensors.py for tasks to queue
[2025-11-28T04:48:43.883+0000] {logging_mixin.py:151} INFO - [2025-11-28T04:48:43.882+0000] {dagbag.py:539} INFO - Filling up the DagBag from /home/airflow/.local/lib/python3.8/site-packages/airflow/example_dags/example_sensors.py
[2025-11-28T04:48:43.947+0000] {processor.py:839} INFO - DAG(s) dict_keys(['example_sensors']) retrieved from /home/airflow/.local/lib/python3.8/site-packages/airflow/example_dags/example_sensors.py
[2025-11-28T04:48:44.073+0000] {logging_mixin.py:151} INFO - [2025-11-28T04:48:44.073+0000] {dag.py:2915} INFO - Sync 1 DAGs
[2025-11-28T04:48:44.098+0000] {logging_mixin.py:151} INFO - [2025-11-28T04:48:44.098+0000] {dag.py:3696} INFO - Setting next_dagrun for example_sensors to None, run_after=None
[2025-11-28T04:48:44.345+0000] {processor.py:179} INFO - Processing /home/airflow/.local/lib/python3.8/site-packages/airflow/example_dags/example_sensors.py took 0.484 seconds
[2025-11-28T08:27:49.386+0000] {processor.py:157} INFO - Started process (PID=1834) to work on /home/airflow/.local/lib/python3.8/site-packages/airflow/example_dags/example_sensors.py
[2025-11-28T08:27:49.388+0000] {processor.py:829} INFO - Processing file /home/airflow/.local/lib/python3.8/site-packages/airflow/example_dags/example_sensors.py for tasks to queue
[2025-11-28T08:27:49.390+0000] {logging_mixin.py:151} INFO - [2025-11-28T08:27:49.390+0000] {dagbag.py:539} INFO - Filling up the DagBag from /home/airflow/.local/lib/python3.8/site-packages/airflow/example_dags/example_sensors.py
[2025-11-28T08:27:49.410+0000] {processor.py:839} INFO - DAG(s) dict_keys(['example_sensors']) retrieved from /home/airflow/.local/lib/python3.8/site-packages/airflow/example_dags/example_sensors.py
[2025-11-28T08:27:49.464+0000] {logging_mixin.py:151} INFO - [2025-11-28T08:27:49.464+0000] {dag.py:2915} INFO - Sync 1 DAGs
[2025-11-28T08:27:49.509+0000] {logging_mixin.py:151} INFO - [2025-11-28T08:27:49.509+0000] {dag.py:3696} INFO - Setting next_dagrun for example_sensors to None, run_after=None
[2025-11-28T08:27:49.595+0000] {processor.py:179} INFO - Processing /home/airflow/.local/lib/python3.8/site-packages/airflow/example_dags/example_sensors.py took 0.215 seconds
[2025-11-28T16:40:49.416+0000] {processor.py:157} INFO - Started process (PID=1876) to work on /home/airflow/.local/lib/python3.8/site-packages/airflow/example_dags/example_sensors.py
[2025-11-28T16:40:49.418+0000] {processor.py:829} INFO - Processing file /home/airflow/.local/lib/python3.8/site-packages/airflow/example_dags/example_sensors.py for tasks to queue
[2025-11-28T16:40:49.420+0000] {logging_mixin.py:151} INFO - [2025-11-28T16:40:49.419+0000] {dagbag.py:539} INFO - Filling up the DagBag from /home/airflow/.local/lib/python3.8/site-packages/airflow/example_dags/example_sensors.py
[2025-11-28T16:40:49.443+0000] {processor.py:839} INFO - DAG(s) dict_keys(['example_sensors']) retrieved from /home/airflow/.local/lib/python3.8/site-packages/airflow/example_dags/example_sensors.py
[2025-11-28T16:40:49.495+0000] {logging_mixin.py:151} INFO - [2025-11-28T16:40:49.494+0000] {dag.py:2915} INFO - Sync 1 DAGs
[2025-11-28T16:40:49.518+0000] {logging_mixin.py:151} INFO - [2025-11-28T16:40:49.518+0000] {dag.py:3696} INFO - Setting next_dagrun for example_sensors to None, run_after=None
[2025-11-28T16:40:49.552+0000] {processor.py:179} INFO - Processing /home/airflow/.local/lib/python3.8/site-packages/airflow/example_dags/example_sensors.py took 0.142 seconds
[2025-11-28T16:47:23.982+0000] {processor.py:157} INFO - Started process (PID=1905) to work on /home/airflow/.local/lib/python3.8/site-packages/airflow/example_dags/example_sensors.py
[2025-11-28T16:47:23.985+0000] {processor.py:829} INFO - Processing file /home/airflow/.local/lib/python3.8/site-packages/airflow/example_dags/example_sensors.py for tasks to queue
[2025-11-28T16:47:23.988+0000] {logging_mixin.py:151} INFO - [2025-11-28T16:47:23.987+0000] {dagbag.py:539} INFO - Filling up the DagBag from /home/airflow/.local/lib/python3.8/site-packages/airflow/example_dags/example_sensors.py
[2025-11-28T16:47:24.020+0000] {processor.py:839} INFO - DAG(s) dict_keys(['example_sensors']) retrieved from /home/airflow/.local/lib/python3.8/site-packages/airflow/example_dags/example_sensors.py
[2025-11-28T16:47:24.219+0000] {logging_mixin.py:151} INFO - [2025-11-28T16:47:24.218+0000] {dag.py:2915} INFO - Sync 1 DAGs
[2025-11-28T16:47:24.309+0000] {logging_mixin.py:151} INFO - [2025-11-28T16:47:24.309+0000] {dag.py:3696} INFO - Setting next_dagrun for example_sensors to None, run_after=None
[2025-11-28T16:47:24.347+0000] {processor.py:179} INFO - Processing /home/airflow/.local/lib/python3.8/site-packages/airflow/example_dags/example_sensors.py took 0.371 seconds
