[2025-11-28T00:14:46.467+0000] {processor.py:157} INFO - Started process (PID=1746) to work on /home/airflow/.local/lib/python3.8/site-packages/airflow/example_dags/example_xcomargs.py
[2025-11-28T00:14:46.469+0000] {processor.py:829} INFO - Processing file /home/airflow/.local/lib/python3.8/site-packages/airflow/example_dags/example_xcomargs.py for tasks to queue
[2025-11-28T00:14:46.475+0000] {logging_mixin.py:151} INFO - [2025-11-28T00:14:46.474+0000] {dagbag.py:539} INFO - Filling up the DagBag from /home/airflow/.local/lib/python3.8/site-packages/airflow/example_dags/example_xcomargs.py
[2025-11-28T00:14:46.486+0000] {processor.py:839} INFO - DAG(s) dict_keys(['example_xcom_args_with_operators', 'example_xcom_args']) retrieved from /home/airflow/.local/lib/python3.8/site-packages/airflow/example_dags/example_xcomargs.py
[2025-11-28T00:14:46.531+0000] {logging_mixin.py:151} INFO - [2025-11-28T00:14:46.530+0000] {dag.py:2915} INFO - Sync 2 DAGs
[2025-11-28T00:14:46.550+0000] {logging_mixin.py:151} INFO - [2025-11-28T00:14:46.550+0000] {dag.py:3696} INFO - Setting next_dagrun for example_xcom_args to None, run_after=None
[2025-11-28T00:14:46.560+0000] {logging_mixin.py:151} INFO - [2025-11-28T00:14:46.560+0000] {dag.py:3696} INFO - Setting next_dagrun for example_xcom_args_with_operators to None, run_after=None
[2025-11-28T00:14:46.594+0000] {processor.py:179} INFO - Processing /home/airflow/.local/lib/python3.8/site-packages/airflow/example_dags/example_xcomargs.py took 0.133 seconds
[2025-11-28T04:48:48.171+0000] {processor.py:157} INFO - Started process (PID=1797) to work on /home/airflow/.local/lib/python3.8/site-packages/airflow/example_dags/example_xcomargs.py
[2025-11-28T04:48:48.172+0000] {processor.py:829} INFO - Processing file /home/airflow/.local/lib/python3.8/site-packages/airflow/example_dags/example_xcomargs.py for tasks to queue
[2025-11-28T04:48:48.174+0000] {logging_mixin.py:151} INFO - [2025-11-28T04:48:48.173+0000] {dagbag.py:539} INFO - Filling up the DagBag from /home/airflow/.local/lib/python3.8/site-packages/airflow/example_dags/example_xcomargs.py
[2025-11-28T04:48:48.188+0000] {processor.py:839} INFO - DAG(s) dict_keys(['example_xcom_args', 'example_xcom_args_with_operators']) retrieved from /home/airflow/.local/lib/python3.8/site-packages/airflow/example_dags/example_xcomargs.py
[2025-11-28T04:48:48.240+0000] {logging_mixin.py:151} INFO - [2025-11-28T04:48:48.239+0000] {dag.py:2915} INFO - Sync 2 DAGs
[2025-11-28T04:48:48.261+0000] {logging_mixin.py:151} INFO - [2025-11-28T04:48:48.261+0000] {dag.py:3696} INFO - Setting next_dagrun for example_xcom_args to None, run_after=None
[2025-11-28T04:48:48.274+0000] {logging_mixin.py:151} INFO - [2025-11-28T04:48:48.273+0000] {dag.py:3696} INFO - Setting next_dagrun for example_xcom_args_with_operators to None, run_after=None
[2025-11-28T04:48:48.538+0000] {processor.py:179} INFO - Processing /home/airflow/.local/lib/python3.8/site-packages/airflow/example_dags/example_xcomargs.py took 0.376 seconds
[2025-11-28T16:40:45.943+0000] {processor.py:157} INFO - Started process (PID=1857) to work on /home/airflow/.local/lib/python3.8/site-packages/airflow/example_dags/example_xcomargs.py
[2025-11-28T16:40:45.963+0000] {processor.py:829} INFO - Processing file /home/airflow/.local/lib/python3.8/site-packages/airflow/example_dags/example_xcomargs.py for tasks to queue
[2025-11-28T16:40:45.965+0000] {logging_mixin.py:151} INFO - [2025-11-28T16:40:45.965+0000] {dagbag.py:539} INFO - Filling up the DagBag from /home/airflow/.local/lib/python3.8/site-packages/airflow/example_dags/example_xcomargs.py
[2025-11-28T16:40:45.980+0000] {processor.py:839} INFO - DAG(s) dict_keys(['example_xcom_args', 'example_xcom_args_with_operators']) retrieved from /home/airflow/.local/lib/python3.8/site-packages/airflow/example_dags/example_xcomargs.py
[2025-11-28T16:40:46.333+0000] {logging_mixin.py:151} INFO - [2025-11-28T16:40:46.332+0000] {dag.py:2915} INFO - Sync 2 DAGs
[2025-11-28T16:40:46.371+0000] {logging_mixin.py:151} INFO - [2025-11-28T16:40:46.370+0000] {dag.py:3696} INFO - Setting next_dagrun for example_xcom_args to None, run_after=None
[2025-11-28T16:40:46.465+0000] {logging_mixin.py:151} INFO - [2025-11-28T16:40:46.464+0000] {dag.py:3696} INFO - Setting next_dagrun for example_xcom_args_with_operators to None, run_after=None
[2025-11-28T16:40:46.570+0000] {processor.py:179} INFO - Processing /home/airflow/.local/lib/python3.8/site-packages/airflow/example_dags/example_xcomargs.py took 0.643 seconds
[2025-11-28T16:47:27.100+0000] {processor.py:157} INFO - Started process (PID=1922) to work on /home/airflow/.local/lib/python3.8/site-packages/airflow/example_dags/example_xcomargs.py
[2025-11-28T16:47:27.102+0000] {processor.py:829} INFO - Processing file /home/airflow/.local/lib/python3.8/site-packages/airflow/example_dags/example_xcomargs.py for tasks to queue
[2025-11-28T16:47:27.105+0000] {logging_mixin.py:151} INFO - [2025-11-28T16:47:27.104+0000] {dagbag.py:539} INFO - Filling up the DagBag from /home/airflow/.local/lib/python3.8/site-packages/airflow/example_dags/example_xcomargs.py
[2025-11-28T16:47:27.121+0000] {processor.py:839} INFO - DAG(s) dict_keys(['example_xcom_args_with_operators', 'example_xcom_args']) retrieved from /home/airflow/.local/lib/python3.8/site-packages/airflow/example_dags/example_xcomargs.py
[2025-11-28T16:47:27.171+0000] {logging_mixin.py:151} INFO - [2025-11-28T16:47:27.171+0000] {dag.py:2915} INFO - Sync 2 DAGs
[2025-11-28T16:47:27.188+0000] {logging_mixin.py:151} INFO - [2025-11-28T16:47:27.187+0000] {dag.py:3696} INFO - Setting next_dagrun for example_xcom_args to None, run_after=None
[2025-11-28T16:47:27.192+0000] {logging_mixin.py:151} INFO - [2025-11-28T16:47:27.192+0000] {dag.py:3696} INFO - Setting next_dagrun for example_xcom_args_with_operators to None, run_after=None
[2025-11-28T16:47:27.216+0000] {processor.py:179} INFO - Processing /home/airflow/.local/lib/python3.8/site-packages/airflow/example_dags/example_xcomargs.py took 0.122 seconds
