[2025-11-28T00:14:45.911+0000] {processor.py:157} INFO - Started process (PID=1739) to work on /home/airflow/.local/lib/python3.8/site-packages/airflow/example_dags/example_branch_python_dop_operator_3.py
[2025-11-28T00:14:45.912+0000] {processor.py:829} INFO - Processing file /home/airflow/.local/lib/python3.8/site-packages/airflow/example_dags/example_branch_python_dop_operator_3.py for tasks to queue
[2025-11-28T00:14:45.917+0000] {logging_mixin.py:151} INFO - [2025-11-28T00:14:45.916+0000] {dagbag.py:539} INFO - Filling up the DagBag from /home/airflow/.local/lib/python3.8/site-packages/airflow/example_dags/example_branch_python_dop_operator_3.py
[2025-11-28T00:14:45.928+0000] {processor.py:839} INFO - DAG(s) dict_keys(['example_branch_dop_operator_v3']) retrieved from /home/airflow/.local/lib/python3.8/site-packages/airflow/example_dags/example_branch_python_dop_operator_3.py
[2025-11-28T00:14:45.966+0000] {logging_mixin.py:151} INFO - [2025-11-28T00:14:45.965+0000] {dag.py:2915} INFO - Sync 1 DAGs
[2025-11-28T00:14:46.005+0000] {logging_mixin.py:151} INFO - [2025-11-28T00:14:46.005+0000] {dag.py:3696} INFO - Setting next_dagrun for example_branch_dop_operator_v3 to 2025-11-28T00:13:00+00:00, run_after=2025-11-28T00:14:00+00:00
[2025-11-28T00:14:46.044+0000] {processor.py:179} INFO - Processing /home/airflow/.local/lib/python3.8/site-packages/airflow/example_dags/example_branch_python_dop_operator_3.py took 0.138 seconds
[2025-11-28T04:48:46.933+0000] {processor.py:157} INFO - Started process (PID=1790) to work on /home/airflow/.local/lib/python3.8/site-packages/airflow/example_dags/example_branch_python_dop_operator_3.py
[2025-11-28T04:48:46.935+0000] {processor.py:829} INFO - Processing file /home/airflow/.local/lib/python3.8/site-packages/airflow/example_dags/example_branch_python_dop_operator_3.py for tasks to queue
[2025-11-28T04:48:46.936+0000] {logging_mixin.py:151} INFO - [2025-11-28T04:48:46.936+0000] {dagbag.py:539} INFO - Filling up the DagBag from /home/airflow/.local/lib/python3.8/site-packages/airflow/example_dags/example_branch_python_dop_operator_3.py
[2025-11-28T04:48:46.952+0000] {processor.py:839} INFO - DAG(s) dict_keys(['example_branch_dop_operator_v3']) retrieved from /home/airflow/.local/lib/python3.8/site-packages/airflow/example_dags/example_branch_python_dop_operator_3.py
[2025-11-28T04:48:46.987+0000] {logging_mixin.py:151} INFO - [2025-11-28T04:48:46.987+0000] {dag.py:2915} INFO - Sync 1 DAGs
[2025-11-28T04:48:47.060+0000] {logging_mixin.py:151} INFO - [2025-11-28T04:48:47.060+0000] {dag.py:3696} INFO - Setting next_dagrun for example_branch_dop_operator_v3 to 2025-11-28T04:47:00+00:00, run_after=2025-11-28T04:48:00+00:00
[2025-11-28T04:48:47.096+0000] {processor.py:179} INFO - Processing /home/airflow/.local/lib/python3.8/site-packages/airflow/example_dags/example_branch_python_dop_operator_3.py took 0.168 seconds
[2025-11-28T16:40:44.511+0000] {processor.py:157} INFO - Started process (PID=1850) to work on /home/airflow/.local/lib/python3.8/site-packages/airflow/example_dags/example_branch_python_dop_operator_3.py
[2025-11-28T16:40:44.514+0000] {processor.py:829} INFO - Processing file /home/airflow/.local/lib/python3.8/site-packages/airflow/example_dags/example_branch_python_dop_operator_3.py for tasks to queue
[2025-11-28T16:40:44.515+0000] {logging_mixin.py:151} INFO - [2025-11-28T16:40:44.515+0000] {dagbag.py:539} INFO - Filling up the DagBag from /home/airflow/.local/lib/python3.8/site-packages/airflow/example_dags/example_branch_python_dop_operator_3.py
[2025-11-28T16:40:44.546+0000] {processor.py:839} INFO - DAG(s) dict_keys(['example_branch_dop_operator_v3']) retrieved from /home/airflow/.local/lib/python3.8/site-packages/airflow/example_dags/example_branch_python_dop_operator_3.py
[2025-11-28T16:40:44.606+0000] {logging_mixin.py:151} INFO - [2025-11-28T16:40:44.605+0000] {dag.py:2915} INFO - Sync 1 DAGs
[2025-11-28T16:40:44.687+0000] {logging_mixin.py:151} INFO - [2025-11-28T16:40:44.687+0000] {dag.py:3696} INFO - Setting next_dagrun for example_branch_dop_operator_v3 to 2025-11-28T16:39:00+00:00, run_after=2025-11-28T16:40:00+00:00
[2025-11-28T16:40:44.733+0000] {processor.py:179} INFO - Processing /home/airflow/.local/lib/python3.8/site-packages/airflow/example_dags/example_branch_python_dop_operator_3.py took 0.229 seconds
[2025-11-28T16:47:26.013+0000] {processor.py:157} INFO - Started process (PID=1915) to work on /home/airflow/.local/lib/python3.8/site-packages/airflow/example_dags/example_branch_python_dop_operator_3.py
[2025-11-28T16:47:26.016+0000] {processor.py:829} INFO - Processing file /home/airflow/.local/lib/python3.8/site-packages/airflow/example_dags/example_branch_python_dop_operator_3.py for tasks to queue
[2025-11-28T16:47:26.021+0000] {logging_mixin.py:151} INFO - [2025-11-28T16:47:26.021+0000] {dagbag.py:539} INFO - Filling up the DagBag from /home/airflow/.local/lib/python3.8/site-packages/airflow/example_dags/example_branch_python_dop_operator_3.py
[2025-11-28T16:47:26.051+0000] {processor.py:839} INFO - DAG(s) dict_keys(['example_branch_dop_operator_v3']) retrieved from /home/airflow/.local/lib/python3.8/site-packages/airflow/example_dags/example_branch_python_dop_operator_3.py
[2025-11-28T16:47:26.125+0000] {logging_mixin.py:151} INFO - [2025-11-28T16:47:26.124+0000] {dag.py:2915} INFO - Sync 1 DAGs
[2025-11-28T16:47:26.188+0000] {logging_mixin.py:151} INFO - [2025-11-28T16:47:26.188+0000] {dag.py:3696} INFO - Setting next_dagrun for example_branch_dop_operator_v3 to 2025-11-28T16:46:00+00:00, run_after=2025-11-28T16:47:00+00:00
[2025-11-28T16:47:26.227+0000] {processor.py:179} INFO - Processing /home/airflow/.local/lib/python3.8/site-packages/airflow/example_dags/example_branch_python_dop_operator_3.py took 0.221 seconds
