[2025-11-28T00:14:45.042+0000] {processor.py:157} INFO - Started process (PID=1732) to work on /home/airflow/.local/lib/python3.8/site-packages/airflow/example_dags/example_setup_teardown_taskflow.py
[2025-11-28T00:14:45.044+0000] {processor.py:829} INFO - Processing file /home/airflow/.local/lib/python3.8/site-packages/airflow/example_dags/example_setup_teardown_taskflow.py for tasks to queue
[2025-11-28T00:14:45.048+0000] {logging_mixin.py:151} INFO - [2025-11-28T00:14:45.048+0000] {dagbag.py:539} INFO - Filling up the DagBag from /home/airflow/.local/lib/python3.8/site-packages/airflow/example_dags/example_setup_teardown_taskflow.py
[2025-11-28T00:14:45.063+0000] {processor.py:839} INFO - DAG(s) dict_keys(['example_setup_teardown_taskflow']) retrieved from /home/airflow/.local/lib/python3.8/site-packages/airflow/example_dags/example_setup_teardown_taskflow.py
[2025-11-28T00:14:45.094+0000] {logging_mixin.py:151} INFO - [2025-11-28T00:14:45.094+0000] {dag.py:2915} INFO - Sync 1 DAGs
[2025-11-28T00:14:45.124+0000] {logging_mixin.py:151} INFO - [2025-11-28T00:14:45.124+0000] {dag.py:3696} INFO - Setting next_dagrun for example_setup_teardown_taskflow to 2025-11-27T00:14:45.124185+00:00, run_after=2025-11-28T00:14:45.124185+00:00
[2025-11-28T00:14:45.151+0000] {processor.py:179} INFO - Processing /home/airflow/.local/lib/python3.8/site-packages/airflow/example_dags/example_setup_teardown_taskflow.py took 0.114 seconds
[2025-11-28T04:48:45.352+0000] {processor.py:157} INFO - Started process (PID=1783) to work on /home/airflow/.local/lib/python3.8/site-packages/airflow/example_dags/example_setup_teardown_taskflow.py
[2025-11-28T04:48:45.353+0000] {processor.py:829} INFO - Processing file /home/airflow/.local/lib/python3.8/site-packages/airflow/example_dags/example_setup_teardown_taskflow.py for tasks to queue
[2025-11-28T04:48:45.356+0000] {logging_mixin.py:151} INFO - [2025-11-28T04:48:45.355+0000] {dagbag.py:539} INFO - Filling up the DagBag from /home/airflow/.local/lib/python3.8/site-packages/airflow/example_dags/example_setup_teardown_taskflow.py
[2025-11-28T04:48:45.404+0000] {processor.py:839} INFO - DAG(s) dict_keys(['example_setup_teardown_taskflow']) retrieved from /home/airflow/.local/lib/python3.8/site-packages/airflow/example_dags/example_setup_teardown_taskflow.py
[2025-11-28T04:48:45.458+0000] {logging_mixin.py:151} INFO - [2025-11-28T04:48:45.458+0000] {dag.py:2915} INFO - Sync 1 DAGs
[2025-11-28T04:48:45.536+0000] {logging_mixin.py:151} INFO - [2025-11-28T04:48:45.536+0000] {dag.py:3696} INFO - Setting next_dagrun for example_setup_teardown_taskflow to 2025-11-27T04:48:45.535658+00:00, run_after=2025-11-28T04:48:45.535658+00:00
[2025-11-28T04:48:45.578+0000] {processor.py:179} INFO - Processing /home/airflow/.local/lib/python3.8/site-packages/airflow/example_dags/example_setup_teardown_taskflow.py took 0.262 seconds
[2025-11-28T08:27:49.828+0000] {processor.py:157} INFO - Started process (PID=1837) to work on /home/airflow/.local/lib/python3.8/site-packages/airflow/example_dags/example_setup_teardown_taskflow.py
[2025-11-28T08:27:49.831+0000] {processor.py:829} INFO - Processing file /home/airflow/.local/lib/python3.8/site-packages/airflow/example_dags/example_setup_teardown_taskflow.py for tasks to queue
[2025-11-28T08:27:49.835+0000] {logging_mixin.py:151} INFO - [2025-11-28T08:27:49.834+0000] {dagbag.py:539} INFO - Filling up the DagBag from /home/airflow/.local/lib/python3.8/site-packages/airflow/example_dags/example_setup_teardown_taskflow.py
[2025-11-28T08:27:49.854+0000] {processor.py:839} INFO - DAG(s) dict_keys(['example_setup_teardown_taskflow']) retrieved from /home/airflow/.local/lib/python3.8/site-packages/airflow/example_dags/example_setup_teardown_taskflow.py
[2025-11-28T08:27:49.898+0000] {logging_mixin.py:151} INFO - [2025-11-28T08:27:49.898+0000] {dag.py:2915} INFO - Sync 1 DAGs
[2025-11-28T08:27:49.943+0000] {logging_mixin.py:151} INFO - [2025-11-28T08:27:49.940+0000] {dag.py:3696} INFO - Setting next_dagrun for example_setup_teardown_taskflow to 2025-11-27T08:27:49.939936+00:00, run_after=2025-11-28T08:27:49.939936+00:00
[2025-11-28T08:27:49.995+0000] {processor.py:179} INFO - Processing /home/airflow/.local/lib/python3.8/site-packages/airflow/example_dags/example_setup_teardown_taskflow.py took 0.173 seconds
[2025-11-28T16:40:49.587+0000] {processor.py:157} INFO - Started process (PID=1878) to work on /home/airflow/.local/lib/python3.8/site-packages/airflow/example_dags/example_setup_teardown_taskflow.py
[2025-11-28T16:40:49.589+0000] {processor.py:829} INFO - Processing file /home/airflow/.local/lib/python3.8/site-packages/airflow/example_dags/example_setup_teardown_taskflow.py for tasks to queue
[2025-11-28T16:40:49.591+0000] {logging_mixin.py:151} INFO - [2025-11-28T16:40:49.590+0000] {dagbag.py:539} INFO - Filling up the DagBag from /home/airflow/.local/lib/python3.8/site-packages/airflow/example_dags/example_setup_teardown_taskflow.py
[2025-11-28T16:40:49.615+0000] {processor.py:839} INFO - DAG(s) dict_keys(['example_setup_teardown_taskflow']) retrieved from /home/airflow/.local/lib/python3.8/site-packages/airflow/example_dags/example_setup_teardown_taskflow.py
[2025-11-28T16:40:49.660+0000] {logging_mixin.py:151} INFO - [2025-11-28T16:40:49.659+0000] {dag.py:2915} INFO - Sync 1 DAGs
[2025-11-28T16:40:49.705+0000] {logging_mixin.py:151} INFO - [2025-11-28T16:40:49.704+0000] {dag.py:3696} INFO - Setting next_dagrun for example_setup_teardown_taskflow to 2025-11-27T16:40:49.703851+00:00, run_after=2025-11-28T16:40:49.703851+00:00
[2025-11-28T16:40:49.750+0000] {processor.py:179} INFO - Processing /home/airflow/.local/lib/python3.8/site-packages/airflow/example_dags/example_setup_teardown_taskflow.py took 0.168 seconds
[2025-11-28T16:47:24.661+0000] {processor.py:157} INFO - Started process (PID=1908) to work on /home/airflow/.local/lib/python3.8/site-packages/airflow/example_dags/example_setup_teardown_taskflow.py
[2025-11-28T16:47:24.666+0000] {processor.py:829} INFO - Processing file /home/airflow/.local/lib/python3.8/site-packages/airflow/example_dags/example_setup_teardown_taskflow.py for tasks to queue
[2025-11-28T16:47:24.671+0000] {logging_mixin.py:151} INFO - [2025-11-28T16:47:24.671+0000] {dagbag.py:539} INFO - Filling up the DagBag from /home/airflow/.local/lib/python3.8/site-packages/airflow/example_dags/example_setup_teardown_taskflow.py
[2025-11-28T16:47:24.758+0000] {processor.py:839} INFO - DAG(s) dict_keys(['example_setup_teardown_taskflow']) retrieved from /home/airflow/.local/lib/python3.8/site-packages/airflow/example_dags/example_setup_teardown_taskflow.py
[2025-11-28T16:47:24.823+0000] {logging_mixin.py:151} INFO - [2025-11-28T16:47:24.822+0000] {dag.py:2915} INFO - Sync 1 DAGs
[2025-11-28T16:47:24.877+0000] {logging_mixin.py:151} INFO - [2025-11-28T16:47:24.877+0000] {dag.py:3696} INFO - Setting next_dagrun for example_setup_teardown_taskflow to 2025-11-27T16:47:24.876865+00:00, run_after=2025-11-28T16:47:24.876865+00:00
[2025-11-28T16:47:24.913+0000] {processor.py:179} INFO - Processing /home/airflow/.local/lib/python3.8/site-packages/airflow/example_dags/example_setup_teardown_taskflow.py took 0.259 seconds
