[2025-11-28T00:14:44.471+0000] {processor.py:157} INFO - Started process (PID=1728) to work on /home/airflow/.local/lib/python3.8/site-packages/airflow/example_dags/example_time_delta_sensor_async.py
[2025-11-28T00:14:44.473+0000] {processor.py:829} INFO - Processing file /home/airflow/.local/lib/python3.8/site-packages/airflow/example_dags/example_time_delta_sensor_async.py for tasks to queue
[2025-11-28T00:14:44.479+0000] {logging_mixin.py:151} INFO - [2025-11-28T00:14:44.478+0000] {dagbag.py:539} INFO - Filling up the DagBag from /home/airflow/.local/lib/python3.8/site-packages/airflow/example_dags/example_time_delta_sensor_async.py
[2025-11-28T00:14:44.488+0000] {processor.py:839} INFO - DAG(s) dict_keys(['example_time_delta_sensor_async']) retrieved from /home/airflow/.local/lib/python3.8/site-packages/airflow/example_dags/example_time_delta_sensor_async.py
[2025-11-28T00:14:44.526+0000] {logging_mixin.py:151} INFO - [2025-11-28T00:14:44.525+0000] {dag.py:2915} INFO - Sync 1 DAGs
[2025-11-28T00:14:44.551+0000] {logging_mixin.py:151} INFO - [2025-11-28T00:14:44.551+0000] {dag.py:3696} INFO - Setting next_dagrun for example_time_delta_sensor_async to None, run_after=None
[2025-11-28T00:14:44.654+0000] {processor.py:179} INFO - Processing /home/airflow/.local/lib/python3.8/site-packages/airflow/example_dags/example_time_delta_sensor_async.py took 0.188 seconds
[2025-11-28T04:48:43.399+0000] {processor.py:157} INFO - Started process (PID=1779) to work on /home/airflow/.local/lib/python3.8/site-packages/airflow/example_dags/example_time_delta_sensor_async.py
[2025-11-28T04:48:43.401+0000] {processor.py:829} INFO - Processing file /home/airflow/.local/lib/python3.8/site-packages/airflow/example_dags/example_time_delta_sensor_async.py for tasks to queue
[2025-11-28T04:48:43.402+0000] {logging_mixin.py:151} INFO - [2025-11-28T04:48:43.401+0000] {dagbag.py:539} INFO - Filling up the DagBag from /home/airflow/.local/lib/python3.8/site-packages/airflow/example_dags/example_time_delta_sensor_async.py
[2025-11-28T04:48:43.410+0000] {processor.py:839} INFO - DAG(s) dict_keys(['example_time_delta_sensor_async']) retrieved from /home/airflow/.local/lib/python3.8/site-packages/airflow/example_dags/example_time_delta_sensor_async.py
[2025-11-28T04:48:43.462+0000] {logging_mixin.py:151} INFO - [2025-11-28T04:48:43.462+0000] {dag.py:2915} INFO - Sync 1 DAGs
[2025-11-28T04:48:43.648+0000] {logging_mixin.py:151} INFO - [2025-11-28T04:48:43.647+0000] {dag.py:3696} INFO - Setting next_dagrun for example_time_delta_sensor_async to None, run_after=None
[2025-11-28T04:48:43.870+0000] {processor.py:179} INFO - Processing /home/airflow/.local/lib/python3.8/site-packages/airflow/example_dags/example_time_delta_sensor_async.py took 0.476 seconds
[2025-11-28T08:27:49.069+0000] {processor.py:157} INFO - Started process (PID=1833) to work on /home/airflow/.local/lib/python3.8/site-packages/airflow/example_dags/example_time_delta_sensor_async.py
[2025-11-28T08:27:49.072+0000] {processor.py:829} INFO - Processing file /home/airflow/.local/lib/python3.8/site-packages/airflow/example_dags/example_time_delta_sensor_async.py for tasks to queue
[2025-11-28T08:27:49.124+0000] {logging_mixin.py:151} INFO - [2025-11-28T08:27:49.123+0000] {dagbag.py:539} INFO - Filling up the DagBag from /home/airflow/.local/lib/python3.8/site-packages/airflow/example_dags/example_time_delta_sensor_async.py
[2025-11-28T08:27:49.142+0000] {processor.py:839} INFO - DAG(s) dict_keys(['example_time_delta_sensor_async']) retrieved from /home/airflow/.local/lib/python3.8/site-packages/airflow/example_dags/example_time_delta_sensor_async.py
[2025-11-28T08:27:49.271+0000] {logging_mixin.py:151} INFO - [2025-11-28T08:27:49.271+0000] {dag.py:2915} INFO - Sync 1 DAGs
[2025-11-28T08:27:49.315+0000] {logging_mixin.py:151} INFO - [2025-11-28T08:27:49.315+0000] {dag.py:3696} INFO - Setting next_dagrun for example_time_delta_sensor_async to None, run_after=None
[2025-11-28T08:27:49.357+0000] {processor.py:179} INFO - Processing /home/airflow/.local/lib/python3.8/site-packages/airflow/example_dags/example_time_delta_sensor_async.py took 0.294 seconds
[2025-11-28T16:40:49.216+0000] {processor.py:157} INFO - Started process (PID=1875) to work on /home/airflow/.local/lib/python3.8/site-packages/airflow/example_dags/example_time_delta_sensor_async.py
[2025-11-28T16:40:49.219+0000] {processor.py:829} INFO - Processing file /home/airflow/.local/lib/python3.8/site-packages/airflow/example_dags/example_time_delta_sensor_async.py for tasks to queue
[2025-11-28T16:40:49.222+0000] {logging_mixin.py:151} INFO - [2025-11-28T16:40:49.220+0000] {dagbag.py:539} INFO - Filling up the DagBag from /home/airflow/.local/lib/python3.8/site-packages/airflow/example_dags/example_time_delta_sensor_async.py
[2025-11-28T16:40:49.239+0000] {processor.py:839} INFO - DAG(s) dict_keys(['example_time_delta_sensor_async']) retrieved from /home/airflow/.local/lib/python3.8/site-packages/airflow/example_dags/example_time_delta_sensor_async.py
[2025-11-28T16:40:49.298+0000] {logging_mixin.py:151} INFO - [2025-11-28T16:40:49.297+0000] {dag.py:2915} INFO - Sync 1 DAGs
[2025-11-28T16:40:49.331+0000] {logging_mixin.py:151} INFO - [2025-11-28T16:40:49.331+0000] {dag.py:3696} INFO - Setting next_dagrun for example_time_delta_sensor_async to None, run_after=None
[2025-11-28T16:40:49.372+0000] {processor.py:179} INFO - Processing /home/airflow/.local/lib/python3.8/site-packages/airflow/example_dags/example_time_delta_sensor_async.py took 0.168 seconds
[2025-11-28T16:47:23.817+0000] {processor.py:157} INFO - Started process (PID=1904) to work on /home/airflow/.local/lib/python3.8/site-packages/airflow/example_dags/example_time_delta_sensor_async.py
[2025-11-28T16:47:23.819+0000] {processor.py:829} INFO - Processing file /home/airflow/.local/lib/python3.8/site-packages/airflow/example_dags/example_time_delta_sensor_async.py for tasks to queue
[2025-11-28T16:47:23.827+0000] {logging_mixin.py:151} INFO - [2025-11-28T16:47:23.827+0000] {dagbag.py:539} INFO - Filling up the DagBag from /home/airflow/.local/lib/python3.8/site-packages/airflow/example_dags/example_time_delta_sensor_async.py
[2025-11-28T16:47:23.849+0000] {processor.py:839} INFO - DAG(s) dict_keys(['example_time_delta_sensor_async']) retrieved from /home/airflow/.local/lib/python3.8/site-packages/airflow/example_dags/example_time_delta_sensor_async.py
[2025-11-28T16:47:23.936+0000] {logging_mixin.py:151} INFO - [2025-11-28T16:47:23.935+0000] {dag.py:2915} INFO - Sync 1 DAGs
[2025-11-28T16:47:23.964+0000] {logging_mixin.py:151} INFO - [2025-11-28T16:47:23.964+0000] {dag.py:3696} INFO - Setting next_dagrun for example_time_delta_sensor_async to None, run_after=None
[2025-11-28T16:47:23.995+0000] {processor.py:179} INFO - Processing /home/airflow/.local/lib/python3.8/site-packages/airflow/example_dags/example_time_delta_sensor_async.py took 0.184 seconds
