[2025-11-28T00:14:45.750+0000] {processor.py:157} INFO - Started process (PID=1738) to work on /home/airflow/.local/lib/python3.8/site-packages/airflow/example_dags/example_branch_day_of_week_operator.py
[2025-11-28T00:14:45.751+0000] {processor.py:829} INFO - Processing file /home/airflow/.local/lib/python3.8/site-packages/airflow/example_dags/example_branch_day_of_week_operator.py for tasks to queue
[2025-11-28T00:14:45.756+0000] {logging_mixin.py:151} INFO - [2025-11-28T00:14:45.755+0000] {dagbag.py:539} INFO - Filling up the DagBag from /home/airflow/.local/lib/python3.8/site-packages/airflow/example_dags/example_branch_day_of_week_operator.py
[2025-11-28T00:14:45.769+0000] {processor.py:839} INFO - DAG(s) dict_keys(['example_weekday_branch_operator']) retrieved from /home/airflow/.local/lib/python3.8/site-packages/airflow/example_dags/example_branch_day_of_week_operator.py
[2025-11-28T00:14:45.808+0000] {logging_mixin.py:151} INFO - [2025-11-28T00:14:45.807+0000] {dag.py:2915} INFO - Sync 1 DAGs
[2025-11-28T00:14:45.838+0000] {logging_mixin.py:151} INFO - [2025-11-28T00:14:45.837+0000] {dag.py:3696} INFO - Setting next_dagrun for example_weekday_branch_operator to 2025-11-27T00:00:00+00:00, run_after=2025-11-28T00:00:00+00:00
[2025-11-28T00:14:45.883+0000] {processor.py:179} INFO - Processing /home/airflow/.local/lib/python3.8/site-packages/airflow/example_dags/example_branch_day_of_week_operator.py took 0.138 seconds
[2025-11-28T04:48:46.865+0000] {processor.py:157} INFO - Started process (PID=1789) to work on /home/airflow/.local/lib/python3.8/site-packages/airflow/example_dags/example_branch_day_of_week_operator.py
[2025-11-28T04:48:46.866+0000] {processor.py:829} INFO - Processing file /home/airflow/.local/lib/python3.8/site-packages/airflow/example_dags/example_branch_day_of_week_operator.py for tasks to queue
[2025-11-28T04:48:46.868+0000] {logging_mixin.py:151} INFO - [2025-11-28T04:48:46.867+0000] {dagbag.py:539} INFO - Filling up the DagBag from /home/airflow/.local/lib/python3.8/site-packages/airflow/example_dags/example_branch_day_of_week_operator.py
[2025-11-28T04:48:46.881+0000] {processor.py:839} INFO - DAG(s) dict_keys(['example_weekday_branch_operator']) retrieved from /home/airflow/.local/lib/python3.8/site-packages/airflow/example_dags/example_branch_day_of_week_operator.py
[2025-11-28T04:48:46.928+0000] {logging_mixin.py:151} INFO - [2025-11-28T04:48:46.928+0000] {dag.py:2915} INFO - Sync 1 DAGs
[2025-11-28T04:48:46.970+0000] {logging_mixin.py:151} INFO - [2025-11-28T04:48:46.970+0000] {dag.py:3696} INFO - Setting next_dagrun for example_weekday_branch_operator to 2025-11-27T00:00:00+00:00, run_after=2025-11-28T00:00:00+00:00
[2025-11-28T04:48:47.000+0000] {processor.py:179} INFO - Processing /home/airflow/.local/lib/python3.8/site-packages/airflow/example_dags/example_branch_day_of_week_operator.py took 0.141 seconds
[2025-11-28T16:40:44.301+0000] {processor.py:157} INFO - Started process (PID=1849) to work on /home/airflow/.local/lib/python3.8/site-packages/airflow/example_dags/example_branch_day_of_week_operator.py
[2025-11-28T16:40:44.306+0000] {processor.py:829} INFO - Processing file /home/airflow/.local/lib/python3.8/site-packages/airflow/example_dags/example_branch_day_of_week_operator.py for tasks to queue
[2025-11-28T16:40:44.307+0000] {logging_mixin.py:151} INFO - [2025-11-28T16:40:44.307+0000] {dagbag.py:539} INFO - Filling up the DagBag from /home/airflow/.local/lib/python3.8/site-packages/airflow/example_dags/example_branch_day_of_week_operator.py
[2025-11-28T16:40:44.330+0000] {processor.py:839} INFO - DAG(s) dict_keys(['example_weekday_branch_operator']) retrieved from /home/airflow/.local/lib/python3.8/site-packages/airflow/example_dags/example_branch_day_of_week_operator.py
[2025-11-28T16:40:44.426+0000] {logging_mixin.py:151} INFO - [2025-11-28T16:40:44.426+0000] {dag.py:2915} INFO - Sync 1 DAGs
[2025-11-28T16:40:44.475+0000] {logging_mixin.py:151} INFO - [2025-11-28T16:40:44.475+0000] {dag.py:3696} INFO - Setting next_dagrun for example_weekday_branch_operator to 2025-11-27T00:00:00+00:00, run_after=2025-11-28T00:00:00+00:00
[2025-11-28T16:40:44.530+0000] {processor.py:179} INFO - Processing /home/airflow/.local/lib/python3.8/site-packages/airflow/example_dags/example_branch_day_of_week_operator.py took 0.235 seconds
[2025-11-28T16:47:25.944+0000] {processor.py:157} INFO - Started process (PID=1914) to work on /home/airflow/.local/lib/python3.8/site-packages/airflow/example_dags/example_branch_day_of_week_operator.py
[2025-11-28T16:47:25.945+0000] {processor.py:829} INFO - Processing file /home/airflow/.local/lib/python3.8/site-packages/airflow/example_dags/example_branch_day_of_week_operator.py for tasks to queue
[2025-11-28T16:47:25.950+0000] {logging_mixin.py:151} INFO - [2025-11-28T16:47:25.950+0000] {dagbag.py:539} INFO - Filling up the DagBag from /home/airflow/.local/lib/python3.8/site-packages/airflow/example_dags/example_branch_day_of_week_operator.py
[2025-11-28T16:47:25.977+0000] {processor.py:839} INFO - DAG(s) dict_keys(['example_weekday_branch_operator']) retrieved from /home/airflow/.local/lib/python3.8/site-packages/airflow/example_dags/example_branch_day_of_week_operator.py
[2025-11-28T16:47:26.040+0000] {logging_mixin.py:151} INFO - [2025-11-28T16:47:26.040+0000] {dag.py:2915} INFO - Sync 1 DAGs
[2025-11-28T16:47:26.095+0000] {logging_mixin.py:151} INFO - [2025-11-28T16:47:26.094+0000] {dag.py:3696} INFO - Setting next_dagrun for example_weekday_branch_operator to 2025-11-27T00:00:00+00:00, run_after=2025-11-28T00:00:00+00:00
[2025-11-28T16:47:26.140+0000] {processor.py:179} INFO - Processing /home/airflow/.local/lib/python3.8/site-packages/airflow/example_dags/example_branch_day_of_week_operator.py took 0.205 seconds
