[2025-11-28T00:14:46.834+0000] {processor.py:157} INFO - Started process (PID=1751) to work on /home/airflow/.local/lib/python3.8/site-packages/airflow/example_dags/tutorial_taskflow_api.py
[2025-11-28T00:14:46.837+0000] {processor.py:829} INFO - Processing file /home/airflow/.local/lib/python3.8/site-packages/airflow/example_dags/tutorial_taskflow_api.py for tasks to queue
[2025-11-28T00:14:46.840+0000] {logging_mixin.py:151} INFO - [2025-11-28T00:14:46.840+0000] {dagbag.py:539} INFO - Filling up the DagBag from /home/airflow/.local/lib/python3.8/site-packages/airflow/example_dags/tutorial_taskflow_api.py
[2025-11-28T00:14:46.848+0000] {processor.py:839} INFO - DAG(s) dict_keys(['tutorial_taskflow_api']) retrieved from /home/airflow/.local/lib/python3.8/site-packages/airflow/example_dags/tutorial_taskflow_api.py
[2025-11-28T00:14:46.875+0000] {logging_mixin.py:151} INFO - [2025-11-28T00:14:46.874+0000] {dag.py:2915} INFO - Sync 1 DAGs
[2025-11-28T00:14:46.894+0000] {logging_mixin.py:151} INFO - [2025-11-28T00:14:46.893+0000] {dag.py:3696} INFO - Setting next_dagrun for tutorial_taskflow_api to None, run_after=None
[2025-11-28T00:14:46.924+0000] {processor.py:179} INFO - Processing /home/airflow/.local/lib/python3.8/site-packages/airflow/example_dags/tutorial_taskflow_api.py took 0.094 seconds
[2025-11-28T04:48:49.489+0000] {processor.py:157} INFO - Started process (PID=1803) to work on /home/airflow/.local/lib/python3.8/site-packages/airflow/example_dags/tutorial_taskflow_api.py
[2025-11-28T04:48:49.491+0000] {processor.py:829} INFO - Processing file /home/airflow/.local/lib/python3.8/site-packages/airflow/example_dags/tutorial_taskflow_api.py for tasks to queue
[2025-11-28T04:48:49.492+0000] {logging_mixin.py:151} INFO - [2025-11-28T04:48:49.492+0000] {dagbag.py:539} INFO - Filling up the DagBag from /home/airflow/.local/lib/python3.8/site-packages/airflow/example_dags/tutorial_taskflow_api.py
[2025-11-28T04:48:49.502+0000] {processor.py:839} INFO - DAG(s) dict_keys(['tutorial_taskflow_api']) retrieved from /home/airflow/.local/lib/python3.8/site-packages/airflow/example_dags/tutorial_taskflow_api.py
[2025-11-28T04:48:49.542+0000] {logging_mixin.py:151} INFO - [2025-11-28T04:48:49.541+0000] {dag.py:2915} INFO - Sync 1 DAGs
[2025-11-28T04:48:49.566+0000] {logging_mixin.py:151} INFO - [2025-11-28T04:48:49.566+0000] {dag.py:3696} INFO - Setting next_dagrun for tutorial_taskflow_api to None, run_after=None
[2025-11-28T04:48:49.627+0000] {processor.py:179} INFO - Processing /home/airflow/.local/lib/python3.8/site-packages/airflow/example_dags/tutorial_taskflow_api.py took 0.144 seconds
[2025-11-28T16:40:47.186+0000] {processor.py:157} INFO - Started process (PID=1863) to work on /home/airflow/.local/lib/python3.8/site-packages/airflow/example_dags/tutorial_taskflow_api.py
[2025-11-28T16:40:47.188+0000] {processor.py:829} INFO - Processing file /home/airflow/.local/lib/python3.8/site-packages/airflow/example_dags/tutorial_taskflow_api.py for tasks to queue
[2025-11-28T16:40:47.189+0000] {logging_mixin.py:151} INFO - [2025-11-28T16:40:47.188+0000] {dagbag.py:539} INFO - Filling up the DagBag from /home/airflow/.local/lib/python3.8/site-packages/airflow/example_dags/tutorial_taskflow_api.py
[2025-11-28T16:40:47.198+0000] {processor.py:839} INFO - DAG(s) dict_keys(['tutorial_taskflow_api']) retrieved from /home/airflow/.local/lib/python3.8/site-packages/airflow/example_dags/tutorial_taskflow_api.py
[2025-11-28T16:40:47.233+0000] {logging_mixin.py:151} INFO - [2025-11-28T16:40:47.232+0000] {dag.py:2915} INFO - Sync 1 DAGs
[2025-11-28T16:40:47.249+0000] {logging_mixin.py:151} INFO - [2025-11-28T16:40:47.249+0000] {dag.py:3696} INFO - Setting next_dagrun for tutorial_taskflow_api to None, run_after=None
[2025-11-28T16:40:47.278+0000] {processor.py:179} INFO - Processing /home/airflow/.local/lib/python3.8/site-packages/airflow/example_dags/tutorial_taskflow_api.py took 0.097 seconds
[2025-11-28T16:47:27.929+0000] {processor.py:157} INFO - Started process (PID=1928) to work on /home/airflow/.local/lib/python3.8/site-packages/airflow/example_dags/tutorial_taskflow_api.py
[2025-11-28T16:47:27.932+0000] {processor.py:829} INFO - Processing file /home/airflow/.local/lib/python3.8/site-packages/airflow/example_dags/tutorial_taskflow_api.py for tasks to queue
[2025-11-28T16:47:27.935+0000] {logging_mixin.py:151} INFO - [2025-11-28T16:47:27.935+0000] {dagbag.py:539} INFO - Filling up the DagBag from /home/airflow/.local/lib/python3.8/site-packages/airflow/example_dags/tutorial_taskflow_api.py
[2025-11-28T16:47:27.945+0000] {processor.py:839} INFO - DAG(s) dict_keys(['tutorial_taskflow_api']) retrieved from /home/airflow/.local/lib/python3.8/site-packages/airflow/example_dags/tutorial_taskflow_api.py
[2025-11-28T16:47:27.979+0000] {logging_mixin.py:151} INFO - [2025-11-28T16:47:27.979+0000] {dag.py:2915} INFO - Sync 1 DAGs
[2025-11-28T16:47:28.002+0000] {logging_mixin.py:151} INFO - [2025-11-28T16:47:28.002+0000] {dag.py:3696} INFO - Setting next_dagrun for tutorial_taskflow_api to None, run_after=None
[2025-11-28T16:47:28.046+0000] {processor.py:179} INFO - Processing /home/airflow/.local/lib/python3.8/site-packages/airflow/example_dags/tutorial_taskflow_api.py took 0.120 seconds
