[2025-11-28T00:14:46.698+0000] {processor.py:157} INFO - Started process (PID=1749) to work on /home/airflow/.local/lib/python3.8/site-packages/airflow/example_dags/tutorial.py
[2025-11-28T00:14:46.700+0000] {processor.py:829} INFO - Processing file /home/airflow/.local/lib/python3.8/site-packages/airflow/example_dags/tutorial.py for tasks to queue
[2025-11-28T00:14:46.704+0000] {logging_mixin.py:151} INFO - [2025-11-28T00:14:46.703+0000] {dagbag.py:539} INFO - Filling up the DagBag from /home/airflow/.local/lib/python3.8/site-packages/airflow/example_dags/tutorial.py
[2025-11-28T00:14:46.714+0000] {processor.py:839} INFO - DAG(s) dict_keys(['tutorial']) retrieved from /home/airflow/.local/lib/python3.8/site-packages/airflow/example_dags/tutorial.py
[2025-11-28T00:14:46.753+0000] {logging_mixin.py:151} INFO - [2025-11-28T00:14:46.752+0000] {dag.py:2915} INFO - Sync 1 DAGs
[2025-11-28T00:14:46.781+0000] {logging_mixin.py:151} INFO - [2025-11-28T00:14:46.780+0000] {dag.py:3696} INFO - Setting next_dagrun for tutorial to 2025-11-27T00:14:46.780569+00:00, run_after=2025-11-28T00:14:46.780569+00:00
[2025-11-28T00:14:46.805+0000] {processor.py:179} INFO - Processing /home/airflow/.local/lib/python3.8/site-packages/airflow/example_dags/tutorial.py took 0.111 seconds
[2025-11-28T04:48:49.020+0000] {processor.py:157} INFO - Started process (PID=1801) to work on /home/airflow/.local/lib/python3.8/site-packages/airflow/example_dags/tutorial.py
[2025-11-28T04:48:49.022+0000] {processor.py:829} INFO - Processing file /home/airflow/.local/lib/python3.8/site-packages/airflow/example_dags/tutorial.py for tasks to queue
[2025-11-28T04:48:49.025+0000] {logging_mixin.py:151} INFO - [2025-11-28T04:48:49.025+0000] {dagbag.py:539} INFO - Filling up the DagBag from /home/airflow/.local/lib/python3.8/site-packages/airflow/example_dags/tutorial.py
[2025-11-28T04:48:49.038+0000] {processor.py:839} INFO - DAG(s) dict_keys(['tutorial']) retrieved from /home/airflow/.local/lib/python3.8/site-packages/airflow/example_dags/tutorial.py
[2025-11-28T04:48:49.110+0000] {logging_mixin.py:151} INFO - [2025-11-28T04:48:49.110+0000] {dag.py:2915} INFO - Sync 1 DAGs
[2025-11-28T04:48:49.169+0000] {logging_mixin.py:151} INFO - [2025-11-28T04:48:49.168+0000] {dag.py:3696} INFO - Setting next_dagrun for tutorial to 2025-11-27T04:48:49.168481+00:00, run_after=2025-11-28T04:48:49.168481+00:00
[2025-11-28T04:48:49.201+0000] {processor.py:179} INFO - Processing /home/airflow/.local/lib/python3.8/site-packages/airflow/example_dags/tutorial.py took 0.186 seconds
[2025-11-28T16:40:46.800+0000] {processor.py:157} INFO - Started process (PID=1861) to work on /home/airflow/.local/lib/python3.8/site-packages/airflow/example_dags/tutorial.py
[2025-11-28T16:40:46.801+0000] {processor.py:829} INFO - Processing file /home/airflow/.local/lib/python3.8/site-packages/airflow/example_dags/tutorial.py for tasks to queue
[2025-11-28T16:40:46.803+0000] {logging_mixin.py:151} INFO - [2025-11-28T16:40:46.802+0000] {dagbag.py:539} INFO - Filling up the DagBag from /home/airflow/.local/lib/python3.8/site-packages/airflow/example_dags/tutorial.py
[2025-11-28T16:40:46.820+0000] {processor.py:839} INFO - DAG(s) dict_keys(['tutorial']) retrieved from /home/airflow/.local/lib/python3.8/site-packages/airflow/example_dags/tutorial.py
[2025-11-28T16:40:46.855+0000] {logging_mixin.py:151} INFO - [2025-11-28T16:40:46.855+0000] {dag.py:2915} INFO - Sync 1 DAGs
[2025-11-28T16:40:46.887+0000] {logging_mixin.py:151} INFO - [2025-11-28T16:40:46.886+0000] {dag.py:3696} INFO - Setting next_dagrun for tutorial to 2025-11-27T16:40:46.886573+00:00, run_after=2025-11-28T16:40:46.886573+00:00
[2025-11-28T16:40:46.919+0000] {processor.py:179} INFO - Processing /home/airflow/.local/lib/python3.8/site-packages/airflow/example_dags/tutorial.py took 0.125 seconds
[2025-11-28T16:47:27.800+0000] {processor.py:157} INFO - Started process (PID=1926) to work on /home/airflow/.local/lib/python3.8/site-packages/airflow/example_dags/tutorial.py
[2025-11-28T16:47:27.802+0000] {processor.py:829} INFO - Processing file /home/airflow/.local/lib/python3.8/site-packages/airflow/example_dags/tutorial.py for tasks to queue
[2025-11-28T16:47:27.806+0000] {logging_mixin.py:151} INFO - [2025-11-28T16:47:27.806+0000] {dagbag.py:539} INFO - Filling up the DagBag from /home/airflow/.local/lib/python3.8/site-packages/airflow/example_dags/tutorial.py
[2025-11-28T16:47:27.819+0000] {processor.py:839} INFO - DAG(s) dict_keys(['tutorial']) retrieved from /home/airflow/.local/lib/python3.8/site-packages/airflow/example_dags/tutorial.py
[2025-11-28T16:47:27.859+0000] {logging_mixin.py:151} INFO - [2025-11-28T16:47:27.859+0000] {dag.py:2915} INFO - Sync 1 DAGs
[2025-11-28T16:47:27.882+0000] {logging_mixin.py:151} INFO - [2025-11-28T16:47:27.882+0000] {dag.py:3696} INFO - Setting next_dagrun for tutorial to 2025-11-27T16:47:27.882403+00:00, run_after=2025-11-28T16:47:27.882403+00:00
[2025-11-28T16:47:27.903+0000] {processor.py:179} INFO - Processing /home/airflow/.local/lib/python3.8/site-packages/airflow/example_dags/tutorial.py took 0.108 seconds
