[2025-11-28T00:14:45.401+0000] {processor.py:157} INFO - Started process (PID=1735) to work on /home/airflow/.local/lib/python3.8/site-packages/airflow/example_dags/tutorial_taskflow_api_virtualenv.py
[2025-11-28T00:14:45.404+0000] {processor.py:829} INFO - Processing file /home/airflow/.local/lib/python3.8/site-packages/airflow/example_dags/tutorial_taskflow_api_virtualenv.py for tasks to queue
[2025-11-28T00:14:45.410+0000] {logging_mixin.py:151} INFO - [2025-11-28T00:14:45.409+0000] {dagbag.py:539} INFO - Filling up the DagBag from /home/airflow/.local/lib/python3.8/site-packages/airflow/example_dags/tutorial_taskflow_api_virtualenv.py
[2025-11-28T00:14:45.422+0000] {processor.py:839} INFO - DAG(s) dict_keys(['tutorial_taskflow_api_virtualenv']) retrieved from /home/airflow/.local/lib/python3.8/site-packages/airflow/example_dags/tutorial_taskflow_api_virtualenv.py
[2025-11-28T00:14:45.459+0000] {logging_mixin.py:151} INFO - [2025-11-28T00:14:45.459+0000] {dag.py:2915} INFO - Sync 1 DAGs
[2025-11-28T00:14:45.478+0000] {logging_mixin.py:151} INFO - [2025-11-28T00:14:45.478+0000] {dag.py:3696} INFO - Setting next_dagrun for tutorial_taskflow_api_virtualenv to None, run_after=None
[2025-11-28T00:14:45.513+0000] {processor.py:179} INFO - Processing /home/airflow/.local/lib/python3.8/site-packages/airflow/example_dags/tutorial_taskflow_api_virtualenv.py took 0.118 seconds
[2025-11-28T04:48:46.136+0000] {processor.py:157} INFO - Started process (PID=1786) to work on /home/airflow/.local/lib/python3.8/site-packages/airflow/example_dags/tutorial_taskflow_api_virtualenv.py
[2025-11-28T04:48:46.137+0000] {processor.py:829} INFO - Processing file /home/airflow/.local/lib/python3.8/site-packages/airflow/example_dags/tutorial_taskflow_api_virtualenv.py for tasks to queue
[2025-11-28T04:48:46.139+0000] {logging_mixin.py:151} INFO - [2025-11-28T04:48:46.139+0000] {dagbag.py:539} INFO - Filling up the DagBag from /home/airflow/.local/lib/python3.8/site-packages/airflow/example_dags/tutorial_taskflow_api_virtualenv.py
[2025-11-28T04:48:46.150+0000] {processor.py:839} INFO - DAG(s) dict_keys(['tutorial_taskflow_api_virtualenv']) retrieved from /home/airflow/.local/lib/python3.8/site-packages/airflow/example_dags/tutorial_taskflow_api_virtualenv.py
[2025-11-28T04:48:46.206+0000] {logging_mixin.py:151} INFO - [2025-11-28T04:48:46.205+0000] {dag.py:2915} INFO - Sync 1 DAGs
[2025-11-28T04:48:46.230+0000] {logging_mixin.py:151} INFO - [2025-11-28T04:48:46.230+0000] {dag.py:3696} INFO - Setting next_dagrun for tutorial_taskflow_api_virtualenv to None, run_after=None
[2025-11-28T04:48:46.272+0000] {processor.py:179} INFO - Processing /home/airflow/.local/lib/python3.8/site-packages/airflow/example_dags/tutorial_taskflow_api_virtualenv.py took 0.141 seconds
[2025-11-28T16:40:43.602+0000] {processor.py:157} INFO - Started process (PID=1846) to work on /home/airflow/.local/lib/python3.8/site-packages/airflow/example_dags/tutorial_taskflow_api_virtualenv.py
[2025-11-28T16:40:43.604+0000] {processor.py:829} INFO - Processing file /home/airflow/.local/lib/python3.8/site-packages/airflow/example_dags/tutorial_taskflow_api_virtualenv.py for tasks to queue
[2025-11-28T16:40:43.607+0000] {logging_mixin.py:151} INFO - [2025-11-28T16:40:43.606+0000] {dagbag.py:539} INFO - Filling up the DagBag from /home/airflow/.local/lib/python3.8/site-packages/airflow/example_dags/tutorial_taskflow_api_virtualenv.py
[2025-11-28T16:40:43.651+0000] {processor.py:839} INFO - DAG(s) dict_keys(['tutorial_taskflow_api_virtualenv']) retrieved from /home/airflow/.local/lib/python3.8/site-packages/airflow/example_dags/tutorial_taskflow_api_virtualenv.py
[2025-11-28T16:40:43.698+0000] {logging_mixin.py:151} INFO - [2025-11-28T16:40:43.698+0000] {dag.py:2915} INFO - Sync 1 DAGs
[2025-11-28T16:40:43.720+0000] {logging_mixin.py:151} INFO - [2025-11-28T16:40:43.720+0000] {dag.py:3696} INFO - Setting next_dagrun for tutorial_taskflow_api_virtualenv to None, run_after=None
[2025-11-28T16:40:43.760+0000] {processor.py:179} INFO - Processing /home/airflow/.local/lib/python3.8/site-packages/airflow/example_dags/tutorial_taskflow_api_virtualenv.py took 0.182 seconds
[2025-11-28T16:47:25.515+0000] {processor.py:157} INFO - Started process (PID=1911) to work on /home/airflow/.local/lib/python3.8/site-packages/airflow/example_dags/tutorial_taskflow_api_virtualenv.py
[2025-11-28T16:47:25.518+0000] {processor.py:829} INFO - Processing file /home/airflow/.local/lib/python3.8/site-packages/airflow/example_dags/tutorial_taskflow_api_virtualenv.py for tasks to queue
[2025-11-28T16:47:25.527+0000] {logging_mixin.py:151} INFO - [2025-11-28T16:47:25.527+0000] {dagbag.py:539} INFO - Filling up the DagBag from /home/airflow/.local/lib/python3.8/site-packages/airflow/example_dags/tutorial_taskflow_api_virtualenv.py
[2025-11-28T16:47:25.550+0000] {processor.py:839} INFO - DAG(s) dict_keys(['tutorial_taskflow_api_virtualenv']) retrieved from /home/airflow/.local/lib/python3.8/site-packages/airflow/example_dags/tutorial_taskflow_api_virtualenv.py
[2025-11-28T16:47:25.616+0000] {logging_mixin.py:151} INFO - [2025-11-28T16:47:25.616+0000] {dag.py:2915} INFO - Sync 1 DAGs
[2025-11-28T16:47:25.651+0000] {logging_mixin.py:151} INFO - [2025-11-28T16:47:25.651+0000] {dag.py:3696} INFO - Setting next_dagrun for tutorial_taskflow_api_virtualenv to None, run_after=None
[2025-11-28T16:47:25.692+0000] {processor.py:179} INFO - Processing /home/airflow/.local/lib/python3.8/site-packages/airflow/example_dags/tutorial_taskflow_api_virtualenv.py took 0.185 seconds
