[2025-11-28T00:14:43.510+0000] {processor.py:157} INFO - Started process (PID=1725) to work on /home/airflow/.local/lib/python3.8/site-packages/airflow/example_dags/tutorial_dag.py
[2025-11-28T00:14:43.518+0000] {processor.py:829} INFO - Processing file /home/airflow/.local/lib/python3.8/site-packages/airflow/example_dags/tutorial_dag.py for tasks to queue
[2025-11-28T00:14:43.522+0000] {logging_mixin.py:151} INFO - [2025-11-28T00:14:43.521+0000] {dagbag.py:539} INFO - Filling up the DagBag from /home/airflow/.local/lib/python3.8/site-packages/airflow/example_dags/tutorial_dag.py
[2025-11-28T00:14:43.531+0000] {processor.py:839} INFO - DAG(s) dict_keys(['tutorial_dag']) retrieved from /home/airflow/.local/lib/python3.8/site-packages/airflow/example_dags/tutorial_dag.py
[2025-11-28T00:14:43.581+0000] {logging_mixin.py:151} INFO - [2025-11-28T00:14:43.580+0000] {dag.py:2915} INFO - Sync 1 DAGs
[2025-11-28T00:14:43.608+0000] {logging_mixin.py:151} INFO - [2025-11-28T00:14:43.607+0000] {dag.py:3696} INFO - Setting next_dagrun for tutorial_dag to None, run_after=None
[2025-11-28T00:14:43.677+0000] {processor.py:179} INFO - Processing /home/airflow/.local/lib/python3.8/site-packages/airflow/example_dags/tutorial_dag.py took 0.179 seconds
[2025-11-28T04:48:41.870+0000] {processor.py:157} INFO - Started process (PID=1776) to work on /home/airflow/.local/lib/python3.8/site-packages/airflow/example_dags/tutorial_dag.py
[2025-11-28T04:48:41.871+0000] {processor.py:829} INFO - Processing file /home/airflow/.local/lib/python3.8/site-packages/airflow/example_dags/tutorial_dag.py for tasks to queue
[2025-11-28T04:48:42.040+0000] {logging_mixin.py:151} INFO - [2025-11-28T04:48:41.873+0000] {dagbag.py:539} INFO - Filling up the DagBag from /home/airflow/.local/lib/python3.8/site-packages/airflow/example_dags/tutorial_dag.py
[2025-11-28T04:48:42.152+0000] {processor.py:839} INFO - DAG(s) dict_keys(['tutorial_dag']) retrieved from /home/airflow/.local/lib/python3.8/site-packages/airflow/example_dags/tutorial_dag.py
[2025-11-28T04:48:42.338+0000] {logging_mixin.py:151} INFO - [2025-11-28T04:48:42.337+0000] {dag.py:2915} INFO - Sync 1 DAGs
[2025-11-28T04:48:42.511+0000] {logging_mixin.py:151} INFO - [2025-11-28T04:48:42.510+0000] {dag.py:3696} INFO - Setting next_dagrun for tutorial_dag to None, run_after=None
[2025-11-28T04:48:42.812+0000] {processor.py:179} INFO - Processing /home/airflow/.local/lib/python3.8/site-packages/airflow/example_dags/tutorial_dag.py took 0.954 seconds
[2025-11-28T08:27:47.717+0000] {processor.py:157} INFO - Started process (PID=1830) to work on /home/airflow/.local/lib/python3.8/site-packages/airflow/example_dags/tutorial_dag.py
[2025-11-28T08:27:47.719+0000] {processor.py:829} INFO - Processing file /home/airflow/.local/lib/python3.8/site-packages/airflow/example_dags/tutorial_dag.py for tasks to queue
[2025-11-28T08:27:47.720+0000] {logging_mixin.py:151} INFO - [2025-11-28T08:27:47.720+0000] {dagbag.py:539} INFO - Filling up the DagBag from /home/airflow/.local/lib/python3.8/site-packages/airflow/example_dags/tutorial_dag.py
[2025-11-28T08:27:47.729+0000] {processor.py:839} INFO - DAG(s) dict_keys(['tutorial_dag']) retrieved from /home/airflow/.local/lib/python3.8/site-packages/airflow/example_dags/tutorial_dag.py
[2025-11-28T08:27:47.779+0000] {logging_mixin.py:151} INFO - [2025-11-28T08:27:47.779+0000] {dag.py:2915} INFO - Sync 1 DAGs
[2025-11-28T08:27:47.826+0000] {logging_mixin.py:151} INFO - [2025-11-28T08:27:47.825+0000] {dag.py:3696} INFO - Setting next_dagrun for tutorial_dag to None, run_after=None
[2025-11-28T08:27:47.887+0000] {processor.py:179} INFO - Processing /home/airflow/.local/lib/python3.8/site-packages/airflow/example_dags/tutorial_dag.py took 0.176 seconds
[2025-11-28T16:40:48.771+0000] {processor.py:157} INFO - Started process (PID=1872) to work on /home/airflow/.local/lib/python3.8/site-packages/airflow/example_dags/tutorial_dag.py
[2025-11-28T16:40:48.773+0000] {processor.py:829} INFO - Processing file /home/airflow/.local/lib/python3.8/site-packages/airflow/example_dags/tutorial_dag.py for tasks to queue
[2025-11-28T16:40:48.777+0000] {logging_mixin.py:151} INFO - [2025-11-28T16:40:48.776+0000] {dagbag.py:539} INFO - Filling up the DagBag from /home/airflow/.local/lib/python3.8/site-packages/airflow/example_dags/tutorial_dag.py
[2025-11-28T16:40:48.792+0000] {processor.py:839} INFO - DAG(s) dict_keys(['tutorial_dag']) retrieved from /home/airflow/.local/lib/python3.8/site-packages/airflow/example_dags/tutorial_dag.py
[2025-11-28T16:40:48.833+0000] {logging_mixin.py:151} INFO - [2025-11-28T16:40:48.833+0000] {dag.py:2915} INFO - Sync 1 DAGs
[2025-11-28T16:40:48.862+0000] {logging_mixin.py:151} INFO - [2025-11-28T16:40:48.862+0000] {dag.py:3696} INFO - Setting next_dagrun for tutorial_dag to None, run_after=None
[2025-11-28T16:40:48.901+0000] {processor.py:179} INFO - Processing /home/airflow/.local/lib/python3.8/site-packages/airflow/example_dags/tutorial_dag.py took 0.137 seconds
[2025-11-28T16:47:21.724+0000] {processor.py:157} INFO - Started process (PID=1897) to work on /home/airflow/.local/lib/python3.8/site-packages/airflow/example_dags/tutorial_dag.py
[2025-11-28T16:47:21.761+0000] {processor.py:829} INFO - Processing file /home/airflow/.local/lib/python3.8/site-packages/airflow/example_dags/tutorial_dag.py for tasks to queue
[2025-11-28T16:47:21.775+0000] {logging_mixin.py:151} INFO - [2025-11-28T16:47:21.775+0000] {dagbag.py:539} INFO - Filling up the DagBag from /home/airflow/.local/lib/python3.8/site-packages/airflow/example_dags/tutorial_dag.py
[2025-11-28T16:47:23.233+0000] {processor.py:157} INFO - Started process (PID=1901) to work on /home/airflow/.local/lib/python3.8/site-packages/airflow/example_dags/tutorial_dag.py
[2025-11-28T16:47:23.235+0000] {processor.py:829} INFO - Processing file /home/airflow/.local/lib/python3.8/site-packages/airflow/example_dags/tutorial_dag.py for tasks to queue
[2025-11-28T16:47:23.238+0000] {logging_mixin.py:151} INFO - [2025-11-28T16:47:23.238+0000] {dagbag.py:539} INFO - Filling up the DagBag from /home/airflow/.local/lib/python3.8/site-packages/airflow/example_dags/tutorial_dag.py
[2025-11-28T16:47:23.267+0000] {processor.py:839} INFO - DAG(s) dict_keys(['tutorial_dag']) retrieved from /home/airflow/.local/lib/python3.8/site-packages/airflow/example_dags/tutorial_dag.py
[2025-11-28T16:47:23.348+0000] {logging_mixin.py:151} INFO - [2025-11-28T16:47:23.347+0000] {dag.py:2915} INFO - Sync 1 DAGs
[2025-11-28T16:47:23.375+0000] {logging_mixin.py:151} INFO - [2025-11-28T16:47:23.374+0000] {dag.py:3696} INFO - Setting next_dagrun for tutorial_dag to None, run_after=None
[2025-11-28T16:47:23.468+0000] {processor.py:179} INFO - Processing /home/airflow/.local/lib/python3.8/site-packages/airflow/example_dags/tutorial_dag.py took 0.242 seconds
