[2025-11-30T14:33:18.397+0000] {taskinstance.py:1157} INFO - Dependencies all met for dep_context=non-requeueable deps ti=<TaskInstance: weather_fetch_dag.fetch_and_load_weather manual__2025-11-30T14:33:15.962063+00:00 [queued]>
[2025-11-30T14:33:18.409+0000] {taskinstance.py:1157} INFO - Dependencies all met for dep_context=requeueable deps ti=<TaskInstance: weather_fetch_dag.fetch_and_load_weather manual__2025-11-30T14:33:15.962063+00:00 [queued]>
[2025-11-30T14:33:18.409+0000] {taskinstance.py:1359} INFO - Starting attempt 1 of 1
[2025-11-30T14:33:18.430+0000] {taskinstance.py:1380} INFO - Executing <Task(PythonOperator): fetch_and_load_weather> on 2025-11-30 14:33:15.962063+00:00
[2025-11-30T14:33:18.438+0000] {standard_task_runner.py:57} INFO - Started process 137 to run task
[2025-11-30T14:33:18.444+0000] {standard_task_runner.py:84} INFO - Running: ['***', 'tasks', 'run', 'weather_fetch_dag', 'fetch_and_load_weather', 'manual__2025-11-30T14:33:15.962063+00:00', '--job-id', '7', '--raw', '--subdir', 'DAGS_FOLDER/weather_fetch_dag.py', '--cfg-path', '/tmp/tmpk350ktpz']
[2025-11-30T14:33:18.445+0000] {standard_task_runner.py:85} INFO - Job 7: Subtask fetch_and_load_weather
[2025-11-30T14:33:18.510+0000] {task_command.py:415} INFO - Running <TaskInstance: weather_fetch_dag.fetch_and_load_weather manual__2025-11-30T14:33:15.962063+00:00 [running]> on host 5b8f91c69000
[2025-11-30T14:33:18.636+0000] {taskinstance.py:1660} INFO - Exporting env vars: AIRFLOW_CTX_DAG_OWNER='***' AIRFLOW_CTX_DAG_ID='weather_fetch_dag' AIRFLOW_CTX_TASK_ID='fetch_and_load_weather' AIRFLOW_CTX_EXECUTION_DATE='2025-11-30T14:33:15.962063+00:00' AIRFLOW_CTX_TRY_NUMBER='1' AIRFLOW_CTX_DAG_RUN_ID='manual__2025-11-30T14:33:15.962063+00:00'
[2025-11-30T14:33:18.780+0000] {taskinstance.py:1935} ERROR - Task failed with exception
Traceback (most recent call last):
  File "/home/airflow/.local/lib/python3.8/site-packages/airflow/operators/python.py", line 192, in execute
    return_value = self.execute_callable()
  File "/home/airflow/.local/lib/python3.8/site-packages/airflow/operators/python.py", line 209, in execute_callable
    return self.python_callable(*self.op_args, **self.op_kwargs)
  File "/opt/airflow/dags/weather_fetch_dag.py", line 61, in load_weather_to_db
    cur.execute("""
psycopg2.errors.UndefinedTable: relation "raw.weather" does not exist
LINE 2:                 INSERT INTO raw.weather (
                                    ^

[2025-11-30T14:33:18.792+0000] {taskinstance.py:1398} INFO - Marking task as FAILED. dag_id=weather_fetch_dag, task_id=fetch_and_load_weather, execution_date=20251130T143315, start_date=20251130T143318, end_date=20251130T143318
[2025-11-30T14:33:18.809+0000] {standard_task_runner.py:104} ERROR - Failed to execute job 7 for task fetch_and_load_weather (relation "raw.weather" does not exist
LINE 2:                 INSERT INTO raw.weather (
                                    ^
; 137)
[2025-11-30T14:33:18.832+0000] {local_task_job_runner.py:228} INFO - Task exited with return code 1
[2025-11-30T14:33:18.857+0000] {taskinstance.py:2776} INFO - 0 downstream tasks scheduled from follow-on schedule check
