[2025-11-30T18:23:31.298+0000] {taskinstance.py:1157} INFO - Dependencies all met for dep_context=non-requeueable deps ti=<TaskInstance: weather_fetch_dag.fetch_and_load_weather manual__2025-11-30T18:21:17.350993+00:00 [queued]>
[2025-11-30T18:23:31.314+0000] {taskinstance.py:1157} INFO - Dependencies all met for dep_context=requeueable deps ti=<TaskInstance: weather_fetch_dag.fetch_and_load_weather manual__2025-11-30T18:21:17.350993+00:00 [queued]>
[2025-11-30T18:23:31.314+0000] {taskinstance.py:1359} INFO - Starting attempt 2 of 2
[2025-11-30T18:23:31.342+0000] {taskinstance.py:1380} INFO - Executing <Task(PythonOperator): fetch_and_load_weather> on 2025-11-30 18:21:17.350993+00:00
[2025-11-30T18:23:31.350+0000] {standard_task_runner.py:57} INFO - Started process 3494 to run task
[2025-11-30T18:23:31.359+0000] {standard_task_runner.py:84} INFO - Running: ['***', 'tasks', 'run', 'weather_fetch_dag', 'fetch_and_load_weather', 'manual__2025-11-30T18:21:17.350993+00:00', '--job-id', '16', '--raw', '--subdir', 'DAGS_FOLDER/weather_fetch_dag.py', '--cfg-path', '/tmp/tmpw34bvmtf']
[2025-11-30T18:23:31.361+0000] {standard_task_runner.py:85} INFO - Job 16: Subtask fetch_and_load_weather
[2025-11-30T18:23:31.434+0000] {task_command.py:415} INFO - Running <TaskInstance: weather_fetch_dag.fetch_and_load_weather manual__2025-11-30T18:21:17.350993+00:00 [running]> on host 5b8f91c69000
[2025-11-30T18:23:31.598+0000] {taskinstance.py:1660} INFO - Exporting env vars: AIRFLOW_CTX_DAG_OWNER='naga' AIRFLOW_CTX_DAG_ID='weather_fetch_dag' AIRFLOW_CTX_TASK_ID='fetch_and_load_weather' AIRFLOW_CTX_EXECUTION_DATE='2025-11-30T18:21:17.350993+00:00' AIRFLOW_CTX_TRY_NUMBER='2' AIRFLOW_CTX_DAG_RUN_ID='manual__2025-11-30T18:21:17.350993+00:00'
[2025-11-30T18:23:39.704+0000] {taskinstance.py:1935} ERROR - Task failed with exception
Traceback (most recent call last):
  File "/home/airflow/.local/lib/python3.8/site-packages/airflow/operators/python.py", line 192, in execute
    return_value = self.execute_callable()
  File "/home/airflow/.local/lib/python3.8/site-packages/airflow/operators/python.py", line 209, in execute_callable
    return self.python_callable(*self.op_args, **self.op_kwargs)
  File "/opt/airflow/dags/weather_fetch_dag.py", line 57, in load_weather_to_db
    df = fetch_weather_for_outlet(outlet)
  File "/opt/airflow/dags/weather_fetch_dag.py", line 32, in fetch_weather_for_outlet
    raise Exception(f"No hourly data returned for outlet{outlet['id']}")
Exception: No hourly data returned for outlet36
[2025-11-30T18:23:39.727+0000] {taskinstance.py:1398} INFO - Marking task as FAILED. dag_id=weather_fetch_dag, task_id=fetch_and_load_weather, execution_date=20251130T182117, start_date=20251130T182331, end_date=20251130T182339
[2025-11-30T18:23:39.766+0000] {standard_task_runner.py:104} ERROR - Failed to execute job 16 for task fetch_and_load_weather (No hourly data returned for outlet36; 3494)
[2025-11-30T18:23:39.803+0000] {local_task_job_runner.py:228} INFO - Task exited with return code 1
[2025-11-30T18:23:39.896+0000] {taskinstance.py:2776} INFO - 0 downstream tasks scheduled from follow-on schedule check
