[2025-11-30T15:28:10.919+0000] {taskinstance.py:1157} INFO - Dependencies all met for dep_context=non-requeueable deps ti=<TaskInstance: weather_fetch_dag.fetch_and_load_weather manual__2025-11-30T15:28:07.716785+00:00 [queued]>
[2025-11-30T15:28:10.929+0000] {taskinstance.py:1157} INFO - Dependencies all met for dep_context=requeueable deps ti=<TaskInstance: weather_fetch_dag.fetch_and_load_weather manual__2025-11-30T15:28:07.716785+00:00 [queued]>
[2025-11-30T15:28:10.929+0000] {taskinstance.py:1359} INFO - Starting attempt 1 of 1
[2025-11-30T15:28:10.952+0000] {taskinstance.py:1380} INFO - Executing <Task(PythonOperator): fetch_and_load_weather> on 2025-11-30 15:28:07.716785+00:00
[2025-11-30T15:28:10.959+0000] {standard_task_runner.py:57} INFO - Started process 938 to run task
[2025-11-30T15:28:10.964+0000] {standard_task_runner.py:84} INFO - Running: ['***', 'tasks', 'run', 'weather_fetch_dag', 'fetch_and_load_weather', 'manual__2025-11-30T15:28:07.716785+00:00', '--job-id', '10', '--raw', '--subdir', 'DAGS_FOLDER/weather_fetch_dag.py', '--cfg-path', '/tmp/tmpt8soel4s']
[2025-11-30T15:28:10.965+0000] {standard_task_runner.py:85} INFO - Job 10: Subtask fetch_and_load_weather
[2025-11-30T15:28:11.078+0000] {task_command.py:415} INFO - Running <TaskInstance: weather_fetch_dag.fetch_and_load_weather manual__2025-11-30T15:28:07.716785+00:00 [running]> on host 5b8f91c69000
[2025-11-30T15:28:11.194+0000] {taskinstance.py:1660} INFO - Exporting env vars: AIRFLOW_CTX_DAG_OWNER='***' AIRFLOW_CTX_DAG_ID='weather_fetch_dag' AIRFLOW_CTX_TASK_ID='fetch_and_load_weather' AIRFLOW_CTX_EXECUTION_DATE='2025-11-30T15:28:07.716785+00:00' AIRFLOW_CTX_TRY_NUMBER='1' AIRFLOW_CTX_DAG_RUN_ID='manual__2025-11-30T15:28:07.716785+00:00'
[2025-11-30T15:28:11.209+0000] {taskinstance.py:1935} ERROR - Task failed with exception
Traceback (most recent call last):
  File "/home/airflow/.local/lib/python3.8/site-packages/airflow/operators/python.py", line 192, in execute
    return_value = self.execute_callable()
  File "/home/airflow/.local/lib/python3.8/site-packages/airflow/operators/python.py", line 209, in execute_callable
    return self.python_callable(*self.op_args, **self.op_kwargs)
  File "/opt/airflow/dags/weather_fetch_dag.py", line 65, in load_weather_to_db
    df = fetch_weather_for_outlet(outlet)
  File "/opt/airflow/dags/weather_fetch_dag.py", line 35, in fetch_weather_for_outlet
    lat = outlet["latitude"]
KeyError: 'latitude'
[2025-11-30T15:28:11.219+0000] {taskinstance.py:1398} INFO - Marking task as FAILED. dag_id=weather_fetch_dag, task_id=fetch_and_load_weather, execution_date=20251130T152807, start_date=20251130T152810, end_date=20251130T152811
[2025-11-30T15:28:11.233+0000] {standard_task_runner.py:104} ERROR - Failed to execute job 10 for task fetch_and_load_weather ('latitude'; 938)
[2025-11-30T15:28:11.250+0000] {local_task_job_runner.py:228} INFO - Task exited with return code 1
[2025-11-30T15:28:11.273+0000] {taskinstance.py:2776} INFO - 0 downstream tasks scheduled from follow-on schedule check
