[2025-11-30T14:51:27.202+0000] {taskinstance.py:1157} INFO - Dependencies all met for dep_context=non-requeueable deps ti=<TaskInstance: weather_fetch_dag.fetch_and_load_weather manual__2025-11-30T14:51:24.846667+00:00 [queued]>
[2025-11-30T14:51:27.215+0000] {taskinstance.py:1157} INFO - Dependencies all met for dep_context=requeueable deps ti=<TaskInstance: weather_fetch_dag.fetch_and_load_weather manual__2025-11-30T14:51:24.846667+00:00 [queued]>
[2025-11-30T14:51:27.216+0000] {taskinstance.py:1359} INFO - Starting attempt 1 of 1
[2025-11-30T14:51:27.237+0000] {taskinstance.py:1380} INFO - Executing <Task(PythonOperator): fetch_and_load_weather> on 2025-11-30 14:51:24.846667+00:00
[2025-11-30T14:51:27.277+0000] {standard_task_runner.py:57} INFO - Started process 405 to run task
[2025-11-30T14:51:27.298+0000] {standard_task_runner.py:84} INFO - Running: ['***', 'tasks', 'run', 'weather_fetch_dag', 'fetch_and_load_weather', 'manual__2025-11-30T14:51:24.846667+00:00', '--job-id', '9', '--raw', '--subdir', 'DAGS_FOLDER/weather_fetch_dag.py', '--cfg-path', '/tmp/tmp4d0xk3hw']
[2025-11-30T14:51:27.304+0000] {standard_task_runner.py:85} INFO - Job 9: Subtask fetch_and_load_weather
[2025-11-30T14:51:27.377+0000] {task_command.py:415} INFO - Running <TaskInstance: weather_fetch_dag.fetch_and_load_weather manual__2025-11-30T14:51:24.846667+00:00 [running]> on host 5b8f91c69000
[2025-11-30T14:51:27.461+0000] {taskinstance.py:1660} INFO - Exporting env vars: AIRFLOW_CTX_DAG_OWNER='***' AIRFLOW_CTX_DAG_ID='weather_fetch_dag' AIRFLOW_CTX_TASK_ID='fetch_and_load_weather' AIRFLOW_CTX_EXECUTION_DATE='2025-11-30T14:51:24.846667+00:00' AIRFLOW_CTX_TRY_NUMBER='1' AIRFLOW_CTX_DAG_RUN_ID='manual__2025-11-30T14:51:24.846667+00:00'
[2025-11-30T14:51:27.472+0000] {taskinstance.py:1935} ERROR - Task failed with exception
Traceback (most recent call last):
  File "/home/airflow/.local/lib/python3.8/site-packages/airflow/operators/python.py", line 192, in execute
    return_value = self.execute_callable()
  File "/home/airflow/.local/lib/python3.8/site-packages/airflow/operators/python.py", line 209, in execute_callable
    return self.python_callable(*self.op_args, **self.op_kwargs)
  File "/opt/airflow/dags/weather_fetch_dag.py", line 65, in load_weather_to_db
    df = fetch_weather_for_outlet(outlet)
  File "/opt/airflow/dags/weather_fetch_dag.py", line 35, in fetch_weather_for_outlet
    lat = outlet["latitude"]
KeyError: 'latitude'
[2025-11-30T14:51:27.480+0000] {taskinstance.py:1398} INFO - Marking task as FAILED. dag_id=weather_fetch_dag, task_id=fetch_and_load_weather, execution_date=20251130T145124, start_date=20251130T145127, end_date=20251130T145127
[2025-11-30T14:51:27.491+0000] {standard_task_runner.py:104} ERROR - Failed to execute job 9 for task fetch_and_load_weather ('latitude'; 405)
[2025-11-30T14:51:27.519+0000] {local_task_job_runner.py:228} INFO - Task exited with return code 1
[2025-11-30T14:51:27.537+0000] {taskinstance.py:2776} INFO - 0 downstream tasks scheduled from follow-on schedule check
