[2025-11-26T02:46:32.389+0000] {processor.py:157} INFO - Started process (PID=21188) to work on /home/airflow/.local/lib/python3.8/site-packages/airflow/example_dags/example_bash_operator.py
[2025-11-26T02:46:32.391+0000] {processor.py:829} INFO - Processing file /home/airflow/.local/lib/python3.8/site-packages/airflow/example_dags/example_bash_operator.py for tasks to queue
[2025-11-26T02:46:32.393+0000] {logging_mixin.py:151} INFO - [2025-11-26T02:46:32.392+0000] {dagbag.py:539} INFO - Filling up the DagBag from /home/airflow/.local/lib/python3.8/site-packages/airflow/example_dags/example_bash_operator.py
[2025-11-26T02:46:32.415+0000] {processor.py:839} INFO - DAG(s) dict_keys(['example_bash_operator']) retrieved from /home/airflow/.local/lib/python3.8/site-packages/airflow/example_dags/example_bash_operator.py
[2025-11-26T02:46:32.483+0000] {logging_mixin.py:151} INFO - [2025-11-26T02:46:32.483+0000] {dag.py:2915} INFO - Sync 1 DAGs
[2025-11-26T02:46:32.523+0000] {logging_mixin.py:151} INFO - [2025-11-26T02:46:32.523+0000] {dag.py:3696} INFO - Setting next_dagrun for example_bash_operator to 2025-11-25T00:00:00+00:00, run_after=2025-11-26T00:00:00+00:00
[2025-11-26T02:46:32.554+0000] {processor.py:179} INFO - Processing /home/airflow/.local/lib/python3.8/site-packages/airflow/example_dags/example_bash_operator.py took 0.171 seconds
[2025-11-26T04:46:40.025+0000] {processor.py:157} INFO - Started process (PID=21220) to work on /home/airflow/.local/lib/python3.8/site-packages/airflow/example_dags/example_bash_operator.py
[2025-11-26T04:46:40.027+0000] {processor.py:829} INFO - Processing file /home/airflow/.local/lib/python3.8/site-packages/airflow/example_dags/example_bash_operator.py for tasks to queue
[2025-11-26T04:46:40.030+0000] {logging_mixin.py:151} INFO - [2025-11-26T04:46:40.030+0000] {dagbag.py:539} INFO - Filling up the DagBag from /home/airflow/.local/lib/python3.8/site-packages/airflow/example_dags/example_bash_operator.py
[2025-11-26T04:46:40.061+0000] {processor.py:839} INFO - DAG(s) dict_keys(['example_bash_operator']) retrieved from /home/airflow/.local/lib/python3.8/site-packages/airflow/example_dags/example_bash_operator.py
[2025-11-26T04:46:40.140+0000] {logging_mixin.py:151} INFO - [2025-11-26T04:46:40.140+0000] {dag.py:2915} INFO - Sync 1 DAGs
[2025-11-26T04:46:40.175+0000] {logging_mixin.py:151} INFO - [2025-11-26T04:46:40.175+0000] {dag.py:3696} INFO - Setting next_dagrun for example_bash_operator to 2025-11-25T00:00:00+00:00, run_after=2025-11-26T00:00:00+00:00
[2025-11-26T04:46:40.206+0000] {processor.py:179} INFO - Processing /home/airflow/.local/lib/python3.8/site-packages/airflow/example_dags/example_bash_operator.py took 0.186 seconds
[2025-11-26T06:46:49.919+0000] {processor.py:157} INFO - Started process (PID=21274) to work on /home/airflow/.local/lib/python3.8/site-packages/airflow/example_dags/example_bash_operator.py
[2025-11-26T06:46:49.922+0000] {processor.py:829} INFO - Processing file /home/airflow/.local/lib/python3.8/site-packages/airflow/example_dags/example_bash_operator.py for tasks to queue
[2025-11-26T06:46:49.929+0000] {logging_mixin.py:151} INFO - [2025-11-26T06:46:49.928+0000] {dagbag.py:539} INFO - Filling up the DagBag from /home/airflow/.local/lib/python3.8/site-packages/airflow/example_dags/example_bash_operator.py
[2025-11-26T06:46:49.948+0000] {processor.py:839} INFO - DAG(s) dict_keys(['example_bash_operator']) retrieved from /home/airflow/.local/lib/python3.8/site-packages/airflow/example_dags/example_bash_operator.py
[2025-11-26T06:46:49.999+0000] {logging_mixin.py:151} INFO - [2025-11-26T06:46:49.999+0000] {dag.py:2915} INFO - Sync 1 DAGs
[2025-11-26T06:46:50.080+0000] {logging_mixin.py:151} INFO - [2025-11-26T06:46:50.080+0000] {dag.py:3696} INFO - Setting next_dagrun for example_bash_operator to 2025-11-25T00:00:00+00:00, run_after=2025-11-26T00:00:00+00:00
[2025-11-26T06:46:50.132+0000] {processor.py:179} INFO - Processing /home/airflow/.local/lib/python3.8/site-packages/airflow/example_dags/example_bash_operator.py took 0.219 seconds
[2025-11-26T06:59:20.305+0000] {processor.py:157} INFO - Started process (PID=21291) to work on /home/airflow/.local/lib/python3.8/site-packages/airflow/example_dags/example_bash_operator.py
[2025-11-26T06:59:20.306+0000] {processor.py:829} INFO - Processing file /home/airflow/.local/lib/python3.8/site-packages/airflow/example_dags/example_bash_operator.py for tasks to queue
[2025-11-26T06:59:20.307+0000] {logging_mixin.py:151} INFO - [2025-11-26T06:59:20.307+0000] {dagbag.py:539} INFO - Filling up the DagBag from /home/airflow/.local/lib/python3.8/site-packages/airflow/example_dags/example_bash_operator.py
[2025-11-26T06:59:20.324+0000] {processor.py:839} INFO - DAG(s) dict_keys(['example_bash_operator']) retrieved from /home/airflow/.local/lib/python3.8/site-packages/airflow/example_dags/example_bash_operator.py
[2025-11-26T06:59:20.372+0000] {logging_mixin.py:151} INFO - [2025-11-26T06:59:20.372+0000] {dag.py:2915} INFO - Sync 1 DAGs
[2025-11-26T06:59:20.407+0000] {logging_mixin.py:151} INFO - [2025-11-26T06:59:20.407+0000] {dag.py:3696} INFO - Setting next_dagrun for example_bash_operator to 2025-11-25T00:00:00+00:00, run_after=2025-11-26T00:00:00+00:00
[2025-11-26T06:59:20.434+0000] {processor.py:179} INFO - Processing /home/airflow/.local/lib/python3.8/site-packages/airflow/example_dags/example_bash_operator.py took 0.134 seconds
[2025-11-26T07:35:31.643+0000] {processor.py:157} INFO - Started process (PID=21345) to work on /home/airflow/.local/lib/python3.8/site-packages/airflow/example_dags/example_bash_operator.py
[2025-11-26T07:35:31.645+0000] {processor.py:829} INFO - Processing file /home/airflow/.local/lib/python3.8/site-packages/airflow/example_dags/example_bash_operator.py for tasks to queue
[2025-11-26T07:35:31.646+0000] {logging_mixin.py:151} INFO - [2025-11-26T07:35:31.646+0000] {dagbag.py:539} INFO - Filling up the DagBag from /home/airflow/.local/lib/python3.8/site-packages/airflow/example_dags/example_bash_operator.py
[2025-11-26T07:35:31.667+0000] {processor.py:839} INFO - DAG(s) dict_keys(['example_bash_operator']) retrieved from /home/airflow/.local/lib/python3.8/site-packages/airflow/example_dags/example_bash_operator.py
[2025-11-26T07:35:31.799+0000] {logging_mixin.py:151} INFO - [2025-11-26T07:35:31.799+0000] {dag.py:2915} INFO - Sync 1 DAGs
[2025-11-26T07:35:31.861+0000] {logging_mixin.py:151} INFO - [2025-11-26T07:35:31.860+0000] {dag.py:3696} INFO - Setting next_dagrun for example_bash_operator to 2025-11-25T00:00:00+00:00, run_after=2025-11-26T00:00:00+00:00
[2025-11-26T07:35:31.899+0000] {processor.py:179} INFO - Processing /home/airflow/.local/lib/python3.8/site-packages/airflow/example_dags/example_bash_operator.py took 0.261 seconds
[2025-11-26T15:12:21.149+0000] {processor.py:157} INFO - Started process (PID=21377) to work on /home/airflow/.local/lib/python3.8/site-packages/airflow/example_dags/example_bash_operator.py
[2025-11-26T15:12:21.150+0000] {processor.py:829} INFO - Processing file /home/airflow/.local/lib/python3.8/site-packages/airflow/example_dags/example_bash_operator.py for tasks to queue
[2025-11-26T15:12:21.152+0000] {logging_mixin.py:151} INFO - [2025-11-26T15:12:21.151+0000] {dagbag.py:539} INFO - Filling up the DagBag from /home/airflow/.local/lib/python3.8/site-packages/airflow/example_dags/example_bash_operator.py
[2025-11-26T15:12:21.170+0000] {processor.py:839} INFO - DAG(s) dict_keys(['example_bash_operator']) retrieved from /home/airflow/.local/lib/python3.8/site-packages/airflow/example_dags/example_bash_operator.py
[2025-11-26T15:12:21.244+0000] {logging_mixin.py:151} INFO - [2025-11-26T15:12:21.244+0000] {dag.py:2915} INFO - Sync 1 DAGs
[2025-11-26T15:12:21.288+0000] {logging_mixin.py:151} INFO - [2025-11-26T15:12:21.287+0000] {dag.py:3696} INFO - Setting next_dagrun for example_bash_operator to 2025-11-25T00:00:00+00:00, run_after=2025-11-26T00:00:00+00:00
[2025-11-26T15:12:21.314+0000] {processor.py:179} INFO - Processing /home/airflow/.local/lib/python3.8/site-packages/airflow/example_dags/example_bash_operator.py took 0.173 seconds
[2025-11-26T23:25:26.625+0000] {processor.py:157} INFO - Started process (PID=21438) to work on /home/airflow/.local/lib/python3.8/site-packages/airflow/example_dags/example_bash_operator.py
[2025-11-26T23:25:26.630+0000] {processor.py:829} INFO - Processing file /home/airflow/.local/lib/python3.8/site-packages/airflow/example_dags/example_bash_operator.py for tasks to queue
[2025-11-26T23:25:26.632+0000] {logging_mixin.py:151} INFO - [2025-11-26T23:25:26.631+0000] {dagbag.py:539} INFO - Filling up the DagBag from /home/airflow/.local/lib/python3.8/site-packages/airflow/example_dags/example_bash_operator.py
[2025-11-26T23:25:26.655+0000] {processor.py:839} INFO - DAG(s) dict_keys(['example_bash_operator']) retrieved from /home/airflow/.local/lib/python3.8/site-packages/airflow/example_dags/example_bash_operator.py
[2025-11-26T23:25:26.743+0000] {logging_mixin.py:151} INFO - [2025-11-26T23:25:26.742+0000] {dag.py:2915} INFO - Sync 1 DAGs
[2025-11-26T23:25:26.823+0000] {logging_mixin.py:151} INFO - [2025-11-26T23:25:26.823+0000] {dag.py:3696} INFO - Setting next_dagrun for example_bash_operator to 2025-11-25T00:00:00+00:00, run_after=2025-11-26T00:00:00+00:00
[2025-11-26T23:25:26.879+0000] {processor.py:179} INFO - Processing /home/airflow/.local/lib/python3.8/site-packages/airflow/example_dags/example_bash_operator.py took 0.260 seconds
