[2025-11-26T00:46:28.666+0000] {processor.py:157} INFO - Started process (PID=21165) to work on /home/airflow/.local/lib/python3.8/site-packages/airflow/example_dags/example_latest_only_with_trigger.py
[2025-11-26T00:46:28.667+0000] {processor.py:829} INFO - Processing file /home/airflow/.local/lib/python3.8/site-packages/airflow/example_dags/example_latest_only_with_trigger.py for tasks to queue
[2025-11-26T00:46:28.669+0000] {logging_mixin.py:151} INFO - [2025-11-26T00:46:28.668+0000] {dagbag.py:539} INFO - Filling up the DagBag from /home/airflow/.local/lib/python3.8/site-packages/airflow/example_dags/example_latest_only_with_trigger.py
[2025-11-26T00:46:28.682+0000] {processor.py:839} INFO - DAG(s) dict_keys(['latest_only_with_trigger']) retrieved from /home/airflow/.local/lib/python3.8/site-packages/airflow/example_dags/example_latest_only_with_trigger.py
[2025-11-26T00:46:28.718+0000] {logging_mixin.py:151} INFO - [2025-11-26T00:46:28.717+0000] {dag.py:2915} INFO - Sync 1 DAGs
[2025-11-26T00:46:28.753+0000] {logging_mixin.py:151} INFO - [2025-11-26T00:46:28.753+0000] {dag.py:3696} INFO - Setting next_dagrun for latest_only_with_trigger to 2025-11-25T20:46:28.752982+00:00, run_after=2025-11-26T00:46:28.752982+00:00
[2025-11-26T00:46:28.788+0000] {processor.py:179} INFO - Processing /home/airflow/.local/lib/python3.8/site-packages/airflow/example_dags/example_latest_only_with_trigger.py took 0.134 seconds
[2025-11-26T06:46:47.092+0000] {processor.py:157} INFO - Started process (PID=21258) to work on /home/airflow/.local/lib/python3.8/site-packages/airflow/example_dags/example_latest_only_with_trigger.py
[2025-11-26T06:46:47.094+0000] {processor.py:829} INFO - Processing file /home/airflow/.local/lib/python3.8/site-packages/airflow/example_dags/example_latest_only_with_trigger.py for tasks to queue
[2025-11-26T06:46:47.098+0000] {logging_mixin.py:151} INFO - [2025-11-26T06:46:47.098+0000] {dagbag.py:539} INFO - Filling up the DagBag from /home/airflow/.local/lib/python3.8/site-packages/airflow/example_dags/example_latest_only_with_trigger.py
[2025-11-26T06:46:47.108+0000] {processor.py:839} INFO - DAG(s) dict_keys(['latest_only_with_trigger']) retrieved from /home/airflow/.local/lib/python3.8/site-packages/airflow/example_dags/example_latest_only_with_trigger.py
[2025-11-26T06:46:47.164+0000] {logging_mixin.py:151} INFO - [2025-11-26T06:46:47.164+0000] {dag.py:2915} INFO - Sync 1 DAGs
[2025-11-26T06:46:47.197+0000] {logging_mixin.py:151} INFO - [2025-11-26T06:46:47.197+0000] {dag.py:3696} INFO - Setting next_dagrun for latest_only_with_trigger to 2025-11-26T02:46:47.196582+00:00, run_after=2025-11-26T06:46:47.196582+00:00
[2025-11-26T06:46:47.227+0000] {processor.py:179} INFO - Processing /home/airflow/.local/lib/python3.8/site-packages/airflow/example_dags/example_latest_only_with_trigger.py took 0.140 seconds
[2025-11-26T07:35:28.765+0000] {processor.py:157} INFO - Started process (PID=21329) to work on /home/airflow/.local/lib/python3.8/site-packages/airflow/example_dags/example_latest_only_with_trigger.py
[2025-11-26T07:35:28.766+0000] {processor.py:829} INFO - Processing file /home/airflow/.local/lib/python3.8/site-packages/airflow/example_dags/example_latest_only_with_trigger.py for tasks to queue
[2025-11-26T07:35:28.767+0000] {logging_mixin.py:151} INFO - [2025-11-26T07:35:28.767+0000] {dagbag.py:539} INFO - Filling up the DagBag from /home/airflow/.local/lib/python3.8/site-packages/airflow/example_dags/example_latest_only_with_trigger.py
[2025-11-26T07:35:28.778+0000] {processor.py:839} INFO - DAG(s) dict_keys(['latest_only_with_trigger']) retrieved from /home/airflow/.local/lib/python3.8/site-packages/airflow/example_dags/example_latest_only_with_trigger.py
[2025-11-26T07:35:28.813+0000] {logging_mixin.py:151} INFO - [2025-11-26T07:35:28.813+0000] {dag.py:2915} INFO - Sync 1 DAGs
[2025-11-26T07:35:28.847+0000] {logging_mixin.py:151} INFO - [2025-11-26T07:35:28.846+0000] {dag.py:3696} INFO - Setting next_dagrun for latest_only_with_trigger to 2025-11-26T03:35:28.846345+00:00, run_after=2025-11-26T07:35:28.846345+00:00
[2025-11-26T07:35:28.876+0000] {processor.py:179} INFO - Processing /home/airflow/.local/lib/python3.8/site-packages/airflow/example_dags/example_latest_only_with_trigger.py took 0.116 seconds
[2025-11-26T23:25:23.786+0000] {processor.py:157} INFO - Started process (PID=21422) to work on /home/airflow/.local/lib/python3.8/site-packages/airflow/example_dags/example_latest_only_with_trigger.py
[2025-11-26T23:25:23.788+0000] {processor.py:829} INFO - Processing file /home/airflow/.local/lib/python3.8/site-packages/airflow/example_dags/example_latest_only_with_trigger.py for tasks to queue
[2025-11-26T23:25:23.791+0000] {logging_mixin.py:151} INFO - [2025-11-26T23:25:23.790+0000] {dagbag.py:539} INFO - Filling up the DagBag from /home/airflow/.local/lib/python3.8/site-packages/airflow/example_dags/example_latest_only_with_trigger.py
[2025-11-26T23:25:23.811+0000] {processor.py:839} INFO - DAG(s) dict_keys(['latest_only_with_trigger']) retrieved from /home/airflow/.local/lib/python3.8/site-packages/airflow/example_dags/example_latest_only_with_trigger.py
[2025-11-26T23:25:23.877+0000] {logging_mixin.py:151} INFO - [2025-11-26T23:25:23.877+0000] {dag.py:2915} INFO - Sync 1 DAGs
[2025-11-26T23:25:23.937+0000] {logging_mixin.py:151} INFO - [2025-11-26T23:25:23.937+0000] {dag.py:3696} INFO - Setting next_dagrun for latest_only_with_trigger to 2025-11-26T19:25:23.936302+00:00, run_after=2025-11-26T23:25:23.936302+00:00
[2025-11-26T23:25:23.987+0000] {processor.py:179} INFO - Processing /home/airflow/.local/lib/python3.8/site-packages/airflow/example_dags/example_latest_only_with_trigger.py took 0.208 seconds
