[2025-11-26T02:46:31.889+0000] {processor.py:157} INFO - Started process (PID=21185) to work on /home/airflow/.local/lib/python3.8/site-packages/airflow/example_dags/example_local_kubernetes_executor.py
[2025-11-26T02:46:31.891+0000] {processor.py:829} INFO - Processing file /home/airflow/.local/lib/python3.8/site-packages/airflow/example_dags/example_local_kubernetes_executor.py for tasks to queue
[2025-11-26T02:46:31.894+0000] {logging_mixin.py:151} INFO - [2025-11-26T02:46:31.894+0000] {dagbag.py:539} INFO - Filling up the DagBag from /home/airflow/.local/lib/python3.8/site-packages/airflow/example_dags/example_local_kubernetes_executor.py
[2025-11-26T02:46:32.713+0000] {processor.py:839} INFO - DAG(s) dict_keys(['example_local_kubernetes_executor']) retrieved from /home/airflow/.local/lib/python3.8/site-packages/airflow/example_dags/example_local_kubernetes_executor.py
[2025-11-26T02:46:32.788+0000] {logging_mixin.py:151} INFO - [2025-11-26T02:46:32.787+0000] {dag.py:2915} INFO - Sync 1 DAGs
[2025-11-26T02:46:32.810+0000] {logging_mixin.py:151} INFO - [2025-11-26T02:46:32.810+0000] {dag.py:3696} INFO - Setting next_dagrun for example_local_kubernetes_executor to None, run_after=None
[2025-11-26T02:46:32.840+0000] {processor.py:179} INFO - Processing /home/airflow/.local/lib/python3.8/site-packages/airflow/example_dags/example_local_kubernetes_executor.py took 0.971 seconds
[2025-11-26T04:46:38.849+0000] {processor.py:157} INFO - Started process (PID=21217) to work on /home/airflow/.local/lib/python3.8/site-packages/airflow/example_dags/example_local_kubernetes_executor.py
[2025-11-26T04:46:38.851+0000] {processor.py:829} INFO - Processing file /home/airflow/.local/lib/python3.8/site-packages/airflow/example_dags/example_local_kubernetes_executor.py for tasks to queue
[2025-11-26T04:46:38.855+0000] {logging_mixin.py:151} INFO - [2025-11-26T04:46:38.854+0000] {dagbag.py:539} INFO - Filling up the DagBag from /home/airflow/.local/lib/python3.8/site-packages/airflow/example_dags/example_local_kubernetes_executor.py
[2025-11-26T04:46:40.334+0000] {processor.py:839} INFO - DAG(s) dict_keys(['example_local_kubernetes_executor']) retrieved from /home/airflow/.local/lib/python3.8/site-packages/airflow/example_dags/example_local_kubernetes_executor.py
[2025-11-26T04:46:40.411+0000] {logging_mixin.py:151} INFO - [2025-11-26T04:46:40.410+0000] {dag.py:2915} INFO - Sync 1 DAGs
[2025-11-26T04:46:40.437+0000] {logging_mixin.py:151} INFO - [2025-11-26T04:46:40.437+0000] {dag.py:3696} INFO - Setting next_dagrun for example_local_kubernetes_executor to None, run_after=None
[2025-11-26T04:46:40.468+0000] {processor.py:179} INFO - Processing /home/airflow/.local/lib/python3.8/site-packages/airflow/example_dags/example_local_kubernetes_executor.py took 1.628 seconds
[2025-11-26T06:46:49.067+0000] {processor.py:157} INFO - Started process (PID=21271) to work on /home/airflow/.local/lib/python3.8/site-packages/airflow/example_dags/example_local_kubernetes_executor.py
[2025-11-26T06:46:49.068+0000] {processor.py:829} INFO - Processing file /home/airflow/.local/lib/python3.8/site-packages/airflow/example_dags/example_local_kubernetes_executor.py for tasks to queue
[2025-11-26T06:46:49.073+0000] {logging_mixin.py:151} INFO - [2025-11-26T06:46:49.072+0000] {dagbag.py:539} INFO - Filling up the DagBag from /home/airflow/.local/lib/python3.8/site-packages/airflow/example_dags/example_local_kubernetes_executor.py
[2025-11-26T06:46:49.642+0000] {processor.py:839} INFO - DAG(s) dict_keys(['example_local_kubernetes_executor']) retrieved from /home/airflow/.local/lib/python3.8/site-packages/airflow/example_dags/example_local_kubernetes_executor.py
[2025-11-26T06:46:49.694+0000] {logging_mixin.py:151} INFO - [2025-11-26T06:46:49.693+0000] {dag.py:2915} INFO - Sync 1 DAGs
[2025-11-26T06:46:49.712+0000] {logging_mixin.py:151} INFO - [2025-11-26T06:46:49.711+0000] {dag.py:3696} INFO - Setting next_dagrun for example_local_kubernetes_executor to None, run_after=None
[2025-11-26T06:46:49.741+0000] {processor.py:179} INFO - Processing /home/airflow/.local/lib/python3.8/site-packages/airflow/example_dags/example_local_kubernetes_executor.py took 0.680 seconds
[2025-11-26T06:59:19.738+0000] {processor.py:157} INFO - Started process (PID=21288) to work on /home/airflow/.local/lib/python3.8/site-packages/airflow/example_dags/example_local_kubernetes_executor.py
[2025-11-26T06:59:19.739+0000] {processor.py:829} INFO - Processing file /home/airflow/.local/lib/python3.8/site-packages/airflow/example_dags/example_local_kubernetes_executor.py for tasks to queue
[2025-11-26T06:59:19.743+0000] {logging_mixin.py:151} INFO - [2025-11-26T06:59:19.742+0000] {dagbag.py:539} INFO - Filling up the DagBag from /home/airflow/.local/lib/python3.8/site-packages/airflow/example_dags/example_local_kubernetes_executor.py
[2025-11-26T06:59:20.480+0000] {processor.py:839} INFO - DAG(s) dict_keys(['example_local_kubernetes_executor']) retrieved from /home/airflow/.local/lib/python3.8/site-packages/airflow/example_dags/example_local_kubernetes_executor.py
[2025-11-26T06:59:20.534+0000] {logging_mixin.py:151} INFO - [2025-11-26T06:59:20.533+0000] {dag.py:2915} INFO - Sync 1 DAGs
[2025-11-26T06:59:20.579+0000] {logging_mixin.py:151} INFO - [2025-11-26T06:59:20.579+0000] {dag.py:3696} INFO - Setting next_dagrun for example_local_kubernetes_executor to None, run_after=None
[2025-11-26T06:59:20.672+0000] {processor.py:179} INFO - Processing /home/airflow/.local/lib/python3.8/site-packages/airflow/example_dags/example_local_kubernetes_executor.py took 0.940 seconds
[2025-11-26T07:35:31.278+0000] {processor.py:157} INFO - Started process (PID=21342) to work on /home/airflow/.local/lib/python3.8/site-packages/airflow/example_dags/example_local_kubernetes_executor.py
[2025-11-26T07:35:31.281+0000] {processor.py:829} INFO - Processing file /home/airflow/.local/lib/python3.8/site-packages/airflow/example_dags/example_local_kubernetes_executor.py for tasks to queue
[2025-11-26T07:35:31.286+0000] {logging_mixin.py:151} INFO - [2025-11-26T07:35:31.285+0000] {dagbag.py:539} INFO - Filling up the DagBag from /home/airflow/.local/lib/python3.8/site-packages/airflow/example_dags/example_local_kubernetes_executor.py
[2025-11-26T07:35:32.114+0000] {processor.py:839} INFO - DAG(s) dict_keys(['example_local_kubernetes_executor']) retrieved from /home/airflow/.local/lib/python3.8/site-packages/airflow/example_dags/example_local_kubernetes_executor.py
[2025-11-26T07:35:32.186+0000] {logging_mixin.py:151} INFO - [2025-11-26T07:35:32.185+0000] {dag.py:2915} INFO - Sync 1 DAGs
[2025-11-26T07:35:32.225+0000] {logging_mixin.py:151} INFO - [2025-11-26T07:35:32.225+0000] {dag.py:3696} INFO - Setting next_dagrun for example_local_kubernetes_executor to None, run_after=None
[2025-11-26T07:35:32.259+0000] {processor.py:179} INFO - Processing /home/airflow/.local/lib/python3.8/site-packages/airflow/example_dags/example_local_kubernetes_executor.py took 0.985 seconds
[2025-11-26T15:12:20.211+0000] {processor.py:157} INFO - Started process (PID=21374) to work on /home/airflow/.local/lib/python3.8/site-packages/airflow/example_dags/example_local_kubernetes_executor.py
[2025-11-26T15:12:20.212+0000] {processor.py:829} INFO - Processing file /home/airflow/.local/lib/python3.8/site-packages/airflow/example_dags/example_local_kubernetes_executor.py for tasks to queue
[2025-11-26T15:12:20.214+0000] {logging_mixin.py:151} INFO - [2025-11-26T15:12:20.213+0000] {dagbag.py:539} INFO - Filling up the DagBag from /home/airflow/.local/lib/python3.8/site-packages/airflow/example_dags/example_local_kubernetes_executor.py
[2025-11-26T15:12:20.823+0000] {processor.py:839} INFO - DAG(s) dict_keys(['example_local_kubernetes_executor']) retrieved from /home/airflow/.local/lib/python3.8/site-packages/airflow/example_dags/example_local_kubernetes_executor.py
[2025-11-26T15:12:20.891+0000] {logging_mixin.py:151} INFO - [2025-11-26T15:12:20.890+0000] {dag.py:2915} INFO - Sync 1 DAGs
[2025-11-26T15:12:20.907+0000] {logging_mixin.py:151} INFO - [2025-11-26T15:12:20.906+0000] {dag.py:3696} INFO - Setting next_dagrun for example_local_kubernetes_executor to None, run_after=None
[2025-11-26T15:12:20.941+0000] {processor.py:179} INFO - Processing /home/airflow/.local/lib/python3.8/site-packages/airflow/example_dags/example_local_kubernetes_executor.py took 0.735 seconds
[2025-11-26T23:25:26.085+0000] {processor.py:157} INFO - Started process (PID=21435) to work on /home/airflow/.local/lib/python3.8/site-packages/airflow/example_dags/example_local_kubernetes_executor.py
[2025-11-26T23:25:26.089+0000] {processor.py:829} INFO - Processing file /home/airflow/.local/lib/python3.8/site-packages/airflow/example_dags/example_local_kubernetes_executor.py for tasks to queue
[2025-11-26T23:25:26.093+0000] {logging_mixin.py:151} INFO - [2025-11-26T23:25:26.091+0000] {dagbag.py:539} INFO - Filling up the DagBag from /home/airflow/.local/lib/python3.8/site-packages/airflow/example_dags/example_local_kubernetes_executor.py
[2025-11-26T23:25:27.025+0000] {processor.py:839} INFO - DAG(s) dict_keys(['example_local_kubernetes_executor']) retrieved from /home/airflow/.local/lib/python3.8/site-packages/airflow/example_dags/example_local_kubernetes_executor.py
[2025-11-26T23:25:27.113+0000] {logging_mixin.py:151} INFO - [2025-11-26T23:25:27.112+0000] {dag.py:2915} INFO - Sync 1 DAGs
[2025-11-26T23:25:27.144+0000] {logging_mixin.py:151} INFO - [2025-11-26T23:25:27.143+0000] {dag.py:3696} INFO - Setting next_dagrun for example_local_kubernetes_executor to None, run_after=None
[2025-11-26T23:25:27.192+0000] {processor.py:179} INFO - Processing /home/airflow/.local/lib/python3.8/site-packages/airflow/example_dags/example_local_kubernetes_executor.py took 1.117 seconds
