[2025-11-26T02:46:33.565+0000] {processor.py:157} INFO - Started process (PID=21197) to work on /home/airflow/.local/lib/python3.8/site-packages/airflow/example_dags/example_short_circuit_decorator.py
[2025-11-26T02:46:33.568+0000] {processor.py:829} INFO - Processing file /home/airflow/.local/lib/python3.8/site-packages/airflow/example_dags/example_short_circuit_decorator.py for tasks to queue
[2025-11-26T02:46:33.569+0000] {logging_mixin.py:151} INFO - [2025-11-26T02:46:33.569+0000] {dagbag.py:539} INFO - Filling up the DagBag from /home/airflow/.local/lib/python3.8/site-packages/airflow/example_dags/example_short_circuit_decorator.py
[2025-11-26T02:46:33.587+0000] {processor.py:839} INFO - DAG(s) dict_keys(['example_short_circuit_decorator']) retrieved from /home/airflow/.local/lib/python3.8/site-packages/airflow/example_dags/example_short_circuit_decorator.py
[2025-11-26T02:46:33.634+0000] {logging_mixin.py:151} INFO - [2025-11-26T02:46:33.634+0000] {dag.py:2915} INFO - Sync 1 DAGs
[2025-11-26T02:46:33.780+0000] {logging_mixin.py:151} INFO - [2025-11-26T02:46:33.780+0000] {dag.py:3696} INFO - Setting next_dagrun for example_short_circuit_decorator to 2025-11-25T02:46:33.780008+00:00, run_after=2025-11-26T02:46:33.780008+00:00
[2025-11-26T02:46:33.817+0000] {processor.py:179} INFO - Processing /home/airflow/.local/lib/python3.8/site-packages/airflow/example_dags/example_short_circuit_decorator.py took 0.262 seconds
[2025-11-26T06:46:42.954+0000] {processor.py:157} INFO - Started process (PID=21236) to work on /home/airflow/.local/lib/python3.8/site-packages/airflow/example_dags/example_short_circuit_decorator.py
[2025-11-26T06:46:42.956+0000] {processor.py:829} INFO - Processing file /home/airflow/.local/lib/python3.8/site-packages/airflow/example_dags/example_short_circuit_decorator.py for tasks to queue
[2025-11-26T06:46:42.961+0000] {logging_mixin.py:151} INFO - [2025-11-26T06:46:42.961+0000] {dagbag.py:539} INFO - Filling up the DagBag from /home/airflow/.local/lib/python3.8/site-packages/airflow/example_dags/example_short_circuit_decorator.py
[2025-11-26T06:46:42.999+0000] {processor.py:839} INFO - DAG(s) dict_keys(['example_short_circuit_decorator']) retrieved from /home/airflow/.local/lib/python3.8/site-packages/airflow/example_dags/example_short_circuit_decorator.py
[2025-11-26T06:46:43.054+0000] {logging_mixin.py:151} INFO - [2025-11-26T06:46:43.053+0000] {dag.py:2915} INFO - Sync 1 DAGs
[2025-11-26T06:46:43.086+0000] {logging_mixin.py:151} INFO - [2025-11-26T06:46:43.086+0000] {dag.py:3696} INFO - Setting next_dagrun for example_short_circuit_decorator to 2025-11-25T06:46:43.085770+00:00, run_after=2025-11-26T06:46:43.085770+00:00
[2025-11-26T06:46:43.122+0000] {processor.py:179} INFO - Processing /home/airflow/.local/lib/python3.8/site-packages/airflow/example_dags/example_short_circuit_decorator.py took 0.176 seconds
[2025-11-26T06:59:22.036+0000] {processor.py:157} INFO - Started process (PID=21300) to work on /home/airflow/.local/lib/python3.8/site-packages/airflow/example_dags/example_short_circuit_decorator.py
[2025-11-26T06:59:22.040+0000] {processor.py:829} INFO - Processing file /home/airflow/.local/lib/python3.8/site-packages/airflow/example_dags/example_short_circuit_decorator.py for tasks to queue
[2025-11-26T06:59:22.042+0000] {logging_mixin.py:151} INFO - [2025-11-26T06:59:22.042+0000] {dagbag.py:539} INFO - Filling up the DagBag from /home/airflow/.local/lib/python3.8/site-packages/airflow/example_dags/example_short_circuit_decorator.py
[2025-11-26T06:59:22.064+0000] {processor.py:839} INFO - DAG(s) dict_keys(['example_short_circuit_decorator']) retrieved from /home/airflow/.local/lib/python3.8/site-packages/airflow/example_dags/example_short_circuit_decorator.py
[2025-11-26T06:59:22.107+0000] {logging_mixin.py:151} INFO - [2025-11-26T06:59:22.107+0000] {dag.py:2915} INFO - Sync 1 DAGs
[2025-11-26T06:59:22.144+0000] {logging_mixin.py:151} INFO - [2025-11-26T06:59:22.144+0000] {dag.py:3696} INFO - Setting next_dagrun for example_short_circuit_decorator to 2025-11-25T06:59:22.143865+00:00, run_after=2025-11-26T06:59:22.143865+00:00
[2025-11-26T06:59:22.179+0000] {processor.py:179} INFO - Processing /home/airflow/.local/lib/python3.8/site-packages/airflow/example_dags/example_short_circuit_decorator.py took 0.148 seconds
[2025-11-26T07:35:32.870+0000] {processor.py:157} INFO - Started process (PID=21354) to work on /home/airflow/.local/lib/python3.8/site-packages/airflow/example_dags/example_short_circuit_decorator.py
[2025-11-26T07:35:32.871+0000] {processor.py:829} INFO - Processing file /home/airflow/.local/lib/python3.8/site-packages/airflow/example_dags/example_short_circuit_decorator.py for tasks to queue
[2025-11-26T07:35:32.873+0000] {logging_mixin.py:151} INFO - [2025-11-26T07:35:32.872+0000] {dagbag.py:539} INFO - Filling up the DagBag from /home/airflow/.local/lib/python3.8/site-packages/airflow/example_dags/example_short_circuit_decorator.py
[2025-11-26T07:35:32.892+0000] {processor.py:839} INFO - DAG(s) dict_keys(['example_short_circuit_decorator']) retrieved from /home/airflow/.local/lib/python3.8/site-packages/airflow/example_dags/example_short_circuit_decorator.py
[2025-11-26T07:35:32.933+0000] {logging_mixin.py:151} INFO - [2025-11-26T07:35:32.932+0000] {dag.py:2915} INFO - Sync 1 DAGs
[2025-11-26T07:35:32.971+0000] {logging_mixin.py:151} INFO - [2025-11-26T07:35:32.971+0000] {dag.py:3696} INFO - Setting next_dagrun for example_short_circuit_decorator to 2025-11-25T07:35:32.970953+00:00, run_after=2025-11-26T07:35:32.970953+00:00
[2025-11-26T07:35:33.004+0000] {processor.py:179} INFO - Processing /home/airflow/.local/lib/python3.8/site-packages/airflow/example_dags/example_short_circuit_decorator.py took 0.142 seconds
[2025-11-26T18:13:00.685+0000] {processor.py:157} INFO - Started process (PID=21393) to work on /home/airflow/.local/lib/python3.8/site-packages/airflow/example_dags/example_short_circuit_decorator.py
[2025-11-26T18:13:00.686+0000] {processor.py:829} INFO - Processing file /home/airflow/.local/lib/python3.8/site-packages/airflow/example_dags/example_short_circuit_decorator.py for tasks to queue
[2025-11-26T18:13:00.688+0000] {logging_mixin.py:151} INFO - [2025-11-26T18:13:00.687+0000] {dagbag.py:539} INFO - Filling up the DagBag from /home/airflow/.local/lib/python3.8/site-packages/airflow/example_dags/example_short_circuit_decorator.py
[2025-11-26T18:13:00.708+0000] {processor.py:839} INFO - DAG(s) dict_keys(['example_short_circuit_decorator']) retrieved from /home/airflow/.local/lib/python3.8/site-packages/airflow/example_dags/example_short_circuit_decorator.py
[2025-11-26T18:13:00.756+0000] {logging_mixin.py:151} INFO - [2025-11-26T18:13:00.756+0000] {dag.py:2915} INFO - Sync 1 DAGs
[2025-11-26T18:13:00.796+0000] {logging_mixin.py:151} INFO - [2025-11-26T18:13:00.796+0000] {dag.py:3696} INFO - Setting next_dagrun for example_short_circuit_decorator to 2025-11-25T18:13:00.795515+00:00, run_after=2025-11-26T18:13:00.795515+00:00
[2025-11-26T18:13:01.113+0000] {processor.py:179} INFO - Processing /home/airflow/.local/lib/python3.8/site-packages/airflow/example_dags/example_short_circuit_decorator.py took 0.436 seconds
[2025-11-26T23:25:28.574+0000] {processor.py:157} INFO - Started process (PID=21447) to work on /home/airflow/.local/lib/python3.8/site-packages/airflow/example_dags/example_short_circuit_decorator.py
[2025-11-26T23:25:28.577+0000] {processor.py:829} INFO - Processing file /home/airflow/.local/lib/python3.8/site-packages/airflow/example_dags/example_short_circuit_decorator.py for tasks to queue
[2025-11-26T23:25:28.579+0000] {logging_mixin.py:151} INFO - [2025-11-26T23:25:28.578+0000] {dagbag.py:539} INFO - Filling up the DagBag from /home/airflow/.local/lib/python3.8/site-packages/airflow/example_dags/example_short_circuit_decorator.py
[2025-11-26T23:25:28.605+0000] {processor.py:839} INFO - DAG(s) dict_keys(['example_short_circuit_decorator']) retrieved from /home/airflow/.local/lib/python3.8/site-packages/airflow/example_dags/example_short_circuit_decorator.py
[2025-11-26T23:25:28.701+0000] {logging_mixin.py:151} INFO - [2025-11-26T23:25:28.700+0000] {dag.py:2915} INFO - Sync 1 DAGs
[2025-11-26T23:25:29.316+0000] {logging_mixin.py:151} INFO - [2025-11-26T23:25:29.312+0000] {dag.py:3696} INFO - Setting next_dagrun for example_short_circuit_decorator to 2025-11-25T23:25:29.306269+00:00, run_after=2025-11-26T23:25:29.306269+00:00
[2025-11-26T23:25:30.655+0000] {processor.py:179} INFO - Processing /home/airflow/.local/lib/python3.8/site-packages/airflow/example_dags/example_short_circuit_decorator.py took 2.087 seconds
