[2025-11-26T02:46:32.591+0000] {processor.py:157} INFO - Started process (PID=21189) to work on /home/airflow/.local/lib/python3.8/site-packages/airflow/example_dags/example_xcom.py
[2025-11-26T02:46:32.593+0000] {processor.py:829} INFO - Processing file /home/airflow/.local/lib/python3.8/site-packages/airflow/example_dags/example_xcom.py for tasks to queue
[2025-11-26T02:46:32.595+0000] {logging_mixin.py:151} INFO - [2025-11-26T02:46:32.594+0000] {dagbag.py:539} INFO - Filling up the DagBag from /home/airflow/.local/lib/python3.8/site-packages/airflow/example_dags/example_xcom.py
[2025-11-26T02:46:32.612+0000] {processor.py:839} INFO - DAG(s) dict_keys(['example_xcom']) retrieved from /home/airflow/.local/lib/python3.8/site-packages/airflow/example_dags/example_xcom.py
[2025-11-26T02:46:32.651+0000] {logging_mixin.py:151} INFO - [2025-11-26T02:46:32.651+0000] {dag.py:2915} INFO - Sync 1 DAGs
[2025-11-26T02:46:32.684+0000] {logging_mixin.py:151} INFO - [2025-11-26T02:46:32.684+0000] {dag.py:3696} INFO - Setting next_dagrun for example_xcom to 2021-01-01T00:00:00+00:00, run_after=2021-01-01T00:00:00+00:00
[2025-11-26T02:46:32.714+0000] {processor.py:179} INFO - Processing /home/airflow/.local/lib/python3.8/site-packages/airflow/example_dags/example_xcom.py took 0.132 seconds
[2025-11-26T04:46:40.246+0000] {processor.py:157} INFO - Started process (PID=21221) to work on /home/airflow/.local/lib/python3.8/site-packages/airflow/example_dags/example_xcom.py
[2025-11-26T04:46:40.249+0000] {processor.py:829} INFO - Processing file /home/airflow/.local/lib/python3.8/site-packages/airflow/example_dags/example_xcom.py for tasks to queue
[2025-11-26T04:46:40.252+0000] {logging_mixin.py:151} INFO - [2025-11-26T04:46:40.252+0000] {dagbag.py:539} INFO - Filling up the DagBag from /home/airflow/.local/lib/python3.8/site-packages/airflow/example_dags/example_xcom.py
[2025-11-26T04:46:40.269+0000] {processor.py:839} INFO - DAG(s) dict_keys(['example_xcom']) retrieved from /home/airflow/.local/lib/python3.8/site-packages/airflow/example_dags/example_xcom.py
[2025-11-26T04:46:40.321+0000] {logging_mixin.py:151} INFO - [2025-11-26T04:46:40.320+0000] {dag.py:2915} INFO - Sync 1 DAGs
[2025-11-26T04:46:40.359+0000] {logging_mixin.py:151} INFO - [2025-11-26T04:46:40.358+0000] {dag.py:3696} INFO - Setting next_dagrun for example_xcom to 2021-01-01T00:00:00+00:00, run_after=2021-01-01T00:00:00+00:00
[2025-11-26T04:46:40.392+0000] {processor.py:179} INFO - Processing /home/airflow/.local/lib/python3.8/site-packages/airflow/example_dags/example_xcom.py took 0.150 seconds
[2025-11-26T06:46:49.948+0000] {processor.py:157} INFO - Started process (PID=21275) to work on /home/airflow/.local/lib/python3.8/site-packages/airflow/example_dags/example_xcom.py
[2025-11-26T06:46:49.950+0000] {processor.py:829} INFO - Processing file /home/airflow/.local/lib/python3.8/site-packages/airflow/example_dags/example_xcom.py for tasks to queue
[2025-11-26T06:46:49.953+0000] {logging_mixin.py:151} INFO - [2025-11-26T06:46:49.952+0000] {dagbag.py:539} INFO - Filling up the DagBag from /home/airflow/.local/lib/python3.8/site-packages/airflow/example_dags/example_xcom.py
[2025-11-26T06:46:49.966+0000] {processor.py:839} INFO - DAG(s) dict_keys(['example_xcom']) retrieved from /home/airflow/.local/lib/python3.8/site-packages/airflow/example_dags/example_xcom.py
[2025-11-26T06:46:49.997+0000] {logging_mixin.py:151} INFO - [2025-11-26T06:46:49.997+0000] {dag.py:2915} INFO - Sync 1 DAGs
[2025-11-26T06:46:50.071+0000] {logging_mixin.py:151} INFO - [2025-11-26T06:46:50.071+0000] {dag.py:3696} INFO - Setting next_dagrun for example_xcom to 2021-01-01T00:00:00+00:00, run_after=2021-01-01T00:00:00+00:00
[2025-11-26T06:46:50.123+0000] {processor.py:179} INFO - Processing /home/airflow/.local/lib/python3.8/site-packages/airflow/example_dags/example_xcom.py took 0.181 seconds
[2025-11-26T06:59:20.463+0000] {processor.py:157} INFO - Started process (PID=21292) to work on /home/airflow/.local/lib/python3.8/site-packages/airflow/example_dags/example_xcom.py
[2025-11-26T06:59:20.465+0000] {processor.py:829} INFO - Processing file /home/airflow/.local/lib/python3.8/site-packages/airflow/example_dags/example_xcom.py for tasks to queue
[2025-11-26T06:59:20.466+0000] {logging_mixin.py:151} INFO - [2025-11-26T06:59:20.466+0000] {dagbag.py:539} INFO - Filling up the DagBag from /home/airflow/.local/lib/python3.8/site-packages/airflow/example_dags/example_xcom.py
[2025-11-26T06:59:20.478+0000] {processor.py:839} INFO - DAG(s) dict_keys(['example_xcom']) retrieved from /home/airflow/.local/lib/python3.8/site-packages/airflow/example_dags/example_xcom.py
[2025-11-26T06:59:20.533+0000] {logging_mixin.py:151} INFO - [2025-11-26T06:59:20.533+0000] {dag.py:2915} INFO - Sync 1 DAGs
[2025-11-26T06:59:20.691+0000] {logging_mixin.py:151} INFO - [2025-11-26T06:59:20.690+0000] {dag.py:3696} INFO - Setting next_dagrun for example_xcom to 2021-01-01T00:00:00+00:00, run_after=2021-01-01T00:00:00+00:00
[2025-11-26T06:59:20.748+0000] {processor.py:179} INFO - Processing /home/airflow/.local/lib/python3.8/site-packages/airflow/example_dags/example_xcom.py took 0.289 seconds
[2025-11-26T07:35:31.936+0000] {processor.py:157} INFO - Started process (PID=21346) to work on /home/airflow/.local/lib/python3.8/site-packages/airflow/example_dags/example_xcom.py
[2025-11-26T07:35:31.937+0000] {processor.py:829} INFO - Processing file /home/airflow/.local/lib/python3.8/site-packages/airflow/example_dags/example_xcom.py for tasks to queue
[2025-11-26T07:35:31.939+0000] {logging_mixin.py:151} INFO - [2025-11-26T07:35:31.938+0000] {dagbag.py:539} INFO - Filling up the DagBag from /home/airflow/.local/lib/python3.8/site-packages/airflow/example_dags/example_xcom.py
[2025-11-26T07:35:31.953+0000] {processor.py:839} INFO - DAG(s) dict_keys(['example_xcom']) retrieved from /home/airflow/.local/lib/python3.8/site-packages/airflow/example_dags/example_xcom.py
[2025-11-26T07:35:31.998+0000] {logging_mixin.py:151} INFO - [2025-11-26T07:35:31.998+0000] {dag.py:2915} INFO - Sync 1 DAGs
[2025-11-26T07:35:32.037+0000] {logging_mixin.py:151} INFO - [2025-11-26T07:35:32.037+0000] {dag.py:3696} INFO - Setting next_dagrun for example_xcom to 2021-01-01T00:00:00+00:00, run_after=2021-01-01T00:00:00+00:00
[2025-11-26T07:35:32.075+0000] {processor.py:179} INFO - Processing /home/airflow/.local/lib/python3.8/site-packages/airflow/example_dags/example_xcom.py took 0.145 seconds
[2025-11-26T15:12:21.156+0000] {processor.py:157} INFO - Started process (PID=21378) to work on /home/airflow/.local/lib/python3.8/site-packages/airflow/example_dags/example_xcom.py
[2025-11-26T15:12:21.157+0000] {processor.py:829} INFO - Processing file /home/airflow/.local/lib/python3.8/site-packages/airflow/example_dags/example_xcom.py for tasks to queue
[2025-11-26T15:12:21.158+0000] {logging_mixin.py:151} INFO - [2025-11-26T15:12:21.158+0000] {dagbag.py:539} INFO - Filling up the DagBag from /home/airflow/.local/lib/python3.8/site-packages/airflow/example_dags/example_xcom.py
[2025-11-26T15:12:21.169+0000] {processor.py:839} INFO - DAG(s) dict_keys(['example_xcom']) retrieved from /home/airflow/.local/lib/python3.8/site-packages/airflow/example_dags/example_xcom.py
[2025-11-26T15:12:21.237+0000] {logging_mixin.py:151} INFO - [2025-11-26T15:12:21.237+0000] {dag.py:2915} INFO - Sync 1 DAGs
[2025-11-26T15:12:21.279+0000] {logging_mixin.py:151} INFO - [2025-11-26T15:12:21.278+0000] {dag.py:3696} INFO - Setting next_dagrun for example_xcom to 2021-01-01T00:00:00+00:00, run_after=2021-01-01T00:00:00+00:00
[2025-11-26T15:12:21.310+0000] {processor.py:179} INFO - Processing /home/airflow/.local/lib/python3.8/site-packages/airflow/example_dags/example_xcom.py took 0.160 seconds
[2025-11-26T23:25:26.928+0000] {processor.py:157} INFO - Started process (PID=21439) to work on /home/airflow/.local/lib/python3.8/site-packages/airflow/example_dags/example_xcom.py
[2025-11-26T23:25:26.931+0000] {processor.py:829} INFO - Processing file /home/airflow/.local/lib/python3.8/site-packages/airflow/example_dags/example_xcom.py for tasks to queue
[2025-11-26T23:25:26.933+0000] {logging_mixin.py:151} INFO - [2025-11-26T23:25:26.933+0000] {dagbag.py:539} INFO - Filling up the DagBag from /home/airflow/.local/lib/python3.8/site-packages/airflow/example_dags/example_xcom.py
[2025-11-26T23:25:26.958+0000] {processor.py:839} INFO - DAG(s) dict_keys(['example_xcom']) retrieved from /home/airflow/.local/lib/python3.8/site-packages/airflow/example_dags/example_xcom.py
[2025-11-26T23:25:27.019+0000] {logging_mixin.py:151} INFO - [2025-11-26T23:25:27.019+0000] {dag.py:2915} INFO - Sync 1 DAGs
[2025-11-26T23:25:27.085+0000] {logging_mixin.py:151} INFO - [2025-11-26T23:25:27.084+0000] {dag.py:3696} INFO - Setting next_dagrun for example_xcom to 2021-01-01T00:00:00+00:00, run_after=2021-01-01T00:00:00+00:00
[2025-11-26T23:25:27.143+0000] {processor.py:179} INFO - Processing /home/airflow/.local/lib/python3.8/site-packages/airflow/example_dags/example_xcom.py took 0.224 seconds
