[2025-11-26T02:46:33.853+0000] {processor.py:157} INFO - Started process (PID=21198) to work on /home/airflow/.local/lib/python3.8/site-packages/airflow/example_dags/example_python_operator.py
[2025-11-26T02:46:33.854+0000] {processor.py:829} INFO - Processing file /home/airflow/.local/lib/python3.8/site-packages/airflow/example_dags/example_python_operator.py for tasks to queue
[2025-11-26T02:46:33.856+0000] {logging_mixin.py:151} INFO - [2025-11-26T02:46:33.856+0000] {dagbag.py:539} INFO - Filling up the DagBag from /home/airflow/.local/lib/python3.8/site-packages/airflow/example_dags/example_python_operator.py
[2025-11-26T02:46:33.875+0000] {processor.py:839} INFO - DAG(s) dict_keys(['example_python_operator']) retrieved from /home/airflow/.local/lib/python3.8/site-packages/airflow/example_dags/example_python_operator.py
[2025-11-26T02:46:33.921+0000] {logging_mixin.py:151} INFO - [2025-11-26T02:46:33.921+0000] {dag.py:2915} INFO - Sync 1 DAGs
[2025-11-26T02:46:34.060+0000] {logging_mixin.py:151} INFO - [2025-11-26T02:46:34.059+0000] {dag.py:3696} INFO - Setting next_dagrun for example_python_operator to None, run_after=None
[2025-11-26T02:46:34.089+0000] {processor.py:179} INFO - Processing /home/airflow/.local/lib/python3.8/site-packages/airflow/example_dags/example_python_operator.py took 0.241 seconds
[2025-11-26T06:46:43.162+0000] {processor.py:157} INFO - Started process (PID=21237) to work on /home/airflow/.local/lib/python3.8/site-packages/airflow/example_dags/example_python_operator.py
[2025-11-26T06:46:43.164+0000] {processor.py:829} INFO - Processing file /home/airflow/.local/lib/python3.8/site-packages/airflow/example_dags/example_python_operator.py for tasks to queue
[2025-11-26T06:46:43.168+0000] {logging_mixin.py:151} INFO - [2025-11-26T06:46:43.168+0000] {dagbag.py:539} INFO - Filling up the DagBag from /home/airflow/.local/lib/python3.8/site-packages/airflow/example_dags/example_python_operator.py
[2025-11-26T06:46:43.194+0000] {processor.py:839} INFO - DAG(s) dict_keys(['example_python_operator']) retrieved from /home/airflow/.local/lib/python3.8/site-packages/airflow/example_dags/example_python_operator.py
[2025-11-26T06:46:43.276+0000] {logging_mixin.py:151} INFO - [2025-11-26T06:46:43.276+0000] {dag.py:2915} INFO - Sync 1 DAGs
[2025-11-26T06:46:43.300+0000] {logging_mixin.py:151} INFO - [2025-11-26T06:46:43.299+0000] {dag.py:3696} INFO - Setting next_dagrun for example_python_operator to None, run_after=None
[2025-11-26T06:46:43.336+0000] {processor.py:179} INFO - Processing /home/airflow/.local/lib/python3.8/site-packages/airflow/example_dags/example_python_operator.py took 0.179 seconds
[2025-11-26T06:59:22.074+0000] {processor.py:157} INFO - Started process (PID=21301) to work on /home/airflow/.local/lib/python3.8/site-packages/airflow/example_dags/example_python_operator.py
[2025-11-26T06:59:22.076+0000] {processor.py:829} INFO - Processing file /home/airflow/.local/lib/python3.8/site-packages/airflow/example_dags/example_python_operator.py for tasks to queue
[2025-11-26T06:59:22.078+0000] {logging_mixin.py:151} INFO - [2025-11-26T06:59:22.077+0000] {dagbag.py:539} INFO - Filling up the DagBag from /home/airflow/.local/lib/python3.8/site-packages/airflow/example_dags/example_python_operator.py
[2025-11-26T06:59:22.100+0000] {processor.py:839} INFO - DAG(s) dict_keys(['example_python_operator']) retrieved from /home/airflow/.local/lib/python3.8/site-packages/airflow/example_dags/example_python_operator.py
[2025-11-26T06:59:22.148+0000] {logging_mixin.py:151} INFO - [2025-11-26T06:59:22.148+0000] {dag.py:2915} INFO - Sync 1 DAGs
[2025-11-26T06:59:22.173+0000] {logging_mixin.py:151} INFO - [2025-11-26T06:59:22.173+0000] {dag.py:3696} INFO - Setting next_dagrun for example_python_operator to None, run_after=None
[2025-11-26T06:59:22.211+0000] {processor.py:179} INFO - Processing /home/airflow/.local/lib/python3.8/site-packages/airflow/example_dags/example_python_operator.py took 0.142 seconds
[2025-11-26T07:35:32.935+0000] {processor.py:157} INFO - Started process (PID=21355) to work on /home/airflow/.local/lib/python3.8/site-packages/airflow/example_dags/example_python_operator.py
[2025-11-26T07:35:32.940+0000] {processor.py:829} INFO - Processing file /home/airflow/.local/lib/python3.8/site-packages/airflow/example_dags/example_python_operator.py for tasks to queue
[2025-11-26T07:35:32.942+0000] {logging_mixin.py:151} INFO - [2025-11-26T07:35:32.942+0000] {dagbag.py:539} INFO - Filling up the DagBag from /home/airflow/.local/lib/python3.8/site-packages/airflow/example_dags/example_python_operator.py
[2025-11-26T07:35:32.962+0000] {processor.py:839} INFO - DAG(s) dict_keys(['example_python_operator']) retrieved from /home/airflow/.local/lib/python3.8/site-packages/airflow/example_dags/example_python_operator.py
[2025-11-26T07:35:33.003+0000] {logging_mixin.py:151} INFO - [2025-11-26T07:35:33.003+0000] {dag.py:2915} INFO - Sync 1 DAGs
[2025-11-26T07:35:33.033+0000] {logging_mixin.py:151} INFO - [2025-11-26T07:35:33.032+0000] {dag.py:3696} INFO - Setting next_dagrun for example_python_operator to None, run_after=None
[2025-11-26T07:35:33.063+0000] {processor.py:179} INFO - Processing /home/airflow/.local/lib/python3.8/site-packages/airflow/example_dags/example_python_operator.py took 0.134 seconds
[2025-11-26T18:13:01.163+0000] {processor.py:157} INFO - Started process (PID=21394) to work on /home/airflow/.local/lib/python3.8/site-packages/airflow/example_dags/example_python_operator.py
[2025-11-26T18:13:01.167+0000] {processor.py:829} INFO - Processing file /home/airflow/.local/lib/python3.8/site-packages/airflow/example_dags/example_python_operator.py for tasks to queue
[2025-11-26T18:13:01.169+0000] {logging_mixin.py:151} INFO - [2025-11-26T18:13:01.168+0000] {dagbag.py:539} INFO - Filling up the DagBag from /home/airflow/.local/lib/python3.8/site-packages/airflow/example_dags/example_python_operator.py
[2025-11-26T18:13:01.194+0000] {processor.py:839} INFO - DAG(s) dict_keys(['example_python_operator']) retrieved from /home/airflow/.local/lib/python3.8/site-packages/airflow/example_dags/example_python_operator.py
[2025-11-26T18:13:01.269+0000] {logging_mixin.py:151} INFO - [2025-11-26T18:13:01.268+0000] {dag.py:2915} INFO - Sync 1 DAGs
[2025-11-26T18:13:01.298+0000] {logging_mixin.py:151} INFO - [2025-11-26T18:13:01.297+0000] {dag.py:3696} INFO - Setting next_dagrun for example_python_operator to None, run_after=None
[2025-11-26T18:13:01.911+0000] {processor.py:179} INFO - Processing /home/airflow/.local/lib/python3.8/site-packages/airflow/example_dags/example_python_operator.py took 0.756 seconds
[2025-11-26T23:25:29.040+0000] {processor.py:157} INFO - Started process (PID=21448) to work on /home/airflow/.local/lib/python3.8/site-packages/airflow/example_dags/example_python_operator.py
[2025-11-26T23:25:29.083+0000] {processor.py:829} INFO - Processing file /home/airflow/.local/lib/python3.8/site-packages/airflow/example_dags/example_python_operator.py for tasks to queue
[2025-11-26T23:25:29.098+0000] {logging_mixin.py:151} INFO - [2025-11-26T23:25:29.094+0000] {dagbag.py:539} INFO - Filling up the DagBag from /home/airflow/.local/lib/python3.8/site-packages/airflow/example_dags/example_python_operator.py
[2025-11-26T23:25:29.450+0000] {processor.py:839} INFO - DAG(s) dict_keys(['example_python_operator']) retrieved from /home/airflow/.local/lib/python3.8/site-packages/airflow/example_dags/example_python_operator.py
[2025-11-26T23:25:31.635+0000] {logging_mixin.py:151} INFO - [2025-11-26T23:25:31.627+0000] {dag.py:2915} INFO - Sync 1 DAGs
[2025-11-26T23:25:32.812+0000] {logging_mixin.py:151} INFO - [2025-11-26T23:25:32.810+0000] {dag.py:3696} INFO - Setting next_dagrun for example_python_operator to None, run_after=None
[2025-11-26T23:25:33.550+0000] {processor.py:179} INFO - Processing /home/airflow/.local/lib/python3.8/site-packages/airflow/example_dags/example_python_operator.py took 4.674 seconds
