[2025-11-26T00:46:27.654+0000] {processor.py:157} INFO - Started process (PID=21156) to work on /home/airflow/.local/lib/python3.8/site-packages/airflow/example_dags/example_complex.py
[2025-11-26T00:46:27.656+0000] {processor.py:829} INFO - Processing file /home/airflow/.local/lib/python3.8/site-packages/airflow/example_dags/example_complex.py for tasks to queue
[2025-11-26T00:46:27.657+0000] {logging_mixin.py:151} INFO - [2025-11-26T00:46:27.657+0000] {dagbag.py:539} INFO - Filling up the DagBag from /home/airflow/.local/lib/python3.8/site-packages/airflow/example_dags/example_complex.py
[2025-11-26T00:46:27.710+0000] {processor.py:839} INFO - DAG(s) dict_keys(['example_complex']) retrieved from /home/airflow/.local/lib/python3.8/site-packages/airflow/example_dags/example_complex.py
[2025-11-26T00:46:27.772+0000] {logging_mixin.py:151} INFO - [2025-11-26T00:46:27.772+0000] {dag.py:2915} INFO - Sync 1 DAGs
[2025-11-26T00:46:27.794+0000] {logging_mixin.py:151} INFO - [2025-11-26T00:46:27.794+0000] {dag.py:3696} INFO - Setting next_dagrun for example_complex to None, run_after=None
[2025-11-26T00:46:27.830+0000] {processor.py:179} INFO - Processing /home/airflow/.local/lib/python3.8/site-packages/airflow/example_dags/example_complex.py took 0.182 seconds
[2025-11-26T06:46:45.540+0000] {processor.py:157} INFO - Started process (PID=21247) to work on /home/airflow/.local/lib/python3.8/site-packages/airflow/example_dags/example_complex.py
[2025-11-26T06:46:45.542+0000] {processor.py:829} INFO - Processing file /home/airflow/.local/lib/python3.8/site-packages/airflow/example_dags/example_complex.py for tasks to queue
[2025-11-26T06:46:45.546+0000] {logging_mixin.py:151} INFO - [2025-11-26T06:46:45.546+0000] {dagbag.py:539} INFO - Filling up the DagBag from /home/airflow/.local/lib/python3.8/site-packages/airflow/example_dags/example_complex.py
[2025-11-26T06:46:45.569+0000] {processor.py:839} INFO - DAG(s) dict_keys(['example_complex']) retrieved from /home/airflow/.local/lib/python3.8/site-packages/airflow/example_dags/example_complex.py
[2025-11-26T06:46:45.637+0000] {logging_mixin.py:151} INFO - [2025-11-26T06:46:45.637+0000] {dag.py:2915} INFO - Sync 1 DAGs
[2025-11-26T06:46:45.657+0000] {logging_mixin.py:151} INFO - [2025-11-26T06:46:45.656+0000] {dag.py:3696} INFO - Setting next_dagrun for example_complex to None, run_after=None
[2025-11-26T06:46:45.687+0000] {processor.py:179} INFO - Processing /home/airflow/.local/lib/python3.8/site-packages/airflow/example_dags/example_complex.py took 0.153 seconds
[2025-11-26T07:35:26.948+0000] {processor.py:157} INFO - Started process (PID=21318) to work on /home/airflow/.local/lib/python3.8/site-packages/airflow/example_dags/example_complex.py
[2025-11-26T07:35:26.950+0000] {processor.py:829} INFO - Processing file /home/airflow/.local/lib/python3.8/site-packages/airflow/example_dags/example_complex.py for tasks to queue
[2025-11-26T07:35:26.952+0000] {logging_mixin.py:151} INFO - [2025-11-26T07:35:26.951+0000] {dagbag.py:539} INFO - Filling up the DagBag from /home/airflow/.local/lib/python3.8/site-packages/airflow/example_dags/example_complex.py
[2025-11-26T07:35:26.983+0000] {processor.py:839} INFO - DAG(s) dict_keys(['example_complex']) retrieved from /home/airflow/.local/lib/python3.8/site-packages/airflow/example_dags/example_complex.py
[2025-11-26T07:35:27.179+0000] {logging_mixin.py:151} INFO - [2025-11-26T07:35:27.178+0000] {dag.py:2915} INFO - Sync 1 DAGs
[2025-11-26T07:35:27.198+0000] {logging_mixin.py:151} INFO - [2025-11-26T07:35:27.197+0000] {dag.py:3696} INFO - Setting next_dagrun for example_complex to None, run_after=None
[2025-11-26T07:35:27.239+0000] {processor.py:179} INFO - Processing /home/airflow/.local/lib/python3.8/site-packages/airflow/example_dags/example_complex.py took 0.300 seconds
[2025-11-26T23:25:21.363+0000] {processor.py:157} INFO - Started process (PID=21411) to work on /home/airflow/.local/lib/python3.8/site-packages/airflow/example_dags/example_complex.py
[2025-11-26T23:25:21.365+0000] {processor.py:829} INFO - Processing file /home/airflow/.local/lib/python3.8/site-packages/airflow/example_dags/example_complex.py for tasks to queue
[2025-11-26T23:25:21.367+0000] {logging_mixin.py:151} INFO - [2025-11-26T23:25:21.367+0000] {dagbag.py:539} INFO - Filling up the DagBag from /home/airflow/.local/lib/python3.8/site-packages/airflow/example_dags/example_complex.py
[2025-11-26T23:25:21.406+0000] {processor.py:839} INFO - DAG(s) dict_keys(['example_complex']) retrieved from /home/airflow/.local/lib/python3.8/site-packages/airflow/example_dags/example_complex.py
[2025-11-26T23:25:21.564+0000] {logging_mixin.py:151} INFO - [2025-11-26T23:25:21.564+0000] {dag.py:2915} INFO - Sync 1 DAGs
[2025-11-26T23:25:21.766+0000] {logging_mixin.py:151} INFO - [2025-11-26T23:25:21.766+0000] {dag.py:3696} INFO - Setting next_dagrun for example_complex to None, run_after=None
[2025-11-26T23:25:21.979+0000] {processor.py:179} INFO - Processing /home/airflow/.local/lib/python3.8/site-packages/airflow/example_dags/example_complex.py took 0.624 seconds
