[2025-11-26T02:46:34.309+0000] {processor.py:157} INFO - Started process (PID=21201) to work on /home/airflow/.local/lib/python3.8/site-packages/airflow/example_dags/example_kubernetes_executor.py
[2025-11-26T02:46:34.311+0000] {processor.py:829} INFO - Processing file /home/airflow/.local/lib/python3.8/site-packages/airflow/example_dags/example_kubernetes_executor.py for tasks to queue
[2025-11-26T02:46:34.313+0000] {logging_mixin.py:151} INFO - [2025-11-26T02:46:34.312+0000] {dagbag.py:539} INFO - Filling up the DagBag from /home/airflow/.local/lib/python3.8/site-packages/airflow/example_dags/example_kubernetes_executor.py
[2025-11-26T04:46:34.887+0000] {logging_mixin.py:151} INFO - [2025-11-26T04:46:34.886+0000] {timeout.py:68} ERROR - Process timed out, PID: 21201
[2025-11-26T04:46:35.219+0000] {logging_mixin.py:151} INFO - [2025-11-26T04:46:34.995+0000] {dagbag.py:347} ERROR - Failed to import: /home/airflow/.local/lib/python3.8/site-packages/airflow/example_dags/example_kubernetes_executor.py
Traceback (most recent call last):
  File "/home/airflow/.local/lib/python3.8/site-packages/airflow/models/dagbag.py", line 343, in parse
    loader.exec_module(new_module)
  File "<frozen importlib._bootstrap_external>", line 843, in exec_module
  File "<frozen importlib._bootstrap>", line 219, in _call_with_frames_removed
  File "/home/airflow/.local/lib/python3.8/site-packages/airflow/example_dags/example_kubernetes_executor.py", line 36, in <module>
    from kubernetes.client import models as k8s
  File "/home/airflow/.local/lib/python3.8/site-packages/kubernetes/__init__.py", line 20, in <module>
    import kubernetes.config
  File "/home/airflow/.local/lib/python3.8/site-packages/kubernetes/config/__init__.py", line 19, in <module>
    from .kube_config import (KUBE_CONFIG_DEFAULT_LOCATION,
  File "/home/airflow/.local/lib/python3.8/site-packages/kubernetes/config/kube_config.py", line 43, in <module>
    import adal
  File "/home/airflow/.local/lib/python3.8/site-packages/adal/__init__.py", line 34, in <module>
    from .authentication_context import AuthenticationContext
  File "/home/airflow/.local/lib/python3.8/site-packages/adal/authentication_context.py", line 34, in <module>
    from .token_request import TokenRequest
  File "/home/airflow/.local/lib/python3.8/site-packages/adal/token_request.py", line 32, in <module>
    from . import mex
  File "<frozen importlib._bootstrap>", line 991, in _find_and_load
  File "<frozen importlib._bootstrap>", line 975, in _find_and_load_unlocked
  File "<frozen importlib._bootstrap>", line 671, in _load_unlocked
  File "<frozen importlib._bootstrap_external>", line 839, in exec_module
  File "<frozen importlib._bootstrap_external>", line 971, in get_code
  File "<frozen importlib._bootstrap_external>", line 640, in _compile_bytecode
  File "/home/airflow/.local/lib/python3.8/site-packages/airflow/utils/timeout.py", line 69, in handle_timeout
    raise AirflowTaskTimeout(self.error_message)
airflow.exceptions.AirflowTaskTimeout: DagBag import timeout for /home/airflow/.local/lib/python3.8/site-packages/airflow/example_dags/example_kubernetes_executor.py after 30.0s.
Please take a look at these docs to improve your DAG import time:
* https://airflow.apache.org/docs/apache-airflow/2.7.1/best-practices.html#top-level-python-code
* https://airflow.apache.org/docs/apache-airflow/2.7.1/best-practices.html#reducing-dag-complexity, PID: 21201
[2025-11-26T04:46:35.220+0000] {processor.py:841} WARNING - No viable dags retrieved from /home/airflow/.local/lib/python3.8/site-packages/airflow/example_dags/example_kubernetes_executor.py
[2025-11-26T04:46:37.816+0000] {logging_mixin.py:151} INFO - [2025-11-26T04:46:37.815+0000] {process_utils.py:259} INFO - Waiting up to 5 seconds for processes to exit...
[2025-11-26T06:46:44.685+0000] {processor.py:157} INFO - Started process (PID=21243) to work on /home/airflow/.local/lib/python3.8/site-packages/airflow/example_dags/example_kubernetes_executor.py
[2025-11-26T06:46:44.690+0000] {processor.py:829} INFO - Processing file /home/airflow/.local/lib/python3.8/site-packages/airflow/example_dags/example_kubernetes_executor.py for tasks to queue
[2025-11-26T06:46:44.696+0000] {logging_mixin.py:151} INFO - [2025-11-26T06:46:44.696+0000] {dagbag.py:539} INFO - Filling up the DagBag from /home/airflow/.local/lib/python3.8/site-packages/airflow/example_dags/example_kubernetes_executor.py
[2025-11-26T06:46:45.871+0000] {processor.py:839} INFO - DAG(s) dict_keys(['example_kubernetes_executor']) retrieved from /home/airflow/.local/lib/python3.8/site-packages/airflow/example_dags/example_kubernetes_executor.py
[2025-11-26T06:46:45.977+0000] {logging_mixin.py:151} INFO - [2025-11-26T06:46:45.976+0000] {dag.py:2915} INFO - Sync 1 DAGs
[2025-11-26T06:46:46.078+0000] {logging_mixin.py:151} INFO - [2025-11-26T06:46:46.077+0000] {dag.py:3696} INFO - Setting next_dagrun for example_kubernetes_executor to None, run_after=None
[2025-11-26T06:46:46.154+0000] {processor.py:179} INFO - Processing /home/airflow/.local/lib/python3.8/site-packages/airflow/example_dags/example_kubernetes_executor.py took 1.476 seconds
[2025-11-26T06:59:22.622+0000] {processor.py:157} INFO - Started process (PID=21307) to work on /home/airflow/.local/lib/python3.8/site-packages/airflow/example_dags/example_kubernetes_executor.py
[2025-11-26T06:59:22.624+0000] {processor.py:829} INFO - Processing file /home/airflow/.local/lib/python3.8/site-packages/airflow/example_dags/example_kubernetes_executor.py for tasks to queue
[2025-11-26T06:59:22.626+0000] {logging_mixin.py:151} INFO - [2025-11-26T06:59:22.625+0000] {dagbag.py:539} INFO - Filling up the DagBag from /home/airflow/.local/lib/python3.8/site-packages/airflow/example_dags/example_kubernetes_executor.py
[2025-11-26T07:35:25.980+0000] {logging_mixin.py:151} INFO - [2025-11-26T07:35:25.978+0000] {timeout.py:68} ERROR - Process timed out, PID: 21307
[2025-11-26T07:35:25.994+0000] {logging_mixin.py:151} INFO - [2025-11-26T07:35:25.991+0000] {dagbag.py:347} ERROR - Failed to import: /home/airflow/.local/lib/python3.8/site-packages/airflow/example_dags/example_kubernetes_executor.py
Traceback (most recent call last):
  File "/home/airflow/.local/lib/python3.8/site-packages/airflow/models/dagbag.py", line 343, in parse
    loader.exec_module(new_module)
  File "<frozen importlib._bootstrap_external>", line 843, in exec_module
  File "<frozen importlib._bootstrap>", line 219, in _call_with_frames_removed
  File "/home/airflow/.local/lib/python3.8/site-packages/airflow/example_dags/example_kubernetes_executor.py", line 36, in <module>
    from kubernetes.client import models as k8s
  File "/home/airflow/.local/lib/python3.8/site-packages/kubernetes/__init__.py", line 20, in <module>
    import kubernetes.config
  File "/home/airflow/.local/lib/python3.8/site-packages/kubernetes/config/__init__.py", line 19, in <module>
    from .kube_config import (KUBE_CONFIG_DEFAULT_LOCATION,
  File "/home/airflow/.local/lib/python3.8/site-packages/kubernetes/config/kube_config.py", line 30, in <module>
    import oauthlib.oauth2
  File "/home/airflow/.local/lib/python3.8/site-packages/oauthlib/oauth2/__init__.py", line 8, in <module>
    from .rfc6749.clients import (
  File "/home/airflow/.local/lib/python3.8/site-packages/oauthlib/oauth2/rfc6749/__init__.py", line 11, in <module>
    from .endpoints.base import BaseEndpoint, catch_errors_and_unavailability
  File "/home/airflow/.local/lib/python3.8/site-packages/oauthlib/oauth2/rfc6749/endpoints/__init__.py", line 8, in <module>
    from .authorization import AuthorizationEndpoint
  File "<frozen importlib._bootstrap>", line 991, in _find_and_load
  File "<frozen importlib._bootstrap>", line 975, in _find_and_load_unlocked
  File "<frozen importlib._bootstrap>", line 671, in _load_unlocked
  File "<frozen importlib._bootstrap_external>", line 839, in exec_module
  File "<frozen importlib._bootstrap_external>", line 934, in get_code
  File "<frozen importlib._bootstrap_external>", line 1032, in get_data
  File "/home/airflow/.local/lib/python3.8/site-packages/airflow/utils/timeout.py", line 69, in handle_timeout
    raise AirflowTaskTimeout(self.error_message)
airflow.exceptions.AirflowTaskTimeout: DagBag import timeout for /home/airflow/.local/lib/python3.8/site-packages/airflow/example_dags/example_kubernetes_executor.py after 30.0s.
Please take a look at these docs to improve your DAG import time:
* https://airflow.apache.org/docs/apache-airflow/2.7.1/best-practices.html#top-level-python-code
* https://airflow.apache.org/docs/apache-airflow/2.7.1/best-practices.html#reducing-dag-complexity, PID: 21307
[2025-11-26T07:35:26.031+0000] {processor.py:841} WARNING - No viable dags retrieved from /home/airflow/.local/lib/python3.8/site-packages/airflow/example_dags/example_kubernetes_executor.py
[2025-11-26T07:35:26.413+0000] {processor.py:179} INFO - Processing /home/airflow/.local/lib/python3.8/site-packages/airflow/example_dags/example_kubernetes_executor.py took 2163.754 seconds
[2025-11-26T23:25:17.750+0000] {processor.py:157} INFO - Started process (PID=21400) to work on /home/airflow/.local/lib/python3.8/site-packages/airflow/example_dags/example_kubernetes_executor.py
[2025-11-26T23:25:18.280+0000] {processor.py:829} INFO - Processing file /home/airflow/.local/lib/python3.8/site-packages/airflow/example_dags/example_kubernetes_executor.py for tasks to queue
[2025-11-26T23:25:18.418+0000] {logging_mixin.py:151} INFO - [2025-11-26T23:25:18.414+0000] {dagbag.py:539} INFO - Filling up the DagBag from /home/airflow/.local/lib/python3.8/site-packages/airflow/example_dags/example_kubernetes_executor.py
