[2025-11-26T02:46:31.970+0000] {processor.py:157} INFO - Started process (PID=21186) to work on /home/airflow/.local/lib/python3.8/site-packages/airflow/example_dags/example_dynamic_task_mapping_with_no_taskflow_operators.py
[2025-11-26T02:46:31.973+0000] {processor.py:829} INFO - Processing file /home/airflow/.local/lib/python3.8/site-packages/airflow/example_dags/example_dynamic_task_mapping_with_no_taskflow_operators.py for tasks to queue
[2025-11-26T02:46:31.976+0000] {logging_mixin.py:151} INFO - [2025-11-26T02:46:31.976+0000] {dagbag.py:539} INFO - Filling up the DagBag from /home/airflow/.local/lib/python3.8/site-packages/airflow/example_dags/example_dynamic_task_mapping_with_no_taskflow_operators.py
[2025-11-26T02:46:32.002+0000] {processor.py:839} INFO - DAG(s) dict_keys(['example_dynamic_task_mapping_with_no_taskflow_operators']) retrieved from /home/airflow/.local/lib/python3.8/site-packages/airflow/example_dags/example_dynamic_task_mapping_with_no_taskflow_operators.py
[2025-11-26T02:46:32.059+0000] {logging_mixin.py:151} INFO - [2025-11-26T02:46:32.059+0000] {dag.py:2915} INFO - Sync 1 DAGs
[2025-11-26T02:46:32.098+0000] {logging_mixin.py:151} INFO - [2025-11-26T02:46:32.098+0000] {dag.py:3696} INFO - Setting next_dagrun for example_dynamic_task_mapping_with_no_taskflow_operators to 2025-11-25T02:46:32.097992+00:00, run_after=2025-11-26T02:46:32.097992+00:00
[2025-11-26T02:46:32.133+0000] {processor.py:179} INFO - Processing /home/airflow/.local/lib/python3.8/site-packages/airflow/example_dags/example_dynamic_task_mapping_with_no_taskflow_operators.py took 0.169 seconds
[2025-11-26T04:46:39.083+0000] {processor.py:157} INFO - Started process (PID=21218) to work on /home/airflow/.local/lib/python3.8/site-packages/airflow/example_dags/example_dynamic_task_mapping_with_no_taskflow_operators.py
[2025-11-26T04:46:39.086+0000] {processor.py:829} INFO - Processing file /home/airflow/.local/lib/python3.8/site-packages/airflow/example_dags/example_dynamic_task_mapping_with_no_taskflow_operators.py for tasks to queue
[2025-11-26T04:46:39.090+0000] {logging_mixin.py:151} INFO - [2025-11-26T04:46:39.090+0000] {dagbag.py:539} INFO - Filling up the DagBag from /home/airflow/.local/lib/python3.8/site-packages/airflow/example_dags/example_dynamic_task_mapping_with_no_taskflow_operators.py
[2025-11-26T04:46:39.105+0000] {processor.py:839} INFO - DAG(s) dict_keys(['example_dynamic_task_mapping_with_no_taskflow_operators']) retrieved from /home/airflow/.local/lib/python3.8/site-packages/airflow/example_dags/example_dynamic_task_mapping_with_no_taskflow_operators.py
[2025-11-26T04:46:39.158+0000] {logging_mixin.py:151} INFO - [2025-11-26T04:46:39.158+0000] {dag.py:2915} INFO - Sync 1 DAGs
[2025-11-26T04:46:39.193+0000] {logging_mixin.py:151} INFO - [2025-11-26T04:46:39.193+0000] {dag.py:3696} INFO - Setting next_dagrun for example_dynamic_task_mapping_with_no_taskflow_operators to 2025-11-25T04:46:39.192931+00:00, run_after=2025-11-26T04:46:39.192931+00:00
[2025-11-26T04:46:39.643+0000] {processor.py:179} INFO - Processing /home/airflow/.local/lib/python3.8/site-packages/airflow/example_dags/example_dynamic_task_mapping_with_no_taskflow_operators.py took 0.565 seconds
[2025-11-26T06:46:49.776+0000] {processor.py:157} INFO - Started process (PID=21272) to work on /home/airflow/.local/lib/python3.8/site-packages/airflow/example_dags/example_dynamic_task_mapping_with_no_taskflow_operators.py
[2025-11-26T06:46:49.778+0000] {processor.py:829} INFO - Processing file /home/airflow/.local/lib/python3.8/site-packages/airflow/example_dags/example_dynamic_task_mapping_with_no_taskflow_operators.py for tasks to queue
[2025-11-26T06:46:49.781+0000] {logging_mixin.py:151} INFO - [2025-11-26T06:46:49.781+0000] {dagbag.py:539} INFO - Filling up the DagBag from /home/airflow/.local/lib/python3.8/site-packages/airflow/example_dags/example_dynamic_task_mapping_with_no_taskflow_operators.py
[2025-11-26T06:46:49.791+0000] {processor.py:839} INFO - DAG(s) dict_keys(['example_dynamic_task_mapping_with_no_taskflow_operators']) retrieved from /home/airflow/.local/lib/python3.8/site-packages/airflow/example_dags/example_dynamic_task_mapping_with_no_taskflow_operators.py
[2025-11-26T06:46:49.826+0000] {logging_mixin.py:151} INFO - [2025-11-26T06:46:49.826+0000] {dag.py:2915} INFO - Sync 1 DAGs
[2025-11-26T06:46:49.860+0000] {logging_mixin.py:151} INFO - [2025-11-26T06:46:49.859+0000] {dag.py:3696} INFO - Setting next_dagrun for example_dynamic_task_mapping_with_no_taskflow_operators to 2025-11-25T06:46:49.859146+00:00, run_after=2025-11-26T06:46:49.859146+00:00
[2025-11-26T06:46:49.887+0000] {processor.py:179} INFO - Processing /home/airflow/.local/lib/python3.8/site-packages/airflow/example_dags/example_dynamic_task_mapping_with_no_taskflow_operators.py took 0.117 seconds
[2025-11-26T06:59:20.019+0000] {processor.py:157} INFO - Started process (PID=21289) to work on /home/airflow/.local/lib/python3.8/site-packages/airflow/example_dags/example_dynamic_task_mapping_with_no_taskflow_operators.py
[2025-11-26T06:59:20.020+0000] {processor.py:829} INFO - Processing file /home/airflow/.local/lib/python3.8/site-packages/airflow/example_dags/example_dynamic_task_mapping_with_no_taskflow_operators.py for tasks to queue
[2025-11-26T06:59:20.021+0000] {logging_mixin.py:151} INFO - [2025-11-26T06:59:20.021+0000] {dagbag.py:539} INFO - Filling up the DagBag from /home/airflow/.local/lib/python3.8/site-packages/airflow/example_dags/example_dynamic_task_mapping_with_no_taskflow_operators.py
[2025-11-26T06:59:20.033+0000] {processor.py:839} INFO - DAG(s) dict_keys(['example_dynamic_task_mapping_with_no_taskflow_operators']) retrieved from /home/airflow/.local/lib/python3.8/site-packages/airflow/example_dags/example_dynamic_task_mapping_with_no_taskflow_operators.py
[2025-11-26T06:59:20.085+0000] {logging_mixin.py:151} INFO - [2025-11-26T06:59:20.085+0000] {dag.py:2915} INFO - Sync 1 DAGs
[2025-11-26T06:59:20.116+0000] {logging_mixin.py:151} INFO - [2025-11-26T06:59:20.116+0000] {dag.py:3696} INFO - Setting next_dagrun for example_dynamic_task_mapping_with_no_taskflow_operators to 2025-11-25T06:59:20.116178+00:00, run_after=2025-11-26T06:59:20.116178+00:00
[2025-11-26T06:59:20.143+0000] {processor.py:179} INFO - Processing /home/airflow/.local/lib/python3.8/site-packages/airflow/example_dags/example_dynamic_task_mapping_with_no_taskflow_operators.py took 0.130 seconds
[2025-11-26T07:35:31.287+0000] {processor.py:157} INFO - Started process (PID=21343) to work on /home/airflow/.local/lib/python3.8/site-packages/airflow/example_dags/example_dynamic_task_mapping_with_no_taskflow_operators.py
[2025-11-26T07:35:31.289+0000] {processor.py:829} INFO - Processing file /home/airflow/.local/lib/python3.8/site-packages/airflow/example_dags/example_dynamic_task_mapping_with_no_taskflow_operators.py for tasks to queue
[2025-11-26T07:35:31.292+0000] {logging_mixin.py:151} INFO - [2025-11-26T07:35:31.292+0000] {dagbag.py:539} INFO - Filling up the DagBag from /home/airflow/.local/lib/python3.8/site-packages/airflow/example_dags/example_dynamic_task_mapping_with_no_taskflow_operators.py
[2025-11-26T07:35:31.306+0000] {processor.py:839} INFO - DAG(s) dict_keys(['example_dynamic_task_mapping_with_no_taskflow_operators']) retrieved from /home/airflow/.local/lib/python3.8/site-packages/airflow/example_dags/example_dynamic_task_mapping_with_no_taskflow_operators.py
[2025-11-26T07:35:31.335+0000] {logging_mixin.py:151} INFO - [2025-11-26T07:35:31.335+0000] {dag.py:2915} INFO - Sync 1 DAGs
[2025-11-26T07:35:31.371+0000] {logging_mixin.py:151} INFO - [2025-11-26T07:35:31.371+0000] {dag.py:3696} INFO - Setting next_dagrun for example_dynamic_task_mapping_with_no_taskflow_operators to 2025-11-25T07:35:31.370729+00:00, run_after=2025-11-26T07:35:31.370729+00:00
[2025-11-26T07:35:31.403+0000] {processor.py:179} INFO - Processing /home/airflow/.local/lib/python3.8/site-packages/airflow/example_dags/example_dynamic_task_mapping_with_no_taskflow_operators.py took 0.124 seconds
[2025-11-26T15:12:20.827+0000] {processor.py:157} INFO - Started process (PID=21375) to work on /home/airflow/.local/lib/python3.8/site-packages/airflow/example_dags/example_dynamic_task_mapping_with_no_taskflow_operators.py
[2025-11-26T15:12:20.829+0000] {processor.py:829} INFO - Processing file /home/airflow/.local/lib/python3.8/site-packages/airflow/example_dags/example_dynamic_task_mapping_with_no_taskflow_operators.py for tasks to queue
[2025-11-26T15:12:20.832+0000] {logging_mixin.py:151} INFO - [2025-11-26T15:12:20.831+0000] {dagbag.py:539} INFO - Filling up the DagBag from /home/airflow/.local/lib/python3.8/site-packages/airflow/example_dags/example_dynamic_task_mapping_with_no_taskflow_operators.py
[2025-11-26T15:12:20.844+0000] {processor.py:839} INFO - DAG(s) dict_keys(['example_dynamic_task_mapping_with_no_taskflow_operators']) retrieved from /home/airflow/.local/lib/python3.8/site-packages/airflow/example_dags/example_dynamic_task_mapping_with_no_taskflow_operators.py
[2025-11-26T15:12:20.884+0000] {logging_mixin.py:151} INFO - [2025-11-26T15:12:20.884+0000] {dag.py:2915} INFO - Sync 1 DAGs
[2025-11-26T15:12:20.914+0000] {logging_mixin.py:151} INFO - [2025-11-26T15:12:20.914+0000] {dag.py:3696} INFO - Setting next_dagrun for example_dynamic_task_mapping_with_no_taskflow_operators to 2025-11-25T15:12:20.914435+00:00, run_after=2025-11-26T15:12:20.914435+00:00
[2025-11-26T15:12:20.942+0000] {processor.py:179} INFO - Processing /home/airflow/.local/lib/python3.8/site-packages/airflow/example_dags/example_dynamic_task_mapping_with_no_taskflow_operators.py took 0.123 seconds
[2025-11-26T23:25:26.202+0000] {processor.py:157} INFO - Started process (PID=21436) to work on /home/airflow/.local/lib/python3.8/site-packages/airflow/example_dags/example_dynamic_task_mapping_with_no_taskflow_operators.py
[2025-11-26T23:25:26.204+0000] {processor.py:829} INFO - Processing file /home/airflow/.local/lib/python3.8/site-packages/airflow/example_dags/example_dynamic_task_mapping_with_no_taskflow_operators.py for tasks to queue
[2025-11-26T23:25:26.207+0000] {logging_mixin.py:151} INFO - [2025-11-26T23:25:26.205+0000] {dagbag.py:539} INFO - Filling up the DagBag from /home/airflow/.local/lib/python3.8/site-packages/airflow/example_dags/example_dynamic_task_mapping_with_no_taskflow_operators.py
[2025-11-26T23:25:26.224+0000] {processor.py:839} INFO - DAG(s) dict_keys(['example_dynamic_task_mapping_with_no_taskflow_operators']) retrieved from /home/airflow/.local/lib/python3.8/site-packages/airflow/example_dags/example_dynamic_task_mapping_with_no_taskflow_operators.py
[2025-11-26T23:25:26.269+0000] {logging_mixin.py:151} INFO - [2025-11-26T23:25:26.268+0000] {dag.py:2915} INFO - Sync 1 DAGs
[2025-11-26T23:25:26.314+0000] {logging_mixin.py:151} INFO - [2025-11-26T23:25:26.313+0000] {dag.py:3696} INFO - Setting next_dagrun for example_dynamic_task_mapping_with_no_taskflow_operators to 2025-11-25T23:25:26.312752+00:00, run_after=2025-11-26T23:25:26.312752+00:00
[2025-11-26T23:25:26.362+0000] {processor.py:179} INFO - Processing /home/airflow/.local/lib/python3.8/site-packages/airflow/example_dags/example_dynamic_task_mapping_with_no_taskflow_operators.py took 0.167 seconds
