[2025-11-26T00:46:28.472+0000] {processor.py:157} INFO - Started process (PID=21163) to work on /home/airflow/.local/lib/python3.8/site-packages/airflow/example_dags/example_branch_operator_decorator.py
[2025-11-26T00:46:28.473+0000] {processor.py:829} INFO - Processing file /home/airflow/.local/lib/python3.8/site-packages/airflow/example_dags/example_branch_operator_decorator.py for tasks to queue
[2025-11-26T00:46:28.475+0000] {logging_mixin.py:151} INFO - [2025-11-26T00:46:28.474+0000] {dagbag.py:539} INFO - Filling up the DagBag from /home/airflow/.local/lib/python3.8/site-packages/airflow/example_dags/example_branch_operator_decorator.py
[2025-11-26T00:46:28.493+0000] {processor.py:839} INFO - DAG(s) dict_keys(['example_branch_python_operator_decorator']) retrieved from /home/airflow/.local/lib/python3.8/site-packages/airflow/example_dags/example_branch_operator_decorator.py
[2025-11-26T00:46:28.535+0000] {logging_mixin.py:151} INFO - [2025-11-26T00:46:28.535+0000] {dag.py:2915} INFO - Sync 1 DAGs
[2025-11-26T00:46:28.579+0000] {logging_mixin.py:151} INFO - [2025-11-26T00:46:28.579+0000] {dag.py:3696} INFO - Setting next_dagrun for example_branch_python_operator_decorator to 2025-11-25T00:00:00+00:00, run_after=2025-11-26T00:00:00+00:00
[2025-11-26T00:46:28.613+0000] {processor.py:179} INFO - Processing /home/airflow/.local/lib/python3.8/site-packages/airflow/example_dags/example_branch_operator_decorator.py took 0.147 seconds
[2025-11-26T06:46:46.830+0000] {processor.py:157} INFO - Started process (PID=21256) to work on /home/airflow/.local/lib/python3.8/site-packages/airflow/example_dags/example_branch_operator_decorator.py
[2025-11-26T06:46:46.832+0000] {processor.py:829} INFO - Processing file /home/airflow/.local/lib/python3.8/site-packages/airflow/example_dags/example_branch_operator_decorator.py for tasks to queue
[2025-11-26T06:46:46.836+0000] {logging_mixin.py:151} INFO - [2025-11-26T06:46:46.836+0000] {dagbag.py:539} INFO - Filling up the DagBag from /home/airflow/.local/lib/python3.8/site-packages/airflow/example_dags/example_branch_operator_decorator.py
[2025-11-26T06:46:46.859+0000] {processor.py:839} INFO - DAG(s) dict_keys(['example_branch_python_operator_decorator']) retrieved from /home/airflow/.local/lib/python3.8/site-packages/airflow/example_dags/example_branch_operator_decorator.py
[2025-11-26T06:46:46.923+0000] {logging_mixin.py:151} INFO - [2025-11-26T06:46:46.923+0000] {dag.py:2915} INFO - Sync 1 DAGs
[2025-11-26T06:46:46.981+0000] {logging_mixin.py:151} INFO - [2025-11-26T06:46:46.980+0000] {dag.py:3696} INFO - Setting next_dagrun for example_branch_python_operator_decorator to 2025-11-25T00:00:00+00:00, run_after=2025-11-26T00:00:00+00:00
[2025-11-26T06:46:47.056+0000] {processor.py:179} INFO - Processing /home/airflow/.local/lib/python3.8/site-packages/airflow/example_dags/example_branch_operator_decorator.py took 0.231 seconds
[2025-11-26T07:35:28.566+0000] {processor.py:157} INFO - Started process (PID=21327) to work on /home/airflow/.local/lib/python3.8/site-packages/airflow/example_dags/example_branch_operator_decorator.py
[2025-11-26T07:35:28.569+0000] {processor.py:829} INFO - Processing file /home/airflow/.local/lib/python3.8/site-packages/airflow/example_dags/example_branch_operator_decorator.py for tasks to queue
[2025-11-26T07:35:28.576+0000] {logging_mixin.py:151} INFO - [2025-11-26T07:35:28.576+0000] {dagbag.py:539} INFO - Filling up the DagBag from /home/airflow/.local/lib/python3.8/site-packages/airflow/example_dags/example_branch_operator_decorator.py
[2025-11-26T07:35:28.597+0000] {processor.py:839} INFO - DAG(s) dict_keys(['example_branch_python_operator_decorator']) retrieved from /home/airflow/.local/lib/python3.8/site-packages/airflow/example_dags/example_branch_operator_decorator.py
[2025-11-26T07:35:28.647+0000] {logging_mixin.py:151} INFO - [2025-11-26T07:35:28.647+0000] {dag.py:2915} INFO - Sync 1 DAGs
[2025-11-26T07:35:28.684+0000] {logging_mixin.py:151} INFO - [2025-11-26T07:35:28.684+0000] {dag.py:3696} INFO - Setting next_dagrun for example_branch_python_operator_decorator to 2025-11-25T00:00:00+00:00, run_after=2025-11-26T00:00:00+00:00
[2025-11-26T07:35:28.718+0000] {processor.py:179} INFO - Processing /home/airflow/.local/lib/python3.8/site-packages/airflow/example_dags/example_branch_operator_decorator.py took 0.158 seconds
[2025-11-26T23:25:23.511+0000] {processor.py:157} INFO - Started process (PID=21420) to work on /home/airflow/.local/lib/python3.8/site-packages/airflow/example_dags/example_branch_operator_decorator.py
[2025-11-26T23:25:23.513+0000] {processor.py:829} INFO - Processing file /home/airflow/.local/lib/python3.8/site-packages/airflow/example_dags/example_branch_operator_decorator.py for tasks to queue
[2025-11-26T23:25:23.515+0000] {logging_mixin.py:151} INFO - [2025-11-26T23:25:23.515+0000] {dagbag.py:539} INFO - Filling up the DagBag from /home/airflow/.local/lib/python3.8/site-packages/airflow/example_dags/example_branch_operator_decorator.py
[2025-11-26T23:25:23.543+0000] {processor.py:839} INFO - DAG(s) dict_keys(['example_branch_python_operator_decorator']) retrieved from /home/airflow/.local/lib/python3.8/site-packages/airflow/example_dags/example_branch_operator_decorator.py
[2025-11-26T23:25:23.625+0000] {logging_mixin.py:151} INFO - [2025-11-26T23:25:23.624+0000] {dag.py:2915} INFO - Sync 1 DAGs
[2025-11-26T23:25:23.685+0000] {logging_mixin.py:151} INFO - [2025-11-26T23:25:23.685+0000] {dag.py:3696} INFO - Setting next_dagrun for example_branch_python_operator_decorator to 2025-11-25T00:00:00+00:00, run_after=2025-11-26T00:00:00+00:00
[2025-11-26T23:25:23.737+0000] {processor.py:179} INFO - Processing /home/airflow/.local/lib/python3.8/site-packages/airflow/example_dags/example_branch_operator_decorator.py took 0.235 seconds
