[2025-11-26T00:46:28.287+0000] {processor.py:157} INFO - Started process (PID=21161) to work on /home/airflow/.local/lib/python3.8/site-packages/airflow/example_dags/example_nested_branch_dag.py
[2025-11-26T00:46:28.289+0000] {processor.py:829} INFO - Processing file /home/airflow/.local/lib/python3.8/site-packages/airflow/example_dags/example_nested_branch_dag.py for tasks to queue
[2025-11-26T00:46:28.291+0000] {logging_mixin.py:151} INFO - [2025-11-26T00:46:28.290+0000] {dagbag.py:539} INFO - Filling up the DagBag from /home/airflow/.local/lib/python3.8/site-packages/airflow/example_dags/example_nested_branch_dag.py
[2025-11-26T00:46:28.311+0000] {processor.py:839} INFO - DAG(s) dict_keys(['example_nested_branch_dag']) retrieved from /home/airflow/.local/lib/python3.8/site-packages/airflow/example_dags/example_nested_branch_dag.py
[2025-11-26T00:46:28.355+0000] {logging_mixin.py:151} INFO - [2025-11-26T00:46:28.355+0000] {dag.py:2915} INFO - Sync 1 DAGs
[2025-11-26T00:46:28.393+0000] {logging_mixin.py:151} INFO - [2025-11-26T00:46:28.392+0000] {dag.py:3696} INFO - Setting next_dagrun for example_nested_branch_dag to 2025-11-25T00:00:00+00:00, run_after=2025-11-26T00:00:00+00:00
[2025-11-26T00:46:28.430+0000] {processor.py:179} INFO - Processing /home/airflow/.local/lib/python3.8/site-packages/airflow/example_dags/example_nested_branch_dag.py took 0.148 seconds
[2025-11-26T06:46:46.645+0000] {processor.py:157} INFO - Started process (PID=21254) to work on /home/airflow/.local/lib/python3.8/site-packages/airflow/example_dags/example_nested_branch_dag.py
[2025-11-26T06:46:46.647+0000] {processor.py:829} INFO - Processing file /home/airflow/.local/lib/python3.8/site-packages/airflow/example_dags/example_nested_branch_dag.py for tasks to queue
[2025-11-26T06:46:46.651+0000] {logging_mixin.py:151} INFO - [2025-11-26T06:46:46.651+0000] {dagbag.py:539} INFO - Filling up the DagBag from /home/airflow/.local/lib/python3.8/site-packages/airflow/example_dags/example_nested_branch_dag.py
[2025-11-26T06:46:46.668+0000] {processor.py:839} INFO - DAG(s) dict_keys(['example_nested_branch_dag']) retrieved from /home/airflow/.local/lib/python3.8/site-packages/airflow/example_dags/example_nested_branch_dag.py
[2025-11-26T06:46:46.712+0000] {logging_mixin.py:151} INFO - [2025-11-26T06:46:46.712+0000] {dag.py:2915} INFO - Sync 1 DAGs
[2025-11-26T06:46:46.758+0000] {logging_mixin.py:151} INFO - [2025-11-26T06:46:46.758+0000] {dag.py:3696} INFO - Setting next_dagrun for example_nested_branch_dag to 2025-11-25T00:00:00+00:00, run_after=2025-11-26T00:00:00+00:00
[2025-11-26T06:46:46.787+0000] {processor.py:179} INFO - Processing /home/airflow/.local/lib/python3.8/site-packages/airflow/example_dags/example_nested_branch_dag.py took 0.147 seconds
[2025-11-26T07:35:28.327+0000] {processor.py:157} INFO - Started process (PID=21325) to work on /home/airflow/.local/lib/python3.8/site-packages/airflow/example_dags/example_nested_branch_dag.py
[2025-11-26T07:35:28.329+0000] {processor.py:829} INFO - Processing file /home/airflow/.local/lib/python3.8/site-packages/airflow/example_dags/example_nested_branch_dag.py for tasks to queue
[2025-11-26T07:35:28.330+0000] {logging_mixin.py:151} INFO - [2025-11-26T07:35:28.330+0000] {dagbag.py:539} INFO - Filling up the DagBag from /home/airflow/.local/lib/python3.8/site-packages/airflow/example_dags/example_nested_branch_dag.py
[2025-11-26T07:35:28.350+0000] {processor.py:839} INFO - DAG(s) dict_keys(['example_nested_branch_dag']) retrieved from /home/airflow/.local/lib/python3.8/site-packages/airflow/example_dags/example_nested_branch_dag.py
[2025-11-26T07:35:28.416+0000] {logging_mixin.py:151} INFO - [2025-11-26T07:35:28.416+0000] {dag.py:2915} INFO - Sync 1 DAGs
[2025-11-26T07:35:28.458+0000] {logging_mixin.py:151} INFO - [2025-11-26T07:35:28.458+0000] {dag.py:3696} INFO - Setting next_dagrun for example_nested_branch_dag to 2025-11-25T00:00:00+00:00, run_after=2025-11-26T00:00:00+00:00
[2025-11-26T07:35:28.514+0000] {processor.py:179} INFO - Processing /home/airflow/.local/lib/python3.8/site-packages/airflow/example_dags/example_nested_branch_dag.py took 0.193 seconds
[2025-11-26T23:25:23.272+0000] {processor.py:157} INFO - Started process (PID=21418) to work on /home/airflow/.local/lib/python3.8/site-packages/airflow/example_dags/example_nested_branch_dag.py
[2025-11-26T23:25:23.275+0000] {processor.py:829} INFO - Processing file /home/airflow/.local/lib/python3.8/site-packages/airflow/example_dags/example_nested_branch_dag.py for tasks to queue
[2025-11-26T23:25:23.278+0000] {logging_mixin.py:151} INFO - [2025-11-26T23:25:23.277+0000] {dagbag.py:539} INFO - Filling up the DagBag from /home/airflow/.local/lib/python3.8/site-packages/airflow/example_dags/example_nested_branch_dag.py
[2025-11-26T23:25:23.313+0000] {processor.py:839} INFO - DAG(s) dict_keys(['example_nested_branch_dag']) retrieved from /home/airflow/.local/lib/python3.8/site-packages/airflow/example_dags/example_nested_branch_dag.py
[2025-11-26T23:25:23.388+0000] {logging_mixin.py:151} INFO - [2025-11-26T23:25:23.388+0000] {dag.py:2915} INFO - Sync 1 DAGs
[2025-11-26T23:25:23.450+0000] {logging_mixin.py:151} INFO - [2025-11-26T23:25:23.450+0000] {dag.py:3696} INFO - Setting next_dagrun for example_nested_branch_dag to 2025-11-25T00:00:00+00:00, run_after=2025-11-26T00:00:00+00:00
[2025-11-26T23:25:23.521+0000] {processor.py:179} INFO - Processing /home/airflow/.local/lib/python3.8/site-packages/airflow/example_dags/example_nested_branch_dag.py took 0.258 seconds
