[2025-11-26T00:46:28.095+0000] {processor.py:157} INFO - Started process (PID=21159) to work on /home/airflow/.local/lib/python3.8/site-packages/airflow/example_dags/example_trigger_controller_dag.py
[2025-11-26T00:46:28.098+0000] {processor.py:829} INFO - Processing file /home/airflow/.local/lib/python3.8/site-packages/airflow/example_dags/example_trigger_controller_dag.py for tasks to queue
[2025-11-26T00:46:28.099+0000] {logging_mixin.py:151} INFO - [2025-11-26T00:46:28.099+0000] {dagbag.py:539} INFO - Filling up the DagBag from /home/airflow/.local/lib/python3.8/site-packages/airflow/example_dags/example_trigger_controller_dag.py
[2025-11-26T00:46:28.111+0000] {processor.py:839} INFO - DAG(s) dict_keys(['example_trigger_controller_dag']) retrieved from /home/airflow/.local/lib/python3.8/site-packages/airflow/example_dags/example_trigger_controller_dag.py
[2025-11-26T00:46:28.152+0000] {logging_mixin.py:151} INFO - [2025-11-26T00:46:28.151+0000] {dag.py:2915} INFO - Sync 1 DAGs
[2025-11-26T00:46:28.199+0000] {logging_mixin.py:151} INFO - [2025-11-26T00:46:28.199+0000] {dag.py:3696} INFO - Setting next_dagrun for example_trigger_controller_dag to 2021-01-01T00:00:00+00:00, run_after=2021-01-01T00:00:00+00:00
[2025-11-26T00:46:28.243+0000] {processor.py:179} INFO - Processing /home/airflow/.local/lib/python3.8/site-packages/airflow/example_dags/example_trigger_controller_dag.py took 0.154 seconds
[2025-11-26T06:46:46.464+0000] {processor.py:157} INFO - Started process (PID=21252) to work on /home/airflow/.local/lib/python3.8/site-packages/airflow/example_dags/example_trigger_controller_dag.py
[2025-11-26T06:46:46.467+0000] {processor.py:829} INFO - Processing file /home/airflow/.local/lib/python3.8/site-packages/airflow/example_dags/example_trigger_controller_dag.py for tasks to queue
[2025-11-26T06:46:46.471+0000] {logging_mixin.py:151} INFO - [2025-11-26T06:46:46.471+0000] {dagbag.py:539} INFO - Filling up the DagBag from /home/airflow/.local/lib/python3.8/site-packages/airflow/example_dags/example_trigger_controller_dag.py
[2025-11-26T06:46:46.478+0000] {processor.py:839} INFO - DAG(s) dict_keys(['example_trigger_controller_dag']) retrieved from /home/airflow/.local/lib/python3.8/site-packages/airflow/example_dags/example_trigger_controller_dag.py
[2025-11-26T06:46:46.518+0000] {logging_mixin.py:151} INFO - [2025-11-26T06:46:46.518+0000] {dag.py:2915} INFO - Sync 1 DAGs
[2025-11-26T06:46:46.559+0000] {logging_mixin.py:151} INFO - [2025-11-26T06:46:46.558+0000] {dag.py:3696} INFO - Setting next_dagrun for example_trigger_controller_dag to 2021-01-01T00:00:00+00:00, run_after=2021-01-01T00:00:00+00:00
[2025-11-26T06:46:46.601+0000] {processor.py:179} INFO - Processing /home/airflow/.local/lib/python3.8/site-packages/airflow/example_dags/example_trigger_controller_dag.py took 0.142 seconds
[2025-11-26T07:35:28.137+0000] {processor.py:157} INFO - Started process (PID=21323) to work on /home/airflow/.local/lib/python3.8/site-packages/airflow/example_dags/example_trigger_controller_dag.py
[2025-11-26T07:35:28.139+0000] {processor.py:829} INFO - Processing file /home/airflow/.local/lib/python3.8/site-packages/airflow/example_dags/example_trigger_controller_dag.py for tasks to queue
[2025-11-26T07:35:28.141+0000] {logging_mixin.py:151} INFO - [2025-11-26T07:35:28.140+0000] {dagbag.py:539} INFO - Filling up the DagBag from /home/airflow/.local/lib/python3.8/site-packages/airflow/example_dags/example_trigger_controller_dag.py
[2025-11-26T07:35:28.148+0000] {processor.py:839} INFO - DAG(s) dict_keys(['example_trigger_controller_dag']) retrieved from /home/airflow/.local/lib/python3.8/site-packages/airflow/example_dags/example_trigger_controller_dag.py
[2025-11-26T07:35:28.204+0000] {logging_mixin.py:151} INFO - [2025-11-26T07:35:28.204+0000] {dag.py:2915} INFO - Sync 1 DAGs
[2025-11-26T07:35:28.257+0000] {logging_mixin.py:151} INFO - [2025-11-26T07:35:28.256+0000] {dag.py:3696} INFO - Setting next_dagrun for example_trigger_controller_dag to 2021-01-01T00:00:00+00:00, run_after=2021-01-01T00:00:00+00:00
[2025-11-26T07:35:28.287+0000] {processor.py:179} INFO - Processing /home/airflow/.local/lib/python3.8/site-packages/airflow/example_dags/example_trigger_controller_dag.py took 0.155 seconds
[2025-11-26T23:25:22.717+0000] {processor.py:157} INFO - Started process (PID=21416) to work on /home/airflow/.local/lib/python3.8/site-packages/airflow/example_dags/example_trigger_controller_dag.py
[2025-11-26T23:25:22.720+0000] {processor.py:829} INFO - Processing file /home/airflow/.local/lib/python3.8/site-packages/airflow/example_dags/example_trigger_controller_dag.py for tasks to queue
[2025-11-26T23:25:22.723+0000] {logging_mixin.py:151} INFO - [2025-11-26T23:25:22.722+0000] {dagbag.py:539} INFO - Filling up the DagBag from /home/airflow/.local/lib/python3.8/site-packages/airflow/example_dags/example_trigger_controller_dag.py
[2025-11-26T23:25:22.735+0000] {processor.py:839} INFO - DAG(s) dict_keys(['example_trigger_controller_dag']) retrieved from /home/airflow/.local/lib/python3.8/site-packages/airflow/example_dags/example_trigger_controller_dag.py
[2025-11-26T23:25:22.824+0000] {logging_mixin.py:151} INFO - [2025-11-26T23:25:22.824+0000] {dag.py:2915} INFO - Sync 1 DAGs
[2025-11-26T23:25:22.870+0000] {logging_mixin.py:151} INFO - [2025-11-26T23:25:22.870+0000] {dag.py:3696} INFO - Setting next_dagrun for example_trigger_controller_dag to 2021-01-01T00:00:00+00:00, run_after=2021-01-01T00:00:00+00:00
[2025-11-26T23:25:22.925+0000] {processor.py:179} INFO - Processing /home/airflow/.local/lib/python3.8/site-packages/airflow/example_dags/example_trigger_controller_dag.py took 0.217 seconds
