[2025-11-26T02:46:35.212+0000] {processor.py:157} INFO - Started process (PID=21203) to work on /home/airflow/.local/lib/python3.8/site-packages/airflow/example_dags/example_branch_datetime_operator.py
[2025-11-26T02:46:35.224+0000] {processor.py:829} INFO - Processing file /home/airflow/.local/lib/python3.8/site-packages/airflow/example_dags/example_branch_datetime_operator.py for tasks to queue
[2025-11-26T02:46:35.225+0000] {logging_mixin.py:151} INFO - [2025-11-26T02:46:35.225+0000] {dagbag.py:539} INFO - Filling up the DagBag from /home/airflow/.local/lib/python3.8/site-packages/airflow/example_dags/example_branch_datetime_operator.py
[2025-11-26T02:46:35.246+0000] {processor.py:839} INFO - DAG(s) dict_keys(['example_branch_datetime_operator', 'example_branch_datetime_operator_3', 'example_branch_datetime_operator_2']) retrieved from /home/airflow/.local/lib/python3.8/site-packages/airflow/example_dags/example_branch_datetime_operator.py
[2025-11-26T04:46:35.660+0000] {logging_mixin.py:151} INFO - [2025-11-26T04:46:35.660+0000] {dag.py:2915} INFO - Sync 3 DAGs
[2025-11-26T04:46:37.844+0000] {logging_mixin.py:151} INFO - [2025-11-26T04:46:37.844+0000] {process_utils.py:259} INFO - Waiting up to 5 seconds for processes to exit...
[2025-11-26T04:46:37.876+0000] {logging_mixin.py:151} INFO - [2025-11-26T04:46:37.875+0000] {process_utils.py:259} INFO - Waiting up to 5 seconds for processes to exit...
[2025-11-26T06:46:46.360+0000] {processor.py:157} INFO - Started process (PID=21251) to work on /home/airflow/.local/lib/python3.8/site-packages/airflow/example_dags/example_branch_datetime_operator.py
[2025-11-26T06:46:46.362+0000] {processor.py:829} INFO - Processing file /home/airflow/.local/lib/python3.8/site-packages/airflow/example_dags/example_branch_datetime_operator.py for tasks to queue
[2025-11-26T06:46:46.366+0000] {logging_mixin.py:151} INFO - [2025-11-26T06:46:46.365+0000] {dagbag.py:539} INFO - Filling up the DagBag from /home/airflow/.local/lib/python3.8/site-packages/airflow/example_dags/example_branch_datetime_operator.py
[2025-11-26T06:46:46.385+0000] {processor.py:839} INFO - DAG(s) dict_keys(['example_branch_datetime_operator', 'example_branch_datetime_operator_2', 'example_branch_datetime_operator_3']) retrieved from /home/airflow/.local/lib/python3.8/site-packages/airflow/example_dags/example_branch_datetime_operator.py
[2025-11-26T06:46:46.447+0000] {logging_mixin.py:151} INFO - [2025-11-26T06:46:46.447+0000] {dag.py:2915} INFO - Sync 3 DAGs
[2025-11-26T06:46:46.486+0000] {logging_mixin.py:151} INFO - [2025-11-26T06:46:46.485+0000] {dag.py:3696} INFO - Setting next_dagrun for example_branch_datetime_operator to 2025-11-25T00:00:00+00:00, run_after=2025-11-26T00:00:00+00:00
[2025-11-26T06:46:46.495+0000] {logging_mixin.py:151} INFO - [2025-11-26T06:46:46.495+0000] {dag.py:3696} INFO - Setting next_dagrun for example_branch_datetime_operator_2 to 2025-11-25T00:00:00+00:00, run_after=2025-11-26T00:00:00+00:00
[2025-11-26T06:46:46.501+0000] {logging_mixin.py:151} INFO - [2025-11-26T06:46:46.501+0000] {dag.py:3696} INFO - Setting next_dagrun for example_branch_datetime_operator_3 to 2025-11-25T00:00:00+00:00, run_after=2025-11-26T00:00:00+00:00
[2025-11-26T06:46:46.529+0000] {processor.py:179} INFO - Processing /home/airflow/.local/lib/python3.8/site-packages/airflow/example_dags/example_branch_datetime_operator.py took 0.174 seconds
[2025-11-26T07:35:27.735+0000] {processor.py:157} INFO - Started process (PID=21322) to work on /home/airflow/.local/lib/python3.8/site-packages/airflow/example_dags/example_branch_datetime_operator.py
[2025-11-26T07:35:27.738+0000] {processor.py:829} INFO - Processing file /home/airflow/.local/lib/python3.8/site-packages/airflow/example_dags/example_branch_datetime_operator.py for tasks to queue
[2025-11-26T07:35:27.739+0000] {logging_mixin.py:151} INFO - [2025-11-26T07:35:27.739+0000] {dagbag.py:539} INFO - Filling up the DagBag from /home/airflow/.local/lib/python3.8/site-packages/airflow/example_dags/example_branch_datetime_operator.py
[2025-11-26T07:35:27.760+0000] {processor.py:839} INFO - DAG(s) dict_keys(['example_branch_datetime_operator_2', 'example_branch_datetime_operator', 'example_branch_datetime_operator_3']) retrieved from /home/airflow/.local/lib/python3.8/site-packages/airflow/example_dags/example_branch_datetime_operator.py
[2025-11-26T07:35:28.112+0000] {logging_mixin.py:151} INFO - [2025-11-26T07:35:28.111+0000] {dag.py:2915} INFO - Sync 3 DAGs
[2025-11-26T07:35:28.151+0000] {logging_mixin.py:151} INFO - [2025-11-26T07:35:28.151+0000] {dag.py:3696} INFO - Setting next_dagrun for example_branch_datetime_operator to 2025-11-25T00:00:00+00:00, run_after=2025-11-26T00:00:00+00:00
[2025-11-26T07:35:28.163+0000] {logging_mixin.py:151} INFO - [2025-11-26T07:35:28.163+0000] {dag.py:3696} INFO - Setting next_dagrun for example_branch_datetime_operator_2 to 2025-11-25T00:00:00+00:00, run_after=2025-11-26T00:00:00+00:00
[2025-11-26T07:35:28.169+0000] {logging_mixin.py:151} INFO - [2025-11-26T07:35:28.169+0000] {dag.py:3696} INFO - Setting next_dagrun for example_branch_datetime_operator_3 to 2025-11-25T00:00:00+00:00, run_after=2025-11-26T00:00:00+00:00
[2025-11-26T07:35:28.215+0000] {processor.py:179} INFO - Processing /home/airflow/.local/lib/python3.8/site-packages/airflow/example_dags/example_branch_datetime_operator.py took 0.486 seconds
[2025-11-26T23:25:22.643+0000] {processor.py:157} INFO - Started process (PID=21415) to work on /home/airflow/.local/lib/python3.8/site-packages/airflow/example_dags/example_branch_datetime_operator.py
[2025-11-26T23:25:22.645+0000] {processor.py:829} INFO - Processing file /home/airflow/.local/lib/python3.8/site-packages/airflow/example_dags/example_branch_datetime_operator.py for tasks to queue
[2025-11-26T23:25:22.648+0000] {logging_mixin.py:151} INFO - [2025-11-26T23:25:22.647+0000] {dagbag.py:539} INFO - Filling up the DagBag from /home/airflow/.local/lib/python3.8/site-packages/airflow/example_dags/example_branch_datetime_operator.py
[2025-11-26T23:25:22.669+0000] {processor.py:839} INFO - DAG(s) dict_keys(['example_branch_datetime_operator', 'example_branch_datetime_operator_3', 'example_branch_datetime_operator_2']) retrieved from /home/airflow/.local/lib/python3.8/site-packages/airflow/example_dags/example_branch_datetime_operator.py
[2025-11-26T23:25:22.767+0000] {logging_mixin.py:151} INFO - [2025-11-26T23:25:22.766+0000] {dag.py:2915} INFO - Sync 3 DAGs
[2025-11-26T23:25:22.852+0000] {logging_mixin.py:151} INFO - [2025-11-26T23:25:22.852+0000] {dag.py:3696} INFO - Setting next_dagrun for example_branch_datetime_operator to 2025-11-25T00:00:00+00:00, run_after=2025-11-26T00:00:00+00:00
[2025-11-26T23:25:22.864+0000] {logging_mixin.py:151} INFO - [2025-11-26T23:25:22.864+0000] {dag.py:3696} INFO - Setting next_dagrun for example_branch_datetime_operator_2 to 2025-11-25T00:00:00+00:00, run_after=2025-11-26T00:00:00+00:00
[2025-11-26T23:25:22.871+0000] {logging_mixin.py:151} INFO - [2025-11-26T23:25:22.871+0000] {dag.py:3696} INFO - Setting next_dagrun for example_branch_datetime_operator_3 to 2025-11-25T00:00:00+00:00, run_after=2025-11-26T00:00:00+00:00
[2025-11-26T23:25:22.924+0000] {processor.py:179} INFO - Processing /home/airflow/.local/lib/python3.8/site-packages/airflow/example_dags/example_branch_datetime_operator.py took 0.291 seconds
