[2025-11-26T00:46:26.712+0000] {processor.py:157} INFO - Started process (PID=21154) to work on /home/airflow/.local/lib/python3.8/site-packages/airflow/example_dags/example_params_trigger_ui.py
[2025-11-26T00:46:26.717+0000] {processor.py:829} INFO - Processing file /home/airflow/.local/lib/python3.8/site-packages/airflow/example_dags/example_params_trigger_ui.py for tasks to queue
[2025-11-26T00:46:26.720+0000] {logging_mixin.py:151} INFO - [2025-11-26T00:46:26.719+0000] {dagbag.py:539} INFO - Filling up the DagBag from /home/airflow/.local/lib/python3.8/site-packages/airflow/example_dags/example_params_trigger_ui.py
[2025-11-26T00:46:26.985+0000] {processor.py:839} INFO - DAG(s) dict_keys(['example_params_trigger_ui']) retrieved from /home/airflow/.local/lib/python3.8/site-packages/airflow/example_dags/example_params_trigger_ui.py
[2025-11-26T00:46:27.302+0000] {logging_mixin.py:151} INFO - [2025-11-26T00:46:27.302+0000] {dag.py:2915} INFO - Sync 1 DAGs
[2025-11-26T00:46:27.764+0000] {logging_mixin.py:151} INFO - [2025-11-26T00:46:27.764+0000] {dag.py:3696} INFO - Setting next_dagrun for example_params_trigger_ui to None, run_after=None
[2025-11-26T00:46:27.797+0000] {processor.py:179} INFO - Processing /home/airflow/.local/lib/python3.8/site-packages/airflow/example_dags/example_params_trigger_ui.py took 1.093 seconds
[2025-11-26T06:46:44.970+0000] {processor.py:157} INFO - Started process (PID=21245) to work on /home/airflow/.local/lib/python3.8/site-packages/airflow/example_dags/example_params_trigger_ui.py
[2025-11-26T06:46:44.972+0000] {processor.py:829} INFO - Processing file /home/airflow/.local/lib/python3.8/site-packages/airflow/example_dags/example_params_trigger_ui.py for tasks to queue
[2025-11-26T06:46:44.977+0000] {logging_mixin.py:151} INFO - [2025-11-26T06:46:44.976+0000] {dagbag.py:539} INFO - Filling up the DagBag from /home/airflow/.local/lib/python3.8/site-packages/airflow/example_dags/example_params_trigger_ui.py
[2025-11-26T06:46:45.012+0000] {processor.py:839} INFO - DAG(s) dict_keys(['example_params_trigger_ui']) retrieved from /home/airflow/.local/lib/python3.8/site-packages/airflow/example_dags/example_params_trigger_ui.py
[2025-11-26T06:46:45.194+0000] {logging_mixin.py:151} INFO - [2025-11-26T06:46:45.194+0000] {dag.py:2915} INFO - Sync 1 DAGs
[2025-11-26T06:46:45.226+0000] {logging_mixin.py:151} INFO - [2025-11-26T06:46:45.226+0000] {dag.py:3696} INFO - Setting next_dagrun for example_params_trigger_ui to None, run_after=None
[2025-11-26T06:46:45.256+0000] {processor.py:179} INFO - Processing /home/airflow/.local/lib/python3.8/site-packages/airflow/example_dags/example_params_trigger_ui.py took 0.292 seconds
[2025-11-26T06:59:23.218+0000] {processor.py:157} INFO - Started process (PID=21309) to work on /home/airflow/.local/lib/python3.8/site-packages/airflow/example_dags/example_params_trigger_ui.py
[2025-11-26T06:59:23.219+0000] {processor.py:829} INFO - Processing file /home/airflow/.local/lib/python3.8/site-packages/airflow/example_dags/example_params_trigger_ui.py for tasks to queue
[2025-11-26T06:59:23.221+0000] {logging_mixin.py:151} INFO - [2025-11-26T06:59:23.221+0000] {dagbag.py:539} INFO - Filling up the DagBag from /home/airflow/.local/lib/python3.8/site-packages/airflow/example_dags/example_params_trigger_ui.py
[2025-11-26T07:35:25.975+0000] {logging_mixin.py:151} INFO - [2025-11-26T07:35:25.975+0000] {timeout.py:68} ERROR - Process timed out, PID: 21309
[2025-11-26T07:35:26.208+0000] {logging_mixin.py:151} INFO - [2025-11-26T07:35:25.989+0000] {dagbag.py:347} ERROR - Failed to import: /home/airflow/.local/lib/python3.8/site-packages/airflow/example_dags/example_params_trigger_ui.py
Traceback (most recent call last):
  File "/home/airflow/.local/lib/python3.8/site-packages/airflow/models/dagbag.py", line 343, in parse
    loader.exec_module(new_module)
  File "<frozen importlib._bootstrap_external>", line 843, in exec_module
  File "<frozen importlib._bootstrap>", line 219, in _call_with_frames_removed
  File "/home/airflow/.local/lib/python3.8/site-packages/airflow/example_dags/example_params_trigger_ui.py", line 98, in <module>
    lang_select = select_languages()
  File "/home/airflow/.local/lib/python3.8/site-packages/airflow/decorators/base.py", line 346, in __call__
    op = self.operator_class(
  File "/home/airflow/.local/lib/python3.8/site-packages/airflow/models/baseoperator.py", line 437, in apply_defaults
    result = func(self, **kwargs, default_args=default_args)
  File "/home/airflow/.local/lib/python3.8/site-packages/airflow/models/baseoperator.py", line 437, in apply_defaults
    result = func(self, **kwargs, default_args=default_args)
  File "/home/airflow/.local/lib/python3.8/site-packages/airflow/decorators/python.py", line 49, in __init__
    super().__init__(
  File "/home/airflow/.local/lib/python3.8/site-packages/airflow/models/baseoperator.py", line 437, in apply_defaults
    result = func(self, **kwargs, default_args=default_args)
  File "/home/airflow/.local/lib/python3.8/site-packages/airflow/decorators/base.py", line 213, in __init__
    super().__init__(task_id=task_id, **kwargs_to_upstream, **kwargs)
  File "/home/airflow/.local/lib/python3.8/site-packages/airflow/models/baseoperator.py", line 437, in apply_defaults
    result = func(self, **kwargs, default_args=default_args)
  File "/home/airflow/.local/lib/python3.8/site-packages/airflow/models/baseoperator.py", line 437, in apply_defaults
    result = func(self, **kwargs, default_args=default_args)
  File "/home/airflow/.local/lib/python3.8/site-packages/airflow/operators/python.py", line 177, in __init__
    super().__init__(**kwargs)
  File "/home/airflow/.local/lib/python3.8/site-packages/airflow/models/baseoperator.py", line 437, in apply_defaults
    result = func(self, **kwargs, default_args=default_args)
  File "/home/airflow/.local/lib/python3.8/site-packages/airflow/models/baseoperator.py", line 930, in __init__
    self.dag = dag
  File "/home/airflow/.local/lib/python3.8/site-packages/airflow/models/baseoperator.py", line 1045, in __setattr__
    super().__setattr__(key, value)
  File "/home/airflow/.local/lib/python3.8/site-packages/airflow/utils/timeout.py", line 69, in handle_timeout
    raise AirflowTaskTimeout(self.error_message)
airflow.exceptions.AirflowTaskTimeout: DagBag import timeout for /home/airflow/.local/lib/python3.8/site-packages/airflow/example_dags/example_params_trigger_ui.py after 30.0s.
Please take a look at these docs to improve your DAG import time:
* https://airflow.apache.org/docs/apache-airflow/2.7.1/best-practices.html#top-level-python-code
* https://airflow.apache.org/docs/apache-airflow/2.7.1/best-practices.html#reducing-dag-complexity, PID: 21309
[2025-11-26T07:35:26.235+0000] {processor.py:841} WARNING - No viable dags retrieved from /home/airflow/.local/lib/python3.8/site-packages/airflow/example_dags/example_params_trigger_ui.py
[2025-11-26T07:35:26.534+0000] {processor.py:179} INFO - Processing /home/airflow/.local/lib/python3.8/site-packages/airflow/example_dags/example_params_trigger_ui.py took 2163.278 seconds
[2025-11-26T23:25:20.186+0000] {processor.py:157} INFO - Started process (PID=21409) to work on /home/airflow/.local/lib/python3.8/site-packages/airflow/example_dags/example_params_trigger_ui.py
[2025-11-26T23:25:20.207+0000] {processor.py:829} INFO - Processing file /home/airflow/.local/lib/python3.8/site-packages/airflow/example_dags/example_params_trigger_ui.py for tasks to queue
[2025-11-26T23:25:20.216+0000] {logging_mixin.py:151} INFO - [2025-11-26T23:25:20.212+0000] {dagbag.py:539} INFO - Filling up the DagBag from /home/airflow/.local/lib/python3.8/site-packages/airflow/example_dags/example_params_trigger_ui.py
[2025-11-26T23:25:20.313+0000] {processor.py:839} INFO - DAG(s) dict_keys(['example_params_trigger_ui']) retrieved from /home/airflow/.local/lib/python3.8/site-packages/airflow/example_dags/example_params_trigger_ui.py
[2025-11-26T23:25:21.314+0000] {logging_mixin.py:151} INFO - [2025-11-26T23:25:21.313+0000] {security.py:708} INFO - Not syncing DAG-level permissions for DAG 'DAG:example_params_trigger_ui' as access control is unset.
[2025-11-26T23:25:21.314+0000] {logging_mixin.py:151} INFO - [2025-11-26T23:25:21.314+0000] {dag.py:2915} INFO - Sync 1 DAGs
[2025-11-26T23:25:21.914+0000] {logging_mixin.py:151} INFO - [2025-11-26T23:25:21.912+0000] {dag.py:3696} INFO - Setting next_dagrun for example_params_trigger_ui to None, run_after=None
[2025-11-26T23:25:21.973+0000] {processor.py:179} INFO - Processing /home/airflow/.local/lib/python3.8/site-packages/airflow/example_dags/example_params_trigger_ui.py took 1.834 seconds
