[2025-11-26T00:46:26.243+0000] {processor.py:157} INFO - Started process (PID=21152) to work on /home/airflow/.local/lib/python3.8/site-packages/airflow/example_dags/example_sla_dag.py
[2025-11-26T00:46:26.254+0000] {processor.py:829} INFO - Processing file /home/airflow/.local/lib/python3.8/site-packages/airflow/example_dags/example_sla_dag.py for tasks to queue
[2025-11-26T00:46:26.274+0000] {logging_mixin.py:151} INFO - [2025-11-26T00:46:26.272+0000] {dagbag.py:539} INFO - Filling up the DagBag from /home/airflow/.local/lib/python3.8/site-packages/airflow/example_dags/example_sla_dag.py
[2025-11-26T00:46:26.451+0000] {processor.py:839} INFO - DAG(s) dict_keys(['example_sla_dag']) retrieved from /home/airflow/.local/lib/python3.8/site-packages/airflow/example_dags/example_sla_dag.py
[2025-11-26T00:46:26.523+0000] {logging_mixin.py:151} INFO - [2025-11-26T00:46:26.522+0000] {dag.py:2915} INFO - Sync 1 DAGs
[2025-11-26T00:46:26.602+0000] {logging_mixin.py:151} INFO - [2025-11-26T00:46:26.602+0000] {dag.py:3696} INFO - Setting next_dagrun for example_sla_dag to 2025-11-26T00:44:00+00:00, run_after=2025-11-26T00:46:00+00:00
[2025-11-26T00:46:26.648+0000] {processor.py:179} INFO - Processing /home/airflow/.local/lib/python3.8/site-packages/airflow/example_dags/example_sla_dag.py took 0.414 seconds
[2025-11-26T06:46:44.113+0000] {processor.py:157} INFO - Started process (PID=21242) to work on /home/airflow/.local/lib/python3.8/site-packages/airflow/example_dags/example_sla_dag.py
[2025-11-26T06:46:44.115+0000] {processor.py:829} INFO - Processing file /home/airflow/.local/lib/python3.8/site-packages/airflow/example_dags/example_sla_dag.py for tasks to queue
[2025-11-26T06:46:44.118+0000] {logging_mixin.py:151} INFO - [2025-11-26T06:46:44.118+0000] {dagbag.py:539} INFO - Filling up the DagBag from /home/airflow/.local/lib/python3.8/site-packages/airflow/example_dags/example_sla_dag.py
[2025-11-26T06:46:44.136+0000] {processor.py:839} INFO - DAG(s) dict_keys(['example_sla_dag']) retrieved from /home/airflow/.local/lib/python3.8/site-packages/airflow/example_dags/example_sla_dag.py
[2025-11-26T06:46:44.180+0000] {logging_mixin.py:151} INFO - [2025-11-26T06:46:44.180+0000] {dag.py:2915} INFO - Sync 1 DAGs
[2025-11-26T06:46:44.225+0000] {logging_mixin.py:151} INFO - [2025-11-26T06:46:44.224+0000] {dag.py:3696} INFO - Setting next_dagrun for example_sla_dag to 2025-11-26T06:44:00+00:00, run_after=2025-11-26T06:46:00+00:00
[2025-11-26T06:46:44.655+0000] {processor.py:179} INFO - Processing /home/airflow/.local/lib/python3.8/site-packages/airflow/example_dags/example_sla_dag.py took 0.547 seconds
[2025-11-26T06:59:22.568+0000] {processor.py:157} INFO - Started process (PID=21306) to work on /home/airflow/.local/lib/python3.8/site-packages/airflow/example_dags/example_sla_dag.py
[2025-11-26T06:59:22.571+0000] {processor.py:829} INFO - Processing file /home/airflow/.local/lib/python3.8/site-packages/airflow/example_dags/example_sla_dag.py for tasks to queue
[2025-11-26T06:59:22.574+0000] {logging_mixin.py:151} INFO - [2025-11-26T06:59:22.573+0000] {dagbag.py:539} INFO - Filling up the DagBag from /home/airflow/.local/lib/python3.8/site-packages/airflow/example_dags/example_sla_dag.py
[2025-11-26T06:59:22.590+0000] {processor.py:839} INFO - DAG(s) dict_keys(['example_sla_dag']) retrieved from /home/airflow/.local/lib/python3.8/site-packages/airflow/example_dags/example_sla_dag.py
[2025-11-26T06:59:22.647+0000] {logging_mixin.py:151} INFO - [2025-11-26T06:59:22.646+0000] {dag.py:2915} INFO - Sync 1 DAGs
[2025-11-26T06:59:22.686+0000] {logging_mixin.py:151} INFO - [2025-11-26T06:59:22.686+0000] {dag.py:3696} INFO - Setting next_dagrun for example_sla_dag to 2025-11-26T06:56:00+00:00, run_after=2025-11-26T06:58:00+00:00
[2025-11-26T06:59:22.720+0000] {processor.py:179} INFO - Processing /home/airflow/.local/lib/python3.8/site-packages/airflow/example_dags/example_sla_dag.py took 0.157 seconds
[2025-11-26T07:35:33.343+0000] {processor.py:157} INFO - Started process (PID=21360) to work on /home/airflow/.local/lib/python3.8/site-packages/airflow/example_dags/example_sla_dag.py
[2025-11-26T07:35:33.345+0000] {processor.py:829} INFO - Processing file /home/airflow/.local/lib/python3.8/site-packages/airflow/example_dags/example_sla_dag.py for tasks to queue
[2025-11-26T07:35:33.347+0000] {logging_mixin.py:151} INFO - [2025-11-26T07:35:33.346+0000] {dagbag.py:539} INFO - Filling up the DagBag from /home/airflow/.local/lib/python3.8/site-packages/airflow/example_dags/example_sla_dag.py
[2025-11-26T07:35:33.362+0000] {processor.py:839} INFO - DAG(s) dict_keys(['example_sla_dag']) retrieved from /home/airflow/.local/lib/python3.8/site-packages/airflow/example_dags/example_sla_dag.py
[2025-11-26T07:35:33.394+0000] {logging_mixin.py:151} INFO - [2025-11-26T07:35:33.394+0000] {dag.py:2915} INFO - Sync 1 DAGs
[2025-11-26T07:35:33.436+0000] {logging_mixin.py:151} INFO - [2025-11-26T07:35:33.436+0000] {dag.py:3696} INFO - Setting next_dagrun for example_sla_dag to 2025-11-26T07:32:00+00:00, run_after=2025-11-26T07:34:00+00:00
[2025-11-26T07:35:33.468+0000] {processor.py:179} INFO - Processing /home/airflow/.local/lib/python3.8/site-packages/airflow/example_dags/example_sla_dag.py took 0.130 seconds
[2025-11-26T18:13:02.676+0000] {processor.py:157} INFO - Started process (PID=21399) to work on /home/airflow/.local/lib/python3.8/site-packages/airflow/example_dags/example_sla_dag.py
[2025-11-26T18:13:02.677+0000] {processor.py:829} INFO - Processing file /home/airflow/.local/lib/python3.8/site-packages/airflow/example_dags/example_sla_dag.py for tasks to queue
[2025-11-26T18:13:02.679+0000] {logging_mixin.py:151} INFO - [2025-11-26T18:13:02.679+0000] {dagbag.py:539} INFO - Filling up the DagBag from /home/airflow/.local/lib/python3.8/site-packages/airflow/example_dags/example_sla_dag.py
[2025-11-26T18:13:02.701+0000] {processor.py:839} INFO - DAG(s) dict_keys(['example_sla_dag']) retrieved from /home/airflow/.local/lib/python3.8/site-packages/airflow/example_dags/example_sla_dag.py
[2025-11-26T18:13:02.795+0000] {logging_mixin.py:151} INFO - [2025-11-26T18:13:02.794+0000] {dag.py:2915} INFO - Sync 1 DAGs
[2025-11-26T23:25:18.430+0000] {logging_mixin.py:151} INFO - [2025-11-26T23:25:18.430+0000] {dag.py:3696} INFO - Setting next_dagrun for example_sla_dag to 2025-11-26T23:22:00+00:00, run_after=2025-11-26T23:24:00+00:00
