[2025-11-26T06:46:44.104+0000] {processor.py:157} INFO - Started process (PID=21241) to work on /home/airflow/.local/lib/python3.8/site-packages/airflow/example_dags/example_skip_dag.py
[2025-11-26T06:46:44.106+0000] {processor.py:829} INFO - Processing file /home/airflow/.local/lib/python3.8/site-packages/airflow/example_dags/example_skip_dag.py for tasks to queue
[2025-11-26T06:46:44.110+0000] {logging_mixin.py:151} INFO - [2025-11-26T06:46:44.109+0000] {dagbag.py:539} INFO - Filling up the DagBag from /home/airflow/.local/lib/python3.8/site-packages/airflow/example_dags/example_skip_dag.py
[2025-11-26T06:46:44.124+0000] {processor.py:839} INFO - DAG(s) dict_keys(['example_skip_dag']) retrieved from /home/airflow/.local/lib/python3.8/site-packages/airflow/example_dags/example_skip_dag.py
[2025-11-26T06:46:44.171+0000] {logging_mixin.py:151} INFO - [2025-11-26T06:46:44.170+0000] {dag.py:2915} INFO - Sync 1 DAGs
[2025-11-26T06:46:44.203+0000] {logging_mixin.py:151} INFO - [2025-11-26T06:46:44.203+0000] {dag.py:3696} INFO - Setting next_dagrun for example_skip_dag to 2025-11-25T06:46:44.202993+00:00, run_after=2025-11-26T06:46:44.202993+00:00
[2025-11-26T06:46:44.618+0000] {processor.py:179} INFO - Processing /home/airflow/.local/lib/python3.8/site-packages/airflow/example_dags/example_skip_dag.py took 0.520 seconds
[2025-11-26T06:59:22.413+0000] {processor.py:157} INFO - Started process (PID=21305) to work on /home/airflow/.local/lib/python3.8/site-packages/airflow/example_dags/example_skip_dag.py
[2025-11-26T06:59:22.415+0000] {processor.py:829} INFO - Processing file /home/airflow/.local/lib/python3.8/site-packages/airflow/example_dags/example_skip_dag.py for tasks to queue
[2025-11-26T06:59:22.417+0000] {logging_mixin.py:151} INFO - [2025-11-26T06:59:22.416+0000] {dagbag.py:539} INFO - Filling up the DagBag from /home/airflow/.local/lib/python3.8/site-packages/airflow/example_dags/example_skip_dag.py
[2025-11-26T06:59:22.437+0000] {processor.py:839} INFO - DAG(s) dict_keys(['example_skip_dag']) retrieved from /home/airflow/.local/lib/python3.8/site-packages/airflow/example_dags/example_skip_dag.py
[2025-11-26T06:59:22.487+0000] {logging_mixin.py:151} INFO - [2025-11-26T06:59:22.486+0000] {dag.py:2915} INFO - Sync 1 DAGs
[2025-11-26T06:59:22.526+0000] {logging_mixin.py:151} INFO - [2025-11-26T06:59:22.526+0000] {dag.py:3696} INFO - Setting next_dagrun for example_skip_dag to 2025-11-25T06:59:22.525673+00:00, run_after=2025-11-26T06:59:22.525673+00:00
[2025-11-26T06:59:22.576+0000] {processor.py:179} INFO - Processing /home/airflow/.local/lib/python3.8/site-packages/airflow/example_dags/example_skip_dag.py took 0.168 seconds
[2025-11-26T07:35:33.244+0000] {processor.py:157} INFO - Started process (PID=21359) to work on /home/airflow/.local/lib/python3.8/site-packages/airflow/example_dags/example_skip_dag.py
[2025-11-26T07:35:33.247+0000] {processor.py:829} INFO - Processing file /home/airflow/.local/lib/python3.8/site-packages/airflow/example_dags/example_skip_dag.py for tasks to queue
[2025-11-26T07:35:33.249+0000] {logging_mixin.py:151} INFO - [2025-11-26T07:35:33.248+0000] {dagbag.py:539} INFO - Filling up the DagBag from /home/airflow/.local/lib/python3.8/site-packages/airflow/example_dags/example_skip_dag.py
[2025-11-26T07:35:33.261+0000] {processor.py:839} INFO - DAG(s) dict_keys(['example_skip_dag']) retrieved from /home/airflow/.local/lib/python3.8/site-packages/airflow/example_dags/example_skip_dag.py
[2025-11-26T07:35:33.297+0000] {logging_mixin.py:151} INFO - [2025-11-26T07:35:33.296+0000] {dag.py:2915} INFO - Sync 1 DAGs
[2025-11-26T07:35:33.334+0000] {logging_mixin.py:151} INFO - [2025-11-26T07:35:33.333+0000] {dag.py:3696} INFO - Setting next_dagrun for example_skip_dag to 2025-11-25T07:35:33.333412+00:00, run_after=2025-11-26T07:35:33.333412+00:00
[2025-11-26T07:35:33.365+0000] {processor.py:179} INFO - Processing /home/airflow/.local/lib/python3.8/site-packages/airflow/example_dags/example_skip_dag.py took 0.127 seconds
[2025-11-26T18:13:02.305+0000] {processor.py:157} INFO - Started process (PID=21398) to work on /home/airflow/.local/lib/python3.8/site-packages/airflow/example_dags/example_skip_dag.py
[2025-11-26T18:13:02.308+0000] {processor.py:829} INFO - Processing file /home/airflow/.local/lib/python3.8/site-packages/airflow/example_dags/example_skip_dag.py for tasks to queue
[2025-11-26T18:13:02.311+0000] {logging_mixin.py:151} INFO - [2025-11-26T18:13:02.310+0000] {dagbag.py:539} INFO - Filling up the DagBag from /home/airflow/.local/lib/python3.8/site-packages/airflow/example_dags/example_skip_dag.py
[2025-11-26T18:13:02.340+0000] {processor.py:839} INFO - DAG(s) dict_keys(['example_skip_dag']) retrieved from /home/airflow/.local/lib/python3.8/site-packages/airflow/example_dags/example_skip_dag.py
[2025-11-26T18:13:02.402+0000] {logging_mixin.py:151} INFO - [2025-11-26T18:13:02.401+0000] {dag.py:2915} INFO - Sync 1 DAGs
[2025-11-26T18:13:02.464+0000] {logging_mixin.py:151} INFO - [2025-11-26T18:13:02.463+0000] {dag.py:3696} INFO - Setting next_dagrun for example_skip_dag to 2025-11-25T18:13:02.463513+00:00, run_after=2025-11-26T18:13:02.463513+00:00
[2025-11-26T18:13:02.761+0000] {processor.py:179} INFO - Processing /home/airflow/.local/lib/python3.8/site-packages/airflow/example_dags/example_skip_dag.py took 0.468 seconds
[2025-11-26T23:25:36.297+0000] {processor.py:157} INFO - Started process (PID=21452) to work on /home/airflow/.local/lib/python3.8/site-packages/airflow/example_dags/example_skip_dag.py
[2025-11-26T23:25:36.319+0000] {processor.py:829} INFO - Processing file /home/airflow/.local/lib/python3.8/site-packages/airflow/example_dags/example_skip_dag.py for tasks to queue
[2025-11-26T23:25:36.354+0000] {logging_mixin.py:151} INFO - [2025-11-26T23:25:36.348+0000] {dagbag.py:539} INFO - Filling up the DagBag from /home/airflow/.local/lib/python3.8/site-packages/airflow/example_dags/example_skip_dag.py
[2025-11-26T23:25:36.583+0000] {processor.py:839} INFO - DAG(s) dict_keys(['example_skip_dag']) retrieved from /home/airflow/.local/lib/python3.8/site-packages/airflow/example_dags/example_skip_dag.py
[2025-11-26T23:25:37.325+0000] {logging_mixin.py:151} INFO - [2025-11-26T23:25:37.323+0000] {dag.py:2915} INFO - Sync 1 DAGs
[2025-11-26T23:25:37.906+0000] {logging_mixin.py:151} INFO - [2025-11-26T23:25:37.903+0000] {dag.py:3696} INFO - Setting next_dagrun for example_skip_dag to 2025-11-25T23:25:37.898272+00:00, run_after=2025-11-26T23:25:37.898272+00:00
[2025-11-26T23:25:38.290+0000] {processor.py:179} INFO - Processing /home/airflow/.local/lib/python3.8/site-packages/airflow/example_dags/example_skip_dag.py took 2.065 seconds
