[2025-11-26T00:46:28.795+0000] {processor.py:157} INFO - Started process (PID=21166) to work on /home/airflow/.local/lib/python3.8/site-packages/airflow/example_dags/example_branch_operator.py
[2025-11-26T00:46:28.799+0000] {processor.py:829} INFO - Processing file /home/airflow/.local/lib/python3.8/site-packages/airflow/example_dags/example_branch_operator.py for tasks to queue
[2025-11-26T00:46:28.801+0000] {logging_mixin.py:151} INFO - [2025-11-26T00:46:28.800+0000] {dagbag.py:539} INFO - Filling up the DagBag from /home/airflow/.local/lib/python3.8/site-packages/airflow/example_dags/example_branch_operator.py
[2025-11-26T00:46:28.824+0000] {processor.py:839} INFO - DAG(s) dict_keys(['example_branch_operator']) retrieved from /home/airflow/.local/lib/python3.8/site-packages/airflow/example_dags/example_branch_operator.py
[2025-11-26T00:46:28.870+0000] {logging_mixin.py:151} INFO - [2025-11-26T00:46:28.870+0000] {dag.py:2915} INFO - Sync 1 DAGs
[2025-11-26T00:46:28.907+0000] {logging_mixin.py:151} INFO - [2025-11-26T00:46:28.907+0000] {dag.py:3696} INFO - Setting next_dagrun for example_branch_operator to 2025-11-25T00:00:00+00:00, run_after=2025-11-26T00:00:00+00:00
[2025-11-26T00:46:28.945+0000] {processor.py:179} INFO - Processing /home/airflow/.local/lib/python3.8/site-packages/airflow/example_dags/example_branch_operator.py took 0.159 seconds
[2025-11-26T06:46:47.265+0000] {processor.py:157} INFO - Started process (PID=21259) to work on /home/airflow/.local/lib/python3.8/site-packages/airflow/example_dags/example_branch_operator.py
[2025-11-26T06:46:47.269+0000] {processor.py:829} INFO - Processing file /home/airflow/.local/lib/python3.8/site-packages/airflow/example_dags/example_branch_operator.py for tasks to queue
[2025-11-26T06:46:47.273+0000] {logging_mixin.py:151} INFO - [2025-11-26T06:46:47.272+0000] {dagbag.py:539} INFO - Filling up the DagBag from /home/airflow/.local/lib/python3.8/site-packages/airflow/example_dags/example_branch_operator.py
[2025-11-26T06:46:47.289+0000] {processor.py:839} INFO - DAG(s) dict_keys(['example_branch_operator']) retrieved from /home/airflow/.local/lib/python3.8/site-packages/airflow/example_dags/example_branch_operator.py
[2025-11-26T06:46:47.331+0000] {logging_mixin.py:151} INFO - [2025-11-26T06:46:47.330+0000] {dag.py:2915} INFO - Sync 1 DAGs
[2025-11-26T06:46:47.366+0000] {logging_mixin.py:151} INFO - [2025-11-26T06:46:47.366+0000] {dag.py:3696} INFO - Setting next_dagrun for example_branch_operator to 2025-11-25T00:00:00+00:00, run_after=2025-11-26T00:00:00+00:00
[2025-11-26T06:46:47.401+0000] {processor.py:179} INFO - Processing /home/airflow/.local/lib/python3.8/site-packages/airflow/example_dags/example_branch_operator.py took 0.141 seconds
[2025-11-26T07:35:29.123+0000] {processor.py:157} INFO - Started process (PID=21330) to work on /home/airflow/.local/lib/python3.8/site-packages/airflow/example_dags/example_branch_operator.py
[2025-11-26T07:35:29.131+0000] {processor.py:829} INFO - Processing file /home/airflow/.local/lib/python3.8/site-packages/airflow/example_dags/example_branch_operator.py for tasks to queue
[2025-11-26T07:35:29.133+0000] {logging_mixin.py:151} INFO - [2025-11-26T07:35:29.132+0000] {dagbag.py:539} INFO - Filling up the DagBag from /home/airflow/.local/lib/python3.8/site-packages/airflow/example_dags/example_branch_operator.py
[2025-11-26T07:35:29.170+0000] {processor.py:839} INFO - DAG(s) dict_keys(['example_branch_operator']) retrieved from /home/airflow/.local/lib/python3.8/site-packages/airflow/example_dags/example_branch_operator.py
[2025-11-26T07:35:29.278+0000] {logging_mixin.py:151} INFO - [2025-11-26T07:35:29.278+0000] {dag.py:2915} INFO - Sync 1 DAGs
[2025-11-26T07:35:29.343+0000] {logging_mixin.py:151} INFO - [2025-11-26T07:35:29.343+0000] {dag.py:3696} INFO - Setting next_dagrun for example_branch_operator to 2025-11-25T00:00:00+00:00, run_after=2025-11-26T00:00:00+00:00
[2025-11-26T07:35:29.382+0000] {processor.py:179} INFO - Processing /home/airflow/.local/lib/python3.8/site-packages/airflow/example_dags/example_branch_operator.py took 0.272 seconds
[2025-11-26T23:25:24.030+0000] {processor.py:157} INFO - Started process (PID=21423) to work on /home/airflow/.local/lib/python3.8/site-packages/airflow/example_dags/example_branch_operator.py
[2025-11-26T23:25:24.032+0000] {processor.py:829} INFO - Processing file /home/airflow/.local/lib/python3.8/site-packages/airflow/example_dags/example_branch_operator.py for tasks to queue
[2025-11-26T23:25:24.034+0000] {logging_mixin.py:151} INFO - [2025-11-26T23:25:24.034+0000] {dagbag.py:539} INFO - Filling up the DagBag from /home/airflow/.local/lib/python3.8/site-packages/airflow/example_dags/example_branch_operator.py
[2025-11-26T23:25:24.060+0000] {processor.py:839} INFO - DAG(s) dict_keys(['example_branch_operator']) retrieved from /home/airflow/.local/lib/python3.8/site-packages/airflow/example_dags/example_branch_operator.py
[2025-11-26T23:25:24.127+0000] {logging_mixin.py:151} INFO - [2025-11-26T23:25:24.126+0000] {dag.py:2915} INFO - Sync 1 DAGs
[2025-11-26T23:25:24.195+0000] {logging_mixin.py:151} INFO - [2025-11-26T23:25:24.194+0000] {dag.py:3696} INFO - Setting next_dagrun for example_branch_operator to 2025-11-25T00:00:00+00:00, run_after=2025-11-26T00:00:00+00:00
[2025-11-26T23:25:24.260+0000] {processor.py:179} INFO - Processing /home/airflow/.local/lib/python3.8/site-packages/airflow/example_dags/example_branch_operator.py took 0.237 seconds
