[2025-11-26T02:46:33.139+0000] {processor.py:157} INFO - Started process (PID=21193) to work on /home/airflow/.local/lib/python3.8/site-packages/airflow/example_dags/example_branch_day_of_week_operator.py
[2025-11-26T02:46:33.141+0000] {processor.py:829} INFO - Processing file /home/airflow/.local/lib/python3.8/site-packages/airflow/example_dags/example_branch_day_of_week_operator.py for tasks to queue
[2025-11-26T02:46:33.143+0000] {logging_mixin.py:151} INFO - [2025-11-26T02:46:33.143+0000] {dagbag.py:539} INFO - Filling up the DagBag from /home/airflow/.local/lib/python3.8/site-packages/airflow/example_dags/example_branch_day_of_week_operator.py
[2025-11-26T02:46:33.158+0000] {processor.py:839} INFO - DAG(s) dict_keys(['example_weekday_branch_operator']) retrieved from /home/airflow/.local/lib/python3.8/site-packages/airflow/example_dags/example_branch_day_of_week_operator.py
[2025-11-26T02:46:33.194+0000] {logging_mixin.py:151} INFO - [2025-11-26T02:46:33.194+0000] {dag.py:2915} INFO - Sync 1 DAGs
[2025-11-26T02:46:33.231+0000] {logging_mixin.py:151} INFO - [2025-11-26T02:46:33.231+0000] {dag.py:3696} INFO - Setting next_dagrun for example_weekday_branch_operator to 2025-11-25T00:00:00+00:00, run_after=2025-11-26T00:00:00+00:00
[2025-11-26T02:46:33.261+0000] {processor.py:179} INFO - Processing /home/airflow/.local/lib/python3.8/site-packages/airflow/example_dags/example_branch_day_of_week_operator.py took 0.128 seconds
[2025-11-26T06:46:41.438+0000] {processor.py:157} INFO - Started process (PID=21232) to work on /home/airflow/.local/lib/python3.8/site-packages/airflow/example_dags/example_branch_day_of_week_operator.py
[2025-11-26T06:46:41.451+0000] {processor.py:829} INFO - Processing file /home/airflow/.local/lib/python3.8/site-packages/airflow/example_dags/example_branch_day_of_week_operator.py for tasks to queue
[2025-11-26T06:46:41.462+0000] {logging_mixin.py:151} INFO - [2025-11-26T06:46:41.462+0000] {dagbag.py:539} INFO - Filling up the DagBag from /home/airflow/.local/lib/python3.8/site-packages/airflow/example_dags/example_branch_day_of_week_operator.py
[2025-11-26T06:46:41.533+0000] {processor.py:839} INFO - DAG(s) dict_keys(['example_weekday_branch_operator']) retrieved from /home/airflow/.local/lib/python3.8/site-packages/airflow/example_dags/example_branch_day_of_week_operator.py
[2025-11-26T06:46:41.984+0000] {logging_mixin.py:151} INFO - [2025-11-26T06:46:41.984+0000] {dag.py:2915} INFO - Sync 1 DAGs
[2025-11-26T06:46:42.065+0000] {logging_mixin.py:151} INFO - [2025-11-26T06:46:42.064+0000] {dag.py:3696} INFO - Setting next_dagrun for example_weekday_branch_operator to 2025-11-25T00:00:00+00:00, run_after=2025-11-26T00:00:00+00:00
[2025-11-26T06:46:42.193+0000] {processor.py:179} INFO - Processing /home/airflow/.local/lib/python3.8/site-packages/airflow/example_dags/example_branch_day_of_week_operator.py took 0.761 seconds
[2025-11-26T06:59:21.231+0000] {processor.py:157} INFO - Started process (PID=21296) to work on /home/airflow/.local/lib/python3.8/site-packages/airflow/example_dags/example_branch_day_of_week_operator.py
[2025-11-26T06:59:21.233+0000] {processor.py:829} INFO - Processing file /home/airflow/.local/lib/python3.8/site-packages/airflow/example_dags/example_branch_day_of_week_operator.py for tasks to queue
[2025-11-26T06:59:21.235+0000] {logging_mixin.py:151} INFO - [2025-11-26T06:59:21.234+0000] {dagbag.py:539} INFO - Filling up the DagBag from /home/airflow/.local/lib/python3.8/site-packages/airflow/example_dags/example_branch_day_of_week_operator.py
[2025-11-26T06:59:21.256+0000] {processor.py:839} INFO - DAG(s) dict_keys(['example_weekday_branch_operator']) retrieved from /home/airflow/.local/lib/python3.8/site-packages/airflow/example_dags/example_branch_day_of_week_operator.py
[2025-11-26T06:59:21.325+0000] {logging_mixin.py:151} INFO - [2025-11-26T06:59:21.325+0000] {dag.py:2915} INFO - Sync 1 DAGs
[2025-11-26T06:59:21.362+0000] {logging_mixin.py:151} INFO - [2025-11-26T06:59:21.361+0000] {dag.py:3696} INFO - Setting next_dagrun for example_weekday_branch_operator to 2025-11-25T00:00:00+00:00, run_after=2025-11-26T00:00:00+00:00
[2025-11-26T06:59:21.389+0000] {processor.py:179} INFO - Processing /home/airflow/.local/lib/python3.8/site-packages/airflow/example_dags/example_branch_day_of_week_operator.py took 0.163 seconds
[2025-11-26T07:35:32.484+0000] {processor.py:157} INFO - Started process (PID=21350) to work on /home/airflow/.local/lib/python3.8/site-packages/airflow/example_dags/example_branch_day_of_week_operator.py
[2025-11-26T07:35:32.486+0000] {processor.py:829} INFO - Processing file /home/airflow/.local/lib/python3.8/site-packages/airflow/example_dags/example_branch_day_of_week_operator.py for tasks to queue
[2025-11-26T07:35:32.488+0000] {logging_mixin.py:151} INFO - [2025-11-26T07:35:32.487+0000] {dagbag.py:539} INFO - Filling up the DagBag from /home/airflow/.local/lib/python3.8/site-packages/airflow/example_dags/example_branch_day_of_week_operator.py
[2025-11-26T07:35:32.503+0000] {processor.py:839} INFO - DAG(s) dict_keys(['example_weekday_branch_operator']) retrieved from /home/airflow/.local/lib/python3.8/site-packages/airflow/example_dags/example_branch_day_of_week_operator.py
[2025-11-26T07:35:32.546+0000] {logging_mixin.py:151} INFO - [2025-11-26T07:35:32.546+0000] {dag.py:2915} INFO - Sync 1 DAGs
[2025-11-26T07:35:32.584+0000] {logging_mixin.py:151} INFO - [2025-11-26T07:35:32.583+0000] {dag.py:3696} INFO - Setting next_dagrun for example_weekday_branch_operator to 2025-11-25T00:00:00+00:00, run_after=2025-11-26T00:00:00+00:00
[2025-11-26T07:35:32.616+0000] {processor.py:179} INFO - Processing /home/airflow/.local/lib/python3.8/site-packages/airflow/example_dags/example_branch_day_of_week_operator.py took 0.138 seconds
[2025-11-26T18:12:59.847+0000] {processor.py:157} INFO - Started process (PID=21389) to work on /home/airflow/.local/lib/python3.8/site-packages/airflow/example_dags/example_branch_day_of_week_operator.py
[2025-11-26T18:12:59.848+0000] {processor.py:829} INFO - Processing file /home/airflow/.local/lib/python3.8/site-packages/airflow/example_dags/example_branch_day_of_week_operator.py for tasks to queue
[2025-11-26T18:12:59.852+0000] {logging_mixin.py:151} INFO - [2025-11-26T18:12:59.851+0000] {dagbag.py:539} INFO - Filling up the DagBag from /home/airflow/.local/lib/python3.8/site-packages/airflow/example_dags/example_branch_day_of_week_operator.py
[2025-11-26T18:12:59.875+0000] {processor.py:839} INFO - DAG(s) dict_keys(['example_weekday_branch_operator']) retrieved from /home/airflow/.local/lib/python3.8/site-packages/airflow/example_dags/example_branch_day_of_week_operator.py
[2025-11-26T18:12:59.976+0000] {logging_mixin.py:151} INFO - [2025-11-26T18:12:59.975+0000] {dag.py:2915} INFO - Sync 1 DAGs
[2025-11-26T18:13:00.088+0000] {logging_mixin.py:151} INFO - [2025-11-26T18:13:00.088+0000] {dag.py:3696} INFO - Setting next_dagrun for example_weekday_branch_operator to 2025-11-25T00:00:00+00:00, run_after=2025-11-26T00:00:00+00:00
[2025-11-26T18:13:00.127+0000] {processor.py:179} INFO - Processing /home/airflow/.local/lib/python3.8/site-packages/airflow/example_dags/example_branch_day_of_week_operator.py took 0.292 seconds
[2025-11-26T23:25:27.684+0000] {processor.py:157} INFO - Started process (PID=21443) to work on /home/airflow/.local/lib/python3.8/site-packages/airflow/example_dags/example_branch_day_of_week_operator.py
[2025-11-26T23:25:27.686+0000] {processor.py:829} INFO - Processing file /home/airflow/.local/lib/python3.8/site-packages/airflow/example_dags/example_branch_day_of_week_operator.py for tasks to queue
[2025-11-26T23:25:27.690+0000] {logging_mixin.py:151} INFO - [2025-11-26T23:25:27.689+0000] {dagbag.py:539} INFO - Filling up the DagBag from /home/airflow/.local/lib/python3.8/site-packages/airflow/example_dags/example_branch_day_of_week_operator.py
[2025-11-26T23:25:27.713+0000] {processor.py:839} INFO - DAG(s) dict_keys(['example_weekday_branch_operator']) retrieved from /home/airflow/.local/lib/python3.8/site-packages/airflow/example_dags/example_branch_day_of_week_operator.py
[2025-11-26T23:25:27.795+0000] {logging_mixin.py:151} INFO - [2025-11-26T23:25:27.794+0000] {dag.py:2915} INFO - Sync 1 DAGs
[2025-11-26T23:25:27.889+0000] {logging_mixin.py:151} INFO - [2025-11-26T23:25:27.889+0000] {dag.py:3696} INFO - Setting next_dagrun for example_weekday_branch_operator to 2025-11-25T00:00:00+00:00, run_after=2025-11-26T00:00:00+00:00
[2025-11-26T23:25:27.949+0000] {processor.py:179} INFO - Processing /home/airflow/.local/lib/python3.8/site-packages/airflow/example_dags/example_branch_day_of_week_operator.py took 0.274 seconds
