[2025-11-26T00:46:30.239+0000] {processor.py:157} INFO - Started process (PID=21175) to work on /home/airflow/.local/lib/python3.8/site-packages/airflow/example_dags/example_task_group_decorator.py
[2025-11-26T00:46:30.241+0000] {processor.py:829} INFO - Processing file /home/airflow/.local/lib/python3.8/site-packages/airflow/example_dags/example_task_group_decorator.py for tasks to queue
[2025-11-26T00:46:30.243+0000] {logging_mixin.py:151} INFO - [2025-11-26T00:46:30.242+0000] {dagbag.py:539} INFO - Filling up the DagBag from /home/airflow/.local/lib/python3.8/site-packages/airflow/example_dags/example_task_group_decorator.py
[2025-11-26T00:46:30.273+0000] {processor.py:839} INFO - DAG(s) dict_keys(['example_task_group_decorator']) retrieved from /home/airflow/.local/lib/python3.8/site-packages/airflow/example_dags/example_task_group_decorator.py
[2025-11-26T02:46:30.959+0000] {logging_mixin.py:151} INFO - [2025-11-26T02:46:30.958+0000] {dag.py:2915} INFO - Sync 1 DAGs
[2025-11-26T02:46:31.304+0000] {logging_mixin.py:151} INFO - [2025-11-26T02:46:31.304+0000] {dag.py:3696} INFO - Setting next_dagrun for example_task_group_decorator to 2025-11-25T02:46:31.303764+00:00, run_after=2025-11-26T02:46:31.303764+00:00
[2025-11-26T04:46:38.343+0000] {processor.py:157} INFO - Started process (PID=21214) to work on /home/airflow/.local/lib/python3.8/site-packages/airflow/example_dags/example_task_group_decorator.py
[2025-11-26T04:46:38.345+0000] {processor.py:829} INFO - Processing file /home/airflow/.local/lib/python3.8/site-packages/airflow/example_dags/example_task_group_decorator.py for tasks to queue
[2025-11-26T04:46:38.348+0000] {logging_mixin.py:151} INFO - [2025-11-26T04:46:38.348+0000] {dagbag.py:539} INFO - Filling up the DagBag from /home/airflow/.local/lib/python3.8/site-packages/airflow/example_dags/example_task_group_decorator.py
[2025-11-26T04:46:38.380+0000] {processor.py:839} INFO - DAG(s) dict_keys(['example_task_group_decorator']) retrieved from /home/airflow/.local/lib/python3.8/site-packages/airflow/example_dags/example_task_group_decorator.py
[2025-11-26T04:46:38.439+0000] {logging_mixin.py:151} INFO - [2025-11-26T04:46:38.438+0000] {dag.py:2915} INFO - Sync 1 DAGs
[2025-11-26T04:46:38.472+0000] {logging_mixin.py:151} INFO - [2025-11-26T04:46:38.472+0000] {dag.py:3696} INFO - Setting next_dagrun for example_task_group_decorator to 2025-11-25T04:46:38.471952+00:00, run_after=2025-11-26T04:46:38.471952+00:00
[2025-11-26T04:46:38.505+0000] {processor.py:179} INFO - Processing /home/airflow/.local/lib/python3.8/site-packages/airflow/example_dags/example_task_group_decorator.py took 0.168 seconds
[2025-11-26T06:46:48.601+0000] {processor.py:157} INFO - Started process (PID=21268) to work on /home/airflow/.local/lib/python3.8/site-packages/airflow/example_dags/example_task_group_decorator.py
[2025-11-26T06:46:48.603+0000] {processor.py:829} INFO - Processing file /home/airflow/.local/lib/python3.8/site-packages/airflow/example_dags/example_task_group_decorator.py for tasks to queue
[2025-11-26T06:46:48.606+0000] {logging_mixin.py:151} INFO - [2025-11-26T06:46:48.606+0000] {dagbag.py:539} INFO - Filling up the DagBag from /home/airflow/.local/lib/python3.8/site-packages/airflow/example_dags/example_task_group_decorator.py
[2025-11-26T06:46:48.635+0000] {processor.py:839} INFO - DAG(s) dict_keys(['example_task_group_decorator']) retrieved from /home/airflow/.local/lib/python3.8/site-packages/airflow/example_dags/example_task_group_decorator.py
[2025-11-26T06:46:48.678+0000] {logging_mixin.py:151} INFO - [2025-11-26T06:46:48.678+0000] {dag.py:2915} INFO - Sync 1 DAGs
[2025-11-26T06:46:48.711+0000] {logging_mixin.py:151} INFO - [2025-11-26T06:46:48.710+0000] {dag.py:3696} INFO - Setting next_dagrun for example_task_group_decorator to 2025-11-25T06:46:48.710484+00:00, run_after=2025-11-26T06:46:48.710484+00:00
[2025-11-26T06:46:48.743+0000] {processor.py:179} INFO - Processing /home/airflow/.local/lib/python3.8/site-packages/airflow/example_dags/example_task_group_decorator.py took 0.148 seconds
[2025-11-26T06:59:19.240+0000] {processor.py:157} INFO - Started process (PID=21285) to work on /home/airflow/.local/lib/python3.8/site-packages/airflow/example_dags/example_task_group_decorator.py
[2025-11-26T06:59:19.242+0000] {processor.py:829} INFO - Processing file /home/airflow/.local/lib/python3.8/site-packages/airflow/example_dags/example_task_group_decorator.py for tasks to queue
[2025-11-26T06:59:19.247+0000] {logging_mixin.py:151} INFO - [2025-11-26T06:59:19.247+0000] {dagbag.py:539} INFO - Filling up the DagBag from /home/airflow/.local/lib/python3.8/site-packages/airflow/example_dags/example_task_group_decorator.py
[2025-11-26T06:59:19.303+0000] {processor.py:839} INFO - DAG(s) dict_keys(['example_task_group_decorator']) retrieved from /home/airflow/.local/lib/python3.8/site-packages/airflow/example_dags/example_task_group_decorator.py
[2025-11-26T06:59:19.360+0000] {logging_mixin.py:151} INFO - [2025-11-26T06:59:19.359+0000] {dag.py:2915} INFO - Sync 1 DAGs
[2025-11-26T06:59:19.388+0000] {logging_mixin.py:151} INFO - [2025-11-26T06:59:19.387+0000] {dag.py:3696} INFO - Setting next_dagrun for example_task_group_decorator to 2025-11-25T06:59:19.387367+00:00, run_after=2025-11-26T06:59:19.387367+00:00
[2025-11-26T06:59:19.420+0000] {processor.py:179} INFO - Processing /home/airflow/.local/lib/python3.8/site-packages/airflow/example_dags/example_task_group_decorator.py took 0.184 seconds
[2025-11-26T07:35:30.805+0000] {processor.py:157} INFO - Started process (PID=21339) to work on /home/airflow/.local/lib/python3.8/site-packages/airflow/example_dags/example_task_group_decorator.py
[2025-11-26T07:35:30.806+0000] {processor.py:829} INFO - Processing file /home/airflow/.local/lib/python3.8/site-packages/airflow/example_dags/example_task_group_decorator.py for tasks to queue
[2025-11-26T07:35:30.808+0000] {logging_mixin.py:151} INFO - [2025-11-26T07:35:30.807+0000] {dagbag.py:539} INFO - Filling up the DagBag from /home/airflow/.local/lib/python3.8/site-packages/airflow/example_dags/example_task_group_decorator.py
[2025-11-26T07:35:30.836+0000] {processor.py:839} INFO - DAG(s) dict_keys(['example_task_group_decorator']) retrieved from /home/airflow/.local/lib/python3.8/site-packages/airflow/example_dags/example_task_group_decorator.py
[2025-11-26T07:35:30.880+0000] {logging_mixin.py:151} INFO - [2025-11-26T07:35:30.879+0000] {dag.py:2915} INFO - Sync 1 DAGs
[2025-11-26T07:35:30.913+0000] {logging_mixin.py:151} INFO - [2025-11-26T07:35:30.913+0000] {dag.py:3696} INFO - Setting next_dagrun for example_task_group_decorator to 2025-11-25T07:35:30.913000+00:00, run_after=2025-11-26T07:35:30.913000+00:00
[2025-11-26T07:35:30.944+0000] {processor.py:179} INFO - Processing /home/airflow/.local/lib/python3.8/site-packages/airflow/example_dags/example_task_group_decorator.py took 0.144 seconds
[2025-11-26T15:12:19.330+0000] {processor.py:157} INFO - Started process (PID=21371) to work on /home/airflow/.local/lib/python3.8/site-packages/airflow/example_dags/example_task_group_decorator.py
[2025-11-26T15:12:19.333+0000] {processor.py:829} INFO - Processing file /home/airflow/.local/lib/python3.8/site-packages/airflow/example_dags/example_task_group_decorator.py for tasks to queue
[2025-11-26T15:12:19.335+0000] {logging_mixin.py:151} INFO - [2025-11-26T15:12:19.334+0000] {dagbag.py:539} INFO - Filling up the DagBag from /home/airflow/.local/lib/python3.8/site-packages/airflow/example_dags/example_task_group_decorator.py
[2025-11-26T15:12:19.380+0000] {processor.py:839} INFO - DAG(s) dict_keys(['example_task_group_decorator']) retrieved from /home/airflow/.local/lib/python3.8/site-packages/airflow/example_dags/example_task_group_decorator.py
[2025-11-26T15:12:19.429+0000] {logging_mixin.py:151} INFO - [2025-11-26T15:12:19.429+0000] {dag.py:2915} INFO - Sync 1 DAGs
[2025-11-26T15:12:19.463+0000] {logging_mixin.py:151} INFO - [2025-11-26T15:12:19.463+0000] {dag.py:3696} INFO - Setting next_dagrun for example_task_group_decorator to 2025-11-25T15:12:19.463049+00:00, run_after=2025-11-26T15:12:19.463049+00:00
[2025-11-26T15:12:19.498+0000] {processor.py:179} INFO - Processing /home/airflow/.local/lib/python3.8/site-packages/airflow/example_dags/example_task_group_decorator.py took 0.176 seconds
[2025-11-26T23:25:25.492+0000] {processor.py:157} INFO - Started process (PID=21432) to work on /home/airflow/.local/lib/python3.8/site-packages/airflow/example_dags/example_task_group_decorator.py
[2025-11-26T23:25:25.494+0000] {processor.py:829} INFO - Processing file /home/airflow/.local/lib/python3.8/site-packages/airflow/example_dags/example_task_group_decorator.py for tasks to queue
[2025-11-26T23:25:25.499+0000] {logging_mixin.py:151} INFO - [2025-11-26T23:25:25.496+0000] {dagbag.py:539} INFO - Filling up the DagBag from /home/airflow/.local/lib/python3.8/site-packages/airflow/example_dags/example_task_group_decorator.py
[2025-11-26T23:25:25.539+0000] {processor.py:839} INFO - DAG(s) dict_keys(['example_task_group_decorator']) retrieved from /home/airflow/.local/lib/python3.8/site-packages/airflow/example_dags/example_task_group_decorator.py
[2025-11-26T23:25:25.638+0000] {logging_mixin.py:151} INFO - [2025-11-26T23:25:25.637+0000] {dag.py:2915} INFO - Sync 1 DAGs
[2025-11-26T23:25:25.701+0000] {logging_mixin.py:151} INFO - [2025-11-26T23:25:25.700+0000] {dag.py:3696} INFO - Setting next_dagrun for example_task_group_decorator to 2025-11-25T23:25:25.699919+00:00, run_after=2025-11-26T23:25:25.699919+00:00
[2025-11-26T23:25:25.760+0000] {processor.py:179} INFO - Processing /home/airflow/.local/lib/python3.8/site-packages/airflow/example_dags/example_task_group_decorator.py took 0.273 seconds
