[2025-11-26T02:46:34.127+0000] {processor.py:157} INFO - Started process (PID=21199) to work on /home/airflow/.local/lib/python3.8/site-packages/airflow/example_dags/example_dynamic_task_mapping.py
[2025-11-26T02:46:34.129+0000] {processor.py:829} INFO - Processing file /home/airflow/.local/lib/python3.8/site-packages/airflow/example_dags/example_dynamic_task_mapping.py for tasks to queue
[2025-11-26T02:46:34.130+0000] {logging_mixin.py:151} INFO - [2025-11-26T02:46:34.130+0000] {dagbag.py:539} INFO - Filling up the DagBag from /home/airflow/.local/lib/python3.8/site-packages/airflow/example_dags/example_dynamic_task_mapping.py
[2025-11-26T02:46:34.155+0000] {processor.py:839} INFO - DAG(s) dict_keys(['example_dynamic_task_mapping']) retrieved from /home/airflow/.local/lib/python3.8/site-packages/airflow/example_dags/example_dynamic_task_mapping.py
[2025-11-26T02:46:34.195+0000] {logging_mixin.py:151} INFO - [2025-11-26T02:46:34.195+0000] {dag.py:2915} INFO - Sync 1 DAGs
[2025-11-26T02:46:34.229+0000] {logging_mixin.py:151} INFO - [2025-11-26T02:46:34.229+0000] {dag.py:3696} INFO - Setting next_dagrun for example_dynamic_task_mapping to 2022-03-04T00:00:00+00:00, run_after=2022-03-05T00:00:00+00:00
[2025-11-26T02:46:34.263+0000] {processor.py:179} INFO - Processing /home/airflow/.local/lib/python3.8/site-packages/airflow/example_dags/example_dynamic_task_mapping.py took 0.142 seconds
[2025-11-26T06:46:43.171+0000] {processor.py:157} INFO - Started process (PID=21238) to work on /home/airflow/.local/lib/python3.8/site-packages/airflow/example_dags/example_dynamic_task_mapping.py
[2025-11-26T06:46:43.173+0000] {processor.py:829} INFO - Processing file /home/airflow/.local/lib/python3.8/site-packages/airflow/example_dags/example_dynamic_task_mapping.py for tasks to queue
[2025-11-26T06:46:43.177+0000] {logging_mixin.py:151} INFO - [2025-11-26T06:46:43.176+0000] {dagbag.py:539} INFO - Filling up the DagBag from /home/airflow/.local/lib/python3.8/site-packages/airflow/example_dags/example_dynamic_task_mapping.py
[2025-11-26T06:46:43.190+0000] {processor.py:839} INFO - DAG(s) dict_keys(['example_dynamic_task_mapping']) retrieved from /home/airflow/.local/lib/python3.8/site-packages/airflow/example_dags/example_dynamic_task_mapping.py
[2025-11-26T06:46:43.253+0000] {logging_mixin.py:151} INFO - [2025-11-26T06:46:43.253+0000] {dag.py:2915} INFO - Sync 1 DAGs
[2025-11-26T06:46:43.298+0000] {logging_mixin.py:151} INFO - [2025-11-26T06:46:43.298+0000] {dag.py:3696} INFO - Setting next_dagrun for example_dynamic_task_mapping to 2022-03-04T00:00:00+00:00, run_after=2022-03-05T00:00:00+00:00
[2025-11-26T06:46:43.552+0000] {processor.py:179} INFO - Processing /home/airflow/.local/lib/python3.8/site-packages/airflow/example_dags/example_dynamic_task_mapping.py took 0.386 seconds
[2025-11-26T06:59:22.215+0000] {processor.py:157} INFO - Started process (PID=21302) to work on /home/airflow/.local/lib/python3.8/site-packages/airflow/example_dags/example_dynamic_task_mapping.py
[2025-11-26T06:59:22.218+0000] {processor.py:829} INFO - Processing file /home/airflow/.local/lib/python3.8/site-packages/airflow/example_dags/example_dynamic_task_mapping.py for tasks to queue
[2025-11-26T06:59:22.220+0000] {logging_mixin.py:151} INFO - [2025-11-26T06:59:22.220+0000] {dagbag.py:539} INFO - Filling up the DagBag from /home/airflow/.local/lib/python3.8/site-packages/airflow/example_dags/example_dynamic_task_mapping.py
[2025-11-26T06:59:22.236+0000] {processor.py:839} INFO - DAG(s) dict_keys(['example_dynamic_task_mapping']) retrieved from /home/airflow/.local/lib/python3.8/site-packages/airflow/example_dags/example_dynamic_task_mapping.py
[2025-11-26T06:59:22.267+0000] {logging_mixin.py:151} INFO - [2025-11-26T06:59:22.267+0000] {dag.py:2915} INFO - Sync 1 DAGs
[2025-11-26T06:59:22.302+0000] {logging_mixin.py:151} INFO - [2025-11-26T06:59:22.302+0000] {dag.py:3696} INFO - Setting next_dagrun for example_dynamic_task_mapping to 2022-03-04T00:00:00+00:00, run_after=2022-03-05T00:00:00+00:00
[2025-11-26T06:59:22.345+0000] {processor.py:179} INFO - Processing /home/airflow/.local/lib/python3.8/site-packages/airflow/example_dags/example_dynamic_task_mapping.py took 0.136 seconds
[2025-11-26T07:35:33.045+0000] {processor.py:157} INFO - Started process (PID=21356) to work on /home/airflow/.local/lib/python3.8/site-packages/airflow/example_dags/example_dynamic_task_mapping.py
[2025-11-26T07:35:33.046+0000] {processor.py:829} INFO - Processing file /home/airflow/.local/lib/python3.8/site-packages/airflow/example_dags/example_dynamic_task_mapping.py for tasks to queue
[2025-11-26T07:35:33.048+0000] {logging_mixin.py:151} INFO - [2025-11-26T07:35:33.047+0000] {dagbag.py:539} INFO - Filling up the DagBag from /home/airflow/.local/lib/python3.8/site-packages/airflow/example_dags/example_dynamic_task_mapping.py
[2025-11-26T07:35:33.060+0000] {processor.py:839} INFO - DAG(s) dict_keys(['example_dynamic_task_mapping']) retrieved from /home/airflow/.local/lib/python3.8/site-packages/airflow/example_dags/example_dynamic_task_mapping.py
[2025-11-26T07:35:33.092+0000] {logging_mixin.py:151} INFO - [2025-11-26T07:35:33.092+0000] {dag.py:2915} INFO - Sync 1 DAGs
[2025-11-26T07:35:33.129+0000] {logging_mixin.py:151} INFO - [2025-11-26T07:35:33.129+0000] {dag.py:3696} INFO - Setting next_dagrun for example_dynamic_task_mapping to 2022-03-04T00:00:00+00:00, run_after=2022-03-05T00:00:00+00:00
[2025-11-26T07:35:33.158+0000] {processor.py:179} INFO - Processing /home/airflow/.local/lib/python3.8/site-packages/airflow/example_dags/example_dynamic_task_mapping.py took 0.119 seconds
[2025-11-26T18:13:01.181+0000] {processor.py:157} INFO - Started process (PID=21395) to work on /home/airflow/.local/lib/python3.8/site-packages/airflow/example_dags/example_dynamic_task_mapping.py
[2025-11-26T18:13:01.183+0000] {processor.py:829} INFO - Processing file /home/airflow/.local/lib/python3.8/site-packages/airflow/example_dags/example_dynamic_task_mapping.py for tasks to queue
[2025-11-26T18:13:01.185+0000] {logging_mixin.py:151} INFO - [2025-11-26T18:13:01.184+0000] {dagbag.py:539} INFO - Filling up the DagBag from /home/airflow/.local/lib/python3.8/site-packages/airflow/example_dags/example_dynamic_task_mapping.py
[2025-11-26T18:13:01.203+0000] {processor.py:839} INFO - DAG(s) dict_keys(['example_dynamic_task_mapping']) retrieved from /home/airflow/.local/lib/python3.8/site-packages/airflow/example_dags/example_dynamic_task_mapping.py
[2025-11-26T18:13:01.237+0000] {logging_mixin.py:151} INFO - [2025-11-26T18:13:01.237+0000] {dag.py:2915} INFO - Sync 1 DAGs
[2025-11-26T18:13:01.279+0000] {logging_mixin.py:151} INFO - [2025-11-26T18:13:01.278+0000] {dag.py:3696} INFO - Setting next_dagrun for example_dynamic_task_mapping to 2022-03-04T00:00:00+00:00, run_after=2022-03-05T00:00:00+00:00
[2025-11-26T18:13:01.917+0000] {processor.py:179} INFO - Processing /home/airflow/.local/lib/python3.8/site-packages/airflow/example_dags/example_dynamic_task_mapping.py took 0.743 seconds
[2025-11-26T23:25:31.657+0000] {processor.py:157} INFO - Started process (PID=21449) to work on /home/airflow/.local/lib/python3.8/site-packages/airflow/example_dags/example_dynamic_task_mapping.py
[2025-11-26T23:25:31.710+0000] {processor.py:829} INFO - Processing file /home/airflow/.local/lib/python3.8/site-packages/airflow/example_dags/example_dynamic_task_mapping.py for tasks to queue
[2025-11-26T23:25:31.834+0000] {logging_mixin.py:151} INFO - [2025-11-26T23:25:31.814+0000] {dagbag.py:539} INFO - Filling up the DagBag from /home/airflow/.local/lib/python3.8/site-packages/airflow/example_dags/example_dynamic_task_mapping.py
[2025-11-26T23:25:32.567+0000] {processor.py:839} INFO - DAG(s) dict_keys(['example_dynamic_task_mapping']) retrieved from /home/airflow/.local/lib/python3.8/site-packages/airflow/example_dags/example_dynamic_task_mapping.py
[2025-11-26T23:25:33.491+0000] {logging_mixin.py:151} INFO - [2025-11-26T23:25:33.489+0000] {dag.py:2915} INFO - Sync 1 DAGs
[2025-11-26T23:25:34.298+0000] {logging_mixin.py:151} INFO - [2025-11-26T23:25:34.295+0000] {dag.py:3696} INFO - Setting next_dagrun for example_dynamic_task_mapping to 2022-03-04T00:00:00+00:00, run_after=2022-03-05T00:00:00+00:00
[2025-11-26T23:25:34.647+0000] {processor.py:179} INFO - Processing /home/airflow/.local/lib/python3.8/site-packages/airflow/example_dags/example_dynamic_task_mapping.py took 3.334 seconds
