[2025-11-26T02:46:34.173+0000] {processor.py:157} INFO - Started process (PID=21200) to work on /home/airflow/.local/lib/python3.8/site-packages/airflow/example_dags/example_sensor_decorator.py
[2025-11-26T02:46:34.175+0000] {processor.py:829} INFO - Processing file /home/airflow/.local/lib/python3.8/site-packages/airflow/example_dags/example_sensor_decorator.py for tasks to queue
[2025-11-26T02:46:34.176+0000] {logging_mixin.py:151} INFO - [2025-11-26T02:46:34.176+0000] {dagbag.py:539} INFO - Filling up the DagBag from /home/airflow/.local/lib/python3.8/site-packages/airflow/example_dags/example_sensor_decorator.py
[2025-11-26T02:46:34.188+0000] {processor.py:839} INFO - DAG(s) dict_keys(['example_sensor_decorator']) retrieved from /home/airflow/.local/lib/python3.8/site-packages/airflow/example_dags/example_sensor_decorator.py
[2025-11-26T02:46:34.225+0000] {logging_mixin.py:151} INFO - [2025-11-26T02:46:34.225+0000] {dag.py:2915} INFO - Sync 1 DAGs
[2025-11-26T02:46:34.245+0000] {logging_mixin.py:151} INFO - [2025-11-26T02:46:34.245+0000] {dag.py:3696} INFO - Setting next_dagrun for example_sensor_decorator to None, run_after=None
[2025-11-26T02:46:34.281+0000] {processor.py:179} INFO - Processing /home/airflow/.local/lib/python3.8/site-packages/airflow/example_dags/example_sensor_decorator.py took 0.115 seconds
[2025-11-26T06:46:43.374+0000] {processor.py:157} INFO - Started process (PID=21239) to work on /home/airflow/.local/lib/python3.8/site-packages/airflow/example_dags/example_sensor_decorator.py
[2025-11-26T06:46:43.377+0000] {processor.py:829} INFO - Processing file /home/airflow/.local/lib/python3.8/site-packages/airflow/example_dags/example_sensor_decorator.py for tasks to queue
[2025-11-26T06:46:43.381+0000] {logging_mixin.py:151} INFO - [2025-11-26T06:46:43.381+0000] {dagbag.py:539} INFO - Filling up the DagBag from /home/airflow/.local/lib/python3.8/site-packages/airflow/example_dags/example_sensor_decorator.py
[2025-11-26T06:46:43.396+0000] {processor.py:839} INFO - DAG(s) dict_keys(['example_sensor_decorator']) retrieved from /home/airflow/.local/lib/python3.8/site-packages/airflow/example_dags/example_sensor_decorator.py
[2025-11-26T06:46:43.450+0000] {logging_mixin.py:151} INFO - [2025-11-26T06:46:43.450+0000] {dag.py:2915} INFO - Sync 1 DAGs
[2025-11-26T06:46:43.501+0000] {logging_mixin.py:151} INFO - [2025-11-26T06:46:43.501+0000] {dag.py:3696} INFO - Setting next_dagrun for example_sensor_decorator to None, run_after=None
[2025-11-26T06:46:43.551+0000] {processor.py:179} INFO - Processing /home/airflow/.local/lib/python3.8/site-packages/airflow/example_dags/example_sensor_decorator.py took 0.184 seconds
[2025-11-26T06:59:22.251+0000] {processor.py:157} INFO - Started process (PID=21303) to work on /home/airflow/.local/lib/python3.8/site-packages/airflow/example_dags/example_sensor_decorator.py
[2025-11-26T06:59:22.253+0000] {processor.py:829} INFO - Processing file /home/airflow/.local/lib/python3.8/site-packages/airflow/example_dags/example_sensor_decorator.py for tasks to queue
[2025-11-26T06:59:22.254+0000] {logging_mixin.py:151} INFO - [2025-11-26T06:59:22.254+0000] {dagbag.py:539} INFO - Filling up the DagBag from /home/airflow/.local/lib/python3.8/site-packages/airflow/example_dags/example_sensor_decorator.py
[2025-11-26T06:59:22.264+0000] {processor.py:839} INFO - DAG(s) dict_keys(['example_sensor_decorator']) retrieved from /home/airflow/.local/lib/python3.8/site-packages/airflow/example_dags/example_sensor_decorator.py
[2025-11-26T06:59:22.299+0000] {logging_mixin.py:151} INFO - [2025-11-26T06:59:22.299+0000] {dag.py:2915} INFO - Sync 1 DAGs
[2025-11-26T06:59:22.329+0000] {logging_mixin.py:151} INFO - [2025-11-26T06:59:22.329+0000] {dag.py:3696} INFO - Setting next_dagrun for example_sensor_decorator to None, run_after=None
[2025-11-26T06:59:22.367+0000] {processor.py:179} INFO - Processing /home/airflow/.local/lib/python3.8/site-packages/airflow/example_dags/example_sensor_decorator.py took 0.122 seconds
[2025-11-26T07:35:33.094+0000] {processor.py:157} INFO - Started process (PID=21357) to work on /home/airflow/.local/lib/python3.8/site-packages/airflow/example_dags/example_sensor_decorator.py
[2025-11-26T07:35:33.099+0000] {processor.py:829} INFO - Processing file /home/airflow/.local/lib/python3.8/site-packages/airflow/example_dags/example_sensor_decorator.py for tasks to queue
[2025-11-26T07:35:33.101+0000] {logging_mixin.py:151} INFO - [2025-11-26T07:35:33.100+0000] {dagbag.py:539} INFO - Filling up the DagBag from /home/airflow/.local/lib/python3.8/site-packages/airflow/example_dags/example_sensor_decorator.py
[2025-11-26T07:35:33.112+0000] {processor.py:839} INFO - DAG(s) dict_keys(['example_sensor_decorator']) retrieved from /home/airflow/.local/lib/python3.8/site-packages/airflow/example_dags/example_sensor_decorator.py
[2025-11-26T07:35:33.147+0000] {logging_mixin.py:151} INFO - [2025-11-26T07:35:33.147+0000] {dag.py:2915} INFO - Sync 1 DAGs
[2025-11-26T07:35:33.168+0000] {logging_mixin.py:151} INFO - [2025-11-26T07:35:33.167+0000] {dag.py:3696} INFO - Setting next_dagrun for example_sensor_decorator to None, run_after=None
[2025-11-26T07:35:33.202+0000] {processor.py:179} INFO - Processing /home/airflow/.local/lib/python3.8/site-packages/airflow/example_dags/example_sensor_decorator.py took 0.114 seconds
[2025-11-26T18:13:01.984+0000] {processor.py:157} INFO - Started process (PID=21396) to work on /home/airflow/.local/lib/python3.8/site-packages/airflow/example_dags/example_sensor_decorator.py
[2025-11-26T18:13:01.987+0000] {processor.py:829} INFO - Processing file /home/airflow/.local/lib/python3.8/site-packages/airflow/example_dags/example_sensor_decorator.py for tasks to queue
[2025-11-26T18:13:01.991+0000] {logging_mixin.py:151} INFO - [2025-11-26T18:13:01.990+0000] {dagbag.py:539} INFO - Filling up the DagBag from /home/airflow/.local/lib/python3.8/site-packages/airflow/example_dags/example_sensor_decorator.py
[2025-11-26T18:13:02.006+0000] {processor.py:839} INFO - DAG(s) dict_keys(['example_sensor_decorator']) retrieved from /home/airflow/.local/lib/python3.8/site-packages/airflow/example_dags/example_sensor_decorator.py
[2025-11-26T18:13:02.056+0000] {logging_mixin.py:151} INFO - [2025-11-26T18:13:02.055+0000] {dag.py:2915} INFO - Sync 1 DAGs
[2025-11-26T18:13:02.132+0000] {logging_mixin.py:151} INFO - [2025-11-26T18:13:02.131+0000] {dag.py:3696} INFO - Setting next_dagrun for example_sensor_decorator to None, run_after=None
[2025-11-26T18:13:02.208+0000] {processor.py:179} INFO - Processing /home/airflow/.local/lib/python3.8/site-packages/airflow/example_dags/example_sensor_decorator.py took 0.232 seconds
[2025-11-26T23:25:34.191+0000] {processor.py:157} INFO - Started process (PID=21450) to work on /home/airflow/.local/lib/python3.8/site-packages/airflow/example_dags/example_sensor_decorator.py
[2025-11-26T23:25:34.219+0000] {processor.py:829} INFO - Processing file /home/airflow/.local/lib/python3.8/site-packages/airflow/example_dags/example_sensor_decorator.py for tasks to queue
[2025-11-26T23:25:34.260+0000] {logging_mixin.py:151} INFO - [2025-11-26T23:25:34.254+0000] {dagbag.py:539} INFO - Filling up the DagBag from /home/airflow/.local/lib/python3.8/site-packages/airflow/example_dags/example_sensor_decorator.py
[2025-11-26T23:25:34.412+0000] {processor.py:839} INFO - DAG(s) dict_keys(['example_sensor_decorator']) retrieved from /home/airflow/.local/lib/python3.8/site-packages/airflow/example_dags/example_sensor_decorator.py
[2025-11-26T23:25:35.005+0000] {logging_mixin.py:151} INFO - [2025-11-26T23:25:35.000+0000] {dag.py:2915} INFO - Sync 1 DAGs
[2025-11-26T23:25:35.420+0000] {logging_mixin.py:151} INFO - [2025-11-26T23:25:35.417+0000] {dag.py:3696} INFO - Setting next_dagrun for example_sensor_decorator to None, run_after=None
[2025-11-26T23:25:35.763+0000] {processor.py:179} INFO - Processing /home/airflow/.local/lib/python3.8/site-packages/airflow/example_dags/example_sensor_decorator.py took 1.643 seconds
