[2025-11-26T02:46:31.521+0000] {processor.py:157} INFO - Started process (PID=21183) to work on /home/airflow/.local/lib/python3.8/site-packages/airflow/example_dags/example_time_delta_sensor_async.py
[2025-11-26T02:46:31.522+0000] {processor.py:829} INFO - Processing file /home/airflow/.local/lib/python3.8/site-packages/airflow/example_dags/example_time_delta_sensor_async.py for tasks to queue
[2025-11-26T02:46:31.526+0000] {logging_mixin.py:151} INFO - [2025-11-26T02:46:31.523+0000] {dagbag.py:539} INFO - Filling up the DagBag from /home/airflow/.local/lib/python3.8/site-packages/airflow/example_dags/example_time_delta_sensor_async.py
[2025-11-26T02:46:31.541+0000] {processor.py:839} INFO - DAG(s) dict_keys(['example_time_delta_sensor_async']) retrieved from /home/airflow/.local/lib/python3.8/site-packages/airflow/example_dags/example_time_delta_sensor_async.py
[2025-11-26T02:46:31.632+0000] {logging_mixin.py:151} INFO - [2025-11-26T02:46:31.632+0000] {dag.py:2915} INFO - Sync 1 DAGs
[2025-11-26T02:46:31.652+0000] {logging_mixin.py:151} INFO - [2025-11-26T02:46:31.652+0000] {dag.py:3696} INFO - Setting next_dagrun for example_time_delta_sensor_async to None, run_after=None
[2025-11-26T02:46:31.743+0000] {processor.py:179} INFO - Processing /home/airflow/.local/lib/python3.8/site-packages/airflow/example_dags/example_time_delta_sensor_async.py took 0.228 seconds
[2025-11-26T04:46:38.552+0000] {processor.py:157} INFO - Started process (PID=21215) to work on /home/airflow/.local/lib/python3.8/site-packages/airflow/example_dags/example_time_delta_sensor_async.py
[2025-11-26T04:46:38.554+0000] {processor.py:829} INFO - Processing file /home/airflow/.local/lib/python3.8/site-packages/airflow/example_dags/example_time_delta_sensor_async.py for tasks to queue
[2025-11-26T04:46:38.560+0000] {logging_mixin.py:151} INFO - [2025-11-26T04:46:38.560+0000] {dagbag.py:539} INFO - Filling up the DagBag from /home/airflow/.local/lib/python3.8/site-packages/airflow/example_dags/example_time_delta_sensor_async.py
[2025-11-26T04:46:38.574+0000] {processor.py:839} INFO - DAG(s) dict_keys(['example_time_delta_sensor_async']) retrieved from /home/airflow/.local/lib/python3.8/site-packages/airflow/example_dags/example_time_delta_sensor_async.py
[2025-11-26T04:46:38.628+0000] {logging_mixin.py:151} INFO - [2025-11-26T04:46:38.628+0000] {dag.py:2915} INFO - Sync 1 DAGs
[2025-11-26T04:46:38.653+0000] {logging_mixin.py:151} INFO - [2025-11-26T04:46:38.653+0000] {dag.py:3696} INFO - Setting next_dagrun for example_time_delta_sensor_async to None, run_after=None
[2025-11-26T04:46:38.690+0000] {processor.py:179} INFO - Processing /home/airflow/.local/lib/python3.8/site-packages/airflow/example_dags/example_time_delta_sensor_async.py took 0.145 seconds
[2025-11-26T06:46:48.778+0000] {processor.py:157} INFO - Started process (PID=21269) to work on /home/airflow/.local/lib/python3.8/site-packages/airflow/example_dags/example_time_delta_sensor_async.py
[2025-11-26T06:46:48.780+0000] {processor.py:829} INFO - Processing file /home/airflow/.local/lib/python3.8/site-packages/airflow/example_dags/example_time_delta_sensor_async.py for tasks to queue
[2025-11-26T06:46:48.784+0000] {logging_mixin.py:151} INFO - [2025-11-26T06:46:48.783+0000] {dagbag.py:539} INFO - Filling up the DagBag from /home/airflow/.local/lib/python3.8/site-packages/airflow/example_dags/example_time_delta_sensor_async.py
[2025-11-26T06:46:48.793+0000] {processor.py:839} INFO - DAG(s) dict_keys(['example_time_delta_sensor_async']) retrieved from /home/airflow/.local/lib/python3.8/site-packages/airflow/example_dags/example_time_delta_sensor_async.py
[2025-11-26T06:46:48.824+0000] {logging_mixin.py:151} INFO - [2025-11-26T06:46:48.824+0000] {dag.py:2915} INFO - Sync 1 DAGs
[2025-11-26T06:46:48.847+0000] {logging_mixin.py:151} INFO - [2025-11-26T06:46:48.847+0000] {dag.py:3696} INFO - Setting next_dagrun for example_time_delta_sensor_async to None, run_after=None
[2025-11-26T06:46:48.878+0000] {processor.py:179} INFO - Processing /home/airflow/.local/lib/python3.8/site-packages/airflow/example_dags/example_time_delta_sensor_async.py took 0.105 seconds
[2025-11-26T06:59:19.454+0000] {processor.py:157} INFO - Started process (PID=21286) to work on /home/airflow/.local/lib/python3.8/site-packages/airflow/example_dags/example_time_delta_sensor_async.py
[2025-11-26T06:59:19.455+0000] {processor.py:829} INFO - Processing file /home/airflow/.local/lib/python3.8/site-packages/airflow/example_dags/example_time_delta_sensor_async.py for tasks to queue
[2025-11-26T06:59:19.457+0000] {logging_mixin.py:151} INFO - [2025-11-26T06:59:19.456+0000] {dagbag.py:539} INFO - Filling up the DagBag from /home/airflow/.local/lib/python3.8/site-packages/airflow/example_dags/example_time_delta_sensor_async.py
[2025-11-26T06:59:19.464+0000] {processor.py:839} INFO - DAG(s) dict_keys(['example_time_delta_sensor_async']) retrieved from /home/airflow/.local/lib/python3.8/site-packages/airflow/example_dags/example_time_delta_sensor_async.py
[2025-11-26T06:59:19.515+0000] {logging_mixin.py:151} INFO - [2025-11-26T06:59:19.515+0000] {dag.py:2915} INFO - Sync 1 DAGs
[2025-11-26T06:59:19.543+0000] {logging_mixin.py:151} INFO - [2025-11-26T06:59:19.543+0000] {dag.py:3696} INFO - Setting next_dagrun for example_time_delta_sensor_async to None, run_after=None
[2025-11-26T06:59:19.574+0000] {processor.py:179} INFO - Processing /home/airflow/.local/lib/python3.8/site-packages/airflow/example_dags/example_time_delta_sensor_async.py took 0.125 seconds
[2025-11-26T07:35:30.983+0000] {processor.py:157} INFO - Started process (PID=21340) to work on /home/airflow/.local/lib/python3.8/site-packages/airflow/example_dags/example_time_delta_sensor_async.py
[2025-11-26T07:35:30.985+0000] {processor.py:829} INFO - Processing file /home/airflow/.local/lib/python3.8/site-packages/airflow/example_dags/example_time_delta_sensor_async.py for tasks to queue
[2025-11-26T07:35:30.986+0000] {logging_mixin.py:151} INFO - [2025-11-26T07:35:30.986+0000] {dagbag.py:539} INFO - Filling up the DagBag from /home/airflow/.local/lib/python3.8/site-packages/airflow/example_dags/example_time_delta_sensor_async.py
[2025-11-26T07:35:30.994+0000] {processor.py:839} INFO - DAG(s) dict_keys(['example_time_delta_sensor_async']) retrieved from /home/airflow/.local/lib/python3.8/site-packages/airflow/example_dags/example_time_delta_sensor_async.py
[2025-11-26T07:35:31.033+0000] {logging_mixin.py:151} INFO - [2025-11-26T07:35:31.033+0000] {dag.py:2915} INFO - Sync 1 DAGs
[2025-11-26T07:35:31.057+0000] {logging_mixin.py:151} INFO - [2025-11-26T07:35:31.057+0000] {dag.py:3696} INFO - Setting next_dagrun for example_time_delta_sensor_async to None, run_after=None
[2025-11-26T07:35:31.088+0000] {processor.py:179} INFO - Processing /home/airflow/.local/lib/python3.8/site-packages/airflow/example_dags/example_time_delta_sensor_async.py took 0.111 seconds
[2025-11-26T15:12:19.550+0000] {processor.py:157} INFO - Started process (PID=21372) to work on /home/airflow/.local/lib/python3.8/site-packages/airflow/example_dags/example_time_delta_sensor_async.py
[2025-11-26T15:12:19.552+0000] {processor.py:829} INFO - Processing file /home/airflow/.local/lib/python3.8/site-packages/airflow/example_dags/example_time_delta_sensor_async.py for tasks to queue
[2025-11-26T15:12:19.553+0000] {logging_mixin.py:151} INFO - [2025-11-26T15:12:19.553+0000] {dagbag.py:539} INFO - Filling up the DagBag from /home/airflow/.local/lib/python3.8/site-packages/airflow/example_dags/example_time_delta_sensor_async.py
[2025-11-26T15:12:19.563+0000] {processor.py:839} INFO - DAG(s) dict_keys(['example_time_delta_sensor_async']) retrieved from /home/airflow/.local/lib/python3.8/site-packages/airflow/example_dags/example_time_delta_sensor_async.py
[2025-11-26T15:12:19.613+0000] {logging_mixin.py:151} INFO - [2025-11-26T15:12:19.613+0000] {dag.py:2915} INFO - Sync 1 DAGs
[2025-11-26T15:12:19.640+0000] {logging_mixin.py:151} INFO - [2025-11-26T15:12:19.640+0000] {dag.py:3696} INFO - Setting next_dagrun for example_time_delta_sensor_async to None, run_after=None
[2025-11-26T15:12:19.675+0000] {processor.py:179} INFO - Processing /home/airflow/.local/lib/python3.8/site-packages/airflow/example_dags/example_time_delta_sensor_async.py took 0.132 seconds
[2025-11-26T23:25:25.877+0000] {processor.py:157} INFO - Started process (PID=21433) to work on /home/airflow/.local/lib/python3.8/site-packages/airflow/example_dags/example_time_delta_sensor_async.py
[2025-11-26T23:25:25.880+0000] {processor.py:829} INFO - Processing file /home/airflow/.local/lib/python3.8/site-packages/airflow/example_dags/example_time_delta_sensor_async.py for tasks to queue
[2025-11-26T23:25:25.882+0000] {logging_mixin.py:151} INFO - [2025-11-26T23:25:25.881+0000] {dagbag.py:539} INFO - Filling up the DagBag from /home/airflow/.local/lib/python3.8/site-packages/airflow/example_dags/example_time_delta_sensor_async.py
[2025-11-26T23:25:25.895+0000] {processor.py:839} INFO - DAG(s) dict_keys(['example_time_delta_sensor_async']) retrieved from /home/airflow/.local/lib/python3.8/site-packages/airflow/example_dags/example_time_delta_sensor_async.py
[2025-11-26T23:25:25.947+0000] {logging_mixin.py:151} INFO - [2025-11-26T23:25:25.947+0000] {dag.py:2915} INFO - Sync 1 DAGs
[2025-11-26T23:25:25.978+0000] {logging_mixin.py:151} INFO - [2025-11-26T23:25:25.978+0000] {dag.py:3696} INFO - Setting next_dagrun for example_time_delta_sensor_async to None, run_after=None
[2025-11-26T23:25:26.016+0000] {processor.py:179} INFO - Processing /home/airflow/.local/lib/python3.8/site-packages/airflow/example_dags/example_time_delta_sensor_async.py took 0.191 seconds
