[2025-11-26T00:46:28.132+0000] {processor.py:157} INFO - Started process (PID=21160) to work on /home/airflow/.local/lib/python3.8/site-packages/airflow/example_dags/example_setup_teardown.py
[2025-11-26T00:46:28.133+0000] {processor.py:829} INFO - Processing file /home/airflow/.local/lib/python3.8/site-packages/airflow/example_dags/example_setup_teardown.py for tasks to queue
[2025-11-26T00:46:28.135+0000] {logging_mixin.py:151} INFO - [2025-11-26T00:46:28.135+0000] {dagbag.py:539} INFO - Filling up the DagBag from /home/airflow/.local/lib/python3.8/site-packages/airflow/example_dags/example_setup_teardown.py
[2025-11-26T00:46:28.149+0000] {processor.py:839} INFO - DAG(s) dict_keys(['example_setup_teardown']) retrieved from /home/airflow/.local/lib/python3.8/site-packages/airflow/example_dags/example_setup_teardown.py
[2025-11-26T00:46:28.190+0000] {logging_mixin.py:151} INFO - [2025-11-26T00:46:28.190+0000] {dag.py:2915} INFO - Sync 1 DAGs
[2025-11-26T00:46:28.229+0000] {logging_mixin.py:151} INFO - [2025-11-26T00:46:28.229+0000] {dag.py:3696} INFO - Setting next_dagrun for example_setup_teardown to 2025-11-25T00:46:28.229223+00:00, run_after=2025-11-26T00:46:28.229223+00:00
[2025-11-26T00:46:28.260+0000] {processor.py:179} INFO - Processing /home/airflow/.local/lib/python3.8/site-packages/airflow/example_dags/example_setup_teardown.py took 0.136 seconds
[2025-11-26T06:46:46.570+0000] {processor.py:157} INFO - Started process (PID=21253) to work on /home/airflow/.local/lib/python3.8/site-packages/airflow/example_dags/example_setup_teardown.py
[2025-11-26T06:46:46.572+0000] {processor.py:829} INFO - Processing file /home/airflow/.local/lib/python3.8/site-packages/airflow/example_dags/example_setup_teardown.py for tasks to queue
[2025-11-26T06:46:46.578+0000] {logging_mixin.py:151} INFO - [2025-11-26T06:46:46.578+0000] {dagbag.py:539} INFO - Filling up the DagBag from /home/airflow/.local/lib/python3.8/site-packages/airflow/example_dags/example_setup_teardown.py
[2025-11-26T06:46:46.591+0000] {processor.py:839} INFO - DAG(s) dict_keys(['example_setup_teardown']) retrieved from /home/airflow/.local/lib/python3.8/site-packages/airflow/example_dags/example_setup_teardown.py
[2025-11-26T06:46:46.638+0000] {logging_mixin.py:151} INFO - [2025-11-26T06:46:46.636+0000] {dag.py:2915} INFO - Sync 1 DAGs
[2025-11-26T06:46:46.675+0000] {logging_mixin.py:151} INFO - [2025-11-26T06:46:46.675+0000] {dag.py:3696} INFO - Setting next_dagrun for example_setup_teardown to 2025-11-25T06:46:46.674932+00:00, run_after=2025-11-26T06:46:46.674932+00:00
[2025-11-26T06:46:46.707+0000] {processor.py:179} INFO - Processing /home/airflow/.local/lib/python3.8/site-packages/airflow/example_dags/example_setup_teardown.py took 0.142 seconds
[2025-11-26T07:35:28.267+0000] {processor.py:157} INFO - Started process (PID=21324) to work on /home/airflow/.local/lib/python3.8/site-packages/airflow/example_dags/example_setup_teardown.py
[2025-11-26T07:35:28.269+0000] {processor.py:829} INFO - Processing file /home/airflow/.local/lib/python3.8/site-packages/airflow/example_dags/example_setup_teardown.py for tasks to queue
[2025-11-26T07:35:28.271+0000] {logging_mixin.py:151} INFO - [2025-11-26T07:35:28.270+0000] {dagbag.py:539} INFO - Filling up the DagBag from /home/airflow/.local/lib/python3.8/site-packages/airflow/example_dags/example_setup_teardown.py
[2025-11-26T07:35:28.283+0000] {processor.py:839} INFO - DAG(s) dict_keys(['example_setup_teardown']) retrieved from /home/airflow/.local/lib/python3.8/site-packages/airflow/example_dags/example_setup_teardown.py
[2025-11-26T07:35:28.319+0000] {logging_mixin.py:151} INFO - [2025-11-26T07:35:28.319+0000] {dag.py:2915} INFO - Sync 1 DAGs
[2025-11-26T07:35:28.350+0000] {logging_mixin.py:151} INFO - [2025-11-26T07:35:28.350+0000] {dag.py:3696} INFO - Setting next_dagrun for example_setup_teardown to 2025-11-25T07:35:28.349880+00:00, run_after=2025-11-26T07:35:28.349880+00:00
[2025-11-26T07:35:28.378+0000] {processor.py:179} INFO - Processing /home/airflow/.local/lib/python3.8/site-packages/airflow/example_dags/example_setup_teardown.py took 0.117 seconds
[2025-11-26T23:25:22.971+0000] {processor.py:157} INFO - Started process (PID=21417) to work on /home/airflow/.local/lib/python3.8/site-packages/airflow/example_dags/example_setup_teardown.py
[2025-11-26T23:25:22.974+0000] {processor.py:829} INFO - Processing file /home/airflow/.local/lib/python3.8/site-packages/airflow/example_dags/example_setup_teardown.py for tasks to queue
[2025-11-26T23:25:22.976+0000] {logging_mixin.py:151} INFO - [2025-11-26T23:25:22.976+0000] {dagbag.py:539} INFO - Filling up the DagBag from /home/airflow/.local/lib/python3.8/site-packages/airflow/example_dags/example_setup_teardown.py
[2025-11-26T23:25:23.003+0000] {processor.py:839} INFO - DAG(s) dict_keys(['example_setup_teardown']) retrieved from /home/airflow/.local/lib/python3.8/site-packages/airflow/example_dags/example_setup_teardown.py
[2025-11-26T23:25:23.081+0000] {logging_mixin.py:151} INFO - [2025-11-26T23:25:23.080+0000] {dag.py:2915} INFO - Sync 1 DAGs
[2025-11-26T23:25:23.144+0000] {logging_mixin.py:151} INFO - [2025-11-26T23:25:23.144+0000] {dag.py:3696} INFO - Setting next_dagrun for example_setup_teardown to 2025-11-25T23:25:23.143835+00:00, run_after=2025-11-26T23:25:23.143835+00:00
[2025-11-26T23:25:23.195+0000] {processor.py:179} INFO - Processing /home/airflow/.local/lib/python3.8/site-packages/airflow/example_dags/example_setup_teardown.py took 0.232 seconds
