[2025-11-26T00:46:27.836+0000] {processor.py:157} INFO - Started process (PID=21157) to work on /home/airflow/.local/lib/python3.8/site-packages/airflow/example_dags/example_task_group.py
[2025-11-26T00:46:27.838+0000] {processor.py:829} INFO - Processing file /home/airflow/.local/lib/python3.8/site-packages/airflow/example_dags/example_task_group.py for tasks to queue
[2025-11-26T00:46:27.842+0000] {logging_mixin.py:151} INFO - [2025-11-26T00:46:27.841+0000] {dagbag.py:539} INFO - Filling up the DagBag from /home/airflow/.local/lib/python3.8/site-packages/airflow/example_dags/example_task_group.py
[2025-11-26T00:46:27.865+0000] {processor.py:839} INFO - DAG(s) dict_keys(['example_task_group']) retrieved from /home/airflow/.local/lib/python3.8/site-packages/airflow/example_dags/example_task_group.py
[2025-11-26T00:46:27.910+0000] {logging_mixin.py:151} INFO - [2025-11-26T00:46:27.910+0000] {dag.py:2915} INFO - Sync 1 DAGs
[2025-11-26T00:46:27.985+0000] {logging_mixin.py:151} INFO - [2025-11-26T00:46:27.972+0000] {dag.py:3696} INFO - Setting next_dagrun for example_task_group to 2025-11-25T00:46:27.958403+00:00, run_after=2025-11-26T00:46:27.958403+00:00
[2025-11-26T00:46:28.084+0000] {processor.py:179} INFO - Processing /home/airflow/.local/lib/python3.8/site-packages/airflow/example_dags/example_task_group.py took 0.254 seconds
[2025-11-26T06:46:45.853+0000] {processor.py:157} INFO - Started process (PID=21248) to work on /home/airflow/.local/lib/python3.8/site-packages/airflow/example_dags/example_task_group.py
[2025-11-26T06:46:45.855+0000] {processor.py:829} INFO - Processing file /home/airflow/.local/lib/python3.8/site-packages/airflow/example_dags/example_task_group.py for tasks to queue
[2025-11-26T06:46:45.858+0000] {logging_mixin.py:151} INFO - [2025-11-26T06:46:45.858+0000] {dagbag.py:539} INFO - Filling up the DagBag from /home/airflow/.local/lib/python3.8/site-packages/airflow/example_dags/example_task_group.py
[2025-11-26T06:46:45.876+0000] {processor.py:839} INFO - DAG(s) dict_keys(['example_task_group']) retrieved from /home/airflow/.local/lib/python3.8/site-packages/airflow/example_dags/example_task_group.py
[2025-11-26T06:46:45.941+0000] {logging_mixin.py:151} INFO - [2025-11-26T06:46:45.941+0000] {dag.py:2915} INFO - Sync 1 DAGs
[2025-11-26T06:46:45.975+0000] {logging_mixin.py:151} INFO - [2025-11-26T06:46:45.975+0000] {dag.py:3696} INFO - Setting next_dagrun for example_task_group to 2025-11-25T06:46:45.975347+00:00, run_after=2025-11-26T06:46:45.975347+00:00
[2025-11-26T06:46:46.014+0000] {processor.py:179} INFO - Processing /home/airflow/.local/lib/python3.8/site-packages/airflow/example_dags/example_task_group.py took 0.166 seconds
[2025-11-26T07:35:27.282+0000] {processor.py:157} INFO - Started process (PID=21319) to work on /home/airflow/.local/lib/python3.8/site-packages/airflow/example_dags/example_task_group.py
[2025-11-26T07:35:27.284+0000] {processor.py:829} INFO - Processing file /home/airflow/.local/lib/python3.8/site-packages/airflow/example_dags/example_task_group.py for tasks to queue
[2025-11-26T07:35:27.286+0000] {logging_mixin.py:151} INFO - [2025-11-26T07:35:27.285+0000] {dagbag.py:539} INFO - Filling up the DagBag from /home/airflow/.local/lib/python3.8/site-packages/airflow/example_dags/example_task_group.py
[2025-11-26T07:35:27.304+0000] {processor.py:839} INFO - DAG(s) dict_keys(['example_task_group']) retrieved from /home/airflow/.local/lib/python3.8/site-packages/airflow/example_dags/example_task_group.py
[2025-11-26T07:35:27.355+0000] {logging_mixin.py:151} INFO - [2025-11-26T07:35:27.355+0000] {dag.py:2915} INFO - Sync 1 DAGs
[2025-11-26T07:35:27.401+0000] {logging_mixin.py:151} INFO - [2025-11-26T07:35:27.401+0000] {dag.py:3696} INFO - Setting next_dagrun for example_task_group to 2025-11-25T07:35:27.400825+00:00, run_after=2025-11-26T07:35:27.400825+00:00
[2025-11-26T07:35:27.455+0000] {processor.py:179} INFO - Processing /home/airflow/.local/lib/python3.8/site-packages/airflow/example_dags/example_task_group.py took 0.179 seconds
[2025-11-26T23:25:22.065+0000] {processor.py:157} INFO - Started process (PID=21412) to work on /home/airflow/.local/lib/python3.8/site-packages/airflow/example_dags/example_task_group.py
[2025-11-26T23:25:22.072+0000] {processor.py:829} INFO - Processing file /home/airflow/.local/lib/python3.8/site-packages/airflow/example_dags/example_task_group.py for tasks to queue
[2025-11-26T23:25:22.075+0000] {logging_mixin.py:151} INFO - [2025-11-26T23:25:22.075+0000] {dagbag.py:539} INFO - Filling up the DagBag from /home/airflow/.local/lib/python3.8/site-packages/airflow/example_dags/example_task_group.py
[2025-11-26T23:25:22.105+0000] {processor.py:839} INFO - DAG(s) dict_keys(['example_task_group']) retrieved from /home/airflow/.local/lib/python3.8/site-packages/airflow/example_dags/example_task_group.py
[2025-11-26T23:25:22.175+0000] {logging_mixin.py:151} INFO - [2025-11-26T23:25:22.175+0000] {dag.py:2915} INFO - Sync 1 DAGs
[2025-11-26T23:25:22.232+0000] {logging_mixin.py:151} INFO - [2025-11-26T23:25:22.231+0000] {dag.py:3696} INFO - Setting next_dagrun for example_task_group to 2025-11-25T23:25:22.231174+00:00, run_after=2025-11-26T23:25:22.231174+00:00
[2025-11-26T23:25:22.289+0000] {processor.py:179} INFO - Processing /home/airflow/.local/lib/python3.8/site-packages/airflow/example_dags/example_task_group.py took 0.237 seconds
