[2025-11-26T02:46:32.178+0000] {processor.py:157} INFO - Started process (PID=21187) to work on /home/airflow/.local/lib/python3.8/site-packages/airflow/example_dags/example_setup_teardown_taskflow.py
[2025-11-26T02:46:32.179+0000] {processor.py:829} INFO - Processing file /home/airflow/.local/lib/python3.8/site-packages/airflow/example_dags/example_setup_teardown_taskflow.py for tasks to queue
[2025-11-26T02:46:32.181+0000] {logging_mixin.py:151} INFO - [2025-11-26T02:46:32.180+0000] {dagbag.py:539} INFO - Filling up the DagBag from /home/airflow/.local/lib/python3.8/site-packages/airflow/example_dags/example_setup_teardown_taskflow.py
[2025-11-26T02:46:32.204+0000] {processor.py:839} INFO - DAG(s) dict_keys(['example_setup_teardown_taskflow']) retrieved from /home/airflow/.local/lib/python3.8/site-packages/airflow/example_dags/example_setup_teardown_taskflow.py
[2025-11-26T02:46:32.250+0000] {logging_mixin.py:151} INFO - [2025-11-26T02:46:32.250+0000] {dag.py:2915} INFO - Sync 1 DAGs
[2025-11-26T02:46:32.298+0000] {logging_mixin.py:151} INFO - [2025-11-26T02:46:32.298+0000] {dag.py:3696} INFO - Setting next_dagrun for example_setup_teardown_taskflow to 2025-11-25T02:46:32.298117+00:00, run_after=2025-11-26T02:46:32.298117+00:00
[2025-11-26T02:46:32.337+0000] {processor.py:179} INFO - Processing /home/airflow/.local/lib/python3.8/site-packages/airflow/example_dags/example_setup_teardown_taskflow.py took 0.164 seconds
[2025-11-26T04:46:39.789+0000] {processor.py:157} INFO - Started process (PID=21219) to work on /home/airflow/.local/lib/python3.8/site-packages/airflow/example_dags/example_setup_teardown_taskflow.py
[2025-11-26T04:46:39.793+0000] {processor.py:829} INFO - Processing file /home/airflow/.local/lib/python3.8/site-packages/airflow/example_dags/example_setup_teardown_taskflow.py for tasks to queue
[2025-11-26T04:46:39.798+0000] {logging_mixin.py:151} INFO - [2025-11-26T04:46:39.797+0000] {dagbag.py:539} INFO - Filling up the DagBag from /home/airflow/.local/lib/python3.8/site-packages/airflow/example_dags/example_setup_teardown_taskflow.py
[2025-11-26T04:46:39.819+0000] {processor.py:839} INFO - DAG(s) dict_keys(['example_setup_teardown_taskflow']) retrieved from /home/airflow/.local/lib/python3.8/site-packages/airflow/example_dags/example_setup_teardown_taskflow.py
[2025-11-26T04:46:39.919+0000] {logging_mixin.py:151} INFO - [2025-11-26T04:46:39.919+0000] {dag.py:2915} INFO - Sync 1 DAGs
[2025-11-26T04:46:39.953+0000] {logging_mixin.py:151} INFO - [2025-11-26T04:46:39.953+0000] {dag.py:3696} INFO - Setting next_dagrun for example_setup_teardown_taskflow to 2025-11-25T04:46:39.952939+00:00, run_after=2025-11-26T04:46:39.952939+00:00
[2025-11-26T04:46:39.988+0000] {processor.py:179} INFO - Processing /home/airflow/.local/lib/python3.8/site-packages/airflow/example_dags/example_setup_teardown_taskflow.py took 0.205 seconds
[2025-11-26T06:46:49.785+0000] {processor.py:157} INFO - Started process (PID=21273) to work on /home/airflow/.local/lib/python3.8/site-packages/airflow/example_dags/example_setup_teardown_taskflow.py
[2025-11-26T06:46:49.787+0000] {processor.py:829} INFO - Processing file /home/airflow/.local/lib/python3.8/site-packages/airflow/example_dags/example_setup_teardown_taskflow.py for tasks to queue
[2025-11-26T06:46:49.791+0000] {logging_mixin.py:151} INFO - [2025-11-26T06:46:49.790+0000] {dagbag.py:539} INFO - Filling up the DagBag from /home/airflow/.local/lib/python3.8/site-packages/airflow/example_dags/example_setup_teardown_taskflow.py
[2025-11-26T06:46:49.806+0000] {processor.py:839} INFO - DAG(s) dict_keys(['example_setup_teardown_taskflow']) retrieved from /home/airflow/.local/lib/python3.8/site-packages/airflow/example_dags/example_setup_teardown_taskflow.py
[2025-11-26T06:46:49.844+0000] {logging_mixin.py:151} INFO - [2025-11-26T06:46:49.844+0000] {dag.py:2915} INFO - Sync 1 DAGs
[2025-11-26T06:46:49.877+0000] {logging_mixin.py:151} INFO - [2025-11-26T06:46:49.876+0000] {dag.py:3696} INFO - Setting next_dagrun for example_setup_teardown_taskflow to 2025-11-25T06:46:49.876385+00:00, run_after=2025-11-26T06:46:49.876385+00:00
[2025-11-26T06:46:49.906+0000] {processor.py:179} INFO - Processing /home/airflow/.local/lib/python3.8/site-packages/airflow/example_dags/example_setup_teardown_taskflow.py took 0.126 seconds
[2025-11-26T06:59:20.173+0000] {processor.py:157} INFO - Started process (PID=21290) to work on /home/airflow/.local/lib/python3.8/site-packages/airflow/example_dags/example_setup_teardown_taskflow.py
[2025-11-26T06:59:20.174+0000] {processor.py:829} INFO - Processing file /home/airflow/.local/lib/python3.8/site-packages/airflow/example_dags/example_setup_teardown_taskflow.py for tasks to queue
[2025-11-26T06:59:20.175+0000] {logging_mixin.py:151} INFO - [2025-11-26T06:59:20.175+0000] {dagbag.py:539} INFO - Filling up the DagBag from /home/airflow/.local/lib/python3.8/site-packages/airflow/example_dags/example_setup_teardown_taskflow.py
[2025-11-26T06:59:20.191+0000] {processor.py:839} INFO - DAG(s) dict_keys(['example_setup_teardown_taskflow']) retrieved from /home/airflow/.local/lib/python3.8/site-packages/airflow/example_dags/example_setup_teardown_taskflow.py
[2025-11-26T06:59:20.221+0000] {logging_mixin.py:151} INFO - [2025-11-26T06:59:20.221+0000] {dag.py:2915} INFO - Sync 1 DAGs
[2025-11-26T06:59:20.253+0000] {logging_mixin.py:151} INFO - [2025-11-26T06:59:20.252+0000] {dag.py:3696} INFO - Setting next_dagrun for example_setup_teardown_taskflow to 2025-11-25T06:59:20.252437+00:00, run_after=2025-11-26T06:59:20.252437+00:00
[2025-11-26T06:59:20.277+0000] {processor.py:179} INFO - Processing /home/airflow/.local/lib/python3.8/site-packages/airflow/example_dags/example_setup_teardown_taskflow.py took 0.108 seconds
[2025-11-26T07:35:31.471+0000] {processor.py:157} INFO - Started process (PID=21344) to work on /home/airflow/.local/lib/python3.8/site-packages/airflow/example_dags/example_setup_teardown_taskflow.py
[2025-11-26T07:35:31.473+0000] {processor.py:829} INFO - Processing file /home/airflow/.local/lib/python3.8/site-packages/airflow/example_dags/example_setup_teardown_taskflow.py for tasks to queue
[2025-11-26T07:35:31.475+0000] {logging_mixin.py:151} INFO - [2025-11-26T07:35:31.474+0000] {dagbag.py:539} INFO - Filling up the DagBag from /home/airflow/.local/lib/python3.8/site-packages/airflow/example_dags/example_setup_teardown_taskflow.py
[2025-11-26T07:35:31.493+0000] {processor.py:839} INFO - DAG(s) dict_keys(['example_setup_teardown_taskflow']) retrieved from /home/airflow/.local/lib/python3.8/site-packages/airflow/example_dags/example_setup_teardown_taskflow.py
[2025-11-26T07:35:31.539+0000] {logging_mixin.py:151} INFO - [2025-11-26T07:35:31.539+0000] {dag.py:2915} INFO - Sync 1 DAGs
[2025-11-26T07:35:31.579+0000] {logging_mixin.py:151} INFO - [2025-11-26T07:35:31.579+0000] {dag.py:3696} INFO - Setting next_dagrun for example_setup_teardown_taskflow to 2025-11-25T07:35:31.579004+00:00, run_after=2025-11-26T07:35:31.579004+00:00
[2025-11-26T07:35:31.611+0000] {processor.py:179} INFO - Processing /home/airflow/.local/lib/python3.8/site-packages/airflow/example_dags/example_setup_teardown_taskflow.py took 0.147 seconds
[2025-11-26T15:12:20.978+0000] {processor.py:157} INFO - Started process (PID=21376) to work on /home/airflow/.local/lib/python3.8/site-packages/airflow/example_dags/example_setup_teardown_taskflow.py
[2025-11-26T15:12:20.980+0000] {processor.py:829} INFO - Processing file /home/airflow/.local/lib/python3.8/site-packages/airflow/example_dags/example_setup_teardown_taskflow.py for tasks to queue
[2025-11-26T15:12:20.981+0000] {logging_mixin.py:151} INFO - [2025-11-26T15:12:20.981+0000] {dagbag.py:539} INFO - Filling up the DagBag from /home/airflow/.local/lib/python3.8/site-packages/airflow/example_dags/example_setup_teardown_taskflow.py
[2025-11-26T15:12:20.997+0000] {processor.py:839} INFO - DAG(s) dict_keys(['example_setup_teardown_taskflow']) retrieved from /home/airflow/.local/lib/python3.8/site-packages/airflow/example_dags/example_setup_teardown_taskflow.py
[2025-11-26T15:12:21.032+0000] {logging_mixin.py:151} INFO - [2025-11-26T15:12:21.031+0000] {dag.py:2915} INFO - Sync 1 DAGs
[2025-11-26T15:12:21.057+0000] {logging_mixin.py:151} INFO - [2025-11-26T15:12:21.057+0000] {dag.py:3696} INFO - Setting next_dagrun for example_setup_teardown_taskflow to 2025-11-25T15:12:21.056905+00:00, run_after=2025-11-26T15:12:21.056905+00:00
[2025-11-26T15:12:21.110+0000] {processor.py:179} INFO - Processing /home/airflow/.local/lib/python3.8/site-packages/airflow/example_dags/example_setup_teardown_taskflow.py took 0.139 seconds
[2025-11-26T23:25:26.410+0000] {processor.py:157} INFO - Started process (PID=21437) to work on /home/airflow/.local/lib/python3.8/site-packages/airflow/example_dags/example_setup_teardown_taskflow.py
[2025-11-26T23:25:26.413+0000] {processor.py:829} INFO - Processing file /home/airflow/.local/lib/python3.8/site-packages/airflow/example_dags/example_setup_teardown_taskflow.py for tasks to queue
[2025-11-26T23:25:26.416+0000] {logging_mixin.py:151} INFO - [2025-11-26T23:25:26.415+0000] {dagbag.py:539} INFO - Filling up the DagBag from /home/airflow/.local/lib/python3.8/site-packages/airflow/example_dags/example_setup_teardown_taskflow.py
[2025-11-26T23:25:26.447+0000] {processor.py:839} INFO - DAG(s) dict_keys(['example_setup_teardown_taskflow']) retrieved from /home/airflow/.local/lib/python3.8/site-packages/airflow/example_dags/example_setup_teardown_taskflow.py
[2025-11-26T23:25:26.506+0000] {logging_mixin.py:151} INFO - [2025-11-26T23:25:26.506+0000] {dag.py:2915} INFO - Sync 1 DAGs
[2025-11-26T23:25:26.544+0000] {logging_mixin.py:151} INFO - [2025-11-26T23:25:26.544+0000] {dag.py:3696} INFO - Setting next_dagrun for example_setup_teardown_taskflow to 2025-11-25T23:25:26.543610+00:00, run_after=2025-11-26T23:25:26.543610+00:00
[2025-11-26T23:25:26.586+0000] {processor.py:179} INFO - Processing /home/airflow/.local/lib/python3.8/site-packages/airflow/example_dags/example_setup_teardown_taskflow.py took 0.186 seconds
