[2025-11-26T02:46:33.204+0000] {processor.py:157} INFO - Started process (PID=21194) to work on /home/airflow/.local/lib/python3.8/site-packages/airflow/example_dags/example_branch_python_dop_operator_3.py
[2025-11-26T02:46:33.205+0000] {processor.py:829} INFO - Processing file /home/airflow/.local/lib/python3.8/site-packages/airflow/example_dags/example_branch_python_dop_operator_3.py for tasks to queue
[2025-11-26T02:46:33.208+0000] {logging_mixin.py:151} INFO - [2025-11-26T02:46:33.208+0000] {dagbag.py:539} INFO - Filling up the DagBag from /home/airflow/.local/lib/python3.8/site-packages/airflow/example_dags/example_branch_python_dop_operator_3.py
[2025-11-26T02:46:33.226+0000] {processor.py:839} INFO - DAG(s) dict_keys(['example_branch_dop_operator_v3']) retrieved from /home/airflow/.local/lib/python3.8/site-packages/airflow/example_dags/example_branch_python_dop_operator_3.py
[2025-11-26T02:46:33.261+0000] {logging_mixin.py:151} INFO - [2025-11-26T02:46:33.261+0000] {dag.py:2915} INFO - Sync 1 DAGs
[2025-11-26T02:46:33.309+0000] {logging_mixin.py:151} INFO - [2025-11-26T02:46:33.309+0000] {dag.py:3696} INFO - Setting next_dagrun for example_branch_dop_operator_v3 to 2025-11-26T02:45:00+00:00, run_after=2025-11-26T02:46:00+00:00
[2025-11-26T02:46:33.338+0000] {processor.py:179} INFO - Processing /home/airflow/.local/lib/python3.8/site-packages/airflow/example_dags/example_branch_python_dop_operator_3.py took 0.140 seconds
[2025-11-26T06:46:42.131+0000] {processor.py:157} INFO - Started process (PID=21233) to work on /home/airflow/.local/lib/python3.8/site-packages/airflow/example_dags/example_branch_python_dop_operator_3.py
[2025-11-26T06:46:42.133+0000] {processor.py:829} INFO - Processing file /home/airflow/.local/lib/python3.8/site-packages/airflow/example_dags/example_branch_python_dop_operator_3.py for tasks to queue
[2025-11-26T06:46:42.136+0000] {logging_mixin.py:151} INFO - [2025-11-26T06:46:42.136+0000] {dagbag.py:539} INFO - Filling up the DagBag from /home/airflow/.local/lib/python3.8/site-packages/airflow/example_dags/example_branch_python_dop_operator_3.py
[2025-11-26T06:46:42.156+0000] {processor.py:839} INFO - DAG(s) dict_keys(['example_branch_dop_operator_v3']) retrieved from /home/airflow/.local/lib/python3.8/site-packages/airflow/example_dags/example_branch_python_dop_operator_3.py
[2025-11-26T06:46:42.268+0000] {logging_mixin.py:151} INFO - [2025-11-26T06:46:42.268+0000] {dag.py:2915} INFO - Sync 1 DAGs
[2025-11-26T06:46:42.361+0000] {logging_mixin.py:151} INFO - [2025-11-26T06:46:42.361+0000] {dag.py:3696} INFO - Setting next_dagrun for example_branch_dop_operator_v3 to 2025-11-26T06:45:00+00:00, run_after=2025-11-26T06:46:00+00:00
[2025-11-26T06:46:42.414+0000] {processor.py:179} INFO - Processing /home/airflow/.local/lib/python3.8/site-packages/airflow/example_dags/example_branch_python_dop_operator_3.py took 0.288 seconds
[2025-11-26T06:59:21.430+0000] {processor.py:157} INFO - Started process (PID=21297) to work on /home/airflow/.local/lib/python3.8/site-packages/airflow/example_dags/example_branch_python_dop_operator_3.py
[2025-11-26T06:59:21.434+0000] {processor.py:829} INFO - Processing file /home/airflow/.local/lib/python3.8/site-packages/airflow/example_dags/example_branch_python_dop_operator_3.py for tasks to queue
[2025-11-26T06:59:21.436+0000] {logging_mixin.py:151} INFO - [2025-11-26T06:59:21.436+0000] {dagbag.py:539} INFO - Filling up the DagBag from /home/airflow/.local/lib/python3.8/site-packages/airflow/example_dags/example_branch_python_dop_operator_3.py
[2025-11-26T06:59:21.462+0000] {processor.py:839} INFO - DAG(s) dict_keys(['example_branch_dop_operator_v3']) retrieved from /home/airflow/.local/lib/python3.8/site-packages/airflow/example_dags/example_branch_python_dop_operator_3.py
[2025-11-26T06:59:21.505+0000] {logging_mixin.py:151} INFO - [2025-11-26T06:59:21.504+0000] {dag.py:2915} INFO - Sync 1 DAGs
[2025-11-26T06:59:21.561+0000] {logging_mixin.py:151} INFO - [2025-11-26T06:59:21.560+0000] {dag.py:3696} INFO - Setting next_dagrun for example_branch_dop_operator_v3 to 2025-11-26T06:58:00+00:00, run_after=2025-11-26T06:59:00+00:00
[2025-11-26T06:59:21.618+0000] {processor.py:179} INFO - Processing /home/airflow/.local/lib/python3.8/site-packages/airflow/example_dags/example_branch_python_dop_operator_3.py took 0.196 seconds
[2025-11-26T07:35:32.528+0000] {processor.py:157} INFO - Started process (PID=21351) to work on /home/airflow/.local/lib/python3.8/site-packages/airflow/example_dags/example_branch_python_dop_operator_3.py
[2025-11-26T07:35:32.530+0000] {processor.py:829} INFO - Processing file /home/airflow/.local/lib/python3.8/site-packages/airflow/example_dags/example_branch_python_dop_operator_3.py for tasks to queue
[2025-11-26T07:35:32.531+0000] {logging_mixin.py:151} INFO - [2025-11-26T07:35:32.531+0000] {dagbag.py:539} INFO - Filling up the DagBag from /home/airflow/.local/lib/python3.8/site-packages/airflow/example_dags/example_branch_python_dop_operator_3.py
[2025-11-26T07:35:32.546+0000] {processor.py:839} INFO - DAG(s) dict_keys(['example_branch_dop_operator_v3']) retrieved from /home/airflow/.local/lib/python3.8/site-packages/airflow/example_dags/example_branch_python_dop_operator_3.py
[2025-11-26T07:35:32.587+0000] {logging_mixin.py:151} INFO - [2025-11-26T07:35:32.587+0000] {dag.py:2915} INFO - Sync 1 DAGs
[2025-11-26T07:35:32.633+0000] {logging_mixin.py:151} INFO - [2025-11-26T07:35:32.632+0000] {dag.py:3696} INFO - Setting next_dagrun for example_branch_dop_operator_v3 to 2025-11-26T07:34:00+00:00, run_after=2025-11-26T07:35:00+00:00
[2025-11-26T07:35:32.669+0000] {processor.py:179} INFO - Processing /home/airflow/.local/lib/python3.8/site-packages/airflow/example_dags/example_branch_python_dop_operator_3.py took 0.147 seconds
[2025-11-26T18:13:00.184+0000] {processor.py:157} INFO - Started process (PID=21390) to work on /home/airflow/.local/lib/python3.8/site-packages/airflow/example_dags/example_branch_python_dop_operator_3.py
[2025-11-26T18:13:00.186+0000] {processor.py:829} INFO - Processing file /home/airflow/.local/lib/python3.8/site-packages/airflow/example_dags/example_branch_python_dop_operator_3.py for tasks to queue
[2025-11-26T18:13:00.190+0000] {logging_mixin.py:151} INFO - [2025-11-26T18:13:00.189+0000] {dagbag.py:539} INFO - Filling up the DagBag from /home/airflow/.local/lib/python3.8/site-packages/airflow/example_dags/example_branch_python_dop_operator_3.py
[2025-11-26T18:13:00.214+0000] {processor.py:839} INFO - DAG(s) dict_keys(['example_branch_dop_operator_v3']) retrieved from /home/airflow/.local/lib/python3.8/site-packages/airflow/example_dags/example_branch_python_dop_operator_3.py
[2025-11-26T18:13:00.248+0000] {logging_mixin.py:151} INFO - [2025-11-26T18:13:00.248+0000] {dag.py:2915} INFO - Sync 1 DAGs
[2025-11-26T18:13:00.326+0000] {logging_mixin.py:151} INFO - [2025-11-26T18:13:00.326+0000] {dag.py:3696} INFO - Setting next_dagrun for example_branch_dop_operator_v3 to 2025-11-26T18:12:00+00:00, run_after=2025-11-26T18:13:00+00:00
[2025-11-26T18:13:00.384+0000] {processor.py:179} INFO - Processing /home/airflow/.local/lib/python3.8/site-packages/airflow/example_dags/example_branch_python_dop_operator_3.py took 0.208 seconds
[2025-11-26T23:25:27.812+0000] {processor.py:157} INFO - Started process (PID=21444) to work on /home/airflow/.local/lib/python3.8/site-packages/airflow/example_dags/example_branch_python_dop_operator_3.py
[2025-11-26T23:25:27.816+0000] {processor.py:829} INFO - Processing file /home/airflow/.local/lib/python3.8/site-packages/airflow/example_dags/example_branch_python_dop_operator_3.py for tasks to queue
[2025-11-26T23:25:27.820+0000] {logging_mixin.py:151} INFO - [2025-11-26T23:25:27.820+0000] {dagbag.py:539} INFO - Filling up the DagBag from /home/airflow/.local/lib/python3.8/site-packages/airflow/example_dags/example_branch_python_dop_operator_3.py
[2025-11-26T23:25:27.861+0000] {processor.py:839} INFO - DAG(s) dict_keys(['example_branch_dop_operator_v3']) retrieved from /home/airflow/.local/lib/python3.8/site-packages/airflow/example_dags/example_branch_python_dop_operator_3.py
[2025-11-26T23:25:27.941+0000] {logging_mixin.py:151} INFO - [2025-11-26T23:25:27.941+0000] {dag.py:2915} INFO - Sync 1 DAGs
[2025-11-26T23:25:28.033+0000] {logging_mixin.py:151} INFO - [2025-11-26T23:25:28.033+0000] {dag.py:3696} INFO - Setting next_dagrun for example_branch_dop_operator_v3 to 2025-11-26T23:24:00+00:00, run_after=2025-11-26T23:25:00+00:00
[2025-11-26T23:25:28.085+0000] {processor.py:179} INFO - Processing /home/airflow/.local/lib/python3.8/site-packages/airflow/example_dags/example_branch_python_dop_operator_3.py took 0.285 seconds
