[2025-11-26T02:46:32.883+0000] {processor.py:157} INFO - Started process (PID=21191) to work on /home/airflow/.local/lib/python3.8/site-packages/airflow/example_dags/example_datasets.py
[2025-11-26T02:46:32.885+0000] {processor.py:829} INFO - Processing file /home/airflow/.local/lib/python3.8/site-packages/airflow/example_dags/example_datasets.py for tasks to queue
[2025-11-26T02:46:32.887+0000] {logging_mixin.py:151} INFO - [2025-11-26T02:46:32.887+0000] {dagbag.py:539} INFO - Filling up the DagBag from /home/airflow/.local/lib/python3.8/site-packages/airflow/example_dags/example_datasets.py
[2025-11-26T02:46:32.918+0000] {processor.py:839} INFO - DAG(s) dict_keys(['dataset_produces_2', 'dataset_consumes_1', 'dataset_consumes_1_and_2', 'dataset_consumes_1_never_scheduled', 'dataset_produces_1', 'dataset_consumes_unknown_never_scheduled']) retrieved from /home/airflow/.local/lib/python3.8/site-packages/airflow/example_dags/example_datasets.py
[2025-11-26T02:46:33.025+0000] {logging_mixin.py:151} INFO - [2025-11-26T02:46:33.025+0000] {dag.py:2915} INFO - Sync 6 DAGs
[2025-11-26T02:46:33.067+0000] {logging_mixin.py:151} INFO - [2025-11-26T02:46:33.067+0000] {dag.py:3696} INFO - Setting next_dagrun for dataset_consumes_1 to None, run_after=None
[2025-11-26T02:46:33.074+0000] {logging_mixin.py:151} INFO - [2025-11-26T02:46:33.074+0000] {dag.py:3696} INFO - Setting next_dagrun for dataset_consumes_1_and_2 to None, run_after=None
[2025-11-26T02:46:33.077+0000] {logging_mixin.py:151} INFO - [2025-11-26T02:46:33.076+0000] {dag.py:3696} INFO - Setting next_dagrun for dataset_consumes_1_never_scheduled to None, run_after=None
[2025-11-26T02:46:33.079+0000] {logging_mixin.py:151} INFO - [2025-11-26T02:46:33.079+0000] {dag.py:3696} INFO - Setting next_dagrun for dataset_consumes_unknown_never_scheduled to None, run_after=None
[2025-11-26T02:46:33.085+0000] {logging_mixin.py:151} INFO - [2025-11-26T02:46:33.085+0000] {dag.py:3696} INFO - Setting next_dagrun for dataset_produces_1 to 2025-11-25T00:00:00+00:00, run_after=2025-11-26T00:00:00+00:00
[2025-11-26T02:46:33.087+0000] {logging_mixin.py:151} INFO - [2025-11-26T02:46:33.087+0000] {dag.py:3696} INFO - Setting next_dagrun for dataset_produces_2 to None, run_after=None
[2025-11-26T02:46:33.164+0000] {processor.py:179} INFO - Processing /home/airflow/.local/lib/python3.8/site-packages/airflow/example_dags/example_datasets.py took 0.286 seconds
[2025-11-26T06:46:40.476+0000] {processor.py:157} INFO - Started process (PID=21223) to work on /home/airflow/.local/lib/python3.8/site-packages/airflow/example_dags/example_datasets.py
[2025-11-26T06:46:40.500+0000] {processor.py:829} INFO - Processing file /home/airflow/.local/lib/python3.8/site-packages/airflow/example_dags/example_datasets.py for tasks to queue
[2025-11-26T06:46:40.503+0000] {logging_mixin.py:151} INFO - [2025-11-26T06:46:40.503+0000] {dagbag.py:539} INFO - Filling up the DagBag from /home/airflow/.local/lib/python3.8/site-packages/airflow/example_dags/example_datasets.py
[2025-11-26T06:46:40.671+0000] {processor.py:839} INFO - DAG(s) dict_keys(['dataset_consumes_1', 'dataset_consumes_1_and_2', 'dataset_produces_1', 'dataset_produces_2', 'dataset_consumes_unknown_never_scheduled', 'dataset_consumes_1_never_scheduled']) retrieved from /home/airflow/.local/lib/python3.8/site-packages/airflow/example_dags/example_datasets.py
[2025-11-26T06:46:41.088+0000] {logging_mixin.py:151} INFO - [2025-11-26T06:46:41.088+0000] {dag.py:2915} INFO - Sync 6 DAGs
[2025-11-26T06:46:41.235+0000] {logging_mixin.py:151} INFO - [2025-11-26T06:46:41.235+0000] {dag.py:3696} INFO - Setting next_dagrun for dataset_consumes_1 to None, run_after=None
[2025-11-26T06:46:41.278+0000] {logging_mixin.py:151} INFO - [2025-11-26T06:46:41.278+0000] {dag.py:3696} INFO - Setting next_dagrun for dataset_consumes_1_and_2 to None, run_after=None
[2025-11-26T06:46:41.297+0000] {logging_mixin.py:151} INFO - [2025-11-26T06:46:41.297+0000] {dag.py:3696} INFO - Setting next_dagrun for dataset_consumes_1_never_scheduled to None, run_after=None
[2025-11-26T06:46:41.299+0000] {logging_mixin.py:151} INFO - [2025-11-26T06:46:41.299+0000] {dag.py:3696} INFO - Setting next_dagrun for dataset_consumes_unknown_never_scheduled to None, run_after=None
[2025-11-26T06:59:20.936+0000] {processor.py:157} INFO - Started process (PID=21294) to work on /home/airflow/.local/lib/python3.8/site-packages/airflow/example_dags/example_datasets.py
[2025-11-26T06:59:20.940+0000] {processor.py:829} INFO - Processing file /home/airflow/.local/lib/python3.8/site-packages/airflow/example_dags/example_datasets.py for tasks to queue
[2025-11-26T06:59:20.942+0000] {logging_mixin.py:151} INFO - [2025-11-26T06:59:20.941+0000] {dagbag.py:539} INFO - Filling up the DagBag from /home/airflow/.local/lib/python3.8/site-packages/airflow/example_dags/example_datasets.py
[2025-11-26T06:59:20.959+0000] {processor.py:839} INFO - DAG(s) dict_keys(['dataset_consumes_1', 'dataset_produces_2', 'dataset_consumes_1_and_2', 'dataset_consumes_unknown_never_scheduled', 'dataset_produces_1', 'dataset_consumes_1_never_scheduled']) retrieved from /home/airflow/.local/lib/python3.8/site-packages/airflow/example_dags/example_datasets.py
[2025-11-26T06:59:21.421+0000] {logging_mixin.py:151} INFO - [2025-11-26T06:59:21.420+0000] {security.py:708} INFO - Not syncing DAG-level permissions for DAG 'DAG:dataset_consumes_1' as access control is unset.
[2025-11-26T06:59:21.477+0000] {logging_mixin.py:151} INFO - [2025-11-26T06:59:21.477+0000] {security.py:708} INFO - Not syncing DAG-level permissions for DAG 'DAG:dataset_produces_2' as access control is unset.
[2025-11-26T06:59:21.508+0000] {logging_mixin.py:151} INFO - [2025-11-26T06:59:21.508+0000] {security.py:708} INFO - Not syncing DAG-level permissions for DAG 'DAG:dataset_consumes_1_and_2' as access control is unset.
[2025-11-26T06:59:21.540+0000] {logging_mixin.py:151} INFO - [2025-11-26T06:59:21.540+0000] {security.py:708} INFO - Not syncing DAG-level permissions for DAG 'DAG:dataset_consumes_unknown_never_scheduled' as access control is unset.
[2025-11-26T06:59:21.580+0000] {logging_mixin.py:151} INFO - [2025-11-26T06:59:21.580+0000] {security.py:708} INFO - Not syncing DAG-level permissions for DAG 'DAG:dataset_produces_1' as access control is unset.
[2025-11-26T06:59:21.618+0000] {logging_mixin.py:151} INFO - [2025-11-26T06:59:21.618+0000] {security.py:708} INFO - Not syncing DAG-level permissions for DAG 'DAG:dataset_consumes_1_never_scheduled' as access control is unset.
[2025-11-26T06:59:21.619+0000] {logging_mixin.py:151} INFO - [2025-11-26T06:59:21.619+0000] {dag.py:2915} INFO - Sync 6 DAGs
[2025-11-26T06:59:21.652+0000] {logging_mixin.py:151} INFO - [2025-11-26T06:59:21.652+0000] {dag.py:3696} INFO - Setting next_dagrun for dataset_consumes_1 to None, run_after=None
[2025-11-26T06:59:21.657+0000] {logging_mixin.py:151} INFO - [2025-11-26T06:59:21.657+0000] {dag.py:3696} INFO - Setting next_dagrun for dataset_consumes_1_and_2 to None, run_after=None
[2025-11-26T06:59:21.662+0000] {logging_mixin.py:151} INFO - [2025-11-26T06:59:21.662+0000] {dag.py:3696} INFO - Setting next_dagrun for dataset_consumes_1_never_scheduled to None, run_after=None
[2025-11-26T06:59:21.668+0000] {logging_mixin.py:151} INFO - [2025-11-26T06:59:21.668+0000] {dag.py:3696} INFO - Setting next_dagrun for dataset_consumes_unknown_never_scheduled to None, run_after=None
[2025-11-26T06:59:21.675+0000] {logging_mixin.py:151} INFO - [2025-11-26T06:59:21.675+0000] {dag.py:3696} INFO - Setting next_dagrun for dataset_produces_1 to 2025-11-25T00:00:00+00:00, run_after=2025-11-26T00:00:00+00:00
[2025-11-26T06:59:21.678+0000] {logging_mixin.py:151} INFO - [2025-11-26T06:59:21.678+0000] {dag.py:3696} INFO - Setting next_dagrun for dataset_produces_2 to None, run_after=None
[2025-11-26T06:59:21.752+0000] {processor.py:179} INFO - Processing /home/airflow/.local/lib/python3.8/site-packages/airflow/example_dags/example_datasets.py took 0.821 seconds
[2025-11-26T07:35:32.278+0000] {processor.py:157} INFO - Started process (PID=21348) to work on /home/airflow/.local/lib/python3.8/site-packages/airflow/example_dags/example_datasets.py
[2025-11-26T07:35:32.280+0000] {processor.py:829} INFO - Processing file /home/airflow/.local/lib/python3.8/site-packages/airflow/example_dags/example_datasets.py for tasks to queue
[2025-11-26T07:35:32.281+0000] {logging_mixin.py:151} INFO - [2025-11-26T07:35:32.281+0000] {dagbag.py:539} INFO - Filling up the DagBag from /home/airflow/.local/lib/python3.8/site-packages/airflow/example_dags/example_datasets.py
[2025-11-26T07:35:32.305+0000] {processor.py:839} INFO - DAG(s) dict_keys(['dataset_produces_1', 'dataset_produces_2', 'dataset_consumes_1_never_scheduled', 'dataset_consumes_1_and_2', 'dataset_consumes_unknown_never_scheduled', 'dataset_consumes_1']) retrieved from /home/airflow/.local/lib/python3.8/site-packages/airflow/example_dags/example_datasets.py
[2025-11-26T07:35:32.369+0000] {logging_mixin.py:151} INFO - [2025-11-26T07:35:32.369+0000] {dag.py:2915} INFO - Sync 6 DAGs
[2025-11-26T07:35:32.404+0000] {logging_mixin.py:151} INFO - [2025-11-26T07:35:32.404+0000] {dag.py:3696} INFO - Setting next_dagrun for dataset_consumes_1 to None, run_after=None
[2025-11-26T07:35:32.410+0000] {logging_mixin.py:151} INFO - [2025-11-26T07:35:32.409+0000] {dag.py:3696} INFO - Setting next_dagrun for dataset_consumes_1_and_2 to None, run_after=None
[2025-11-26T07:35:32.412+0000] {logging_mixin.py:151} INFO - [2025-11-26T07:35:32.411+0000] {dag.py:3696} INFO - Setting next_dagrun for dataset_consumes_1_never_scheduled to None, run_after=None
[2025-11-26T07:35:32.414+0000] {logging_mixin.py:151} INFO - [2025-11-26T07:35:32.413+0000] {dag.py:3696} INFO - Setting next_dagrun for dataset_consumes_unknown_never_scheduled to None, run_after=None
[2025-11-26T07:35:32.422+0000] {logging_mixin.py:151} INFO - [2025-11-26T07:35:32.421+0000] {dag.py:3696} INFO - Setting next_dagrun for dataset_produces_1 to 2025-11-25T00:00:00+00:00, run_after=2025-11-26T00:00:00+00:00
[2025-11-26T07:35:32.424+0000] {logging_mixin.py:151} INFO - [2025-11-26T07:35:32.424+0000] {dag.py:3696} INFO - Setting next_dagrun for dataset_produces_2 to None, run_after=None
[2025-11-26T07:35:32.489+0000] {processor.py:179} INFO - Processing /home/airflow/.local/lib/python3.8/site-packages/airflow/example_dags/example_datasets.py took 0.216 seconds
[2025-11-26T18:12:59.383+0000] {processor.py:157} INFO - Started process (PID=21387) to work on /home/airflow/.local/lib/python3.8/site-packages/airflow/example_dags/example_datasets.py
[2025-11-26T18:12:59.388+0000] {processor.py:829} INFO - Processing file /home/airflow/.local/lib/python3.8/site-packages/airflow/example_dags/example_datasets.py for tasks to queue
[2025-11-26T18:12:59.431+0000] {logging_mixin.py:151} INFO - [2025-11-26T18:12:59.391+0000] {dagbag.py:539} INFO - Filling up the DagBag from /home/airflow/.local/lib/python3.8/site-packages/airflow/example_dags/example_datasets.py
[2025-11-26T18:12:59.470+0000] {processor.py:839} INFO - DAG(s) dict_keys(['dataset_produces_2', 'dataset_produces_1', 'dataset_consumes_unknown_never_scheduled', 'dataset_consumes_1_and_2', 'dataset_consumes_1', 'dataset_consumes_1_never_scheduled']) retrieved from /home/airflow/.local/lib/python3.8/site-packages/airflow/example_dags/example_datasets.py
[2025-11-26T18:12:59.574+0000] {logging_mixin.py:151} INFO - [2025-11-26T18:12:59.573+0000] {dag.py:2915} INFO - Sync 6 DAGs
[2025-11-26T18:12:59.696+0000] {logging_mixin.py:151} INFO - [2025-11-26T18:12:59.696+0000] {dag.py:3696} INFO - Setting next_dagrun for dataset_consumes_1 to None, run_after=None
[2025-11-26T18:12:59.706+0000] {logging_mixin.py:151} INFO - [2025-11-26T18:12:59.706+0000] {dag.py:3696} INFO - Setting next_dagrun for dataset_consumes_1_and_2 to None, run_after=None
[2025-11-26T18:12:59.714+0000] {logging_mixin.py:151} INFO - [2025-11-26T18:12:59.713+0000] {dag.py:3696} INFO - Setting next_dagrun for dataset_consumes_1_never_scheduled to None, run_after=None
[2025-11-26T18:12:59.720+0000] {logging_mixin.py:151} INFO - [2025-11-26T18:12:59.719+0000] {dag.py:3696} INFO - Setting next_dagrun for dataset_consumes_unknown_never_scheduled to None, run_after=None
[2025-11-26T18:12:59.735+0000] {logging_mixin.py:151} INFO - [2025-11-26T18:12:59.734+0000] {dag.py:3696} INFO - Setting next_dagrun for dataset_produces_1 to 2025-11-25T00:00:00+00:00, run_after=2025-11-26T00:00:00+00:00
[2025-11-26T18:12:59.741+0000] {logging_mixin.py:151} INFO - [2025-11-26T18:12:59.740+0000] {dag.py:3696} INFO - Setting next_dagrun for dataset_produces_2 to None, run_after=None
[2025-11-26T18:13:00.221+0000] {processor.py:179} INFO - Processing /home/airflow/.local/lib/python3.8/site-packages/airflow/example_dags/example_datasets.py took 0.848 seconds
[2025-11-26T23:25:27.272+0000] {processor.py:157} INFO - Started process (PID=21441) to work on /home/airflow/.local/lib/python3.8/site-packages/airflow/example_dags/example_datasets.py
[2025-11-26T23:25:27.274+0000] {processor.py:829} INFO - Processing file /home/airflow/.local/lib/python3.8/site-packages/airflow/example_dags/example_datasets.py for tasks to queue
[2025-11-26T23:25:27.277+0000] {logging_mixin.py:151} INFO - [2025-11-26T23:25:27.276+0000] {dagbag.py:539} INFO - Filling up the DagBag from /home/airflow/.local/lib/python3.8/site-packages/airflow/example_dags/example_datasets.py
[2025-11-26T23:25:27.303+0000] {processor.py:839} INFO - DAG(s) dict_keys(['dataset_consumes_1_and_2', 'dataset_produces_2', 'dataset_consumes_1_never_scheduled', 'dataset_consumes_1', 'dataset_produces_1', 'dataset_consumes_unknown_never_scheduled']) retrieved from /home/airflow/.local/lib/python3.8/site-packages/airflow/example_dags/example_datasets.py
[2025-11-26T23:25:27.410+0000] {logging_mixin.py:151} INFO - [2025-11-26T23:25:27.409+0000] {dag.py:2915} INFO - Sync 6 DAGs
[2025-11-26T23:25:27.466+0000] {logging_mixin.py:151} INFO - [2025-11-26T23:25:27.465+0000] {dag.py:3696} INFO - Setting next_dagrun for dataset_consumes_1 to None, run_after=None
[2025-11-26T23:25:27.475+0000] {logging_mixin.py:151} INFO - [2025-11-26T23:25:27.475+0000] {dag.py:3696} INFO - Setting next_dagrun for dataset_consumes_1_and_2 to None, run_after=None
[2025-11-26T23:25:27.480+0000] {logging_mixin.py:151} INFO - [2025-11-26T23:25:27.479+0000] {dag.py:3696} INFO - Setting next_dagrun for dataset_consumes_1_never_scheduled to None, run_after=None
[2025-11-26T23:25:27.484+0000] {logging_mixin.py:151} INFO - [2025-11-26T23:25:27.483+0000] {dag.py:3696} INFO - Setting next_dagrun for dataset_consumes_unknown_never_scheduled to None, run_after=None
[2025-11-26T23:25:27.493+0000] {logging_mixin.py:151} INFO - [2025-11-26T23:25:27.492+0000] {dag.py:3696} INFO - Setting next_dagrun for dataset_produces_1 to 2025-11-25T00:00:00+00:00, run_after=2025-11-26T00:00:00+00:00
[2025-11-26T23:25:27.497+0000] {logging_mixin.py:151} INFO - [2025-11-26T23:25:27.496+0000] {dag.py:3696} INFO - Setting next_dagrun for dataset_produces_2 to None, run_after=None
[2025-11-26T23:25:27.630+0000] {processor.py:179} INFO - Processing /home/airflow/.local/lib/python3.8/site-packages/airflow/example_dags/example_datasets.py took 0.367 seconds
