[2025-11-26T00:46:28.832+0000] {processor.py:157} INFO - Started process (PID=21167) to work on /home/airflow/.local/lib/python3.8/site-packages/airflow/example_dags/example_external_task_marker_dag.py
[2025-11-26T00:46:28.833+0000] {processor.py:829} INFO - Processing file /home/airflow/.local/lib/python3.8/site-packages/airflow/example_dags/example_external_task_marker_dag.py for tasks to queue
[2025-11-26T00:46:28.834+0000] {logging_mixin.py:151} INFO - [2025-11-26T00:46:28.834+0000] {dagbag.py:539} INFO - Filling up the DagBag from /home/airflow/.local/lib/python3.8/site-packages/airflow/example_dags/example_external_task_marker_dag.py
[2025-11-26T00:46:28.846+0000] {processor.py:839} INFO - DAG(s) dict_keys(['example_external_task_marker_parent', 'example_external_task_marker_child']) retrieved from /home/airflow/.local/lib/python3.8/site-packages/airflow/example_dags/example_external_task_marker_dag.py
[2025-11-26T00:46:28.890+0000] {logging_mixin.py:151} INFO - [2025-11-26T00:46:28.889+0000] {dag.py:2915} INFO - Sync 2 DAGs
[2025-11-26T00:46:28.911+0000] {logging_mixin.py:151} INFO - [2025-11-26T00:46:28.911+0000] {dag.py:3696} INFO - Setting next_dagrun for example_external_task_marker_child to None, run_after=None
[2025-11-26T00:46:28.917+0000] {logging_mixin.py:151} INFO - [2025-11-26T00:46:28.917+0000] {dag.py:3696} INFO - Setting next_dagrun for example_external_task_marker_parent to None, run_after=None
[2025-11-26T00:46:28.944+0000] {processor.py:179} INFO - Processing /home/airflow/.local/lib/python3.8/site-packages/airflow/example_dags/example_external_task_marker_dag.py took 0.120 seconds
[2025-11-26T06:46:47.279+0000] {processor.py:157} INFO - Started process (PID=21260) to work on /home/airflow/.local/lib/python3.8/site-packages/airflow/example_dags/example_external_task_marker_dag.py
[2025-11-26T06:46:47.281+0000] {processor.py:829} INFO - Processing file /home/airflow/.local/lib/python3.8/site-packages/airflow/example_dags/example_external_task_marker_dag.py for tasks to queue
[2025-11-26T06:46:47.285+0000] {logging_mixin.py:151} INFO - [2025-11-26T06:46:47.285+0000] {dagbag.py:539} INFO - Filling up the DagBag from /home/airflow/.local/lib/python3.8/site-packages/airflow/example_dags/example_external_task_marker_dag.py
[2025-11-26T06:46:47.295+0000] {processor.py:839} INFO - DAG(s) dict_keys(['example_external_task_marker_child', 'example_external_task_marker_parent']) retrieved from /home/airflow/.local/lib/python3.8/site-packages/airflow/example_dags/example_external_task_marker_dag.py
[2025-11-26T06:46:47.335+0000] {logging_mixin.py:151} INFO - [2025-11-26T06:46:47.334+0000] {dag.py:2915} INFO - Sync 2 DAGs
[2025-11-26T06:46:47.355+0000] {logging_mixin.py:151} INFO - [2025-11-26T06:46:47.355+0000] {dag.py:3696} INFO - Setting next_dagrun for example_external_task_marker_child to None, run_after=None
[2025-11-26T06:46:47.361+0000] {logging_mixin.py:151} INFO - [2025-11-26T06:46:47.361+0000] {dag.py:3696} INFO - Setting next_dagrun for example_external_task_marker_parent to None, run_after=None
[2025-11-26T06:46:47.389+0000] {processor.py:179} INFO - Processing /home/airflow/.local/lib/python3.8/site-packages/airflow/example_dags/example_external_task_marker_dag.py took 0.116 seconds
[2025-11-26T07:35:29.332+0000] {processor.py:157} INFO - Started process (PID=21331) to work on /home/airflow/.local/lib/python3.8/site-packages/airflow/example_dags/example_external_task_marker_dag.py
[2025-11-26T07:35:29.346+0000] {processor.py:829} INFO - Processing file /home/airflow/.local/lib/python3.8/site-packages/airflow/example_dags/example_external_task_marker_dag.py for tasks to queue
[2025-11-26T07:35:29.349+0000] {logging_mixin.py:151} INFO - [2025-11-26T07:35:29.349+0000] {dagbag.py:539} INFO - Filling up the DagBag from /home/airflow/.local/lib/python3.8/site-packages/airflow/example_dags/example_external_task_marker_dag.py
[2025-11-26T07:35:29.384+0000] {processor.py:839} INFO - DAG(s) dict_keys(['example_external_task_marker_child', 'example_external_task_marker_parent']) retrieved from /home/airflow/.local/lib/python3.8/site-packages/airflow/example_dags/example_external_task_marker_dag.py
[2025-11-26T07:35:29.508+0000] {logging_mixin.py:151} INFO - [2025-11-26T07:35:29.505+0000] {dag.py:2915} INFO - Sync 2 DAGs
[2025-11-26T07:35:29.598+0000] {logging_mixin.py:151} INFO - [2025-11-26T07:35:29.598+0000] {dag.py:3696} INFO - Setting next_dagrun for example_external_task_marker_child to None, run_after=None
[2025-11-26T07:35:29.606+0000] {logging_mixin.py:151} INFO - [2025-11-26T07:35:29.606+0000] {dag.py:3696} INFO - Setting next_dagrun for example_external_task_marker_parent to None, run_after=None
[2025-11-26T07:35:29.648+0000] {processor.py:179} INFO - Processing /home/airflow/.local/lib/python3.8/site-packages/airflow/example_dags/example_external_task_marker_dag.py took 0.321 seconds
[2025-11-26T23:25:24.044+0000] {processor.py:157} INFO - Started process (PID=21424) to work on /home/airflow/.local/lib/python3.8/site-packages/airflow/example_dags/example_external_task_marker_dag.py
[2025-11-26T23:25:24.046+0000] {processor.py:829} INFO - Processing file /home/airflow/.local/lib/python3.8/site-packages/airflow/example_dags/example_external_task_marker_dag.py for tasks to queue
[2025-11-26T23:25:24.048+0000] {logging_mixin.py:151} INFO - [2025-11-26T23:25:24.047+0000] {dagbag.py:539} INFO - Filling up the DagBag from /home/airflow/.local/lib/python3.8/site-packages/airflow/example_dags/example_external_task_marker_dag.py
[2025-11-26T23:25:24.063+0000] {processor.py:839} INFO - DAG(s) dict_keys(['example_external_task_marker_parent', 'example_external_task_marker_child']) retrieved from /home/airflow/.local/lib/python3.8/site-packages/airflow/example_dags/example_external_task_marker_dag.py
[2025-11-26T23:25:24.129+0000] {logging_mixin.py:151} INFO - [2025-11-26T23:25:24.129+0000] {dag.py:2915} INFO - Sync 2 DAGs
[2025-11-26T23:25:24.161+0000] {logging_mixin.py:151} INFO - [2025-11-26T23:25:24.161+0000] {dag.py:3696} INFO - Setting next_dagrun for example_external_task_marker_child to None, run_after=None
[2025-11-26T23:25:24.170+0000] {logging_mixin.py:151} INFO - [2025-11-26T23:25:24.169+0000] {dag.py:3696} INFO - Setting next_dagrun for example_external_task_marker_parent to None, run_after=None
[2025-11-26T23:25:24.211+0000] {processor.py:179} INFO - Processing /home/airflow/.local/lib/python3.8/site-packages/airflow/example_dags/example_external_task_marker_dag.py took 0.174 seconds
