[2025-11-26T02:46:33.369+0000] {processor.py:157} INFO - Started process (PID=21196) to work on /home/airflow/.local/lib/python3.8/site-packages/airflow/example_dags/example_branch_labels.py
[2025-11-26T02:46:33.371+0000] {processor.py:829} INFO - Processing file /home/airflow/.local/lib/python3.8/site-packages/airflow/example_dags/example_branch_labels.py for tasks to queue
[2025-11-26T02:46:33.372+0000] {logging_mixin.py:151} INFO - [2025-11-26T02:46:33.371+0000] {dagbag.py:539} INFO - Filling up the DagBag from /home/airflow/.local/lib/python3.8/site-packages/airflow/example_dags/example_branch_labels.py
[2025-11-26T02:46:33.386+0000] {processor.py:839} INFO - DAG(s) dict_keys(['example_branch_labels']) retrieved from /home/airflow/.local/lib/python3.8/site-packages/airflow/example_dags/example_branch_labels.py
[2025-11-26T02:46:33.425+0000] {logging_mixin.py:151} INFO - [2025-11-26T02:46:33.425+0000] {dag.py:2915} INFO - Sync 1 DAGs
[2025-11-26T02:46:33.462+0000] {logging_mixin.py:151} INFO - [2025-11-26T02:46:33.462+0000] {dag.py:3696} INFO - Setting next_dagrun for example_branch_labels to 2025-11-25T00:00:00+00:00, run_after=2025-11-26T00:00:00+00:00
[2025-11-26T02:46:33.527+0000] {processor.py:179} INFO - Processing /home/airflow/.local/lib/python3.8/site-packages/airflow/example_dags/example_branch_labels.py took 0.163 seconds
[2025-11-26T06:46:42.502+0000] {processor.py:157} INFO - Started process (PID=21235) to work on /home/airflow/.local/lib/python3.8/site-packages/airflow/example_dags/example_branch_labels.py
[2025-11-26T06:46:42.506+0000] {processor.py:829} INFO - Processing file /home/airflow/.local/lib/python3.8/site-packages/airflow/example_dags/example_branch_labels.py for tasks to queue
[2025-11-26T06:46:42.510+0000] {logging_mixin.py:151} INFO - [2025-11-26T06:46:42.509+0000] {dagbag.py:539} INFO - Filling up the DagBag from /home/airflow/.local/lib/python3.8/site-packages/airflow/example_dags/example_branch_labels.py
[2025-11-26T06:46:42.533+0000] {processor.py:839} INFO - DAG(s) dict_keys(['example_branch_labels']) retrieved from /home/airflow/.local/lib/python3.8/site-packages/airflow/example_dags/example_branch_labels.py
[2025-11-26T06:46:42.710+0000] {logging_mixin.py:151} INFO - [2025-11-26T06:46:42.710+0000] {dag.py:2915} INFO - Sync 1 DAGs
[2025-11-26T06:46:42.769+0000] {logging_mixin.py:151} INFO - [2025-11-26T06:46:42.769+0000] {dag.py:3696} INFO - Setting next_dagrun for example_branch_labels to 2025-11-25T00:00:00+00:00, run_after=2025-11-26T00:00:00+00:00
[2025-11-26T06:46:42.818+0000] {processor.py:179} INFO - Processing /home/airflow/.local/lib/python3.8/site-packages/airflow/example_dags/example_branch_labels.py took 0.323 seconds
[2025-11-26T06:59:21.810+0000] {processor.py:157} INFO - Started process (PID=21299) to work on /home/airflow/.local/lib/python3.8/site-packages/airflow/example_dags/example_branch_labels.py
[2025-11-26T06:59:21.824+0000] {processor.py:829} INFO - Processing file /home/airflow/.local/lib/python3.8/site-packages/airflow/example_dags/example_branch_labels.py for tasks to queue
[2025-11-26T06:59:21.840+0000] {logging_mixin.py:151} INFO - [2025-11-26T06:59:21.839+0000] {dagbag.py:539} INFO - Filling up the DagBag from /home/airflow/.local/lib/python3.8/site-packages/airflow/example_dags/example_branch_labels.py
[2025-11-26T06:59:21.856+0000] {processor.py:839} INFO - DAG(s) dict_keys(['example_branch_labels']) retrieved from /home/airflow/.local/lib/python3.8/site-packages/airflow/example_dags/example_branch_labels.py
[2025-11-26T06:59:21.943+0000] {logging_mixin.py:151} INFO - [2025-11-26T06:59:21.942+0000] {dag.py:2915} INFO - Sync 1 DAGs
[2025-11-26T06:59:21.993+0000] {logging_mixin.py:151} INFO - [2025-11-26T06:59:21.992+0000] {dag.py:3696} INFO - Setting next_dagrun for example_branch_labels to 2025-11-25T00:00:00+00:00, run_after=2025-11-26T00:00:00+00:00
[2025-11-26T06:59:22.029+0000] {processor.py:179} INFO - Processing /home/airflow/.local/lib/python3.8/site-packages/airflow/example_dags/example_branch_labels.py took 0.224 seconds
[2025-11-26T07:35:32.707+0000] {processor.py:157} INFO - Started process (PID=21353) to work on /home/airflow/.local/lib/python3.8/site-packages/airflow/example_dags/example_branch_labels.py
[2025-11-26T07:35:32.709+0000] {processor.py:829} INFO - Processing file /home/airflow/.local/lib/python3.8/site-packages/airflow/example_dags/example_branch_labels.py for tasks to queue
[2025-11-26T07:35:32.711+0000] {logging_mixin.py:151} INFO - [2025-11-26T07:35:32.711+0000] {dagbag.py:539} INFO - Filling up the DagBag from /home/airflow/.local/lib/python3.8/site-packages/airflow/example_dags/example_branch_labels.py
[2025-11-26T07:35:32.724+0000] {processor.py:839} INFO - DAG(s) dict_keys(['example_branch_labels']) retrieved from /home/airflow/.local/lib/python3.8/site-packages/airflow/example_dags/example_branch_labels.py
[2025-11-26T07:35:32.764+0000] {logging_mixin.py:151} INFO - [2025-11-26T07:35:32.764+0000] {dag.py:2915} INFO - Sync 1 DAGs
[2025-11-26T07:35:32.799+0000] {logging_mixin.py:151} INFO - [2025-11-26T07:35:32.799+0000] {dag.py:3696} INFO - Setting next_dagrun for example_branch_labels to 2025-11-25T00:00:00+00:00, run_after=2025-11-26T00:00:00+00:00
[2025-11-26T07:35:32.827+0000] {processor.py:179} INFO - Processing /home/airflow/.local/lib/python3.8/site-packages/airflow/example_dags/example_branch_labels.py took 0.125 seconds
[2025-11-26T18:13:00.460+0000] {processor.py:157} INFO - Started process (PID=21392) to work on /home/airflow/.local/lib/python3.8/site-packages/airflow/example_dags/example_branch_labels.py
[2025-11-26T18:13:00.462+0000] {processor.py:829} INFO - Processing file /home/airflow/.local/lib/python3.8/site-packages/airflow/example_dags/example_branch_labels.py for tasks to queue
[2025-11-26T18:13:00.464+0000] {logging_mixin.py:151} INFO - [2025-11-26T18:13:00.464+0000] {dagbag.py:539} INFO - Filling up the DagBag from /home/airflow/.local/lib/python3.8/site-packages/airflow/example_dags/example_branch_labels.py
[2025-11-26T18:13:00.480+0000] {processor.py:839} INFO - DAG(s) dict_keys(['example_branch_labels']) retrieved from /home/airflow/.local/lib/python3.8/site-packages/airflow/example_dags/example_branch_labels.py
[2025-11-26T18:13:00.522+0000] {logging_mixin.py:151} INFO - [2025-11-26T18:13:00.521+0000] {dag.py:2915} INFO - Sync 1 DAGs
[2025-11-26T18:13:00.571+0000] {logging_mixin.py:151} INFO - [2025-11-26T18:13:00.570+0000] {dag.py:3696} INFO - Setting next_dagrun for example_branch_labels to 2025-11-25T00:00:00+00:00, run_after=2025-11-26T00:00:00+00:00
[2025-11-26T18:13:00.639+0000] {processor.py:179} INFO - Processing /home/airflow/.local/lib/python3.8/site-packages/airflow/example_dags/example_branch_labels.py took 0.185 seconds
[2025-11-26T23:25:28.150+0000] {processor.py:157} INFO - Started process (PID=21446) to work on /home/airflow/.local/lib/python3.8/site-packages/airflow/example_dags/example_branch_labels.py
[2025-11-26T23:25:28.153+0000] {processor.py:829} INFO - Processing file /home/airflow/.local/lib/python3.8/site-packages/airflow/example_dags/example_branch_labels.py for tasks to queue
[2025-11-26T23:25:28.157+0000] {logging_mixin.py:151} INFO - [2025-11-26T23:25:28.156+0000] {dagbag.py:539} INFO - Filling up the DagBag from /home/airflow/.local/lib/python3.8/site-packages/airflow/example_dags/example_branch_labels.py
[2025-11-26T23:25:28.212+0000] {processor.py:839} INFO - DAG(s) dict_keys(['example_branch_labels']) retrieved from /home/airflow/.local/lib/python3.8/site-packages/airflow/example_dags/example_branch_labels.py
[2025-11-26T23:25:28.336+0000] {logging_mixin.py:151} INFO - [2025-11-26T23:25:28.332+0000] {dag.py:2915} INFO - Sync 1 DAGs
[2025-11-26T23:25:28.424+0000] {logging_mixin.py:151} INFO - [2025-11-26T23:25:28.423+0000] {dag.py:3696} INFO - Setting next_dagrun for example_branch_labels to 2025-11-25T00:00:00+00:00, run_after=2025-11-26T00:00:00+00:00
[2025-11-26T23:25:28.528+0000] {processor.py:179} INFO - Processing /home/airflow/.local/lib/python3.8/site-packages/airflow/example_dags/example_branch_labels.py took 0.397 seconds
