[2025-11-26T00:46:30.054+0000] {processor.py:157} INFO - Started process (PID=21174) to work on /home/airflow/.local/lib/python3.8/site-packages/airflow/example_dags/example_dag_decorator.py
[2025-11-26T00:46:30.056+0000] {processor.py:829} INFO - Processing file /home/airflow/.local/lib/python3.8/site-packages/airflow/example_dags/example_dag_decorator.py for tasks to queue
[2025-11-26T00:46:30.058+0000] {logging_mixin.py:151} INFO - [2025-11-26T00:46:30.057+0000] {dagbag.py:539} INFO - Filling up the DagBag from /home/airflow/.local/lib/python3.8/site-packages/airflow/example_dags/example_dag_decorator.py
[2025-11-26T00:46:30.212+0000] {processor.py:839} INFO - DAG(s) dict_keys(['example_dag_decorator']) retrieved from /home/airflow/.local/lib/python3.8/site-packages/airflow/example_dags/example_dag_decorator.py
[2025-11-26T04:46:38.201+0000] {processor.py:157} INFO - Started process (PID=21213) to work on /home/airflow/.local/lib/python3.8/site-packages/airflow/example_dags/example_dag_decorator.py
[2025-11-26T04:46:38.205+0000] {processor.py:829} INFO - Processing file /home/airflow/.local/lib/python3.8/site-packages/airflow/example_dags/example_dag_decorator.py for tasks to queue
[2025-11-26T04:46:38.209+0000] {logging_mixin.py:151} INFO - [2025-11-26T04:46:38.209+0000] {dagbag.py:539} INFO - Filling up the DagBag from /home/airflow/.local/lib/python3.8/site-packages/airflow/example_dags/example_dag_decorator.py
[2025-11-26T04:46:38.373+0000] {processor.py:839} INFO - DAG(s) dict_keys(['example_dag_decorator']) retrieved from /home/airflow/.local/lib/python3.8/site-packages/airflow/example_dags/example_dag_decorator.py
[2025-11-26T04:46:38.748+0000] {logging_mixin.py:151} INFO - [2025-11-26T04:46:38.748+0000] {security.py:708} INFO - Not syncing DAG-level permissions for DAG 'DAG:example_dag_decorator' as access control is unset.
[2025-11-26T04:46:38.749+0000] {logging_mixin.py:151} INFO - [2025-11-26T04:46:38.749+0000] {dag.py:2915} INFO - Sync 1 DAGs
[2025-11-26T04:46:38.766+0000] {logging_mixin.py:151} INFO - [2025-11-26T04:46:38.765+0000] {dag.py:3696} INFO - Setting next_dagrun for example_dag_decorator to None, run_after=None
[2025-11-26T04:46:38.798+0000] {processor.py:179} INFO - Processing /home/airflow/.local/lib/python3.8/site-packages/airflow/example_dags/example_dag_decorator.py took 0.601 seconds
[2025-11-26T06:46:48.492+0000] {processor.py:157} INFO - Started process (PID=21267) to work on /home/airflow/.local/lib/python3.8/site-packages/airflow/example_dags/example_dag_decorator.py
[2025-11-26T06:46:48.494+0000] {processor.py:829} INFO - Processing file /home/airflow/.local/lib/python3.8/site-packages/airflow/example_dags/example_dag_decorator.py for tasks to queue
[2025-11-26T06:46:48.497+0000] {logging_mixin.py:151} INFO - [2025-11-26T06:46:48.496+0000] {dagbag.py:539} INFO - Filling up the DagBag from /home/airflow/.local/lib/python3.8/site-packages/airflow/example_dags/example_dag_decorator.py
[2025-11-26T06:46:48.638+0000] {processor.py:839} INFO - DAG(s) dict_keys(['example_dag_decorator']) retrieved from /home/airflow/.local/lib/python3.8/site-packages/airflow/example_dags/example_dag_decorator.py
[2025-11-26T06:46:48.985+0000] {logging_mixin.py:151} INFO - [2025-11-26T06:46:48.984+0000] {security.py:708} INFO - Not syncing DAG-level permissions for DAG 'DAG:example_dag_decorator' as access control is unset.
[2025-11-26T06:46:48.985+0000] {logging_mixin.py:151} INFO - [2025-11-26T06:46:48.985+0000] {dag.py:2915} INFO - Sync 1 DAGs
[2025-11-26T06:46:49.002+0000] {logging_mixin.py:151} INFO - [2025-11-26T06:46:49.001+0000] {dag.py:3696} INFO - Setting next_dagrun for example_dag_decorator to None, run_after=None
[2025-11-26T06:46:49.034+0000] {processor.py:179} INFO - Processing /home/airflow/.local/lib/python3.8/site-packages/airflow/example_dags/example_dag_decorator.py took 0.548 seconds
[2025-11-26T06:59:18.964+0000] {processor.py:157} INFO - Started process (PID=21284) to work on /home/airflow/.local/lib/python3.8/site-packages/airflow/example_dags/example_dag_decorator.py
[2025-11-26T06:59:18.972+0000] {processor.py:829} INFO - Processing file /home/airflow/.local/lib/python3.8/site-packages/airflow/example_dags/example_dag_decorator.py for tasks to queue
[2025-11-26T06:59:18.980+0000] {logging_mixin.py:151} INFO - [2025-11-26T06:59:18.979+0000] {dagbag.py:539} INFO - Filling up the DagBag from /home/airflow/.local/lib/python3.8/site-packages/airflow/example_dags/example_dag_decorator.py
[2025-11-26T06:59:19.243+0000] {processor.py:839} INFO - DAG(s) dict_keys(['example_dag_decorator']) retrieved from /home/airflow/.local/lib/python3.8/site-packages/airflow/example_dags/example_dag_decorator.py
[2025-11-26T06:59:19.623+0000] {logging_mixin.py:151} INFO - [2025-11-26T06:59:19.623+0000] {security.py:708} INFO - Not syncing DAG-level permissions for DAG 'DAG:example_dag_decorator' as access control is unset.
[2025-11-26T06:59:19.623+0000] {logging_mixin.py:151} INFO - [2025-11-26T06:59:19.623+0000] {dag.py:2915} INFO - Sync 1 DAGs
[2025-11-26T06:59:19.642+0000] {logging_mixin.py:151} INFO - [2025-11-26T06:59:19.641+0000] {dag.py:3696} INFO - Setting next_dagrun for example_dag_decorator to None, run_after=None
[2025-11-26T06:59:19.680+0000] {processor.py:179} INFO - Processing /home/airflow/.local/lib/python3.8/site-packages/airflow/example_dags/example_dag_decorator.py took 0.729 seconds
[2025-11-26T07:35:30.300+0000] {processor.py:157} INFO - Started process (PID=21338) to work on /home/airflow/.local/lib/python3.8/site-packages/airflow/example_dags/example_dag_decorator.py
[2025-11-26T07:35:30.302+0000] {processor.py:829} INFO - Processing file /home/airflow/.local/lib/python3.8/site-packages/airflow/example_dags/example_dag_decorator.py for tasks to queue
[2025-11-26T07:35:30.303+0000] {logging_mixin.py:151} INFO - [2025-11-26T07:35:30.303+0000] {dagbag.py:539} INFO - Filling up the DagBag from /home/airflow/.local/lib/python3.8/site-packages/airflow/example_dags/example_dag_decorator.py
[2025-11-26T07:35:30.597+0000] {processor.py:839} INFO - DAG(s) dict_keys(['example_dag_decorator']) retrieved from /home/airflow/.local/lib/python3.8/site-packages/airflow/example_dags/example_dag_decorator.py
[2025-11-26T07:35:30.996+0000] {logging_mixin.py:151} INFO - [2025-11-26T07:35:30.995+0000] {security.py:708} INFO - Not syncing DAG-level permissions for DAG 'DAG:example_dag_decorator' as access control is unset.
[2025-11-26T07:35:30.996+0000] {logging_mixin.py:151} INFO - [2025-11-26T07:35:30.996+0000] {dag.py:2915} INFO - Sync 1 DAGs
[2025-11-26T07:35:31.014+0000] {logging_mixin.py:151} INFO - [2025-11-26T07:35:31.013+0000] {dag.py:3696} INFO - Setting next_dagrun for example_dag_decorator to None, run_after=None
[2025-11-26T07:35:31.069+0000] {processor.py:179} INFO - Processing /home/airflow/.local/lib/python3.8/site-packages/airflow/example_dags/example_dag_decorator.py took 0.773 seconds
[2025-11-26T15:12:19.019+0000] {processor.py:157} INFO - Started process (PID=21370) to work on /home/airflow/.local/lib/python3.8/site-packages/airflow/example_dags/example_dag_decorator.py
[2025-11-26T15:12:19.042+0000] {processor.py:829} INFO - Processing file /home/airflow/.local/lib/python3.8/site-packages/airflow/example_dags/example_dag_decorator.py for tasks to queue
[2025-11-26T15:12:19.048+0000] {logging_mixin.py:151} INFO - [2025-11-26T15:12:19.047+0000] {dagbag.py:539} INFO - Filling up the DagBag from /home/airflow/.local/lib/python3.8/site-packages/airflow/example_dags/example_dag_decorator.py
[2025-11-26T15:12:19.372+0000] {processor.py:839} INFO - DAG(s) dict_keys(['example_dag_decorator']) retrieved from /home/airflow/.local/lib/python3.8/site-packages/airflow/example_dags/example_dag_decorator.py
[2025-11-26T15:12:20.094+0000] {logging_mixin.py:151} INFO - [2025-11-26T15:12:20.094+0000] {security.py:708} INFO - Not syncing DAG-level permissions for DAG 'DAG:example_dag_decorator' as access control is unset.
[2025-11-26T15:12:20.095+0000] {logging_mixin.py:151} INFO - [2025-11-26T15:12:20.095+0000] {dag.py:2915} INFO - Sync 1 DAGs
[2025-11-26T15:12:20.126+0000] {logging_mixin.py:151} INFO - [2025-11-26T15:12:20.125+0000] {dag.py:3696} INFO - Setting next_dagrun for example_dag_decorator to None, run_after=None
[2025-11-26T15:12:20.171+0000] {processor.py:179} INFO - Processing /home/airflow/.local/lib/python3.8/site-packages/airflow/example_dags/example_dag_decorator.py took 1.167 seconds
[2025-11-26T23:25:24.823+0000] {processor.py:157} INFO - Started process (PID=21431) to work on /home/airflow/.local/lib/python3.8/site-packages/airflow/example_dags/example_dag_decorator.py
[2025-11-26T23:25:24.826+0000] {processor.py:829} INFO - Processing file /home/airflow/.local/lib/python3.8/site-packages/airflow/example_dags/example_dag_decorator.py for tasks to queue
[2025-11-26T23:25:24.829+0000] {logging_mixin.py:151} INFO - [2025-11-26T23:25:24.828+0000] {dagbag.py:539} INFO - Filling up the DagBag from /home/airflow/.local/lib/python3.8/site-packages/airflow/example_dags/example_dag_decorator.py
[2025-11-26T23:25:25.053+0000] {processor.py:839} INFO - DAG(s) dict_keys(['example_dag_decorator']) retrieved from /home/airflow/.local/lib/python3.8/site-packages/airflow/example_dags/example_dag_decorator.py
[2025-11-26T23:25:25.760+0000] {logging_mixin.py:151} INFO - [2025-11-26T23:25:25.759+0000] {security.py:708} INFO - Not syncing DAG-level permissions for DAG 'DAG:example_dag_decorator' as access control is unset.
[2025-11-26T23:25:25.764+0000] {logging_mixin.py:151} INFO - [2025-11-26T23:25:25.763+0000] {dag.py:2915} INFO - Sync 1 DAGs
[2025-11-26T23:25:25.803+0000] {logging_mixin.py:151} INFO - [2025-11-26T23:25:25.802+0000] {dag.py:3696} INFO - Setting next_dagrun for example_dag_decorator to None, run_after=None
[2025-11-26T23:25:25.899+0000] {processor.py:179} INFO - Processing /home/airflow/.local/lib/python3.8/site-packages/airflow/example_dags/example_dag_decorator.py took 1.086 seconds
