[2025-11-26T00:46:27.884+0000] {processor.py:157} INFO - Started process (PID=21158) to work on /home/airflow/.local/lib/python3.8/site-packages/airflow/example_dags/example_short_circuit_operator.py
[2025-11-26T00:46:27.885+0000] {processor.py:829} INFO - Processing file /home/airflow/.local/lib/python3.8/site-packages/airflow/example_dags/example_short_circuit_operator.py for tasks to queue
[2025-11-26T00:46:27.887+0000] {logging_mixin.py:151} INFO - [2025-11-26T00:46:27.886+0000] {dagbag.py:539} INFO - Filling up the DagBag from /home/airflow/.local/lib/python3.8/site-packages/airflow/example_dags/example_short_circuit_operator.py
[2025-11-26T00:46:27.905+0000] {processor.py:839} INFO - DAG(s) dict_keys(['example_short_circuit_operator']) retrieved from /home/airflow/.local/lib/python3.8/site-packages/airflow/example_dags/example_short_circuit_operator.py
[2025-11-26T00:46:27.950+0000] {logging_mixin.py:151} INFO - [2025-11-26T00:46:27.949+0000] {dag.py:2915} INFO - Sync 1 DAGs
[2025-11-26T00:46:28.014+0000] {logging_mixin.py:151} INFO - [2025-11-26T00:46:28.014+0000] {dag.py:3696} INFO - Setting next_dagrun for example_short_circuit_operator to 2025-11-25T00:46:28.013667+00:00, run_after=2025-11-26T00:46:28.013667+00:00
[2025-11-26T00:46:28.050+0000] {processor.py:179} INFO - Processing /home/airflow/.local/lib/python3.8/site-packages/airflow/example_dags/example_short_circuit_operator.py took 0.172 seconds
[2025-11-26T06:46:46.106+0000] {processor.py:157} INFO - Started process (PID=21249) to work on /home/airflow/.local/lib/python3.8/site-packages/airflow/example_dags/example_short_circuit_operator.py
[2025-11-26T06:46:46.108+0000] {processor.py:829} INFO - Processing file /home/airflow/.local/lib/python3.8/site-packages/airflow/example_dags/example_short_circuit_operator.py for tasks to queue
[2025-11-26T06:46:46.114+0000] {logging_mixin.py:151} INFO - [2025-11-26T06:46:46.113+0000] {dagbag.py:539} INFO - Filling up the DagBag from /home/airflow/.local/lib/python3.8/site-packages/airflow/example_dags/example_short_circuit_operator.py
[2025-11-26T06:46:46.137+0000] {processor.py:839} INFO - DAG(s) dict_keys(['example_short_circuit_operator']) retrieved from /home/airflow/.local/lib/python3.8/site-packages/airflow/example_dags/example_short_circuit_operator.py
[2025-11-26T06:46:46.236+0000] {logging_mixin.py:151} INFO - [2025-11-26T06:46:46.236+0000] {dag.py:2915} INFO - Sync 1 DAGs
[2025-11-26T06:46:46.269+0000] {logging_mixin.py:151} INFO - [2025-11-26T06:46:46.269+0000] {dag.py:3696} INFO - Setting next_dagrun for example_short_circuit_operator to 2025-11-25T06:46:46.268710+00:00, run_after=2025-11-26T06:46:46.268710+00:00
[2025-11-26T06:46:46.306+0000] {processor.py:179} INFO - Processing /home/airflow/.local/lib/python3.8/site-packages/airflow/example_dags/example_short_circuit_operator.py took 0.205 seconds
[2025-11-26T07:35:27.489+0000] {processor.py:157} INFO - Started process (PID=21320) to work on /home/airflow/.local/lib/python3.8/site-packages/airflow/example_dags/example_short_circuit_operator.py
[2025-11-26T07:35:27.490+0000] {processor.py:829} INFO - Processing file /home/airflow/.local/lib/python3.8/site-packages/airflow/example_dags/example_short_circuit_operator.py for tasks to queue
[2025-11-26T07:35:27.492+0000] {logging_mixin.py:151} INFO - [2025-11-26T07:35:27.491+0000] {dagbag.py:539} INFO - Filling up the DagBag from /home/airflow/.local/lib/python3.8/site-packages/airflow/example_dags/example_short_circuit_operator.py
[2025-11-26T07:35:27.506+0000] {processor.py:839} INFO - DAG(s) dict_keys(['example_short_circuit_operator']) retrieved from /home/airflow/.local/lib/python3.8/site-packages/airflow/example_dags/example_short_circuit_operator.py
[2025-11-26T07:35:27.560+0000] {logging_mixin.py:151} INFO - [2025-11-26T07:35:27.559+0000] {dag.py:2915} INFO - Sync 1 DAGs
[2025-11-26T07:35:27.609+0000] {logging_mixin.py:151} INFO - [2025-11-26T07:35:27.609+0000] {dag.py:3696} INFO - Setting next_dagrun for example_short_circuit_operator to 2025-11-25T07:35:27.608792+00:00, run_after=2025-11-26T07:35:27.608792+00:00
[2025-11-26T07:35:27.661+0000] {processor.py:179} INFO - Processing /home/airflow/.local/lib/python3.8/site-packages/airflow/example_dags/example_short_circuit_operator.py took 0.177 seconds
[2025-11-26T23:25:22.350+0000] {processor.py:157} INFO - Started process (PID=21413) to work on /home/airflow/.local/lib/python3.8/site-packages/airflow/example_dags/example_short_circuit_operator.py
[2025-11-26T23:25:22.352+0000] {processor.py:829} INFO - Processing file /home/airflow/.local/lib/python3.8/site-packages/airflow/example_dags/example_short_circuit_operator.py for tasks to queue
[2025-11-26T23:25:22.356+0000] {logging_mixin.py:151} INFO - [2025-11-26T23:25:22.354+0000] {dagbag.py:539} INFO - Filling up the DagBag from /home/airflow/.local/lib/python3.8/site-packages/airflow/example_dags/example_short_circuit_operator.py
[2025-11-26T23:25:22.382+0000] {processor.py:839} INFO - DAG(s) dict_keys(['example_short_circuit_operator']) retrieved from /home/airflow/.local/lib/python3.8/site-packages/airflow/example_dags/example_short_circuit_operator.py
[2025-11-26T23:25:22.468+0000] {logging_mixin.py:151} INFO - [2025-11-26T23:25:22.468+0000] {dag.py:2915} INFO - Sync 1 DAGs
[2025-11-26T23:25:22.530+0000] {logging_mixin.py:151} INFO - [2025-11-26T23:25:22.529+0000] {dag.py:3696} INFO - Setting next_dagrun for example_short_circuit_operator to 2025-11-25T23:25:22.529232+00:00, run_after=2025-11-26T23:25:22.529232+00:00
[2025-11-26T23:25:22.582+0000] {processor.py:179} INFO - Processing /home/airflow/.local/lib/python3.8/site-packages/airflow/example_dags/example_short_circuit_operator.py took 0.241 seconds
