[2025-11-26T06:46:43.585+0000] {processor.py:157} INFO - Started process (PID=21240) to work on /home/airflow/.local/lib/python3.8/site-packages/airflow/example_dags/example_xcomargs.py
[2025-11-26T06:46:43.588+0000] {processor.py:829} INFO - Processing file /home/airflow/.local/lib/python3.8/site-packages/airflow/example_dags/example_xcomargs.py for tasks to queue
[2025-11-26T06:46:43.593+0000] {logging_mixin.py:151} INFO - [2025-11-26T06:46:43.592+0000] {dagbag.py:539} INFO - Filling up the DagBag from /home/airflow/.local/lib/python3.8/site-packages/airflow/example_dags/example_xcomargs.py
[2025-11-26T06:46:43.611+0000] {processor.py:839} INFO - DAG(s) dict_keys(['example_xcom_args_with_operators', 'example_xcom_args']) retrieved from /home/airflow/.local/lib/python3.8/site-packages/airflow/example_dags/example_xcomargs.py
[2025-11-26T06:46:43.999+0000] {logging_mixin.py:151} INFO - [2025-11-26T06:46:43.998+0000] {security.py:708} INFO - Not syncing DAG-level permissions for DAG 'DAG:example_xcom_args' as access control is unset.
[2025-11-26T06:46:44.000+0000] {logging_mixin.py:151} INFO - [2025-11-26T06:46:43.999+0000] {dag.py:2915} INFO - Sync 2 DAGs
[2025-11-26T06:46:44.020+0000] {logging_mixin.py:151} INFO - [2025-11-26T06:46:44.019+0000] {dag.py:3696} INFO - Setting next_dagrun for example_xcom_args to None, run_after=None
[2025-11-26T06:46:44.025+0000] {logging_mixin.py:151} INFO - [2025-11-26T06:46:44.025+0000] {dag.py:3696} INFO - Setting next_dagrun for example_xcom_args_with_operators to None, run_after=None
[2025-11-26T06:46:44.064+0000] {processor.py:179} INFO - Processing /home/airflow/.local/lib/python3.8/site-packages/airflow/example_dags/example_xcomargs.py took 0.485 seconds
[2025-11-26T06:59:22.390+0000] {processor.py:157} INFO - Started process (PID=21304) to work on /home/airflow/.local/lib/python3.8/site-packages/airflow/example_dags/example_xcomargs.py
[2025-11-26T06:59:22.391+0000] {processor.py:829} INFO - Processing file /home/airflow/.local/lib/python3.8/site-packages/airflow/example_dags/example_xcomargs.py for tasks to queue
[2025-11-26T06:59:22.393+0000] {logging_mixin.py:151} INFO - [2025-11-26T06:59:22.393+0000] {dagbag.py:539} INFO - Filling up the DagBag from /home/airflow/.local/lib/python3.8/site-packages/airflow/example_dags/example_xcomargs.py
[2025-11-26T06:59:22.407+0000] {processor.py:839} INFO - DAG(s) dict_keys(['example_xcom_args_with_operators', 'example_xcom_args']) retrieved from /home/airflow/.local/lib/python3.8/site-packages/airflow/example_dags/example_xcomargs.py
[2025-11-26T06:59:22.465+0000] {logging_mixin.py:151} INFO - [2025-11-26T06:59:22.465+0000] {dag.py:2915} INFO - Sync 2 DAGs
[2025-11-26T06:59:22.492+0000] {logging_mixin.py:151} INFO - [2025-11-26T06:59:22.492+0000] {dag.py:3696} INFO - Setting next_dagrun for example_xcom_args to None, run_after=None
[2025-11-26T06:59:22.498+0000] {logging_mixin.py:151} INFO - [2025-11-26T06:59:22.498+0000] {dag.py:3696} INFO - Setting next_dagrun for example_xcom_args_with_operators to None, run_after=None
[2025-11-26T06:59:22.538+0000] {processor.py:179} INFO - Processing /home/airflow/.local/lib/python3.8/site-packages/airflow/example_dags/example_xcomargs.py took 0.159 seconds
[2025-11-26T07:35:33.191+0000] {processor.py:157} INFO - Started process (PID=21358) to work on /home/airflow/.local/lib/python3.8/site-packages/airflow/example_dags/example_xcomargs.py
[2025-11-26T07:35:33.193+0000] {processor.py:829} INFO - Processing file /home/airflow/.local/lib/python3.8/site-packages/airflow/example_dags/example_xcomargs.py for tasks to queue
[2025-11-26T07:35:33.195+0000] {logging_mixin.py:151} INFO - [2025-11-26T07:35:33.194+0000] {dagbag.py:539} INFO - Filling up the DagBag from /home/airflow/.local/lib/python3.8/site-packages/airflow/example_dags/example_xcomargs.py
[2025-11-26T07:35:33.208+0000] {processor.py:839} INFO - DAG(s) dict_keys(['example_xcom_args', 'example_xcom_args_with_operators']) retrieved from /home/airflow/.local/lib/python3.8/site-packages/airflow/example_dags/example_xcomargs.py
[2025-11-26T07:35:33.255+0000] {logging_mixin.py:151} INFO - [2025-11-26T07:35:33.255+0000] {dag.py:2915} INFO - Sync 2 DAGs
[2025-11-26T07:35:33.273+0000] {logging_mixin.py:151} INFO - [2025-11-26T07:35:33.273+0000] {dag.py:3696} INFO - Setting next_dagrun for example_xcom_args to None, run_after=None
[2025-11-26T07:35:33.278+0000] {logging_mixin.py:151} INFO - [2025-11-26T07:35:33.278+0000] {dag.py:3696} INFO - Setting next_dagrun for example_xcom_args_with_operators to None, run_after=None
[2025-11-26T07:35:33.306+0000] {processor.py:179} INFO - Processing /home/airflow/.local/lib/python3.8/site-packages/airflow/example_dags/example_xcomargs.py took 0.120 seconds
[2025-11-26T18:13:02.012+0000] {processor.py:157} INFO - Started process (PID=21397) to work on /home/airflow/.local/lib/python3.8/site-packages/airflow/example_dags/example_xcomargs.py
[2025-11-26T18:13:02.014+0000] {processor.py:829} INFO - Processing file /home/airflow/.local/lib/python3.8/site-packages/airflow/example_dags/example_xcomargs.py for tasks to queue
[2025-11-26T18:13:02.016+0000] {logging_mixin.py:151} INFO - [2025-11-26T18:13:02.015+0000] {dagbag.py:539} INFO - Filling up the DagBag from /home/airflow/.local/lib/python3.8/site-packages/airflow/example_dags/example_xcomargs.py
[2025-11-26T18:13:02.034+0000] {processor.py:839} INFO - DAG(s) dict_keys(['example_xcom_args', 'example_xcom_args_with_operators']) retrieved from /home/airflow/.local/lib/python3.8/site-packages/airflow/example_dags/example_xcomargs.py
[2025-11-26T18:13:02.126+0000] {logging_mixin.py:151} INFO - [2025-11-26T18:13:02.126+0000] {dag.py:2915} INFO - Sync 2 DAGs
[2025-11-26T18:13:02.225+0000] {logging_mixin.py:151} INFO - [2025-11-26T18:13:02.224+0000] {dag.py:3696} INFO - Setting next_dagrun for example_xcom_args to None, run_after=None
[2025-11-26T18:13:02.243+0000] {logging_mixin.py:151} INFO - [2025-11-26T18:13:02.243+0000] {dag.py:3696} INFO - Setting next_dagrun for example_xcom_args_with_operators to None, run_after=None
[2025-11-26T18:13:02.634+0000] {processor.py:179} INFO - Processing /home/airflow/.local/lib/python3.8/site-packages/airflow/example_dags/example_xcomargs.py took 0.630 seconds
[2025-11-26T23:25:35.118+0000] {processor.py:157} INFO - Started process (PID=21451) to work on /home/airflow/.local/lib/python3.8/site-packages/airflow/example_dags/example_xcomargs.py
[2025-11-26T23:25:35.137+0000] {processor.py:829} INFO - Processing file /home/airflow/.local/lib/python3.8/site-packages/airflow/example_dags/example_xcomargs.py for tasks to queue
[2025-11-26T23:25:35.155+0000] {logging_mixin.py:151} INFO - [2025-11-26T23:25:35.149+0000] {dagbag.py:539} INFO - Filling up the DagBag from /home/airflow/.local/lib/python3.8/site-packages/airflow/example_dags/example_xcomargs.py
[2025-11-26T23:25:35.475+0000] {processor.py:839} INFO - DAG(s) dict_keys(['example_xcom_args_with_operators', 'example_xcom_args']) retrieved from /home/airflow/.local/lib/python3.8/site-packages/airflow/example_dags/example_xcomargs.py
[2025-11-26T23:25:36.274+0000] {logging_mixin.py:151} INFO - [2025-11-26T23:25:36.272+0000] {dag.py:2915} INFO - Sync 2 DAGs
[2025-11-26T23:25:36.576+0000] {logging_mixin.py:151} INFO - [2025-11-26T23:25:36.574+0000] {dag.py:3696} INFO - Setting next_dagrun for example_xcom_args to None, run_after=None
[2025-11-26T23:25:36.630+0000] {logging_mixin.py:151} INFO - [2025-11-26T23:25:36.628+0000] {dag.py:3696} INFO - Setting next_dagrun for example_xcom_args_with_operators to None, run_after=None
[2025-11-26T23:25:37.266+0000] {processor.py:179} INFO - Processing /home/airflow/.local/lib/python3.8/site-packages/airflow/example_dags/example_xcomargs.py took 2.229 seconds
