[2025-11-26T00:46:28.619+0000] {processor.py:157} INFO - Started process (PID=21164) to work on /home/airflow/.local/lib/python3.8/site-packages/airflow/example_dags/example_latest_only.py
[2025-11-26T00:46:28.621+0000] {processor.py:829} INFO - Processing file /home/airflow/.local/lib/python3.8/site-packages/airflow/example_dags/example_latest_only.py for tasks to queue
[2025-11-26T00:46:28.623+0000] {logging_mixin.py:151} INFO - [2025-11-26T00:46:28.622+0000] {dagbag.py:539} INFO - Filling up the DagBag from /home/airflow/.local/lib/python3.8/site-packages/airflow/example_dags/example_latest_only.py
[2025-11-26T00:46:28.638+0000] {processor.py:839} INFO - DAG(s) dict_keys(['latest_only']) retrieved from /home/airflow/.local/lib/python3.8/site-packages/airflow/example_dags/example_latest_only.py
[2025-11-26T00:46:28.689+0000] {logging_mixin.py:151} INFO - [2025-11-26T00:46:28.689+0000] {dag.py:2915} INFO - Sync 1 DAGs
[2025-11-26T00:46:28.723+0000] {logging_mixin.py:151} INFO - [2025-11-26T00:46:28.723+0000] {dag.py:3696} INFO - Setting next_dagrun for latest_only to 2025-11-25T20:46:28.723095+00:00, run_after=2025-11-26T00:46:28.723095+00:00
[2025-11-26T00:46:28.755+0000] {processor.py:179} INFO - Processing /home/airflow/.local/lib/python3.8/site-packages/airflow/example_dags/example_latest_only.py took 0.141 seconds
[2025-11-26T06:46:46.927+0000] {processor.py:157} INFO - Started process (PID=21257) to work on /home/airflow/.local/lib/python3.8/site-packages/airflow/example_dags/example_latest_only.py
[2025-11-26T06:46:46.929+0000] {processor.py:829} INFO - Processing file /home/airflow/.local/lib/python3.8/site-packages/airflow/example_dags/example_latest_only.py for tasks to queue
[2025-11-26T06:46:46.953+0000] {logging_mixin.py:151} INFO - [2025-11-26T06:46:46.953+0000] {dagbag.py:539} INFO - Filling up the DagBag from /home/airflow/.local/lib/python3.8/site-packages/airflow/example_dags/example_latest_only.py
[2025-11-26T06:46:46.962+0000] {processor.py:839} INFO - DAG(s) dict_keys(['latest_only']) retrieved from /home/airflow/.local/lib/python3.8/site-packages/airflow/example_dags/example_latest_only.py
[2025-11-26T06:46:47.001+0000] {logging_mixin.py:151} INFO - [2025-11-26T06:46:47.000+0000] {dag.py:2915} INFO - Sync 1 DAGs
[2025-11-26T06:46:47.040+0000] {logging_mixin.py:151} INFO - [2025-11-26T06:46:47.040+0000] {dag.py:3696} INFO - Setting next_dagrun for latest_only to 2025-11-26T02:46:47.039808+00:00, run_after=2025-11-26T06:46:47.039808+00:00
[2025-11-26T06:46:47.070+0000] {processor.py:179} INFO - Processing /home/airflow/.local/lib/python3.8/site-packages/airflow/example_dags/example_latest_only.py took 0.152 seconds
[2025-11-26T07:35:28.755+0000] {processor.py:157} INFO - Started process (PID=21328) to work on /home/airflow/.local/lib/python3.8/site-packages/airflow/example_dags/example_latest_only.py
[2025-11-26T07:35:28.757+0000] {processor.py:829} INFO - Processing file /home/airflow/.local/lib/python3.8/site-packages/airflow/example_dags/example_latest_only.py for tasks to queue
[2025-11-26T07:35:28.759+0000] {logging_mixin.py:151} INFO - [2025-11-26T07:35:28.758+0000] {dagbag.py:539} INFO - Filling up the DagBag from /home/airflow/.local/lib/python3.8/site-packages/airflow/example_dags/example_latest_only.py
[2025-11-26T07:35:28.771+0000] {processor.py:839} INFO - DAG(s) dict_keys(['latest_only']) retrieved from /home/airflow/.local/lib/python3.8/site-packages/airflow/example_dags/example_latest_only.py
[2025-11-26T07:35:28.859+0000] {logging_mixin.py:151} INFO - [2025-11-26T07:35:28.859+0000] {dag.py:2915} INFO - Sync 1 DAGs
[2025-11-26T07:35:28.893+0000] {logging_mixin.py:151} INFO - [2025-11-26T07:35:28.892+0000] {dag.py:3696} INFO - Setting next_dagrun for latest_only to 2025-11-26T03:35:28.892372+00:00, run_after=2025-11-26T07:35:28.892372+00:00
[2025-11-26T07:35:29.275+0000] {processor.py:179} INFO - Processing /home/airflow/.local/lib/python3.8/site-packages/airflow/example_dags/example_latest_only.py took 0.529 seconds
[2025-11-26T23:25:23.584+0000] {processor.py:157} INFO - Started process (PID=21421) to work on /home/airflow/.local/lib/python3.8/site-packages/airflow/example_dags/example_latest_only.py
[2025-11-26T23:25:23.586+0000] {processor.py:829} INFO - Processing file /home/airflow/.local/lib/python3.8/site-packages/airflow/example_dags/example_latest_only.py for tasks to queue
[2025-11-26T23:25:23.589+0000] {logging_mixin.py:151} INFO - [2025-11-26T23:25:23.588+0000] {dagbag.py:539} INFO - Filling up the DagBag from /home/airflow/.local/lib/python3.8/site-packages/airflow/example_dags/example_latest_only.py
[2025-11-26T23:25:23.603+0000] {processor.py:839} INFO - DAG(s) dict_keys(['latest_only']) retrieved from /home/airflow/.local/lib/python3.8/site-packages/airflow/example_dags/example_latest_only.py
[2025-11-26T23:25:23.655+0000] {logging_mixin.py:151} INFO - [2025-11-26T23:25:23.655+0000] {dag.py:2915} INFO - Sync 1 DAGs
[2025-11-26T23:25:23.704+0000] {logging_mixin.py:151} INFO - [2025-11-26T23:25:23.704+0000] {dag.py:3696} INFO - Setting next_dagrun for latest_only to 2025-11-26T19:25:23.703936+00:00, run_after=2025-11-26T23:25:23.703936+00:00
[2025-11-26T23:25:23.745+0000] {processor.py:179} INFO - Processing /home/airflow/.local/lib/python3.8/site-packages/airflow/example_dags/example_latest_only.py took 0.173 seconds
