[2025-11-26T00:46:28.463+0000] {processor.py:157} INFO - Started process (PID=21162) to work on /home/airflow/.local/lib/python3.8/site-packages/airflow/example_dags/example_trigger_target_dag.py
[2025-11-26T00:46:28.465+0000] {processor.py:829} INFO - Processing file /home/airflow/.local/lib/python3.8/site-packages/airflow/example_dags/example_trigger_target_dag.py for tasks to queue
[2025-11-26T00:46:28.466+0000] {logging_mixin.py:151} INFO - [2025-11-26T00:46:28.466+0000] {dagbag.py:539} INFO - Filling up the DagBag from /home/airflow/.local/lib/python3.8/site-packages/airflow/example_dags/example_trigger_target_dag.py
[2025-11-26T00:46:28.477+0000] {processor.py:839} INFO - DAG(s) dict_keys(['example_trigger_target_dag']) retrieved from /home/airflow/.local/lib/python3.8/site-packages/airflow/example_dags/example_trigger_target_dag.py
[2025-11-26T00:46:28.515+0000] {logging_mixin.py:151} INFO - [2025-11-26T00:46:28.515+0000] {dag.py:2915} INFO - Sync 1 DAGs
[2025-11-26T00:46:28.537+0000] {logging_mixin.py:151} INFO - [2025-11-26T00:46:28.537+0000] {dag.py:3696} INFO - Setting next_dagrun for example_trigger_target_dag to None, run_after=None
[2025-11-26T00:46:28.582+0000] {processor.py:179} INFO - Processing /home/airflow/.local/lib/python3.8/site-packages/airflow/example_dags/example_trigger_target_dag.py took 0.124 seconds
[2025-11-26T06:46:46.748+0000] {processor.py:157} INFO - Started process (PID=21255) to work on /home/airflow/.local/lib/python3.8/site-packages/airflow/example_dags/example_trigger_target_dag.py
[2025-11-26T06:46:46.751+0000] {processor.py:829} INFO - Processing file /home/airflow/.local/lib/python3.8/site-packages/airflow/example_dags/example_trigger_target_dag.py for tasks to queue
[2025-11-26T06:46:46.754+0000] {logging_mixin.py:151} INFO - [2025-11-26T06:46:46.754+0000] {dagbag.py:539} INFO - Filling up the DagBag from /home/airflow/.local/lib/python3.8/site-packages/airflow/example_dags/example_trigger_target_dag.py
[2025-11-26T06:46:46.764+0000] {processor.py:839} INFO - DAG(s) dict_keys(['example_trigger_target_dag']) retrieved from /home/airflow/.local/lib/python3.8/site-packages/airflow/example_dags/example_trigger_target_dag.py
[2025-11-26T06:46:46.807+0000] {logging_mixin.py:151} INFO - [2025-11-26T06:46:46.807+0000] {dag.py:2915} INFO - Sync 1 DAGs
[2025-11-26T06:46:46.840+0000] {logging_mixin.py:151} INFO - [2025-11-26T06:46:46.840+0000] {dag.py:3696} INFO - Setting next_dagrun for example_trigger_target_dag to None, run_after=None
[2025-11-26T06:46:46.875+0000] {processor.py:179} INFO - Processing /home/airflow/.local/lib/python3.8/site-packages/airflow/example_dags/example_trigger_target_dag.py took 0.132 seconds
[2025-11-26T07:35:28.431+0000] {processor.py:157} INFO - Started process (PID=21326) to work on /home/airflow/.local/lib/python3.8/site-packages/airflow/example_dags/example_trigger_target_dag.py
[2025-11-26T07:35:28.434+0000] {processor.py:829} INFO - Processing file /home/airflow/.local/lib/python3.8/site-packages/airflow/example_dags/example_trigger_target_dag.py for tasks to queue
[2025-11-26T07:35:28.437+0000] {logging_mixin.py:151} INFO - [2025-11-26T07:35:28.437+0000] {dagbag.py:539} INFO - Filling up the DagBag from /home/airflow/.local/lib/python3.8/site-packages/airflow/example_dags/example_trigger_target_dag.py
[2025-11-26T07:35:28.447+0000] {processor.py:839} INFO - DAG(s) dict_keys(['example_trigger_target_dag']) retrieved from /home/airflow/.local/lib/python3.8/site-packages/airflow/example_dags/example_trigger_target_dag.py
[2025-11-26T07:35:28.481+0000] {logging_mixin.py:151} INFO - [2025-11-26T07:35:28.480+0000] {dag.py:2915} INFO - Sync 1 DAGs
[2025-11-26T07:35:28.500+0000] {logging_mixin.py:151} INFO - [2025-11-26T07:35:28.499+0000] {dag.py:3696} INFO - Setting next_dagrun for example_trigger_target_dag to None, run_after=None
[2025-11-26T07:35:28.529+0000] {processor.py:179} INFO - Processing /home/airflow/.local/lib/python3.8/site-packages/airflow/example_dags/example_trigger_target_dag.py took 0.103 seconds
[2025-11-26T23:25:23.287+0000] {processor.py:157} INFO - Started process (PID=21419) to work on /home/airflow/.local/lib/python3.8/site-packages/airflow/example_dags/example_trigger_target_dag.py
[2025-11-26T23:25:23.290+0000] {processor.py:829} INFO - Processing file /home/airflow/.local/lib/python3.8/site-packages/airflow/example_dags/example_trigger_target_dag.py for tasks to queue
[2025-11-26T23:25:23.292+0000] {logging_mixin.py:151} INFO - [2025-11-26T23:25:23.291+0000] {dagbag.py:539} INFO - Filling up the DagBag from /home/airflow/.local/lib/python3.8/site-packages/airflow/example_dags/example_trigger_target_dag.py
[2025-11-26T23:25:23.305+0000] {processor.py:839} INFO - DAG(s) dict_keys(['example_trigger_target_dag']) retrieved from /home/airflow/.local/lib/python3.8/site-packages/airflow/example_dags/example_trigger_target_dag.py
[2025-11-26T23:25:23.357+0000] {logging_mixin.py:151} INFO - [2025-11-26T23:25:23.357+0000] {dag.py:2915} INFO - Sync 1 DAGs
[2025-11-26T23:25:23.392+0000] {logging_mixin.py:151} INFO - [2025-11-26T23:25:23.392+0000] {dag.py:3696} INFO - Setting next_dagrun for example_trigger_target_dag to None, run_after=None
[2025-11-26T23:25:23.449+0000] {processor.py:179} INFO - Processing /home/airflow/.local/lib/python3.8/site-packages/airflow/example_dags/example_trigger_target_dag.py took 0.170 seconds
