[2025-11-26T02:46:31.574+0000] {processor.py:157} INFO - Started process (PID=21184) to work on /home/airflow/.local/lib/python3.8/site-packages/airflow/example_dags/example_sensors.py
[2025-11-26T02:46:31.577+0000] {processor.py:829} INFO - Processing file /home/airflow/.local/lib/python3.8/site-packages/airflow/example_dags/example_sensors.py for tasks to queue
[2025-11-26T02:46:31.580+0000] {logging_mixin.py:151} INFO - [2025-11-26T02:46:31.579+0000] {dagbag.py:539} INFO - Filling up the DagBag from /home/airflow/.local/lib/python3.8/site-packages/airflow/example_dags/example_sensors.py
[2025-11-26T02:46:31.612+0000] {processor.py:839} INFO - DAG(s) dict_keys(['example_sensors']) retrieved from /home/airflow/.local/lib/python3.8/site-packages/airflow/example_dags/example_sensors.py
[2025-11-26T02:46:31.803+0000] {logging_mixin.py:151} INFO - [2025-11-26T02:46:31.703+0000] {dag.py:2915} INFO - Sync 1 DAGs
[2025-11-26T02:46:31.871+0000] {logging_mixin.py:151} INFO - [2025-11-26T02:46:31.871+0000] {dag.py:3696} INFO - Setting next_dagrun for example_sensors to None, run_after=None
[2025-11-26T02:46:31.921+0000] {processor.py:179} INFO - Processing /home/airflow/.local/lib/python3.8/site-packages/airflow/example_dags/example_sensors.py took 0.362 seconds
[2025-11-26T04:46:38.732+0000] {processor.py:157} INFO - Started process (PID=21216) to work on /home/airflow/.local/lib/python3.8/site-packages/airflow/example_dags/example_sensors.py
[2025-11-26T04:46:38.733+0000] {processor.py:829} INFO - Processing file /home/airflow/.local/lib/python3.8/site-packages/airflow/example_dags/example_sensors.py for tasks to queue
[2025-11-26T04:46:38.738+0000] {logging_mixin.py:151} INFO - [2025-11-26T04:46:38.737+0000] {dagbag.py:539} INFO - Filling up the DagBag from /home/airflow/.local/lib/python3.8/site-packages/airflow/example_dags/example_sensors.py
[2025-11-26T04:46:38.759+0000] {processor.py:839} INFO - DAG(s) dict_keys(['example_sensors']) retrieved from /home/airflow/.local/lib/python3.8/site-packages/airflow/example_dags/example_sensors.py
[2025-11-26T04:46:38.829+0000] {logging_mixin.py:151} INFO - [2025-11-26T04:46:38.829+0000] {dag.py:2915} INFO - Sync 1 DAGs
[2025-11-26T04:46:38.977+0000] {logging_mixin.py:151} INFO - [2025-11-26T04:46:38.977+0000] {dag.py:3696} INFO - Setting next_dagrun for example_sensors to None, run_after=None
[2025-11-26T04:46:39.030+0000] {processor.py:179} INFO - Processing /home/airflow/.local/lib/python3.8/site-packages/airflow/example_dags/example_sensors.py took 0.303 seconds
[2025-11-26T06:46:48.910+0000] {processor.py:157} INFO - Started process (PID=21270) to work on /home/airflow/.local/lib/python3.8/site-packages/airflow/example_dags/example_sensors.py
[2025-11-26T06:46:48.911+0000] {processor.py:829} INFO - Processing file /home/airflow/.local/lib/python3.8/site-packages/airflow/example_dags/example_sensors.py for tasks to queue
[2025-11-26T06:46:48.915+0000] {logging_mixin.py:151} INFO - [2025-11-26T06:46:48.914+0000] {dagbag.py:539} INFO - Filling up the DagBag from /home/airflow/.local/lib/python3.8/site-packages/airflow/example_dags/example_sensors.py
[2025-11-26T06:46:48.930+0000] {processor.py:839} INFO - DAG(s) dict_keys(['example_sensors']) retrieved from /home/airflow/.local/lib/python3.8/site-packages/airflow/example_dags/example_sensors.py
[2025-11-26T06:46:48.977+0000] {logging_mixin.py:151} INFO - [2025-11-26T06:46:48.977+0000] {dag.py:2915} INFO - Sync 1 DAGs
[2025-11-26T06:46:48.999+0000] {logging_mixin.py:151} INFO - [2025-11-26T06:46:48.999+0000] {dag.py:3696} INFO - Setting next_dagrun for example_sensors to None, run_after=None
[2025-11-26T06:46:49.036+0000] {processor.py:179} INFO - Processing /home/airflow/.local/lib/python3.8/site-packages/airflow/example_dags/example_sensors.py took 0.132 seconds
[2025-11-26T06:59:19.606+0000] {processor.py:157} INFO - Started process (PID=21287) to work on /home/airflow/.local/lib/python3.8/site-packages/airflow/example_dags/example_sensors.py
[2025-11-26T06:59:19.609+0000] {processor.py:829} INFO - Processing file /home/airflow/.local/lib/python3.8/site-packages/airflow/example_dags/example_sensors.py for tasks to queue
[2025-11-26T06:59:19.610+0000] {logging_mixin.py:151} INFO - [2025-11-26T06:59:19.610+0000] {dagbag.py:539} INFO - Filling up the DagBag from /home/airflow/.local/lib/python3.8/site-packages/airflow/example_dags/example_sensors.py
[2025-11-26T06:59:19.642+0000] {processor.py:839} INFO - DAG(s) dict_keys(['example_sensors']) retrieved from /home/airflow/.local/lib/python3.8/site-packages/airflow/example_dags/example_sensors.py
[2025-11-26T06:59:19.754+0000] {logging_mixin.py:151} INFO - [2025-11-26T06:59:19.754+0000] {dag.py:2915} INFO - Sync 1 DAGs
[2025-11-26T06:59:19.772+0000] {logging_mixin.py:151} INFO - [2025-11-26T06:59:19.770+0000] {dag.py:3696} INFO - Setting next_dagrun for example_sensors to None, run_after=None
[2025-11-26T06:59:19.968+0000] {processor.py:179} INFO - Processing /home/airflow/.local/lib/python3.8/site-packages/airflow/example_dags/example_sensors.py took 0.367 seconds
[2025-11-26T07:35:31.118+0000] {processor.py:157} INFO - Started process (PID=21341) to work on /home/airflow/.local/lib/python3.8/site-packages/airflow/example_dags/example_sensors.py
[2025-11-26T07:35:31.120+0000] {processor.py:829} INFO - Processing file /home/airflow/.local/lib/python3.8/site-packages/airflow/example_dags/example_sensors.py for tasks to queue
[2025-11-26T07:35:31.122+0000] {logging_mixin.py:151} INFO - [2025-11-26T07:35:31.121+0000] {dagbag.py:539} INFO - Filling up the DagBag from /home/airflow/.local/lib/python3.8/site-packages/airflow/example_dags/example_sensors.py
[2025-11-26T07:35:31.140+0000] {processor.py:839} INFO - DAG(s) dict_keys(['example_sensors']) retrieved from /home/airflow/.local/lib/python3.8/site-packages/airflow/example_dags/example_sensors.py
[2025-11-26T07:35:31.185+0000] {logging_mixin.py:151} INFO - [2025-11-26T07:35:31.185+0000] {dag.py:2915} INFO - Sync 1 DAGs
[2025-11-26T07:35:31.212+0000] {logging_mixin.py:151} INFO - [2025-11-26T07:35:31.212+0000] {dag.py:3696} INFO - Setting next_dagrun for example_sensors to None, run_after=None
[2025-11-26T07:35:31.243+0000] {processor.py:179} INFO - Processing /home/airflow/.local/lib/python3.8/site-packages/airflow/example_dags/example_sensors.py took 0.131 seconds
[2025-11-26T15:12:19.858+0000] {processor.py:157} INFO - Started process (PID=21373) to work on /home/airflow/.local/lib/python3.8/site-packages/airflow/example_dags/example_sensors.py
[2025-11-26T15:12:19.865+0000] {processor.py:829} INFO - Processing file /home/airflow/.local/lib/python3.8/site-packages/airflow/example_dags/example_sensors.py for tasks to queue
[2025-11-26T15:12:19.870+0000] {logging_mixin.py:151} INFO - [2025-11-26T15:12:19.869+0000] {dagbag.py:539} INFO - Filling up the DagBag from /home/airflow/.local/lib/python3.8/site-packages/airflow/example_dags/example_sensors.py
[2025-11-26T15:12:19.933+0000] {processor.py:839} INFO - DAG(s) dict_keys(['example_sensors']) retrieved from /home/airflow/.local/lib/python3.8/site-packages/airflow/example_dags/example_sensors.py
[2025-11-26T15:12:20.025+0000] {logging_mixin.py:151} INFO - [2025-11-26T15:12:20.024+0000] {dag.py:2915} INFO - Sync 1 DAGs
[2025-11-26T15:12:20.127+0000] {logging_mixin.py:151} INFO - [2025-11-26T15:12:20.127+0000] {dag.py:3696} INFO - Setting next_dagrun for example_sensors to None, run_after=None
[2025-11-26T15:12:20.174+0000] {processor.py:179} INFO - Processing /home/airflow/.local/lib/python3.8/site-packages/airflow/example_dags/example_sensors.py took 0.333 seconds
[2025-11-26T23:25:25.948+0000] {processor.py:157} INFO - Started process (PID=21434) to work on /home/airflow/.local/lib/python3.8/site-packages/airflow/example_dags/example_sensors.py
[2025-11-26T23:25:25.951+0000] {processor.py:829} INFO - Processing file /home/airflow/.local/lib/python3.8/site-packages/airflow/example_dags/example_sensors.py for tasks to queue
[2025-11-26T23:25:25.953+0000] {logging_mixin.py:151} INFO - [2025-11-26T23:25:25.952+0000] {dagbag.py:539} INFO - Filling up the DagBag from /home/airflow/.local/lib/python3.8/site-packages/airflow/example_dags/example_sensors.py
[2025-11-26T23:25:25.982+0000] {processor.py:839} INFO - DAG(s) dict_keys(['example_sensors']) retrieved from /home/airflow/.local/lib/python3.8/site-packages/airflow/example_dags/example_sensors.py
[2025-11-26T23:25:26.061+0000] {logging_mixin.py:151} INFO - [2025-11-26T23:25:26.060+0000] {dag.py:2915} INFO - Sync 1 DAGs
[2025-11-26T23:25:26.117+0000] {logging_mixin.py:151} INFO - [2025-11-26T23:25:26.116+0000] {dag.py:3696} INFO - Setting next_dagrun for example_sensors to None, run_after=None
[2025-11-26T23:25:26.161+0000] {processor.py:179} INFO - Processing /home/airflow/.local/lib/python3.8/site-packages/airflow/example_dags/example_sensors.py took 0.219 seconds
