[2025-11-26T00:46:27.342+0000] {processor.py:157} INFO - Started process (PID=21155) to work on /home/airflow/.local/lib/python3.8/site-packages/airflow/example_dags/tutorial_taskflow_api.py
[2025-11-26T00:46:27.345+0000] {processor.py:829} INFO - Processing file /home/airflow/.local/lib/python3.8/site-packages/airflow/example_dags/tutorial_taskflow_api.py for tasks to queue
[2025-11-26T00:46:27.350+0000] {logging_mixin.py:151} INFO - [2025-11-26T00:46:27.349+0000] {dagbag.py:539} INFO - Filling up the DagBag from /home/airflow/.local/lib/python3.8/site-packages/airflow/example_dags/tutorial_taskflow_api.py
[2025-11-26T00:46:27.434+0000] {processor.py:839} INFO - DAG(s) dict_keys(['tutorial_taskflow_api']) retrieved from /home/airflow/.local/lib/python3.8/site-packages/airflow/example_dags/tutorial_taskflow_api.py
[2025-11-26T00:46:27.488+0000] {logging_mixin.py:151} INFO - [2025-11-26T00:46:27.488+0000] {dag.py:2915} INFO - Sync 1 DAGs
[2025-11-26T00:46:27.576+0000] {logging_mixin.py:151} INFO - [2025-11-26T00:46:27.576+0000] {dag.py:3696} INFO - Setting next_dagrun for tutorial_taskflow_api to None, run_after=None
[2025-11-26T00:46:27.615+0000] {processor.py:179} INFO - Processing /home/airflow/.local/lib/python3.8/site-packages/airflow/example_dags/tutorial_taskflow_api.py took 0.279 seconds
[2025-11-26T06:46:45.375+0000] {processor.py:157} INFO - Started process (PID=21246) to work on /home/airflow/.local/lib/python3.8/site-packages/airflow/example_dags/tutorial_taskflow_api.py
[2025-11-26T06:46:45.377+0000] {processor.py:829} INFO - Processing file /home/airflow/.local/lib/python3.8/site-packages/airflow/example_dags/tutorial_taskflow_api.py for tasks to queue
[2025-11-26T06:46:45.381+0000] {logging_mixin.py:151} INFO - [2025-11-26T06:46:45.380+0000] {dagbag.py:539} INFO - Filling up the DagBag from /home/airflow/.local/lib/python3.8/site-packages/airflow/example_dags/tutorial_taskflow_api.py
[2025-11-26T06:46:45.397+0000] {processor.py:839} INFO - DAG(s) dict_keys(['tutorial_taskflow_api']) retrieved from /home/airflow/.local/lib/python3.8/site-packages/airflow/example_dags/tutorial_taskflow_api.py
[2025-11-26T06:46:45.447+0000] {logging_mixin.py:151} INFO - [2025-11-26T06:46:45.447+0000] {dag.py:2915} INFO - Sync 1 DAGs
[2025-11-26T06:46:45.472+0000] {logging_mixin.py:151} INFO - [2025-11-26T06:46:45.471+0000] {dag.py:3696} INFO - Setting next_dagrun for tutorial_taskflow_api to None, run_after=None
[2025-11-26T06:46:45.502+0000] {processor.py:179} INFO - Processing /home/airflow/.local/lib/python3.8/site-packages/airflow/example_dags/tutorial_taskflow_api.py took 0.132 seconds
[2025-11-26T07:35:26.930+0000] {processor.py:157} INFO - Started process (PID=21317) to work on /home/airflow/.local/lib/python3.8/site-packages/airflow/example_dags/tutorial_taskflow_api.py
[2025-11-26T07:35:26.936+0000] {processor.py:829} INFO - Processing file /home/airflow/.local/lib/python3.8/site-packages/airflow/example_dags/tutorial_taskflow_api.py for tasks to queue
[2025-11-26T07:35:26.943+0000] {logging_mixin.py:151} INFO - [2025-11-26T07:35:26.942+0000] {dagbag.py:539} INFO - Filling up the DagBag from /home/airflow/.local/lib/python3.8/site-packages/airflow/example_dags/tutorial_taskflow_api.py
[2025-11-26T07:35:27.022+0000] {processor.py:839} INFO - DAG(s) dict_keys(['tutorial_taskflow_api']) retrieved from /home/airflow/.local/lib/python3.8/site-packages/airflow/example_dags/tutorial_taskflow_api.py
[2025-11-26T07:35:27.107+0000] {logging_mixin.py:151} INFO - [2025-11-26T07:35:27.106+0000] {dag.py:2915} INFO - Sync 1 DAGs
[2025-11-26T07:35:27.141+0000] {logging_mixin.py:151} INFO - [2025-11-26T07:35:27.140+0000] {dag.py:3696} INFO - Setting next_dagrun for tutorial_taskflow_api to None, run_after=None
[2025-11-26T07:35:27.416+0000] {processor.py:179} INFO - Processing /home/airflow/.local/lib/python3.8/site-packages/airflow/example_dags/tutorial_taskflow_api.py took 0.504 seconds
[2025-11-26T23:25:20.932+0000] {processor.py:157} INFO - Started process (PID=21410) to work on /home/airflow/.local/lib/python3.8/site-packages/airflow/example_dags/tutorial_taskflow_api.py
[2025-11-26T23:25:20.954+0000] {processor.py:829} INFO - Processing file /home/airflow/.local/lib/python3.8/site-packages/airflow/example_dags/tutorial_taskflow_api.py for tasks to queue
[2025-11-26T23:25:20.968+0000] {logging_mixin.py:151} INFO - [2025-11-26T23:25:20.967+0000] {dagbag.py:539} INFO - Filling up the DagBag from /home/airflow/.local/lib/python3.8/site-packages/airflow/example_dags/tutorial_taskflow_api.py
[2025-11-26T23:25:21.002+0000] {processor.py:839} INFO - DAG(s) dict_keys(['tutorial_taskflow_api']) retrieved from /home/airflow/.local/lib/python3.8/site-packages/airflow/example_dags/tutorial_taskflow_api.py
[2025-11-26T23:25:21.049+0000] {logging_mixin.py:151} INFO - [2025-11-26T23:25:21.049+0000] {dag.py:2915} INFO - Sync 1 DAGs
[2025-11-26T23:25:21.166+0000] {logging_mixin.py:151} INFO - [2025-11-26T23:25:21.165+0000] {dag.py:3696} INFO - Setting next_dagrun for tutorial_taskflow_api to None, run_after=None
[2025-11-26T23:25:21.307+0000] {processor.py:179} INFO - Processing /home/airflow/.local/lib/python3.8/site-packages/airflow/example_dags/tutorial_taskflow_api.py took 0.404 seconds
