[2025-11-26T00:46:30.015+0000] {processor.py:157} INFO - Started process (PID=21173) to work on /home/airflow/.local/lib/python3.8/site-packages/airflow/example_dags/tutorial_dag.py
[2025-11-26T00:46:30.018+0000] {processor.py:829} INFO - Processing file /home/airflow/.local/lib/python3.8/site-packages/airflow/example_dags/tutorial_dag.py for tasks to queue
[2025-11-26T00:46:30.020+0000] {logging_mixin.py:151} INFO - [2025-11-26T00:46:30.020+0000] {dagbag.py:539} INFO - Filling up the DagBag from /home/airflow/.local/lib/python3.8/site-packages/airflow/example_dags/tutorial_dag.py
[2025-11-26T00:46:30.034+0000] {processor.py:839} INFO - DAG(s) dict_keys(['tutorial_dag']) retrieved from /home/airflow/.local/lib/python3.8/site-packages/airflow/example_dags/tutorial_dag.py
[2025-11-26T00:46:30.073+0000] {logging_mixin.py:151} INFO - [2025-11-26T00:46:30.073+0000] {dag.py:2915} INFO - Sync 1 DAGs
[2025-11-26T00:46:30.099+0000] {logging_mixin.py:151} INFO - [2025-11-26T00:46:30.099+0000] {dag.py:3696} INFO - Setting next_dagrun for tutorial_dag to None, run_after=None
[2025-11-26T00:46:30.198+0000] {processor.py:179} INFO - Processing /home/airflow/.local/lib/python3.8/site-packages/airflow/example_dags/tutorial_dag.py took 0.193 seconds
[2025-11-26T04:46:38.167+0000] {processor.py:157} INFO - Started process (PID=21212) to work on /home/airflow/.local/lib/python3.8/site-packages/airflow/example_dags/tutorial_dag.py
[2025-11-26T04:46:38.169+0000] {processor.py:829} INFO - Processing file /home/airflow/.local/lib/python3.8/site-packages/airflow/example_dags/tutorial_dag.py for tasks to queue
[2025-11-26T04:46:38.174+0000] {logging_mixin.py:151} INFO - [2025-11-26T04:46:38.173+0000] {dagbag.py:539} INFO - Filling up the DagBag from /home/airflow/.local/lib/python3.8/site-packages/airflow/example_dags/tutorial_dag.py
[2025-11-26T04:46:38.191+0000] {processor.py:839} INFO - DAG(s) dict_keys(['tutorial_dag']) retrieved from /home/airflow/.local/lib/python3.8/site-packages/airflow/example_dags/tutorial_dag.py
[2025-11-26T04:46:38.253+0000] {logging_mixin.py:151} INFO - [2025-11-26T04:46:38.252+0000] {dag.py:2915} INFO - Sync 1 DAGs
[2025-11-26T04:46:38.277+0000] {logging_mixin.py:151} INFO - [2025-11-26T04:46:38.277+0000] {dag.py:3696} INFO - Setting next_dagrun for tutorial_dag to None, run_after=None
[2025-11-26T04:46:38.310+0000] {processor.py:179} INFO - Processing /home/airflow/.local/lib/python3.8/site-packages/airflow/example_dags/tutorial_dag.py took 0.148 seconds
[2025-11-26T06:46:48.448+0000] {processor.py:157} INFO - Started process (PID=21266) to work on /home/airflow/.local/lib/python3.8/site-packages/airflow/example_dags/tutorial_dag.py
[2025-11-26T06:46:48.451+0000] {processor.py:829} INFO - Processing file /home/airflow/.local/lib/python3.8/site-packages/airflow/example_dags/tutorial_dag.py for tasks to queue
[2025-11-26T06:46:48.455+0000] {logging_mixin.py:151} INFO - [2025-11-26T06:46:48.455+0000] {dagbag.py:539} INFO - Filling up the DagBag from /home/airflow/.local/lib/python3.8/site-packages/airflow/example_dags/tutorial_dag.py
[2025-11-26T06:46:48.466+0000] {processor.py:839} INFO - DAG(s) dict_keys(['tutorial_dag']) retrieved from /home/airflow/.local/lib/python3.8/site-packages/airflow/example_dags/tutorial_dag.py
[2025-11-26T06:46:48.511+0000] {logging_mixin.py:151} INFO - [2025-11-26T06:46:48.511+0000] {dag.py:2915} INFO - Sync 1 DAGs
[2025-11-26T06:46:48.537+0000] {logging_mixin.py:151} INFO - [2025-11-26T06:46:48.536+0000] {dag.py:3696} INFO - Setting next_dagrun for tutorial_dag to None, run_after=None
[2025-11-26T06:46:48.569+0000] {processor.py:179} INFO - Processing /home/airflow/.local/lib/python3.8/site-packages/airflow/example_dags/tutorial_dag.py took 0.126 seconds
[2025-11-26T06:59:18.935+0000] {processor.py:157} INFO - Started process (PID=21283) to work on /home/airflow/.local/lib/python3.8/site-packages/airflow/example_dags/tutorial_dag.py
[2025-11-26T06:59:18.938+0000] {processor.py:829} INFO - Processing file /home/airflow/.local/lib/python3.8/site-packages/airflow/example_dags/tutorial_dag.py for tasks to queue
[2025-11-26T06:59:18.940+0000] {logging_mixin.py:151} INFO - [2025-11-26T06:59:18.939+0000] {dagbag.py:539} INFO - Filling up the DagBag from /home/airflow/.local/lib/python3.8/site-packages/airflow/example_dags/tutorial_dag.py
[2025-11-26T06:59:18.972+0000] {processor.py:839} INFO - DAG(s) dict_keys(['tutorial_dag']) retrieved from /home/airflow/.local/lib/python3.8/site-packages/airflow/example_dags/tutorial_dag.py
[2025-11-26T06:59:19.135+0000] {logging_mixin.py:151} INFO - [2025-11-26T06:59:19.133+0000] {dag.py:2915} INFO - Sync 1 DAGs
[2025-11-26T06:59:19.166+0000] {logging_mixin.py:151} INFO - [2025-11-26T06:59:19.162+0000] {dag.py:3696} INFO - Setting next_dagrun for tutorial_dag to None, run_after=None
[2025-11-26T06:59:19.209+0000] {processor.py:179} INFO - Processing /home/airflow/.local/lib/python3.8/site-packages/airflow/example_dags/tutorial_dag.py took 0.289 seconds
[2025-11-26T07:35:30.175+0000] {processor.py:157} INFO - Started process (PID=21337) to work on /home/airflow/.local/lib/python3.8/site-packages/airflow/example_dags/tutorial_dag.py
[2025-11-26T07:35:30.177+0000] {processor.py:829} INFO - Processing file /home/airflow/.local/lib/python3.8/site-packages/airflow/example_dags/tutorial_dag.py for tasks to queue
[2025-11-26T07:35:30.178+0000] {logging_mixin.py:151} INFO - [2025-11-26T07:35:30.178+0000] {dagbag.py:539} INFO - Filling up the DagBag from /home/airflow/.local/lib/python3.8/site-packages/airflow/example_dags/tutorial_dag.py
[2025-11-26T07:35:30.187+0000] {processor.py:839} INFO - DAG(s) dict_keys(['tutorial_dag']) retrieved from /home/airflow/.local/lib/python3.8/site-packages/airflow/example_dags/tutorial_dag.py
[2025-11-26T07:35:30.224+0000] {logging_mixin.py:151} INFO - [2025-11-26T07:35:30.223+0000] {dag.py:2915} INFO - Sync 1 DAGs
[2025-11-26T07:35:30.242+0000] {logging_mixin.py:151} INFO - [2025-11-26T07:35:30.242+0000] {dag.py:3696} INFO - Setting next_dagrun for tutorial_dag to None, run_after=None
[2025-11-26T07:35:30.272+0000] {processor.py:179} INFO - Processing /home/airflow/.local/lib/python3.8/site-packages/airflow/example_dags/tutorial_dag.py took 0.102 seconds
[2025-11-26T15:12:19.042+0000] {processor.py:157} INFO - Started process (PID=21369) to work on /home/airflow/.local/lib/python3.8/site-packages/airflow/example_dags/tutorial_dag.py
[2025-11-26T15:12:19.050+0000] {processor.py:829} INFO - Processing file /home/airflow/.local/lib/python3.8/site-packages/airflow/example_dags/tutorial_dag.py for tasks to queue
[2025-11-26T15:12:19.069+0000] {logging_mixin.py:151} INFO - [2025-11-26T15:12:19.068+0000] {dagbag.py:539} INFO - Filling up the DagBag from /home/airflow/.local/lib/python3.8/site-packages/airflow/example_dags/tutorial_dag.py
[2025-11-26T15:12:19.102+0000] {processor.py:839} INFO - DAG(s) dict_keys(['tutorial_dag']) retrieved from /home/airflow/.local/lib/python3.8/site-packages/airflow/example_dags/tutorial_dag.py
[2025-11-26T15:12:19.189+0000] {logging_mixin.py:151} INFO - [2025-11-26T15:12:19.189+0000] {dag.py:2915} INFO - Sync 1 DAGs
[2025-11-26T15:12:19.237+0000] {logging_mixin.py:151} INFO - [2025-11-26T15:12:19.236+0000] {dag.py:3696} INFO - Setting next_dagrun for tutorial_dag to None, run_after=None
[2025-11-26T15:12:19.285+0000] {processor.py:179} INFO - Processing /home/airflow/.local/lib/python3.8/site-packages/airflow/example_dags/tutorial_dag.py took 0.283 seconds
[2025-11-26T23:25:24.613+0000] {processor.py:157} INFO - Started process (PID=21430) to work on /home/airflow/.local/lib/python3.8/site-packages/airflow/example_dags/tutorial_dag.py
[2025-11-26T23:25:24.615+0000] {processor.py:829} INFO - Processing file /home/airflow/.local/lib/python3.8/site-packages/airflow/example_dags/tutorial_dag.py for tasks to queue
[2025-11-26T23:25:24.617+0000] {logging_mixin.py:151} INFO - [2025-11-26T23:25:24.616+0000] {dagbag.py:539} INFO - Filling up the DagBag from /home/airflow/.local/lib/python3.8/site-packages/airflow/example_dags/tutorial_dag.py
[2025-11-26T23:25:24.624+0000] {processor.py:839} INFO - DAG(s) dict_keys(['tutorial_dag']) retrieved from /home/airflow/.local/lib/python3.8/site-packages/airflow/example_dags/tutorial_dag.py
[2025-11-26T23:25:24.676+0000] {logging_mixin.py:151} INFO - [2025-11-26T23:25:24.676+0000] {dag.py:2915} INFO - Sync 1 DAGs
[2025-11-26T23:25:24.708+0000] {logging_mixin.py:151} INFO - [2025-11-26T23:25:24.708+0000] {dag.py:3696} INFO - Setting next_dagrun for tutorial_dag to None, run_after=None
[2025-11-26T23:25:24.758+0000] {processor.py:179} INFO - Processing /home/airflow/.local/lib/python3.8/site-packages/airflow/example_dags/tutorial_dag.py took 0.151 seconds
