[2025-11-26T00:46:26.223+0000] {processor.py:157} INFO - Started process (PID=21153) to work on /home/airflow/.local/lib/python3.8/site-packages/airflow/example_dags/tutorial.py
[2025-11-26T00:46:26.228+0000] {processor.py:829} INFO - Processing file /home/airflow/.local/lib/python3.8/site-packages/airflow/example_dags/tutorial.py for tasks to queue
[2025-11-26T00:46:26.230+0000] {logging_mixin.py:151} INFO - [2025-11-26T00:46:26.229+0000] {dagbag.py:539} INFO - Filling up the DagBag from /home/airflow/.local/lib/python3.8/site-packages/airflow/example_dags/tutorial.py
[2025-11-26T00:46:26.242+0000] {processor.py:839} INFO - DAG(s) dict_keys(['tutorial']) retrieved from /home/airflow/.local/lib/python3.8/site-packages/airflow/example_dags/tutorial.py
[2025-11-26T00:46:26.505+0000] {logging_mixin.py:151} INFO - [2025-11-26T00:46:26.505+0000] {dag.py:2915} INFO - Sync 1 DAGs
[2025-11-26T00:46:26.587+0000] {logging_mixin.py:151} INFO - [2025-11-26T00:46:26.577+0000] {dag.py:3696} INFO - Setting next_dagrun for tutorial to 2025-11-25T00:46:26.577465+00:00, run_after=2025-11-26T00:46:26.577465+00:00
[2025-11-26T00:46:27.242+0000] {processor.py:179} INFO - Processing /home/airflow/.local/lib/python3.8/site-packages/airflow/example_dags/tutorial.py took 1.023 seconds
[2025-11-26T06:46:44.728+0000] {processor.py:157} INFO - Started process (PID=21244) to work on /home/airflow/.local/lib/python3.8/site-packages/airflow/example_dags/tutorial.py
[2025-11-26T06:46:44.730+0000] {processor.py:829} INFO - Processing file /home/airflow/.local/lib/python3.8/site-packages/airflow/example_dags/tutorial.py for tasks to queue
[2025-11-26T06:46:44.733+0000] {logging_mixin.py:151} INFO - [2025-11-26T06:46:44.733+0000] {dagbag.py:539} INFO - Filling up the DagBag from /home/airflow/.local/lib/python3.8/site-packages/airflow/example_dags/tutorial.py
[2025-11-26T06:46:44.748+0000] {processor.py:839} INFO - DAG(s) dict_keys(['tutorial']) retrieved from /home/airflow/.local/lib/python3.8/site-packages/airflow/example_dags/tutorial.py
[2025-11-26T06:46:44.795+0000] {logging_mixin.py:151} INFO - [2025-11-26T06:46:44.795+0000] {dag.py:2915} INFO - Sync 1 DAGs
[2025-11-26T06:46:44.830+0000] {logging_mixin.py:151} INFO - [2025-11-26T06:46:44.829+0000] {dag.py:3696} INFO - Setting next_dagrun for tutorial to 2025-11-25T06:46:44.829410+00:00, run_after=2025-11-26T06:46:44.829410+00:00
[2025-11-26T06:46:44.863+0000] {processor.py:179} INFO - Processing /home/airflow/.local/lib/python3.8/site-packages/airflow/example_dags/tutorial.py took 0.141 seconds
[2025-11-26T06:59:22.767+0000] {processor.py:157} INFO - Started process (PID=21308) to work on /home/airflow/.local/lib/python3.8/site-packages/airflow/example_dags/tutorial.py
[2025-11-26T06:59:22.770+0000] {processor.py:829} INFO - Processing file /home/airflow/.local/lib/python3.8/site-packages/airflow/example_dags/tutorial.py for tasks to queue
[2025-11-26T06:59:22.773+0000] {logging_mixin.py:151} INFO - [2025-11-26T06:59:22.772+0000] {dagbag.py:539} INFO - Filling up the DagBag from /home/airflow/.local/lib/python3.8/site-packages/airflow/example_dags/tutorial.py
[2025-11-26T06:59:22.786+0000] {processor.py:839} INFO - DAG(s) dict_keys(['tutorial']) retrieved from /home/airflow/.local/lib/python3.8/site-packages/airflow/example_dags/tutorial.py
[2025-11-26T06:59:22.828+0000] {logging_mixin.py:151} INFO - [2025-11-26T06:59:22.827+0000] {dag.py:2915} INFO - Sync 1 DAGs
[2025-11-26T06:59:22.877+0000] {logging_mixin.py:151} INFO - [2025-11-26T06:59:22.877+0000] {dag.py:3696} INFO - Setting next_dagrun for tutorial to 2025-11-25T06:59:22.876812+00:00, run_after=2025-11-26T06:59:22.876812+00:00
[2025-11-26T06:59:23.150+0000] {processor.py:179} INFO - Processing /home/airflow/.local/lib/python3.8/site-packages/airflow/example_dags/tutorial.py took 0.391 seconds
[2025-11-26T07:35:33.399+0000] {processor.py:157} INFO - Started process (PID=21361) to work on /home/airflow/.local/lib/python3.8/site-packages/airflow/example_dags/tutorial.py
[2025-11-26T07:35:33.401+0000] {processor.py:829} INFO - Processing file /home/airflow/.local/lib/python3.8/site-packages/airflow/example_dags/tutorial.py for tasks to queue
[2025-11-26T07:35:33.403+0000] {logging_mixin.py:151} INFO - [2025-11-26T07:35:33.402+0000] {dagbag.py:539} INFO - Filling up the DagBag from /home/airflow/.local/lib/python3.8/site-packages/airflow/example_dags/tutorial.py
[2025-11-26T07:35:33.414+0000] {processor.py:839} INFO - DAG(s) dict_keys(['tutorial']) retrieved from /home/airflow/.local/lib/python3.8/site-packages/airflow/example_dags/tutorial.py
[2025-11-26T07:35:33.449+0000] {logging_mixin.py:151} INFO - [2025-11-26T07:35:33.449+0000] {dag.py:2915} INFO - Sync 1 DAGs
[2025-11-26T07:35:33.486+0000] {logging_mixin.py:151} INFO - [2025-11-26T07:35:33.486+0000] {dag.py:3696} INFO - Setting next_dagrun for tutorial to 2025-11-25T07:35:33.485454+00:00, run_after=2025-11-26T07:35:33.485454+00:00
[2025-11-26T07:35:33.518+0000] {processor.py:179} INFO - Processing /home/airflow/.local/lib/python3.8/site-packages/airflow/example_dags/tutorial.py took 0.126 seconds
[2025-11-26T23:25:20.061+0000] {processor.py:157} INFO - Started process (PID=21408) to work on /home/airflow/.local/lib/python3.8/site-packages/airflow/example_dags/tutorial.py
[2025-11-26T23:25:20.125+0000] {processor.py:829} INFO - Processing file /home/airflow/.local/lib/python3.8/site-packages/airflow/example_dags/tutorial.py for tasks to queue
[2025-11-26T23:25:20.135+0000] {logging_mixin.py:151} INFO - [2025-11-26T23:25:20.132+0000] {dagbag.py:539} INFO - Filling up the DagBag from /home/airflow/.local/lib/python3.8/site-packages/airflow/example_dags/tutorial.py
[2025-11-26T23:25:20.232+0000] {processor.py:839} INFO - DAG(s) dict_keys(['tutorial']) retrieved from /home/airflow/.local/lib/python3.8/site-packages/airflow/example_dags/tutorial.py
[2025-11-26T23:25:20.356+0000] {logging_mixin.py:151} INFO - [2025-11-26T23:25:20.356+0000] {dag.py:2915} INFO - Sync 1 DAGs
[2025-11-26T23:25:20.418+0000] {logging_mixin.py:151} INFO - [2025-11-26T23:25:20.418+0000] {dag.py:3696} INFO - Setting next_dagrun for tutorial to 2025-11-25T23:25:20.417384+00:00, run_after=2025-11-26T23:25:20.417384+00:00
[2025-11-26T23:25:20.599+0000] {processor.py:179} INFO - Processing /home/airflow/.local/lib/python3.8/site-packages/airflow/example_dags/tutorial.py took 0.555 seconds
