[2025-11-30T14:38:40.386+0000] {taskinstance.py:1157} INFO - Dependencies all met for dep_context=non-requeueable deps ti=<TaskInstance: weather_fetch_dag.fetch_and_load_weather manual__2025-11-30T14:38:37.604246+00:00 [queued]>
[2025-11-30T14:38:40.406+0000] {taskinstance.py:1157} INFO - Dependencies all met for dep_context=requeueable deps ti=<TaskInstance: weather_fetch_dag.fetch_and_load_weather manual__2025-11-30T14:38:37.604246+00:00 [queued]>
[2025-11-30T14:38:40.409+0000] {taskinstance.py:1359} INFO - Starting attempt 1 of 1
[2025-11-30T14:38:40.444+0000] {taskinstance.py:1380} INFO - Executing <Task(PythonOperator): fetch_and_load_weather> on 2025-11-30 14:38:37.604246+00:00
[2025-11-30T14:38:40.453+0000] {standard_task_runner.py:57} INFO - Started process 221 to run task
[2025-11-30T14:38:40.467+0000] {standard_task_runner.py:84} INFO - Running: ['***', 'tasks', 'run', 'weather_fetch_dag', 'fetch_and_load_weather', 'manual__2025-11-30T14:38:37.604246+00:00', '--job-id', '8', '--raw', '--subdir', 'DAGS_FOLDER/weather_fetch_dag.py', '--cfg-path', '/tmp/tmpcr4kacnq']
[2025-11-30T14:38:40.473+0000] {standard_task_runner.py:85} INFO - Job 8: Subtask fetch_and_load_weather
[2025-11-30T14:38:40.544+0000] {task_command.py:415} INFO - Running <TaskInstance: weather_fetch_dag.fetch_and_load_weather manual__2025-11-30T14:38:37.604246+00:00 [running]> on host 5b8f91c69000
[2025-11-30T14:38:40.680+0000] {taskinstance.py:1660} INFO - Exporting env vars: AIRFLOW_CTX_DAG_OWNER='***' AIRFLOW_CTX_DAG_ID='weather_fetch_dag' AIRFLOW_CTX_TASK_ID='fetch_and_load_weather' AIRFLOW_CTX_EXECUTION_DATE='2025-11-30T14:38:37.604246+00:00' AIRFLOW_CTX_TRY_NUMBER='1' AIRFLOW_CTX_DAG_RUN_ID='manual__2025-11-30T14:38:37.604246+00:00'
[2025-11-30T14:38:54.221+0000] {taskinstance.py:1935} ERROR - Task failed with exception
Traceback (most recent call last):
  File "/home/airflow/.local/lib/python3.8/site-packages/airflow/operators/python.py", line 192, in execute
    return_value = self.execute_callable()
  File "/home/airflow/.local/lib/python3.8/site-packages/airflow/operators/python.py", line 209, in execute_callable
    return self.python_callable(*self.op_args, **self.op_kwargs)
  File "/opt/airflow/dags/weather_fetch_dag.py", line 58, in load_weather_to_db
    df = fetch_weather_for_outlet(outlet)
  File "/opt/airflow/dags/weather_fetch_dag.py", line 43, in fetch_weather_for_outlet
    "timestamp": data["hourly"]["time"],
KeyError: 'hourly'
[2025-11-30T14:38:54.239+0000] {taskinstance.py:1398} INFO - Marking task as FAILED. dag_id=weather_fetch_dag, task_id=fetch_and_load_weather, execution_date=20251130T143837, start_date=20251130T143840, end_date=20251130T143854
[2025-11-30T14:38:54.263+0000] {standard_task_runner.py:104} ERROR - Failed to execute job 8 for task fetch_and_load_weather ('hourly'; 221)
[2025-11-30T14:38:54.317+0000] {local_task_job_runner.py:228} INFO - Task exited with return code 1
[2025-11-30T14:38:54.337+0000] {taskinstance.py:2776} INFO - 0 downstream tasks scheduled from follow-on schedule check
