[2025-11-30T14:33:08.115+0000] {taskinstance.py:1157} INFO - Dependencies all met for dep_context=non-requeueable deps ti=<TaskInstance: weather_fetch_dag.fetch_and_load_weather scheduled__2025-11-29T00:00:00+00:00 [queued]>
[2025-11-30T14:33:08.129+0000] {taskinstance.py:1157} INFO - Dependencies all met for dep_context=requeueable deps ti=<TaskInstance: weather_fetch_dag.fetch_and_load_weather scheduled__2025-11-29T00:00:00+00:00 [queued]>
[2025-11-30T14:33:08.129+0000] {taskinstance.py:1359} INFO - Starting attempt 1 of 1
[2025-11-30T14:33:08.145+0000] {taskinstance.py:1380} INFO - Executing <Task(PythonOperator): fetch_and_load_weather> on 2025-11-29 00:00:00+00:00
[2025-11-30T14:33:08.154+0000] {standard_task_runner.py:57} INFO - Started process 126 to run task
[2025-11-30T14:33:08.159+0000] {standard_task_runner.py:84} INFO - Running: ['***', 'tasks', 'run', 'weather_fetch_dag', 'fetch_and_load_weather', 'scheduled__2025-11-29T00:00:00+00:00', '--job-id', '6', '--raw', '--subdir', 'DAGS_FOLDER/weather_fetch_dag.py', '--cfg-path', '/tmp/tmp16syad94']
[2025-11-30T14:33:08.161+0000] {standard_task_runner.py:85} INFO - Job 6: Subtask fetch_and_load_weather
[2025-11-30T14:33:08.216+0000] {task_command.py:415} INFO - Running <TaskInstance: weather_fetch_dag.fetch_and_load_weather scheduled__2025-11-29T00:00:00+00:00 [running]> on host 5b8f91c69000
[2025-11-30T14:33:08.305+0000] {taskinstance.py:1660} INFO - Exporting env vars: AIRFLOW_CTX_DAG_OWNER='***' AIRFLOW_CTX_DAG_ID='weather_fetch_dag' AIRFLOW_CTX_TASK_ID='fetch_and_load_weather' AIRFLOW_CTX_EXECUTION_DATE='2025-11-29T00:00:00+00:00' AIRFLOW_CTX_TRY_NUMBER='1' AIRFLOW_CTX_DAG_RUN_ID='scheduled__2025-11-29T00:00:00+00:00'
[2025-11-30T14:33:08.705+0000] {taskinstance.py:1935} ERROR - Task failed with exception
Traceback (most recent call last):
  File "/home/airflow/.local/lib/python3.8/site-packages/airflow/operators/python.py", line 192, in execute
    return_value = self.execute_callable()
  File "/home/airflow/.local/lib/python3.8/site-packages/airflow/operators/python.py", line 209, in execute_callable
    return self.python_callable(*self.op_args, **self.op_kwargs)
  File "/opt/airflow/dags/weather_fetch_dag.py", line 61, in load_weather_to_db
    cur.execute("""
psycopg2.errors.UndefinedTable: relation "raw.weather" does not exist
LINE 2:                 INSERT INTO raw.weather (
                                    ^

[2025-11-30T14:33:08.720+0000] {taskinstance.py:1398} INFO - Marking task as FAILED. dag_id=weather_fetch_dag, task_id=fetch_and_load_weather, execution_date=20251129T000000, start_date=20251130T143308, end_date=20251130T143308
[2025-11-30T14:33:08.743+0000] {standard_task_runner.py:104} ERROR - Failed to execute job 6 for task fetch_and_load_weather (relation "raw.weather" does not exist
LINE 2:                 INSERT INTO raw.weather (
                                    ^
; 126)
[2025-11-30T14:33:08.792+0000] {local_task_job_runner.py:228} INFO - Task exited with return code 1
[2025-11-30T14:33:08.829+0000] {taskinstance.py:2776} INFO - 0 downstream tasks scheduled from follow-on schedule check
